<?xml version="1.0" encoding="UTF-8"?>
<coverage generated="1774297581995" clover="3.2.0">
  <project timestamp="1774297581995" name="All files">
    <metrics statements="1255" coveredstatements="745" conditionals="626" coveredconditionals="298" methods="87" coveredmethods="42" elements="1968" coveredelements="1085" complexity="0" loc="1255" ncloc="1255" packages="7" files="15" classes="15"/>
    <package name="config">
      <metrics statements="3" coveredstatements="3" conditionals="0" coveredconditionals="0" methods="0" coveredmethods="0"/>
      <file name="permissions.js" path="C:\Users\ayush\OneDrive\Desktop\Acadeno\lms\acadeno-lms\temp_friend_repo\lms_backend\src\config\permissions.js">
        <metrics statements="3" coveredstatements="3" conditionals="0" coveredconditionals="0" methods="0" coveredmethods="0"/>
        <line num="11" count="7" type="stmt"/>
        <line num="20" count="7" type="stmt"/>
        <line num="39" count="7" type="stmt"/>
      </file>
    </package>
    <package name="controllers">
      <metrics statements="1039" coveredstatements="585" conditionals="562" coveredconditionals="267" methods="52" coveredmethods="25"/>
      <file name="authController.js" path="C:\Users\ayush\OneDrive\Desktop\Acadeno\lms\acadeno-lms\temp_friend_repo\lms_backend\src\controllers\authController.js">
        <metrics statements="224" coveredstatements="149" conditionals="89" coveredconditionals="66" methods="13" coveredmethods="6"/>
        <line num="9" count="3" type="stmt"/>
        <line num="10" count="3" type="stmt"/>
        <line num="11" count="3" type="stmt"/>
        <line num="12" count="3" type="stmt"/>
        <line num="13" count="3" type="stmt"/>
        <line num="14" count="3" type="stmt"/>
        <line num="19" count="3" type="stmt"/>
        <line num="20" count="3" type="stmt"/>
        <line num="21" count="3" type="stmt"/>
        <line num="24" count="3" type="stmt"/>
        <line num="25" count="3" type="stmt"/>
        <line num="26" count="3" type="stmt"/>
        <line num="27" count="3" type="stmt"/>
        <line num="34" count="3" type="stmt"/>
        <line num="37" count="3" type="stmt"/>
        <line num="52" count="19" type="cond" truecount="2" falsecount="0"/>
        <line num="53" count="19" type="cond" truecount="2" falsecount="0"/>
        <line num="54" count="19" type="stmt"/>
        <line num="69" count="9" type="stmt"/>
        <line num="79" count="9" type="stmt"/>
        <line num="82" count="9" type="stmt"/>
        <line num="87" count="9" type="stmt"/>
        <line num="90" count="9" type="cond" truecount="2" falsecount="0"/>
        <line num="91" count="9" type="stmt"/>
        <line num="94" count="9" type="stmt"/>
        <line num="101" count="9" type="stmt"/>
        <line num="109" count="9" type="stmt"/>
        <line num="112" count="9" type="stmt"/>
        <line num="126" count="19" type="stmt"/>
        <line num="128" count="19" type="stmt"/>
        <line num="130" count="19" type="stmt"/>
        <line num="131" count="19" type="stmt"/>
        <line num="134" count="19" type="cond" truecount="4" falsecount="0"/>
        <line num="135" count="2" type="stmt"/>
        <line num="141" count="17" type="stmt"/>
        <line num="142" count="17" type="cond" truecount="2" falsecount="0"/>
        <line num="143" count="1" type="stmt"/>
        <line num="150" count="16" type="stmt"/>
        <line num="158" count="16" type="cond" truecount="2" falsecount="0"/>
        <line num="159" count="1" type="stmt"/>
        <line num="162" count="14" type="stmt"/>
        <line num="165" count="14" type="cond" truecount="2" falsecount="0"/>
        <line num="166" count="1" type="stmt"/>
        <line num="170" count="13" type="cond" truecount="4" falsecount="0"/>
        <line num="171" count="1" type="stmt"/>
        <line num="178" count="12" type="stmt"/>
        <line num="180" count="12" type="cond" truecount="2" falsecount="0"/>
        <line num="182" count="3" type="cond" truecount="1" falsecount="1"/>
        <line num="185" count="3" type="cond" truecount="2" falsecount="0"/>
        <line num="186" count="1" type="stmt"/>
        <line num="196" count="1" type="stmt"/>
        <line num="199" count="1" type="stmt"/>
        <line num="200" count="0" type="stmt"/>
        <line num="203" count="1" type="stmt"/>
        <line num="210" count="2" type="stmt"/>
        <line num="218" count="2" type="stmt"/>
        <line num="224" count="9" type="stmt"/>
        <line num="226" count="9" type="cond" truecount="2" falsecount="0"/>
        <line num="228" count="4" type="stmt"/>
        <line num="234" count="4" type="cond" truecount="2" falsecount="0"/>
        <line num="237" count="3" type="stmt"/>
        <line num="248" count="3" type="stmt"/>
        <line num="249" count="3" type="stmt"/>
        <line num="250" count="3" type="stmt"/>
        <line num="253" count="3" type="stmt"/>
        <line num="254" count="0" type="stmt"/>
        <line num="257" count="3" type="stmt"/>
        <line num="267" count="6" type="stmt"/>
        <line num="270" count="1" type="stmt"/>
        <line num="271" count="1" type="stmt"/>
        <line num="273" count="19" type="stmt"/>
        <line num="289" count="0" type="stmt"/>
        <line num="291" count="0" type="stmt"/>
        <line num="294" count="0" type="stmt"/>
        <line num="296" count="0" type="stmt"/>
        <line num="298" count="0" type="cond" truecount="0" falsecount="2"/>
        <line num="299" count="0" type="stmt"/>
        <line num="306" count="0" type="stmt"/>
        <line num="311" count="0" type="stmt"/>
        <line num="319" count="0" type="cond" truecount="0" falsecount="2"/>
        <line num="320" count="0" type="stmt"/>
        <line num="321" count="0" type="stmt"/>
        <line num="327" count="0" type="stmt"/>
        <line num="332" count="0" type="cond" truecount="0" falsecount="2"/>
        <line num="333" count="0" type="stmt"/>
        <line num="341" count="0" type="stmt"/>
        <line num="342" count="0" type="stmt"/>
        <line num="349" count="0" type="cond" truecount="0" falsecount="2"/>
        <line num="351" count="0" type="stmt"/>
        <line num="358" count="0" type="stmt"/>
        <line num="359" count="0" type="stmt"/>
        <line num="368" count="0" type="stmt"/>
        <line num="376" count="0" type="stmt"/>
        <line num="383" count="0" type="cond" truecount="0" falsecount="2"/>
        <line num="384" count="0" type="stmt"/>
        <line num="385" count="0" type="stmt"/>
        <line num="391" count="0" type="stmt"/>
        <line num="394" count="0" type="stmt"/>
        <line num="397" count="0" type="stmt"/>
        <line num="402" count="0" type="cond" truecount="0" falsecount="2"/>
        <line num="403" count="0" type="cond" truecount="0" falsecount="2"/>
        <line num="404" count="0" type="stmt"/>
        <line num="406" count="0" type="stmt"/>
        <line num="413" count="0" type="stmt"/>
        <line num="415" count="0" type="stmt"/>
        <line num="424" count="0" type="stmt"/>
        <line num="425" count="0" type="stmt"/>
        <line num="427" count="0" type="stmt"/>
        <line num="437" count="0" type="stmt"/>
        <line num="439" count="0" type="stmt"/>
        <line num="442" count="0" type="stmt"/>
        <line num="443" count="0" type="stmt"/>
        <line num="445" count="0" type="cond" truecount="0" falsecount="2"/>
        <line num="446" count="0" type="stmt"/>
        <line num="452" count="0" type="stmt"/>
        <line num="462" count="0" type="stmt"/>
        <line num="464" count="0" type="stmt"/>
        <line num="466" count="0" type="stmt"/>
        <line num="467" count="0" type="stmt"/>
        <line num="469" count="0" type="stmt"/>
        <line num="481" count="7" type="stmt"/>
        <line num="483" count="7" type="stmt"/>
        <line num="486" count="7" type="stmt"/>
        <line num="487" count="7" type="stmt"/>
        <line num="489" count="7" type="cond" truecount="2" falsecount="0"/>
        <line num="490" count="1" type="stmt"/>
        <line num="496" count="6" type="stmt"/>
        <line num="499" count="6" type="stmt"/>
        <line num="500" count="6" type="stmt"/>
        <line num="502" count="5" type="cond" truecount="4" falsecount="0"/>
        <line num="503" count="1" type="stmt"/>
        <line num="510" count="4" type="stmt"/>
        <line num="513" count="4" type="stmt"/>
        <line num="518" count="4" type="cond" truecount="2" falsecount="0"/>
        <line num="520" count="1" type="stmt"/>
        <line num="523" count="3" type="stmt"/>
        <line num="526" count="3" type="stmt"/>
        <line num="529" count="3" type="stmt"/>
        <line num="530" count="3" type="stmt"/>
        <line num="533" count="3" type="stmt"/>
        <line num="534" count="3" type="cond" truecount="2" falsecount="0"/>
        <line num="536" count="2" type="stmt"/>
        <line num="540" count="3" type="stmt"/>
        <line num="541" count="0" type="stmt"/>
        <line num="544" count="3" type="stmt"/>
        <line num="546" count="1" type="stmt"/>
        <line num="547" count="1" type="stmt"/>
        <line num="549" count="7" type="stmt"/>
        <line num="560" count="13" type="stmt"/>
        <line num="562" count="13" type="stmt"/>
        <line num="565" count="13" type="stmt"/>
        <line num="566" count="13" type="stmt"/>
        <line num="569" count="13" type="cond" truecount="5" falsecount="0"/>
        <line num="570" count="3" type="stmt"/>
        <line num="577" count="10" type="cond" truecount="2" falsecount="0"/>
        <line num="578" count="4" type="stmt"/>
        <line num="584" count="6" type="stmt"/>
        <line num="587" count="6" type="stmt"/>
        <line num="592" count="5" type="cond" truecount="2" falsecount="0"/>
        <line num="594" count="1" type="stmt"/>
        <line num="597" count="4" type="stmt"/>
        <line num="600" count="4" type="stmt"/>
        <line num="601" count="4" type="stmt"/>
        <line num="603" count="4" type="cond" truecount="2" falsecount="0"/>
        <line num="604" count="1" type="stmt"/>
        <line num="610" count="3" type="cond" truecount="2" falsecount="0"/>
        <line num="611" count="1" type="stmt"/>
        <line num="618" count="2" type="stmt"/>
        <line num="620" count="2" type="stmt"/>
        <line num="631" count="2" type="stmt"/>
        <line num="634" count="2" type="stmt"/>
        <line num="642" count="2" type="stmt"/>
        <line num="646" count="1" type="stmt"/>
        <line num="647" count="1" type="stmt"/>
        <line num="649" count="13" type="stmt"/>
        <line num="660" count="10" type="stmt"/>
        <line num="662" count="10" type="stmt"/>
        <line num="665" count="10" type="stmt"/>
        <line num="666" count="10" type="stmt"/>
        <line num="669" count="10" type="cond" truecount="4" falsecount="0"/>
        <line num="670" count="3" type="stmt"/>
        <line num="676" count="7" type="stmt"/>
        <line num="679" count="7" type="stmt"/>
        <line num="686" count="6" type="cond" truecount="2" falsecount="0"/>
        <line num="687" count="1" type="stmt"/>
        <line num="693" count="5" type="stmt"/>
        <line num="696" count="5" type="stmt"/>
        <line num="697" count="5" type="stmt"/>
        <line num="699" count="5" type="cond" truecount="2" falsecount="0"/>
        <line num="700" count="1" type="stmt"/>
        <line num="706" count="4" type="cond" truecount="2" falsecount="0"/>
        <line num="707" count="1" type="stmt"/>
        <line num="714" count="3" type="stmt"/>
        <line num="717" count="3" type="cond" truecount="2" falsecount="0"/>
        <line num="718" count="1" type="stmt"/>
        <line num="721" count="1" type="stmt"/>
        <line num="731" count="3" type="stmt"/>
        <line num="733" count="1" type="stmt"/>
        <line num="734" count="1" type="stmt"/>
        <line num="736" count="10" type="stmt"/>
        <line num="749" count="0" type="stmt"/>
        <line num="751" count="0" type="stmt"/>
        <line num="754" count="0" type="stmt"/>
        <line num="756" count="0" type="stmt"/>
        <line num="758" count="0" type="stmt"/>
        <line num="765" count="0" type="cond" truecount="0" falsecount="2"/>
        <line num="766" count="0" type="stmt"/>
        <line num="769" count="0" type="stmt"/>
        <line num="771" count="0" type="stmt"/>
        <line num="772" count="0" type="stmt"/>
        <line num="774" count="0" type="stmt"/>
        <line num="786" count="0" type="stmt"/>
        <line num="787" count="0" type="stmt"/>
        <line num="789" count="0" type="cond" truecount="0" falsecount="2"/>
        <line num="790" count="0" type="stmt"/>
        <line num="794" count="0" type="stmt"/>
        <line num="796" count="0" type="cond" truecount="0" falsecount="2"/>
        <line num="797" count="0" type="stmt"/>
        <line num="803" count="0" type="stmt"/>
        <line num="806" count="0" type="stmt"/>
        <line num="813" count="0" type="stmt"/>
        <line num="819" count="0" type="stmt"/>
        <line num="820" count="0" type="stmt"/>
        <line num="824" count="3" type="stmt"/>
      </file>
      <file name="leadController.js" path="C:\Users\ayush\OneDrive\Desktop\Acadeno\lms\acadeno-lms\temp_friend_repo\lms_backend\src\controllers\leadController.js">
        <metrics statements="369" coveredstatements="274" conditionals="175" coveredconditionals="116" methods="17" coveredmethods="13"/>
        <line num="5" count="7" type="stmt"/>
        <line num="6" count="7" type="stmt"/>
        <line num="7" count="7" type="stmt"/>
        <line num="8" count="7" type="stmt"/>
        <line num="9" count="7" type="stmt"/>
        <line num="12" count="7" type="stmt"/>
        <line num="18" count="6" type="stmt"/>
        <line num="20" count="6" type="stmt"/>
        <line num="22" count="6" type="stmt"/>
        <line num="24" count="6" type="stmt"/>
        <line num="25" count="6" type="cond" truecount="2" falsecount="0"/>
        <line num="26" count="6" type="cond" truecount="1" falsecount="1"/>
        <line num="27" count="6" type="cond" truecount="2" falsecount="0"/>
        <line num="28" count="6" type="cond" truecount="2" falsecount="0"/>
        <line num="29" count="6" type="cond" truecount="2" falsecount="0"/>
        <line num="31" count="6" type="stmt"/>
        <line num="32" count="6" type="cond" truecount="4" falsecount="0"/>
        <line num="34" count="6" type="stmt"/>
        <line num="35" count="6" type="cond" truecount="4" falsecount="0"/>
        <line num="37" count="6" type="cond" truecount="2" falsecount="0"/>
        <line num="38" count="3" type="stmt"/>
        <line num="41" count="3" type="stmt"/>
        <line num="44" count="3" type="stmt"/>
        <line num="45" count="3" type="stmt"/>
        <line num="47" count="3" type="stmt"/>
        <line num="50" count="3" type="stmt"/>
        <line num="57" count="3" type="cond" truecount="2" falsecount="0"/>
        <line num="58" count="1" type="stmt"/>
        <line num="59" count="1" type="stmt"/>
        <line num="67" count="2" type="stmt"/>
        <line num="74" count="2" type="stmt"/>
        <line num="77" count="2" type="stmt"/>
        <line num="84" count="2" type="cond" truecount="2" falsecount="0"/>
        <line num="85" count="1" type="stmt"/>
        <line num="92" count="2" type="stmt"/>
        <line num="94" count="2" type="stmt"/>
        <line num="100" count="0" type="stmt"/>
        <line num="101" count="0" type="stmt"/>
        <line num="102" count="0" type="stmt"/>
        <line num="104" count="6" type="stmt"/>
        <line num="112" count="0" type="stmt"/>
        <line num="114" count="0" type="stmt"/>
        <line num="115" count="0" type="stmt"/>
        <line num="118" count="0" type="stmt"/>
        <line num="119" count="0" type="stmt"/>
        <line num="122" count="0" type="stmt"/>
        <line num="124" count="0" type="cond" truecount="0" falsecount="2"/>
        <line num="125" count="0" type="stmt"/>
        <line num="128" count="0" type="stmt"/>
        <line num="131" count="0" type="stmt"/>
        <line num="136" count="0" type="stmt"/>
        <line num="141" count="0" type="stmt"/>
        <line num="148" count="0" type="stmt"/>
        <line num="151" count="0" type="cond" truecount="0" falsecount="2"/>
        <line num="152" count="0" type="stmt"/>
        <line num="155" count="0" type="stmt"/>
        <line num="157" count="0" type="stmt"/>
        <line num="164" count="7" type="stmt"/>
        <line num="176" count="7" type="stmt"/>
        <line num="178" count="7" type="stmt"/>
        <line num="179" count="7" type="stmt"/>
        <line num="180" count="7" type="stmt"/>
        <line num="182" count="7" type="cond" truecount="3" falsecount="1"/>
        <line num="183" count="0" type="stmt"/>
        <line num="187" count="7" type="stmt"/>
        <line num="188" count="7" type="stmt"/>
        <line num="190" count="7" type="stmt"/>
        <line num="194" count="7" type="stmt"/>
        <line num="199" count="7" type="cond" truecount="2" falsecount="0"/>
        <line num="200" count="1" type="stmt"/>
        <line num="201" count="1" type="stmt"/>
        <line num="204" count="6" type="stmt"/>
        <line num="207" count="6" type="cond" truecount="2" falsecount="0"/>
        <line num="208" count="1" type="stmt"/>
        <line num="209" count="1" type="stmt"/>
        <line num="215" count="5" type="stmt"/>
        <line num="216" count="5" type="stmt"/>
        <line num="218" count="5" type="cond" truecount="1" falsecount="1"/>
        <line num="219" count="0" type="stmt"/>
        <line num="220" count="0" type="stmt"/>
        <line num="224" count="5" type="cond" truecount="2" falsecount="0"/>
        <line num="225" count="2" type="cond" truecount="4" falsecount="0"/>
        <line num="226" count="1" type="stmt"/>
        <line num="227" count="1" type="stmt"/>
        <line num="234" count="4" type="cond" truecount="3" falsecount="0"/>
        <line num="235" count="4" type="cond" truecount="2" falsecount="0"/>
        <line num="237" count="4" type="stmt"/>
        <line num="248" count="4" type="stmt"/>
        <line num="255" count="4" type="stmt"/>
        <line num="258" count="4" type="stmt"/>
        <line num="261" count="4" type="stmt"/>
        <line num="263" count="4" type="stmt"/>
        <line num="270" count="0" type="stmt"/>
        <line num="271" count="0" type="stmt"/>
        <line num="273" count="0" type="cond" truecount="0" falsecount="2"/>
        <line num="274" count="0" type="stmt"/>
        <line num="277" count="0" type="stmt"/>
        <line num="279" count="7" type="stmt"/>
        <line num="288" count="4" type="stmt"/>
        <line num="290" count="4" type="stmt"/>
        <line num="291" count="4" type="stmt"/>
        <line num="292" count="4" type="stmt"/>
        <line num="294" count="4" type="cond" truecount="4" falsecount="0"/>
        <line num="295" count="1" type="stmt"/>
        <line num="298" count="3" type="cond" truecount="1" falsecount="1"/>
        <line num="299" count="0" type="stmt"/>
        <line num="302" count="3" type="cond" truecount="2" falsecount="0"/>
        <line num="303" count="2" type="stmt"/>
        <line num="305" count="2" type="stmt"/>
        <line num="306" count="2" type="stmt"/>
        <line num="308" count="2" type="cond" truecount="4" falsecount="0"/>
        <line num="309" count="1" type="stmt"/>
        <line num="314" count="2" type="stmt"/>
        <line num="315" count="2" type="stmt"/>
        <line num="317" count="2" type="stmt"/>
        <line num="320" count="2" type="stmt"/>
        <line num="325" count="2" type="cond" truecount="2" falsecount="0"/>
        <line num="326" count="1" type="stmt"/>
        <line num="327" count="1" type="stmt"/>
        <line num="331" count="1" type="stmt"/>
        <line num="337" count="1" type="stmt"/>
        <line num="340" count="1" type="stmt"/>
        <line num="341" count="1" type="cond" truecount="1" falsecount="1"/>
        <line num="344" count="1" type="cond" truecount="1" falsecount="1"/>
        <line num="345" count="1" type="stmt"/>
        <line num="350" count="0" type="stmt"/>
        <line num="356" count="1" type="stmt"/>
        <line num="358" count="1" type="stmt"/>
        <line num="364" count="0" type="stmt"/>
        <line num="365" count="0" type="stmt"/>
        <line num="367" count="0" type="cond" truecount="0" falsecount="2"/>
        <line num="368" count="0" type="stmt"/>
        <line num="371" count="0" type="stmt"/>
        <line num="373" count="4" type="stmt"/>
        <line num="382" count="1" type="stmt"/>
        <line num="384" count="1" type="stmt"/>
        <line num="385" count="1" type="stmt"/>
        <line num="387" count="1" type="stmt"/>
        <line num="388" count="1" type="stmt"/>
        <line num="391" count="1" type="stmt"/>
        <line num="393" count="1" type="cond" truecount="1" falsecount="1"/>
        <line num="394" count="0" type="stmt"/>
        <line num="398" count="1" type="stmt"/>
        <line num="407" count="1" type="stmt"/>
        <line num="412" count="0" type="stmt"/>
        <line num="413" count="0" type="cond" truecount="0" falsecount="2"/>
        <line num="414" count="0" type="stmt"/>
        <line num="416" count="0" type="stmt"/>
        <line num="418" count="1" type="stmt"/>
        <line num="427" count="2" type="stmt"/>
        <line num="428" count="2" type="stmt"/>
        <line num="429" count="2" type="stmt"/>
        <line num="431" count="2" type="stmt"/>
        <line num="432" count="2" type="cond" truecount="2" falsecount="0"/>
        <line num="433" count="1" type="stmt"/>
        <line num="437" count="1" type="stmt"/>
        <line num="438" count="1" type="stmt"/>
        <line num="441" count="1" type="stmt"/>
        <line num="442" count="1" type="stmt"/>
        <line num="445" count="1" type="stmt"/>
        <line num="451" count="1" type="stmt"/>
        <line num="454" count="1" type="stmt"/>
        <line num="461" count="1" type="stmt"/>
        <line num="464" count="1" type="stmt"/>
        <line num="465" count="1" type="cond" truecount="1" falsecount="1"/>
        <line num="466" count="1" type="stmt"/>
        <line num="470" count="1" type="stmt"/>
        <line num="474" count="1" type="stmt"/>
        <line num="483" count="1" type="stmt"/>
        <line num="484" count="3" type="cond" truecount="1" falsecount="1"/>
        <line num="485" count="3" type="stmt"/>
        <line num="490" count="1" type="stmt"/>
        <line num="498" count="1" type="stmt"/>
        <line num="504" count="1" type="stmt"/>
        <line num="505" count="1" type="stmt"/>
        <line num="511" count="1" type="stmt"/>
        <line num="520" count="1" type="stmt"/>
        <line num="522" count="1" type="stmt"/>
        <line num="525" count="0" type="stmt"/>
        <line num="526" count="0" type="stmt"/>
        <line num="528" count="2" type="stmt"/>
        <line num="537" count="5" type="stmt"/>
        <line num="539" count="5" type="stmt"/>
        <line num="540" count="5" type="cond" truecount="2" falsecount="0"/>
        <line num="542" count="5" type="cond" truecount="1" falsecount="1"/>
        <line num="543" count="5" type="cond" truecount="1" falsecount="1"/>
        <line num="544" count="5" type="cond" truecount="1" falsecount="1"/>
        <line num="546" count="5" type="stmt"/>
        <line num="549" count="5" type="stmt"/>
        <line num="550" count="5" type="stmt"/>
        <line num="553" count="5" type="stmt"/>
        <line num="554" count="5" type="stmt"/>
        <line num="556" count="5" type="cond" truecount="2" falsecount="0"/>
        <line num="557" count="1" type="stmt"/>
        <line num="558" count="1" type="stmt"/>
        <line num="559" count="1" type="stmt"/>
        <line num="562" count="5" type="cond" truecount="4" falsecount="0"/>
        <line num="563" count="1" type="stmt"/>
        <line num="564" count="1" type="stmt"/>
        <line num="567" count="5" type="cond" truecount="2" falsecount="2"/>
        <line num="568" count="0" type="stmt"/>
        <line num="569" count="0" type="stmt"/>
        <line num="572" count="5" type="stmt"/>
        <line num="575" count="5" type="stmt"/>
        <line num="576" count="5" type="stmt"/>
        <line num="577" count="5" type="stmt"/>
        <line num="580" count="5" type="stmt"/>
        <line num="590" count="5" type="stmt"/>
        <line num="592" count="5" type="stmt"/>
        <line num="594" count="5" type="stmt"/>
        <line num="596" count="5" type="stmt"/>
        <line num="605" count="0" type="stmt"/>
        <line num="606" count="0" type="cond" truecount="0" falsecount="2"/>
        <line num="607" count="0" type="stmt"/>
        <line num="609" count="0" type="stmt"/>
        <line num="611" count="5" type="stmt"/>
        <line num="620" count="3" type="stmt"/>
        <line num="622" count="3" type="stmt"/>
        <line num="623" count="3" type="stmt"/>
        <line num="626" count="3" type="stmt"/>
        <line num="627" count="3" type="stmt"/>
        <line num="629" count="3" type="stmt"/>
        <line num="632" count="3" type="stmt"/>
        <line num="637" count="3" type="cond" truecount="1" falsecount="1"/>
        <line num="638" count="0" type="stmt"/>
        <line num="639" count="0" type="stmt"/>
        <line num="642" count="3" type="stmt"/>
        <line num="645" count="3" type="cond" truecount="2" falsecount="0"/>
        <line num="646" count="1" type="stmt"/>
        <line num="647" count="1" type="stmt"/>
        <line num="651" count="2" type="cond" truecount="4" falsecount="0"/>
        <line num="652" count="1" type="stmt"/>
        <line num="653" count="1" type="stmt"/>
        <line num="660" count="1" type="stmt"/>
        <line num="661" count="1" type="cond" truecount="1" falsecount="1"/>
        <line num="662" count="1" type="stmt"/>
        <line num="672" count="1" type="stmt"/>
        <line num="675" count="1" type="stmt"/>
        <line num="682" count="1" type="stmt"/>
        <line num="685" count="1" type="stmt"/>
        <line num="692" count="1" type="stmt"/>
        <line num="693" count="1" type="stmt"/>
        <line num="694" count="1" type="stmt"/>
        <line num="695" count="1" type="stmt"/>
        <line num="702" count="1" type="stmt"/>
        <line num="703" count="1" type="stmt"/>
        <line num="705" count="1" type="cond" truecount="1" falsecount="1"/>
        <line num="708" count="1" type="stmt"/>
        <line num="709" count="0" type="stmt"/>
        <line num="712" count="1" type="stmt"/>
        <line num="715" count="0" type="stmt"/>
        <line num="718" count="1" type="stmt"/>
        <line num="733" count="0" type="stmt"/>
        <line num="734" count="0" type="stmt"/>
        <line num="735" count="0" type="cond" truecount="0" falsecount="2"/>
        <line num="736" count="0" type="stmt"/>
        <line num="738" count="3" type="stmt"/>
        <line num="747" count="1" type="stmt"/>
        <line num="749" count="1" type="stmt"/>
        <line num="750" count="1" type="stmt"/>
        <line num="753" count="1" type="stmt"/>
        <line num="754" count="1" type="stmt"/>
        <line num="756" count="1" type="stmt"/>
        <line num="759" count="1" type="stmt"/>
        <line num="760" count="1" type="cond" truecount="1" falsecount="1"/>
        <line num="761" count="0" type="stmt"/>
        <line num="762" count="0" type="stmt"/>
        <line num="765" count="1" type="stmt"/>
        <line num="768" count="1" type="stmt"/>
        <line num="779" count="1" type="stmt"/>
        <line num="785" count="1" type="stmt"/>
        <line num="787" count="1" type="stmt"/>
        <line num="793" count="0" type="stmt"/>
        <line num="794" count="0" type="stmt"/>
        <line num="795" count="0" type="cond" truecount="0" falsecount="2"/>
        <line num="796" count="0" type="stmt"/>
        <line num="798" count="1" type="stmt"/>
        <line num="807" count="4" type="cond" truecount="2" falsecount="0"/>
        <line num="808" count="1" type="stmt"/>
        <line num="811" count="3" type="stmt"/>
        <line num="812" count="3" type="stmt"/>
        <line num="814" count="3" type="stmt"/>
        <line num="815" count="3" type="stmt"/>
        <line num="817" count="3" type="stmt"/>
        <line num="824" count="3" type="cond" truecount="1" falsecount="1"/>
        <line num="825" count="0" type="stmt"/>
        <line num="829" count="3" type="stmt"/>
        <line num="830" count="3" type="stmt"/>
        <line num="832" count="3" type="stmt"/>
        <line num="833" count="3" type="stmt"/>
        <line num="835" count="3" type="stmt"/>
        <line num="837" count="3" type="stmt"/>
        <line num="838" count="8" type="stmt"/>
        <line num="839" count="8" type="stmt"/>
        <line num="842" count="8" type="cond" truecount="3" falsecount="0"/>
        <line num="843" count="8" type="cond" truecount="1" falsecount="1"/>
        <line num="844" count="8" type="cond" truecount="1" falsecount="1"/>
        <line num="845" count="8" type="cond" truecount="1" falsecount="1"/>
        <line num="846" count="8" type="cond" truecount="1" falsecount="2"/>
        <line num="848" count="8" type="cond" truecount="7" falsecount="0"/>
        <line num="849" count="1" type="stmt"/>
        <line num="850" count="1" type="stmt"/>
        <line num="854" count="7" type="cond" truecount="2" falsecount="0"/>
        <line num="855" count="1" type="stmt"/>
        <line num="856" count="1" type="stmt"/>
        <line num="859" count="6" type="cond" truecount="2" falsecount="0"/>
        <line num="860" count="2" type="stmt"/>
        <line num="861" count="2" type="stmt"/>
        <line num="865" count="4" type="stmt"/>
        <line num="870" count="4" type="cond" truecount="2" falsecount="0"/>
        <line num="871" count="2" type="stmt"/>
        <line num="872" count="2" type="stmt"/>
        <line num="875" count="2" type="stmt"/>
        <line num="879" count="3" type="cond" truecount="2" falsecount="0"/>
        <line num="880" count="2" type="stmt"/>
        <line num="885" count="2" type="stmt"/>
        <line num="886" count="2" type="stmt"/>
        <line num="888" count="2" type="stmt"/>
        <line num="889" count="2" type="stmt"/>
        <line num="890" count="2" type="stmt"/>
        <line num="891" count="2" type="stmt"/>
        <line num="894" count="2" type="stmt"/>
        <line num="900" count="2" type="stmt"/>
        <line num="901" count="2" type="stmt"/>
        <line num="904" count="2" type="stmt"/>
        <line num="905" count="2" type="stmt"/>
        <line num="907" count="2" type="stmt"/>
        <line num="908" count="2" type="stmt"/>
        <line num="909" count="2" type="stmt"/>
        <line num="910" count="2" type="stmt"/>
        <line num="913" count="2" type="stmt"/>
        <line num="918" count="2" type="stmt"/>
        <line num="920" count="2" type="stmt"/>
        <line num="921" count="2" type="stmt"/>
        <line num="924" count="3" type="stmt"/>
        <line num="927" count="0" type="cond" truecount="0" falsecount="2"/>
        <line num="928" count="0" type="stmt"/>
        <line num="929" count="0" type="stmt"/>
        <line num="931" count="3" type="stmt"/>
        <line num="940" count="0" type="stmt"/>
        <line num="942" count="0" type="stmt"/>
        <line num="943" count="0" type="stmt"/>
        <line num="946" count="0" type="stmt"/>
        <line num="947" count="0" type="stmt"/>
        <line num="949" count="0" type="stmt"/>
        <line num="952" count="0" type="stmt"/>
        <line num="957" count="0" type="cond" truecount="0" falsecount="2"/>
        <line num="958" count="0" type="stmt"/>
        <line num="959" count="0" type="stmt"/>
        <line num="962" count="0" type="stmt"/>
        <line num="965" count="0" type="cond" truecount="0" falsecount="4"/>
        <line num="966" count="0" type="stmt"/>
        <line num="967" count="0" type="stmt"/>
        <line num="971" count="0" type="cond" truecount="0" falsecount="5"/>
        <line num="972" count="0" type="stmt"/>
        <line num="973" count="0" type="stmt"/>
        <line num="980" count="0" type="stmt"/>
        <line num="981" count="0" type="stmt"/>
        <line num="984" count="0" type="stmt"/>
        <line num="986" count="0" type="stmt"/>
        <line num="989" count="0" type="stmt"/>
        <line num="992" count="0" type="stmt"/>
        <line num="994" count="0" type="stmt"/>
        <line num="1001" count="0" type="stmt"/>
        <line num="1002" count="0" type="stmt"/>
        <line num="1003" count="0" type="cond" truecount="0" falsecount="2"/>
        <line num="1004" count="0" type="stmt"/>
        <line num="1006" count="0" type="stmt"/>
        <line num="1010" count="7" type="stmt"/>
      </file>
      <file name="registrationController.js" path="C:\Users\ayush\OneDrive\Desktop\Acadeno\lms\acadeno-lms\temp_friend_repo\lms_backend\src\controllers\registrationController.js">
        <metrics statements="446" coveredstatements="162" conditionals="298" coveredconditionals="85" methods="22" coveredmethods="6"/>
        <line num="9" count="1" type="stmt"/>
        <line num="10" count="1" type="stmt"/>
        <line num="11" count="1" type="stmt"/>
        <line num="16" count="1" type="stmt"/>
        <line num="17" count="1" type="stmt"/>
        <line num="18" count="1" type="stmt"/>
        <line num="19" count="1" type="stmt"/>
        <line num="20" count="1" type="stmt"/>
        <line num="25" count="1" type="stmt"/>
        <line num="26" count="1" type="stmt"/>
        <line num="27" count="1" type="stmt"/>
        <line num="28" count="1" type="stmt"/>
        <line num="31" count="1" type="stmt"/>
        <line num="43" count="2" type="stmt"/>
        <line num="44" count="2" type="stmt"/>
        <line num="45" count="2" type="stmt"/>
        <line num="46" count="2" type="stmt"/>
        <line num="47" count="2" type="cond" truecount="3" falsecount="2"/>
        <line num="48" count="0" type="stmt"/>
        <line num="50" count="2" type="stmt"/>
        <line num="57" count="1" type="stmt"/>
        <line num="58" count="1" type="stmt"/>
        <line num="59" count="1" type="stmt"/>
        <line num="66" count="1" type="stmt"/>
        <line num="67" count="1" type="stmt"/>
        <line num="69" count="1" type="stmt"/>
        <line num="74" count="1" type="stmt"/>
        <line num="77" count="1" type="cond" truecount="6" falsecount="1"/>
        <line num="78" count="0" type="stmt"/>
        <line num="85" count="1" type="stmt"/>
        <line num="86" count="1" type="cond" truecount="1" falsecount="1"/>
        <line num="87" count="0" type="stmt"/>
        <line num="94" count="1" type="stmt"/>
        <line num="95" count="1" type="cond" truecount="1" falsecount="1"/>
        <line num="96" count="0" type="stmt"/>
        <line num="103" count="1" type="cond" truecount="1" falsecount="1"/>
        <line num="104" count="0" type="cond" truecount="0" falsecount="5"/>
        <line num="105" count="0" type="stmt"/>
        <line num="113" count="1" type="stmt"/>
        <line num="118" count="1" type="cond" truecount="1" falsecount="1"/>
        <line num="119" count="0" type="stmt"/>
        <line num="126" count="1" type="stmt"/>
        <line num="139" count="1" type="cond" truecount="1" falsecount="1"/>
        <line num="140" count="0" type="stmt"/>
        <line num="144" count="1" type="stmt"/>
        <line num="150" count="1" type="cond" truecount="1" falsecount="1"/>
        <line num="155" count="1" type="stmt"/>
        <line num="163" count="1" type="stmt"/>
        <line num="169" count="0" type="stmt"/>
        <line num="170" count="0" type="stmt"/>
        <line num="172" count="1" type="stmt"/>
        <line num="180" count="1" type="stmt"/>
        <line num="181" count="1" type="stmt"/>
        <line num="183" count="1" type="stmt"/>
        <line num="184" count="1" type="stmt"/>
        <line num="188" count="1" type="stmt"/>
        <line num="191" count="1" type="stmt"/>
        <line num="196" count="1" type="cond" truecount="1" falsecount="1"/>
        <line num="197" count="0" type="stmt"/>
        <line num="200" count="1" type="cond" truecount="1" falsecount="1"/>
        <line num="201" count="0" type="stmt"/>
        <line num="208" count="1" type="cond" truecount="6" falsecount="1"/>
        <line num="209" count="0" type="stmt"/>
        <line num="216" count="1" type="stmt"/>
        <line num="217" count="1" type="cond" truecount="1" falsecount="1"/>
        <line num="218" count="0" type="stmt"/>
        <line num="225" count="1" type="cond" truecount="1" falsecount="1"/>
        <line num="226" count="0" type="cond" truecount="0" falsecount="5"/>
        <line num="227" count="0" type="stmt"/>
        <line num="235" count="1" type="stmt"/>
        <line num="247" count="1" type="cond" truecount="1" falsecount="1"/>
        <line num="248" count="0" type="stmt"/>
        <line num="251" count="1" type="cond" truecount="1" falsecount="1"/>
        <line num="253" count="1" type="stmt"/>
        <line num="262" count="1" type="stmt"/>
        <line num="264" count="0" type="stmt"/>
        <line num="265" count="0" type="stmt"/>
        <line num="267" count="1" type="stmt"/>
        <line num="275" count="0" type="stmt"/>
        <line num="276" count="0" type="stmt"/>
        <line num="278" count="0" type="stmt"/>
        <line num="279" count="0" type="stmt"/>
        <line num="283" count="0" type="stmt"/>
        <line num="286" count="0" type="stmt"/>
        <line num="291" count="0" type="cond" truecount="0" falsecount="2"/>
        <line num="292" count="0" type="stmt"/>
        <line num="295" count="0" type="cond" truecount="0" falsecount="2"/>
        <line num="296" count="0" type="stmt"/>
        <line num="303" count="0" type="cond" truecount="0" falsecount="4"/>
        <line num="304" count="0" type="stmt"/>
        <line num="311" count="0" type="cond" truecount="0" falsecount="2"/>
        <line num="312" count="0" type="stmt"/>
        <line num="319" count="0" type="stmt"/>
        <line num="320" count="0" type="cond" truecount="0" falsecount="4"/>
        <line num="321" count="0" type="stmt"/>
        <line num="322" count="0" type="cond" truecount="0" falsecount="5"/>
        <line num="323" count="0" type="stmt"/>
        <line num="331" count="0" type="stmt"/>
        <line num="341" count="0" type="cond" truecount="0" falsecount="2"/>
        <line num="343" count="0" type="stmt"/>
        <line num="352" count="0" type="stmt"/>
        <line num="354" count="0" type="stmt"/>
        <line num="355" count="0" type="stmt"/>
        <line num="357" count="0" type="stmt"/>
        <line num="365" count="0" type="stmt"/>
        <line num="366" count="0" type="stmt"/>
        <line num="368" count="0" type="stmt"/>
        <line num="369" count="0" type="stmt"/>
        <line num="370" count="0" type="stmt"/>
        <line num="373" count="0" type="stmt"/>
        <line num="378" count="0" type="cond" truecount="0" falsecount="2"/>
        <line num="379" count="0" type="stmt"/>
        <line num="382" count="0" type="cond" truecount="0" falsecount="2"/>
        <line num="383" count="0" type="stmt"/>
        <line num="390" count="0" type="cond" truecount="0" falsecount="5"/>
        <line num="391" count="0" type="stmt"/>
        <line num="398" count="0" type="stmt"/>
        <line num="399" count="0" type="cond" truecount="0" falsecount="2"/>
        <line num="400" count="0" type="stmt"/>
        <line num="407" count="0" type="stmt"/>
        <line num="415" count="0" type="cond" truecount="0" falsecount="2"/>
        <line num="416" count="0" type="stmt"/>
        <line num="419" count="0" type="cond" truecount="0" falsecount="2"/>
        <line num="421" count="0" type="stmt"/>
        <line num="430" count="0" type="stmt"/>
        <line num="432" count="0" type="stmt"/>
        <line num="433" count="0" type="stmt"/>
        <line num="435" count="0" type="stmt"/>
        <line num="443" count="0" type="stmt"/>
        <line num="444" count="0" type="stmt"/>
        <line num="446" count="0" type="stmt"/>
        <line num="447" count="0" type="stmt"/>
        <line num="448" count="0" type="stmt"/>
        <line num="451" count="0" type="stmt"/>
        <line num="456" count="0" type="cond" truecount="0" falsecount="2"/>
        <line num="457" count="0" type="stmt"/>
        <line num="460" count="0" type="cond" truecount="0" falsecount="2"/>
        <line num="461" count="0" type="stmt"/>
        <line num="468" count="0" type="cond" truecount="0" falsecount="4"/>
        <line num="469" count="0" type="stmt"/>
        <line num="476" count="0" type="stmt"/>
        <line num="481" count="0" type="cond" truecount="0" falsecount="2"/>
        <line num="482" count="0" type="stmt"/>
        <line num="489" count="0" type="stmt"/>
        <line num="496" count="0" type="cond" truecount="0" falsecount="2"/>
        <line num="497" count="0" type="stmt"/>
        <line num="503" count="0" type="stmt"/>
        <line num="505" count="0" type="cond" truecount="0" falsecount="2"/>
        <line num="506" count="0" type="stmt"/>
        <line num="513" count="0" type="stmt"/>
        <line num="514" count="0" type="stmt"/>
        <line num="515" count="0" type="stmt"/>
        <line num="516" count="0" type="stmt"/>
        <line num="518" count="0" type="stmt"/>
        <line num="529" count="0" type="cond" truecount="0" falsecount="2"/>
        <line num="531" count="0" type="stmt"/>
        <line num="540" count="0" type="stmt"/>
        <line num="549" count="0" type="stmt"/>
        <line num="550" count="0" type="stmt"/>
        <line num="552" count="0" type="stmt"/>
        <line num="560" count="2" type="stmt"/>
        <line num="561" count="2" type="stmt"/>
        <line num="563" count="2" type="stmt"/>
        <line num="564" count="2" type="stmt"/>
        <line num="565" count="2" type="stmt"/>
        <line num="568" count="2" type="cond" truecount="1" falsecount="1"/>
        <line num="569" count="0" type="stmt"/>
        <line num="576" count="2" type="stmt"/>
        <line num="581" count="2" type="cond" truecount="1" falsecount="1"/>
        <line num="582" count="0" type="stmt"/>
        <line num="585" count="2" type="stmt"/>
        <line num="587" count="2" type="cond" truecount="1" falsecount="1"/>
        <line num="588" count="0" type="stmt"/>
        <line num="595" count="2" type="cond" truecount="1" falsecount="1"/>
        <line num="596" count="0" type="stmt"/>
        <line num="601" count="2" type="cond" truecount="1" falsecount="1"/>
        <line num="602" count="0" type="stmt"/>
        <line num="607" count="2" type="cond" truecount="1" falsecount="1"/>
        <line num="608" count="0" type="stmt"/>
        <line num="613" count="2" type="cond" truecount="2" falsecount="0"/>
        <line num="614" count="1" type="stmt"/>
        <line num="621" count="1" type="stmt"/>
        <line num="623" count="1" type="stmt"/>
        <line num="624" count="1" type="stmt"/>
        <line num="625" count="1" type="stmt"/>
        <line num="626" count="1" type="stmt"/>
        <line num="627" count="1" type="stmt"/>
        <line num="632" count="1" type="stmt"/>
        <line num="633" count="1" type="stmt"/>
        <line num="635" count="1" type="cond" truecount="1" falsecount="1"/>
        <line num="636" count="1" type="stmt"/>
        <line num="639" count="0" type="cond" truecount="0" falsecount="2"/>
        <line num="640" count="0" type="stmt"/>
        <line num="641" count="0" type="stmt"/>
        <line num="645" count="1" type="stmt"/>
        <line num="650" count="1" type="stmt"/>
        <line num="658" count="1" type="stmt"/>
        <line num="662" count="1" type="stmt"/>
        <line num="665" count="1" type="stmt"/>
        <line num="695" count="1" type="stmt"/>
        <line num="698" count="1" type="stmt"/>
        <line num="705" count="1" type="stmt"/>
        <line num="708" count="1" type="stmt"/>
        <line num="714" count="1" type="stmt"/>
        <line num="725" count="1" type="cond" truecount="1" falsecount="1"/>
        <line num="726" count="1" type="stmt"/>
        <line num="730" count="1" type="stmt"/>
        <line num="738" count="1" type="stmt"/>
        <line num="740" count="1" type="cond" truecount="2" falsecount="0"/>
        <line num="741" count="1" type="cond" truecount="2" falsecount="0"/>
        <line num="742" count="1" type="stmt"/>
        <line num="746" count="1" type="stmt"/>
        <line num="747" count="0" type="stmt"/>
        <line num="753" count="1" type="cond" truecount="1" falsecount="1"/>
        <line num="754" count="1" type="stmt"/>
        <line num="755" count="1" type="stmt"/>
        <line num="756" count="1" type="cond" truecount="1" falsecount="1"/>
        <line num="757" count="1" type="stmt"/>
        <line num="758" count="1" type="stmt"/>
        <line num="761" count="0" type="stmt"/>
        <line num="766" count="1" type="stmt"/>
        <line num="767" count="1" type="cond" truecount="1" falsecount="1"/>
        <line num="768" count="1" type="stmt"/>
        <line num="770" count="1" type="stmt"/>
        <line num="771" count="1" type="stmt"/>
        <line num="773" count="0" type="stmt"/>
        <line num="778" count="1" type="stmt"/>
        <line num="786" count="0" type="stmt"/>
        <line num="787" count="0" type="stmt"/>
        <line num="788" count="0" type="stmt"/>
        <line num="789" count="0" type="stmt"/>
        <line num="796" count="0" type="stmt"/>
        <line num="797" count="0" type="stmt"/>
        <line num="798" count="0" type="stmt"/>
        <line num="804" count="2" type="stmt"/>
        <line num="812" count="0" type="stmt"/>
        <line num="813" count="0" type="stmt"/>
        <line num="815" count="0" type="stmt"/>
        <line num="816" count="0" type="cond" truecount="0" falsecount="2"/>
        <line num="817" count="0" type="stmt"/>
        <line num="819" count="0" type="stmt"/>
        <line num="831" count="0" type="stmt"/>
        <line num="832" count="0" type="stmt"/>
        <line num="835" count="0" type="cond" truecount="0" falsecount="2"/>
        <line num="836" count="0" type="stmt"/>
        <line num="837" count="0" type="stmt"/>
        <line num="841" count="0" type="cond" truecount="0" falsecount="2"/>
        <line num="842" count="0" type="stmt"/>
        <line num="848" count="0" type="stmt"/>
        <line num="852" count="0" type="cond" truecount="0" falsecount="2"/>
        <line num="853" count="0" type="stmt"/>
        <line num="854" count="0" type="stmt"/>
        <line num="857" count="0" type="cond" truecount="0" falsecount="2"/>
        <line num="858" count="0" type="stmt"/>
        <line num="861" count="0" type="stmt"/>
        <line num="862" count="0" type="stmt"/>
        <line num="864" count="0" type="stmt"/>
        <line num="867" count="0" type="stmt"/>
        <line num="868" count="0" type="stmt"/>
        <line num="869" count="0" type="stmt"/>
        <line num="871" count="0" type="cond" truecount="0" falsecount="2"/>
        <line num="872" count="0" type="stmt"/>
        <line num="873" count="0" type="stmt"/>
        <line num="875" count="0" type="cond" truecount="0" falsecount="2"/>
        <line num="876" count="0" type="stmt"/>
        <line num="882" count="0" type="stmt"/>
        <line num="884" count="0" type="cond" truecount="0" falsecount="2"/>
        <line num="885" count="0" type="stmt"/>
        <line num="886" count="0" type="stmt"/>
        <line num="889" count="0" type="cond" truecount="0" falsecount="2"/>
        <line num="890" count="0" type="stmt"/>
        <line num="893" count="0" type="stmt"/>
        <line num="894" count="0" type="stmt"/>
        <line num="897" count="0" type="stmt"/>
        <line num="911" count="0" type="stmt"/>
        <line num="921" count="0" type="stmt"/>
        <line num="922" count="0" type="stmt"/>
        <line num="924" count="0" type="stmt"/>
        <line num="932" count="0" type="stmt"/>
        <line num="933" count="0" type="stmt"/>
        <line num="935" count="0" type="stmt"/>
        <line num="936" count="0" type="stmt"/>
        <line num="938" count="0" type="stmt"/>
        <line num="943" count="0" type="cond" truecount="0" falsecount="2"/>
        <line num="944" count="0" type="stmt"/>
        <line num="947" count="0" type="stmt"/>
        <line num="950" count="0" type="cond" truecount="0" falsecount="4"/>
        <line num="951" count="0" type="stmt"/>
        <line num="955" count="0" type="cond" truecount="0" falsecount="4"/>
        <line num="956" count="0" type="stmt"/>
        <line num="959" count="0" type="stmt"/>
        <line num="961" count="0" type="stmt"/>
        <line num="962" count="0" type="stmt"/>
        <line num="964" count="0" type="stmt"/>
        <line num="972" count="0" type="stmt"/>
        <line num="973" count="0" type="stmt"/>
        <line num="975" count="0" type="stmt"/>
        <line num="976" count="0" type="stmt"/>
        <line num="977" count="0" type="stmt"/>
        <line num="979" count="0" type="stmt"/>
        <line num="984" count="0" type="cond" truecount="0" falsecount="2"/>
        <line num="985" count="0" type="stmt"/>
        <line num="988" count="0" type="stmt"/>
        <line num="991" count="0" type="cond" truecount="0" falsecount="4"/>
        <line num="992" count="0" type="stmt"/>
        <line num="994" count="0" type="cond" truecount="0" falsecount="4"/>
        <line num="995" count="0" type="stmt"/>
        <line num="999" count="0" type="cond" truecount="0" falsecount="4"/>
        <line num="1000" count="0" type="stmt"/>
        <line num="1006" count="0" type="cond" truecount="0" falsecount="4"/>
        <line num="1007" count="0" type="stmt"/>
        <line num="1014" count="0" type="stmt"/>
        <line num="1015" count="0" type="stmt"/>
        <line num="1016" count="0" type="stmt"/>
        <line num="1018" count="0" type="cond" truecount="0" falsecount="2"/>
        <line num="1019" count="0" type="stmt"/>
        <line num="1020" count="0" type="stmt"/>
        <line num="1021" count="0" type="stmt"/>
        <line num="1024" count="0" type="cond" truecount="0" falsecount="2"/>
        <line num="1025" count="0" type="stmt"/>
        <line num="1026" count="0" type="stmt"/>
        <line num="1027" count="0" type="stmt"/>
        <line num="1030" count="0" type="cond" truecount="0" falsecount="2"/>
        <line num="1031" count="0" type="stmt"/>
        <line num="1032" count="0" type="stmt"/>
        <line num="1033" count="0" type="stmt"/>
        <line num="1036" count="0" type="cond" truecount="0" falsecount="2"/>
        <line num="1037" count="0" type="stmt"/>
        <line num="1043" count="0" type="stmt"/>
        <line num="1044" count="0" type="stmt"/>
        <line num="1046" count="0" type="stmt"/>
        <line num="1052" count="0" type="cond" truecount="0" falsecount="4"/>
        <line num="1053" count="0" type="stmt"/>
        <line num="1058" count="0" type="cond" truecount="0" falsecount="2"/>
        <line num="1059" count="0" type="stmt"/>
        <line num="1060" count="0" type="cond" truecount="0" falsecount="2"/>
        <line num="1061" count="0" type="cond" truecount="0" falsecount="2"/>
        <line num="1062" count="0" type="cond" truecount="0" falsecount="2"/>
        <line num="1064" count="0" type="stmt"/>
        <line num="1085" count="0" type="stmt"/>
        <line num="1087" count="0" type="stmt"/>
        <line num="1088" count="0" type="stmt"/>
        <line num="1090" count="0" type="stmt"/>
        <line num="1099" count="1" type="stmt"/>
        <line num="1100" count="1" type="stmt"/>
        <line num="1102" count="1" type="stmt"/>
        <line num="1103" count="1" type="stmt"/>
        <line num="1104" count="1" type="cond" truecount="1" falsecount="1"/>
        <line num="1106" count="1" type="stmt"/>
        <line num="1109" count="1" type="stmt"/>
        <line num="1114" count="1" type="cond" truecount="1" falsecount="1"/>
        <line num="1115" count="0" type="stmt"/>
        <line num="1116" count="0" type="stmt"/>
        <line num="1119" count="1" type="stmt"/>
        <line num="1122" count="1" type="stmt"/>
        <line num="1130" count="1" type="stmt"/>
        <line num="1131" count="1" type="stmt"/>
        <line num="1132" count="1" type="stmt"/>
        <line num="1133" count="1" type="stmt"/>
        <line num="1134" count="1" type="stmt"/>
        <line num="1135" count="1" type="stmt"/>
        <line num="1137" count="1" type="cond" truecount="3" falsecount="1"/>
        <line num="1139" count="1" type="stmt"/>
        <line num="1144" count="1" type="stmt"/>
        <line num="1151" count="1" type="stmt"/>
        <line num="1159" count="1" type="stmt"/>
        <line num="1160" count="1" type="cond" truecount="1" falsecount="1"/>
        <line num="1161" count="1" type="stmt"/>
        <line num="1162" count="1" type="cond" truecount="4" falsecount="1"/>
        <line num="1163" count="1" type="stmt"/>
        <line num="1170" count="1" type="stmt"/>
        <line num="1174" count="1" type="stmt"/>
        <line num="1177" count="1" type="cond" truecount="1" falsecount="1"/>
        <line num="1178" count="1" type="cond" truecount="2" falsecount="0"/>
        <line num="1179" count="1" type="cond" truecount="2" falsecount="0"/>
        <line num="1182" count="1" type="stmt"/>
        <line num="1183" count="1" type="stmt"/>
        <line num="1184" count="1" type="stmt"/>
        <line num="1188" count="1" type="cond" truecount="1" falsecount="1"/>
        <line num="1189" count="1" type="stmt"/>
        <line num="1190" count="1" type="stmt"/>
        <line num="1192" count="1" type="cond" truecount="1" falsecount="1"/>
        <line num="1193" count="1" type="stmt"/>
        <line num="1197" count="0" type="stmt"/>
        <line num="1200" count="1" type="cond" truecount="1" falsecount="1"/>
        <line num="1201" count="0" type="stmt"/>
        <line num="1206" count="1" type="stmt"/>
        <line num="1207" count="1" type="cond" truecount="1" falsecount="1"/>
        <line num="1208" count="1" type="stmt"/>
        <line num="1210" count="1" type="stmt"/>
        <line num="1211" count="1" type="cond" truecount="1" falsecount="1"/>
        <line num="1212" count="0" type="stmt"/>
        <line num="1215" count="0" type="stmt"/>
        <line num="1218" count="1" type="stmt"/>
        <line num="1226" count="0" type="cond" truecount="0" falsecount="2"/>
        <line num="1227" count="0" type="stmt"/>
        <line num="1228" count="0" type="stmt"/>
        <line num="1229" count="0" type="stmt"/>
        <line num="1234" count="1" type="cond" truecount="1" falsecount="1"/>
        <line num="1242" count="0" type="stmt"/>
        <line num="1243" count="0" type="stmt"/>
        <line num="1244" count="0" type="stmt"/>
        <line num="1245" count="0" type="stmt"/>
        <line num="1246" count="0" type="stmt"/>
        <line num="1248" count="0" type="stmt"/>
        <line num="1249" count="0" type="stmt"/>
        <line num="1251" count="0" type="stmt"/>
        <line num="1259" count="0" type="stmt"/>
        <line num="1260" count="0" type="stmt"/>
        <line num="1261" count="0" type="stmt"/>
        <line num="1262" count="0" type="stmt"/>
        <line num="1263" count="0" type="stmt"/>
        <line num="1270" count="0" type="stmt"/>
        <line num="1272" count="0" type="stmt"/>
        <line num="1273" count="0" type="stmt"/>
        <line num="1275" count="0" type="stmt"/>
        <line num="1283" count="0" type="stmt"/>
        <line num="1284" count="0" type="stmt"/>
        <line num="1285" count="0" type="stmt"/>
        <line num="1286" count="0" type="stmt"/>
        <line num="1288" count="0" type="stmt"/>
        <line num="1289" count="0" type="stmt"/>
        <line num="1298" count="0" type="stmt"/>
        <line num="1301" count="0" type="stmt"/>
        <line num="1302" count="0" type="stmt"/>
        <line num="1304" count="0" type="stmt"/>
        <line num="1305" count="0" type="stmt"/>
        <line num="1306" count="0" type="stmt"/>
        <line num="1308" count="0" type="stmt"/>
        <line num="1311" count="0" type="stmt"/>
        <line num="1312" count="0" type="cond" truecount="0" falsecount="2"/>
        <line num="1313" count="0" type="stmt"/>
        <line num="1314" count="0" type="stmt"/>
        <line num="1317" count="0" type="stmt"/>
        <line num="1320" count="0" type="cond" truecount="0" falsecount="2"/>
        <line num="1321" count="0" type="cond" truecount="0" falsecount="2"/>
        <line num="1322" count="0" type="stmt"/>
        <line num="1323" count="0" type="stmt"/>
        <line num="1330" count="0" type="stmt"/>
        <line num="1341" count="0" type="stmt"/>
        <line num="1343" count="0" type="stmt"/>
        <line num="1349" count="0" type="cond" truecount="0" falsecount="2"/>
        <line num="1350" count="0" type="stmt"/>
        <line num="1351" count="0" type="stmt"/>
        <line num="1353" count="0" type="cond" truecount="0" falsecount="2"/>
        <line num="1359" count="1" type="stmt"/>
      </file>
    </package>
    <package name="jobs">
      <metrics statements="42" coveredstatements="39" conditionals="8" coveredconditionals="7" methods="4" coveredmethods="4"/>
      <file name="leadArchiveJob.js" path="C:\Users\ayush\OneDrive\Desktop\Acadeno\lms\acadeno-lms\temp_friend_repo\lms_backend\src\jobs\leadArchiveJob.js">
        <metrics statements="42" coveredstatements="39" conditionals="8" coveredconditionals="7" methods="4" coveredmethods="4"/>
        <line num="1" count="1" type="stmt"/>
        <line num="2" count="1" type="stmt"/>
        <line num="3" count="1" type="stmt"/>
        <line num="5" count="1" type="cond" truecount="2" falsecount="0"/>
        <line num="6" count="1" type="cond" truecount="2" falsecount="0"/>
        <line num="12" count="2" type="stmt"/>
        <line num="13" count="2" type="stmt"/>
        <line num="15" count="2" type="stmt"/>
        <line num="22" count="2" type="stmt"/>
        <line num="23" count="2" type="stmt"/>
        <line num="25" count="2" type="stmt"/>
        <line num="26" count="1" type="stmt"/>
        <line num="27" count="1" type="stmt"/>
        <line num="29" count="1" type="stmt"/>
        <line num="35" count="1" type="stmt"/>
        <line num="40" count="1" type="stmt"/>
        <line num="43" count="1" type="stmt"/>
        <line num="49" count="0" type="stmt"/>
        <line num="50" count="0" type="stmt"/>
        <line num="54" count="2" type="cond" truecount="2" falsecount="0"/>
        <line num="55" count="1" type="stmt"/>
        <line num="58" count="0" type="stmt"/>
        <line num="60" count="2" type="stmt"/>
        <line num="68" count="2" type="stmt"/>
        <line num="69" count="2" type="stmt"/>
        <line num="71" count="2" type="stmt"/>
        <line num="79" count="2" type="stmt"/>
        <line num="80" count="2" type="stmt"/>
        <line num="82" count="1" type="stmt"/>
        <line num="83" count="1" type="stmt"/>
        <line num="84" count="1" type="stmt"/>
        <line num="93" count="1" type="cond" truecount="1" falsecount="1"/>
        <line num="94" count="1" type="stmt"/>
        <line num="97" count="1" type="stmt"/>
        <line num="99" count="2" type="stmt"/>
        <line num="107" count="3" type="stmt"/>
        <line num="109" count="3" type="stmt"/>
        <line num="110" count="2" type="stmt"/>
        <line num="111" count="2" type="stmt"/>
        <line num="112" count="2" type="stmt"/>
        <line num="113" count="2" type="stmt"/>
        <line num="117" count="1" type="stmt"/>
      </file>
    </package>
    <package name="middleware">
      <metrics statements="51" coveredstatements="37" conditionals="42" coveredconditionals="24" methods="7" coveredmethods="6"/>
      <file name="authenticate.js" path="C:\Users\ayush\OneDrive\Desktop\Acadeno\lms\acadeno-lms\temp_friend_repo\lms_backend\src\middleware\authenticate.js">
        <metrics statements="18" coveredstatements="13" conditionals="10" coveredconditionals="6" methods="1" coveredmethods="1"/>
        <line num="12" count="11" type="stmt"/>
        <line num="16" count="39" type="stmt"/>
        <line num="18" count="39" type="cond" truecount="3" falsecount="1"/>
        <line num="19" count="0" type="stmt"/>
        <line num="25" count="39" type="stmt"/>
        <line num="27" count="39" type="cond" truecount="1" falsecount="1"/>
        <line num="28" count="0" type="stmt"/>
        <line num="33" count="39" type="stmt"/>
        <line num="35" count="39" type="stmt"/>
        <line num="39" count="38" type="stmt"/>
        <line num="46" count="38" type="stmt"/>
        <line num="49" count="1" type="cond" truecount="1" falsecount="1"/>
        <line num="50" count="0" type="stmt"/>
        <line num="56" count="1" type="cond" truecount="1" falsecount="1"/>
        <line num="57" count="1" type="stmt"/>
        <line num="64" count="0" type="stmt"/>
        <line num="65" count="0" type="stmt"/>
        <line num="71" count="11" type="stmt"/>
      </file>
      <file name="authorize.js" path="C:\Users\ayush\OneDrive\Desktop\Acadeno\lms\acadeno-lms\temp_friend_repo\lms_backend\src\middleware\authorize.js">
        <metrics statements="22" coveredstatements="16" conditionals="24" coveredconditionals="13" methods="4" coveredmethods="3"/>
        <line num="8" count="7" type="stmt"/>
        <line num="11" count="77" type="stmt"/>
        <line num="13" count="34" type="cond" truecount="3" falsecount="1"/>
        <line num="14" count="0" type="stmt"/>
        <line num="20" count="34" type="stmt"/>
        <line num="21" count="34" type="cond" truecount="1" falsecount="1"/>
        <line num="26" count="34" type="cond" truecount="2" falsecount="2"/>
        <line num="27" count="0" type="stmt"/>
        <line num="35" count="34" type="cond" truecount="2" falsecount="2"/>
        <line num="36" count="0" type="stmt"/>
        <line num="37" count="0" type="stmt"/>
        <line num="39" count="0" type="cond" truecount="0" falsecount="2"/>
        <line num="40" count="0" type="stmt"/>
        <line num="48" count="34" type="cond" truecount="1" falsecount="1"/>
        <line num="49" count="34" type="cond" truecount="1" falsecount="1"/>
        <line num="52" count="34" type="stmt"/>
        <line num="53" count="34" type="cond" truecount="1" falsecount="1"/>
        <line num="54" count="34" type="stmt"/>
        <line num="57" count="34" type="cond" truecount="2" falsecount="0"/>
        <line num="58" count="1" type="stmt"/>
        <line num="66" count="33" type="stmt"/>
        <line num="70" count="7" type="stmt"/>
      </file>
      <file name="rbac.js" path="C:\Users\ayush\OneDrive\Desktop\Acadeno\lms\acadeno-lms\temp_friend_repo\lms_backend\src\middleware\rbac.js">
        <metrics statements="11" coveredstatements="8" conditionals="8" coveredconditionals="5" methods="2" coveredmethods="2"/>
        <line num="13" count="1" type="stmt"/>
        <line num="27" count="3" type="stmt"/>
        <line num="28" count="4" type="cond" truecount="3" falsecount="1"/>
        <line num="29" count="0" type="stmt"/>
        <line num="35" count="4" type="stmt"/>
        <line num="38" count="4" type="cond" truecount="1" falsecount="1"/>
        <line num="39" count="0" type="stmt"/>
        <line num="43" count="4" type="cond" truecount="1" falsecount="1"/>
        <line num="44" count="4" type="stmt"/>
        <line num="47" count="0" type="stmt"/>
        <line num="54" count="1" type="stmt"/>
      </file>
    </package>
    <package name="routes">
      <metrics statements="56" coveredstatements="56" conditionals="0" coveredconditionals="0" methods="0" coveredmethods="0"/>
      <file name="auth.js" path="C:\Users\ayush\OneDrive\Desktop\Acadeno\lms\acadeno-lms\temp_friend_repo\lms_backend\src\routes\auth.js">
        <metrics statements="13" coveredstatements="13" conditionals="0" coveredconditionals="0" methods="0" coveredmethods="0"/>
        <line num="7" count="3" type="stmt"/>
        <line num="8" count="3" type="stmt"/>
        <line num="10" count="3" type="stmt"/>
        <line num="11" count="3" type="stmt"/>
        <line num="14" count="3" type="stmt"/>
        <line num="17" count="3" type="stmt"/>
        <line num="20" count="3" type="stmt"/>
        <line num="23" count="3" type="stmt"/>
        <line num="26" count="3" type="stmt"/>
        <line num="29" count="3" type="stmt"/>
        <line num="32" count="3" type="stmt"/>
        <line num="36" count="3" type="stmt"/>
        <line num="38" count="3" type="stmt"/>
      </file>
      <file name="leads.js" path="C:\Users\ayush\OneDrive\Desktop\Acadeno\lms\acadeno-lms\temp_friend_repo\lms_backend\src\routes\leads.js">
        <metrics statements="20" coveredstatements="20" conditionals="0" coveredconditionals="0" methods="0" coveredmethods="0"/>
        <line num="5" count="7" type="stmt"/>
        <line num="6" count="7" type="stmt"/>
        <line num="7" count="7" type="stmt"/>
        <line num="9" count="7" type="stmt"/>
        <line num="10" count="7" type="stmt"/>
        <line num="19" count="7" type="stmt"/>
        <line num="20" count="7" type="stmt"/>
        <line num="21" count="7" type="stmt"/>
        <line num="28" count="7" type="stmt"/>
        <line num="39" count="7" type="stmt"/>
        <line num="50" count="7" type="stmt"/>
        <line num="61" count="7" type="stmt"/>
        <line num="72" count="7" type="stmt"/>
        <line num="83" count="7" type="stmt"/>
        <line num="94" count="7" type="stmt"/>
        <line num="105" count="7" type="stmt"/>
        <line num="116" count="7" type="stmt"/>
        <line num="127" count="7" type="stmt"/>
        <line num="139" count="7" type="stmt"/>
        <line num="146" count="7" type="stmt"/>
      </file>
      <file name="registration.js" path="C:\Users\ayush\OneDrive\Desktop\Acadeno\lms\acadeno-lms\temp_friend_repo\lms_backend\src\routes\registration.js">
        <metrics statements="23" coveredstatements="23" conditionals="0" coveredconditionals="0" methods="0" coveredmethods="0"/>
        <line num="7" count="1" type="stmt"/>
        <line num="8" count="1" type="stmt"/>
        <line num="25" count="1" type="stmt"/>
        <line num="27" count="1" type="stmt"/>
        <line num="28" count="1" type="stmt"/>
        <line num="29" count="1" type="stmt"/>
        <line num="32" count="1" type="stmt"/>
        <line num="35" count="1" type="stmt"/>
        <line num="41" count="1" type="stmt"/>
        <line num="42" count="1" type="stmt"/>
        <line num="43" count="1" type="stmt"/>
        <line num="44" count="1" type="stmt"/>
        <line num="47" count="1" type="stmt"/>
        <line num="52" count="1" type="stmt"/>
        <line num="55" count="1" type="stmt"/>
        <line num="58" count="1" type="stmt"/>
        <line num="61" count="1" type="stmt"/>
        <line num="64" count="1" type="stmt"/>
        <line num="67" count="1" type="stmt"/>
        <line num="72" count="1" type="stmt"/>
        <line num="77" count="1" type="stmt"/>
        <line num="80" count="1" type="stmt"/>
        <line num="82" count="1" type="stmt"/>
      </file>
    </package>
    <package name="services">
      <metrics statements="41" coveredstatements="8" conditionals="12" coveredconditionals="0" methods="15" coveredmethods="1"/>
      <file name="emailService.js" path="C:\Users\ayush\OneDrive\Desktop\Acadeno\lms\acadeno-lms\temp_friend_repo\lms_backend\src\services\emailService.js">
        <metrics statements="14" coveredstatements="5" conditionals="2" coveredconditionals="0" methods="8" coveredmethods="1"/>
        <line num="1" count="7" type="stmt"/>
        <line num="2" count="7" type="stmt"/>
        <line num="4" count="7" type="stmt"/>
        <line num="13" count="0" type="stmt"/>
        <line num="18" count="0" type="stmt"/>
        <line num="23" count="0" type="stmt"/>
        <line num="32" count="0" type="stmt"/>
        <line num="41" count="0" type="stmt"/>
        <line num="50" count="0" type="stmt"/>
        <line num="65" count="0" type="stmt"/>
        <line num="96" count="0" type="stmt"/>
        <line num="123" count="1" type="stmt"/>
        <line num="149" count="0" type="stmt"/>
        <line num="180" count="7" type="stmt"/>
      </file>
      <file name="pinCodeService.js" path="C:\Users\ayush\OneDrive\Desktop\Acadeno\lms\acadeno-lms\temp_friend_repo\lms_backend\src\services\pinCodeService.js">
        <metrics statements="27" coveredstatements="3" conditionals="10" coveredconditionals="0" methods="7" coveredmethods="0"/>
        <line num="9" count="1" type="stmt"/>
        <line num="11" count="1" type="stmt"/>
        <line num="18" count="0" type="cond" truecount="0" falsecount="2"/>
        <line num="19" count="0" type="stmt"/>
        <line num="22" count="0" type="stmt"/>
        <line num="23" count="0" type="stmt"/>
        <line num="25" count="0" type="stmt"/>
        <line num="26" count="0" type="stmt"/>
        <line num="28" count="0" type="stmt"/>
        <line num="29" count="0" type="stmt"/>
        <line num="32" count="0" type="stmt"/>
        <line num="33" count="0" type="stmt"/>
        <line num="34" count="0" type="stmt"/>
        <line num="36" count="0" type="cond" truecount="0" falsecount="2"/>
        <line num="42" count="0" type="stmt"/>
        <line num="43" count="0" type="stmt"/>
        <line num="49" count="0" type="stmt"/>
        <line num="57" count="0" type="stmt"/>
        <line num="58" count="0" type="stmt"/>
        <line num="63" count="0" type="stmt"/>
        <line num="64" count="0" type="stmt"/>
        <line num="65" count="0" type="stmt"/>
        <line num="68" count="0" type="stmt"/>
        <line num="69" count="0" type="stmt"/>
        <line num="70" count="0" type="stmt"/>
        <line num="71" count="0" type="stmt"/>
        <line num="76" count="1" type="stmt"/>
      </file>
    </package>
    <package name="utils">
      <metrics statements="23" coveredstatements="17" conditionals="2" coveredconditionals="0" methods="9" coveredmethods="6"/>
      <file name="csvParser.js" path="C:\Users\ayush\OneDrive\Desktop\Acadeno\lms\acadeno-lms\temp_friend_repo\lms_backend\src\utils\csvParser.js">
        <metrics statements="11" coveredstatements="10" conditionals="0" coveredconditionals="0" methods="6" coveredmethods="5"/>
        <line num="1" count="7" type="stmt"/>
        <line num="2" count="7" type="stmt"/>
        <line num="10" count="3" type="stmt"/>
        <line num="11" count="3" type="stmt"/>
        <line num="13" count="3" type="stmt"/>
        <line num="15" count="3" type="stmt"/>
        <line num="17" count="15" type="stmt"/>
        <line num="19" count="8" type="stmt"/>
        <line num="20" count="3" type="stmt"/>
        <line num="21" count="0" type="stmt"/>
        <line num="25" count="7" type="stmt"/>
      </file>
      <file name="redis.js" path="C:\Users\ayush\OneDrive\Desktop\Acadeno\lms\acadeno-lms\temp_friend_repo\lms_backend\src\utils\redis.js">
        <metrics statements="12" coveredstatements="7" conditionals="2" coveredconditionals="0" methods="3" coveredmethods="1"/>
        <line num="1" count="7" type="stmt"/>
        <line num="2" count="7" type="stmt"/>
        <line num="4" count="7" type="stmt"/>
        <line num="6" count="0" type="cond" truecount="0" falsecount="2"/>
        <line num="7" count="0" type="stmt"/>
        <line num="8" count="0" type="stmt"/>
        <line num="10" count="0" type="stmt"/>
        <line num="14" count="7" type="stmt"/>
        <line num="15" count="7" type="stmt"/>
        <line num="18" count="7" type="stmt"/>
        <line num="19" count="0" type="stmt"/>
        <line num="22" count="7" type="stmt"/>
      </file>
    </package>
  </project>
</coverage>
