{"C:\\Users\\ayush\\OneDrive\\Desktop\\Acadeno\\lms\\acadeno-lms\\temp_friend_repo\\lms_backend\\src\\config\\permissions.js": {"path":"C:\\Users\\ayush\\OneDrive\\Desktop\\Acadeno\\lms\\acadeno-lms\\temp_friend_repo\\lms_backend\\src\\config\\permissions.js","statementMap":{"0":{"start":{"line":11,"column":23},"end":{"line":17,"column":1}},"1":{"start":{"line":20,"column":20},"end":{"line":37,"column":1}},"2":{"start":{"line":39,"column":0},"end":{"line":39,"column":49}}},"fnMap":{},"branchMap":{},"s":{"0":7,"1":7,"2":7},"f":{},"b":{},"_coverageSchema":"1a1c01bbd47fc00a2c39e90264f33305004495a9","hash":"ba174248604e01266661e862103cc8098836481c"}
,"C:\\Users\\ayush\\OneDrive\\Desktop\\Acadeno\\lms\\acadeno-lms\\temp_friend_repo\\lms_backend\\src\\controllers\\authController.js": {"path":"C:\\Users\\ayush\\OneDrive\\Desktop\\Acadeno\\lms\\acadeno-lms\\temp_friend_repo\\lms_backend\\src\\controllers\\authController.js","statementMap":{"0":{"start":{"line":9,"column":15},"end":{"line":9,"column":32}},"1":{"start":{"line":10,"column":15},"end":{"line":10,"column":32}},"2":{"start":{"line":11,"column":17},"end":{"line":11,"column":39}},"3":{"start":{"line":12,"column":48},"end":{"line":12,"column":71}},"4":{"start":{"line":13,"column":43},"end":{"line":13,"column":78}},"5":{"start":{"line":14,"column":14},"end":{"line":14,"column":39}},"6":{"start":{"line":19,"column":28},"end":{"line":19,"column":29}},"7":{"start":{"line":20,"column":28},"end":{"line":20,"column":30}},"8":{"start":{"line":21,"column":28},"end":{"line":21,"column":30}},"9":{"start":{"line":24,"column":30},"end":{"line":24,"column":33}},"10":{"start":{"line":25,"column":30},"end":{"line":25,"column":33}},"11":{"start":{"line":26,"column":30},"end":{"line":26,"column":31}},"12":{"start":{"line":27,"column":30},"end":{"line":27,"column":33}},"13":{"start":{"line":34,"column":23},"end":{"line":34,"column":92}},"14":{"start":{"line":37,"column":31},"end":{"line":43,"column":1}},"15":{"start":{"line":52,"column":15},"end":{"line":52,"column":51}},"16":{"start":{"line":53,"column":15},"end":{"line":53,"column":51}},"17":{"start":{"line":54,"column":2},"end":{"line":57,"column":19}},"18":{"start":{"line":69,"column":2},"end":{"line":76,"column":4}},"19":{"start":{"line":79,"column":40},"end":{"line":79,"column":60}},"20":{"start":{"line":82,"column":20},"end":{"line":85,"column":18}},"21":{"start":{"line":87,"column":28},"end":{"line":87,"column":57}},"22":{"start":{"line":90,"column":27},"end":{"line":90,"column":81}},"23":{"start":{"line":91,"column":20},"end":{"line":91,"column":66}},"24":{"start":{"line":94,"column":2},"end":{"line":98,"column":4}},"25":{"start":{"line":101,"column":2},"end":{"line":106,"column":4}},"26":{"start":{"line":109,"column":2},"end":{"line":109,"column":67}},"27":{"start":{"line":112,"column":2},"end":{"line":119,"column":5}},"28":{"start":{"line":126,"column":17},"end":{"line":126,"column":37}},"29":{"start":{"line":128,"column":2},"end":{"line":128,"column":89}},"30":{"start":{"line":130,"column":2},"end":{"line":274,"column":3}},"31":{"start":{"line":131,"column":32},"end":{"line":131,"column":40}},"32":{"start":{"line":134,"column":4},"end":{"line":139,"column":5}},"33":{"start":{"line":135,"column":6},"end":{"line":138,"column":9}},"34":{"start":{"line":141,"column":23},"end":{"line":141,"column":51}},"35":{"start":{"line":142,"column":4},"end":{"line":147,"column":5}},"36":{"start":{"line":143,"column":6},"end":{"line":146,"column":9}},"37":{"start":{"line":150,"column":23},"end":{"line":156,"column":5}},"38":{"start":{"line":158,"column":4},"end":{"line":160,"column":5}},"39":{"start":{"line":159,"column":6},"end":{"line":159,"column":68}},"40":{"start":{"line":162,"column":17},"end":{"line":162,"column":35}},"41":{"start":{"line":165,"column":4},"end":{"line":167,"column":5}},"42":{"start":{"line":166,"column":6},"end":{"line":166,"column":68}},"43":{"start":{"line":170,"column":4},"end":{"line":175,"column":5}},"44":{"start":{"line":171,"column":6},"end":{"line":174,"column":9}},"45":{"start":{"line":178,"column":26},"end":{"line":178,"column":76}},"46":{"start":{"line":180,"column":4},"end":{"line":219,"column":5}},"47":{"start":{"line":182,"column":29},"end":{"line":182,"column":63}},"48":{"start":{"line":185,"column":6},"end":{"line":207,"column":7}},"49":{"start":{"line":186,"column":27},"end":{"line":194,"column":9}},"50":{"start":{"line":196,"column":28},"end":{"line":196,"column":59}},"51":{"start":{"line":199,"column":8},"end":{"line":201,"column":11}},"52":{"start":{"line":200,"column":10},"end":{"line":200,"column":70}},"53":{"start":{"line":203,"column":8},"end":{"line":206,"column":11}},"54":{"start":{"line":210,"column":6},"end":{"line":216,"column":8}},"55":{"start":{"line":218,"column":6},"end":{"line":218,"column":68}},"56":{"start":{"line":224,"column":30},"end":{"line":224,"column":59}},"57":{"start":{"line":226,"column":4},"end":{"line":264,"column":5}},"58":{"start":{"line":228,"column":28},"end":{"line":232,"column":7}},"59":{"start":{"line":234,"column":6},"end":{"line":261,"column":7}},"60":{"start":{"line":237,"column":8},"end":{"line":244,"column":10}},"61":{"start":{"line":248,"column":23},"end":{"line":248,"column":92}},"62":{"start":{"line":249,"column":23},"end":{"line":249,"column":43}},"63":{"start":{"line":250,"column":8},"end":{"line":250,"column":67}},"64":{"start":{"line":253,"column":8},"end":{"line":255,"column":11}},"65":{"start":{"line":254,"column":10},"end":{"line":254,"column":70}},"66":{"start":{"line":257,"column":8},"end":{"line":260,"column":11}},"67":{"start":{"line":267,"column":4},"end":{"line":267,"column":63}},"68":{"start":{"line":270,"column":4},"end":{"line":270,"column":47}},"69":{"start":{"line":271,"column":4},"end":{"line":271,"column":68}},"70":{"start":{"line":273,"column":4},"end":{"line":273,"column":21}},"71":{"start":{"line":289,"column":17},"end":{"line":289,"column":37}},"72":{"start":{"line":291,"column":2},"end":{"line":291,"column":89}},"73":{"start":{"line":294,"column":2},"end":{"line":428,"column":3}},"74":{"start":{"line":296,"column":21},"end":{"line":296,"column":46}},"75":{"start":{"line":298,"column":4},"end":{"line":303,"column":5}},"76":{"start":{"line":299,"column":6},"end":{"line":302,"column":9}},"77":{"start":{"line":306,"column":22},"end":{"line":309,"column":20}},"78":{"start":{"line":311,"column":24},"end":{"line":316,"column":5}},"79":{"start":{"line":319,"column":4},"end":{"line":325,"column":5}},"80":{"start":{"line":320,"column":6},"end":{"line":320,"column":57}},"81":{"start":{"line":321,"column":6},"end":{"line":324,"column":9}},"82":{"start":{"line":327,"column":24},"end":{"line":327,"column":43}},"83":{"start":{"line":332,"column":4},"end":{"line":346,"column":5}},"84":{"start":{"line":333,"column":6},"end":{"line":339,"column":8}},"85":{"start":{"line":341,"column":6},"end":{"line":341,"column":57}},"86":{"start":{"line":342,"column":6},"end":{"line":345,"column":9}},"87":{"start":{"line":349,"column":4},"end":{"line":363,"column":5}},"88":{"start":{"line":351,"column":6},"end":{"line":356,"column":8}},"89":{"start":{"line":358,"column":6},"end":{"line":358,"column":57}},"90":{"start":{"line":359,"column":6},"end":{"line":362,"column":9}},"91":{"start":{"line":368,"column":4},"end":{"line":373,"column":6}},"92":{"start":{"line":376,"column":23},"end":{"line":381,"column":5}},"93":{"start":{"line":383,"column":4},"end":{"line":389,"column":5}},"94":{"start":{"line":384,"column":6},"end":{"line":384,"column":57}},"95":{"start":{"line":385,"column":6},"end":{"line":388,"column":9}},"96":{"start":{"line":391,"column":17},"end":{"line":391,"column":35}},"97":{"start":{"line":394,"column":59},"end":{"line":394,"column":79}},"98":{"start":{"line":397,"column":25},"end":{"line":400,"column":20}},"99":{"start":{"line":402,"column":30},"end":{"line":402,"column":68}},"100":{"start":{"line":403,"column":29},"end":{"line":403,"column":83}},"101":{"start":{"line":404,"column":22},"end":{"line":404,"column":68}},"102":{"start":{"line":406,"column":4},"end":{"line":410,"column":6}},"103":{"start":{"line":413,"column":4},"end":{"line":413,"column":72}},"104":{"start":{"line":415,"column":4},"end":{"line":422,"column":7}},"105":{"start":{"line":424,"column":4},"end":{"line":424,"column":49}},"106":{"start":{"line":425,"column":4},"end":{"line":425,"column":68}},"107":{"start":{"line":427,"column":4},"end":{"line":427,"column":21}},"108":{"start":{"line":437,"column":17},"end":{"line":437,"column":37}},"109":{"start":{"line":439,"column":2},"end":{"line":439,"column":89}},"110":{"start":{"line":442,"column":2},"end":{"line":470,"column":3}},"111":{"start":{"line":443,"column":21},"end":{"line":443,"column":46}},"112":{"start":{"line":445,"column":4},"end":{"line":459,"column":5}},"113":{"start":{"line":446,"column":24},"end":{"line":449,"column":22}},"114":{"start":{"line":452,"column":6},"end":{"line":458,"column":8}},"115":{"start":{"line":462,"column":4},"end":{"line":462,"column":55}},"116":{"start":{"line":464,"column":4},"end":{"line":464,"column":72}},"117":{"start":{"line":466,"column":4},"end":{"line":466,"column":48}},"118":{"start":{"line":467,"column":4},"end":{"line":467,"column":68}},"119":{"start":{"line":469,"column":4},"end":{"line":469,"column":21}},"120":{"start":{"line":481,"column":17},"end":{"line":481,"column":37}},"121":{"start":{"line":483,"column":2},"end":{"line":483,"column":89}},"122":{"start":{"line":486,"column":2},"end":{"line":550,"column":3}},"123":{"start":{"line":487,"column":22},"end":{"line":487,"column":30}},"124":{"start":{"line":489,"column":4},"end":{"line":494,"column":5}},"125":{"start":{"line":490,"column":6},"end":{"line":493,"column":9}},"126":{"start":{"line":496,"column":28},"end":{"line":496,"column":54}},"127":{"start":{"line":499,"column":25},"end":{"line":499,"column":59}},"128":{"start":{"line":500,"column":25},"end":{"line":500,"column":54}},"129":{"start":{"line":502,"column":4},"end":{"line":507,"column":5}},"130":{"start":{"line":503,"column":6},"end":{"line":506,"column":9}},"131":{"start":{"line":510,"column":27},"end":{"line":510,"column":72}},"132":{"start":{"line":513,"column":23},"end":{"line":516,"column":5}},"133":{"start":{"line":518,"column":4},"end":{"line":521,"column":5}},"134":{"start":{"line":520,"column":6},"end":{"line":520,"column":63}},"135":{"start":{"line":523,"column":17},"end":{"line":523,"column":35}},"136":{"start":{"line":526,"column":16},"end":{"line":526,"column":85}},"137":{"start":{"line":529,"column":19},"end":{"line":529,"column":41}},"138":{"start":{"line":530,"column":4},"end":{"line":530,"column":56}},"139":{"start":{"line":533,"column":21},"end":{"line":533,"column":51}},"140":{"start":{"line":534,"column":4},"end":{"line":537,"column":5}},"141":{"start":{"line":536,"column":6},"end":{"line":536,"column":62}},"142":{"start":{"line":540,"column":4},"end":{"line":542,"column":7}},"143":{"start":{"line":541,"column":6},"end":{"line":541,"column":62}},"144":{"start":{"line":544,"column":4},"end":{"line":544,"column":61}},"145":{"start":{"line":546,"column":4},"end":{"line":546,"column":57}},"146":{"start":{"line":547,"column":4},"end":{"line":547,"column":68}},"147":{"start":{"line":549,"column":4},"end":{"line":549,"column":21}},"148":{"start":{"line":560,"column":17},"end":{"line":560,"column":37}},"149":{"start":{"line":562,"column":2},"end":{"line":562,"column":89}},"150":{"start":{"line":565,"column":2},"end":{"line":650,"column":3}},"151":{"start":{"line":566,"column":40},"end":{"line":566,"column":48}},"152":{"start":{"line":569,"column":4},"end":{"line":574,"column":5}},"153":{"start":{"line":570,"column":6},"end":{"line":573,"column":9}},"154":{"start":{"line":577,"column":4},"end":{"line":582,"column":5}},"155":{"start":{"line":578,"column":6},"end":{"line":581,"column":9}},"156":{"start":{"line":584,"column":28},"end":{"line":584,"column":54}},"157":{"start":{"line":587,"column":23},"end":{"line":590,"column":5}},"158":{"start":{"line":592,"column":4},"end":{"line":595,"column":5}},"159":{"start":{"line":594,"column":6},"end":{"line":594,"column":60}},"160":{"start":{"line":597,"column":17},"end":{"line":597,"column":35}},"161":{"start":{"line":600,"column":19},"end":{"line":600,"column":41}},"162":{"start":{"line":601,"column":22},"end":{"line":601,"column":45}},"163":{"start":{"line":603,"column":4},"end":{"line":608,"column":5}},"164":{"start":{"line":604,"column":6},"end":{"line":607,"column":9}},"165":{"start":{"line":610,"column":4},"end":{"line":615,"column":5}},"166":{"start":{"line":611,"column":6},"end":{"line":614,"column":9}},"167":{"start":{"line":618,"column":25},"end":{"line":618,"column":70}},"168":{"start":{"line":620,"column":4},"end":{"line":628,"column":6}},"169":{"start":{"line":631,"column":4},"end":{"line":631,"column":28}},"170":{"start":{"line":634,"column":4},"end":{"line":640,"column":6}},"171":{"start":{"line":642,"column":4},"end":{"line":644,"column":7}},"172":{"start":{"line":646,"column":4},"end":{"line":646,"column":56}},"173":{"start":{"line":647,"column":4},"end":{"line":647,"column":68}},"174":{"start":{"line":649,"column":4},"end":{"line":649,"column":21}},"175":{"start":{"line":660,"column":17},"end":{"line":660,"column":37}},"176":{"start":{"line":662,"column":2},"end":{"line":662,"column":89}},"177":{"start":{"line":665,"column":2},"end":{"line":737,"column":3}},"178":{"start":{"line":666,"column":41},"end":{"line":666,"column":49}},"179":{"start":{"line":669,"column":4},"end":{"line":674,"column":5}},"180":{"start":{"line":670,"column":6},"end":{"line":673,"column":9}},"181":{"start":{"line":676,"column":28},"end":{"line":676,"column":54}},"182":{"start":{"line":679,"column":23},"end":{"line":684,"column":5}},"183":{"start":{"line":686,"column":4},"end":{"line":691,"column":5}},"184":{"start":{"line":687,"column":6},"end":{"line":690,"column":9}},"185":{"start":{"line":693,"column":17},"end":{"line":693,"column":35}},"186":{"start":{"line":696,"column":21},"end":{"line":696,"column":41}},"187":{"start":{"line":697,"column":22},"end":{"line":697,"column":45}},"188":{"start":{"line":699,"column":4},"end":{"line":704,"column":5}},"189":{"start":{"line":700,"column":6},"end":{"line":703,"column":9}},"190":{"start":{"line":706,"column":4},"end":{"line":711,"column":5}},"191":{"start":{"line":707,"column":6},"end":{"line":710,"column":9}},"192":{"start":{"line":714,"column":4},"end":{"line":714,"column":28}},"193":{"start":{"line":717,"column":4},"end":{"line":728,"column":5}},"194":{"start":{"line":718,"column":32},"end":{"line":718,"column":61}},"195":{"start":{"line":721,"column":6},"end":{"line":727,"column":8}},"196":{"start":{"line":731,"column":4},"end":{"line":731,"column":63}},"197":{"start":{"line":733,"column":4},"end":{"line":733,"column":52}},"198":{"start":{"line":734,"column":4},"end":{"line":734,"column":68}},"199":{"start":{"line":736,"column":4},"end":{"line":736,"column":21}},"200":{"start":{"line":749,"column":17},"end":{"line":749,"column":37}},"201":{"start":{"line":751,"column":2},"end":{"line":751,"column":66}},"202":{"start":{"line":754,"column":2},"end":{"line":775,"column":3}},"203":{"start":{"line":756,"column":19},"end":{"line":756,"column":35}},"204":{"start":{"line":758,"column":19},"end":{"line":763,"column":5}},"205":{"start":{"line":765,"column":4},"end":{"line":767,"column":5}},"206":{"start":{"line":766,"column":6},"end":{"line":766,"column":75}},"207":{"start":{"line":769,"column":4},"end":{"line":769,"column":48}},"208":{"start":{"line":771,"column":4},"end":{"line":771,"column":47}},"209":{"start":{"line":772,"column":4},"end":{"line":772,"column":68}},"210":{"start":{"line":774,"column":4},"end":{"line":774,"column":21}},"211":{"start":{"line":786,"column":2},"end":{"line":821,"column":3}},"212":{"start":{"line":787,"column":22},"end":{"line":787,"column":30}},"213":{"start":{"line":789,"column":4},"end":{"line":791,"column":5}},"214":{"start":{"line":790,"column":6},"end":{"line":790,"column":66}},"215":{"start":{"line":794,"column":16},"end":{"line":794,"column":54}},"216":{"start":{"line":796,"column":4},"end":{"line":801,"column":5}},"217":{"start":{"line":797,"column":6},"end":{"line":800,"column":9}},"218":{"start":{"line":803,"column":23},"end":{"line":803,"column":38}},"219":{"start":{"line":806,"column":24},"end":{"line":811,"column":6}},"220":{"start":{"line":813,"column":4},"end":{"line":817,"column":7}},"221":{"start":{"line":819,"column":4},"end":{"line":819,"column":67}},"222":{"start":{"line":820,"column":4},"end":{"line":820,"column":68}},"223":{"start":{"line":824,"column":0},"end":{"line":824,"column":120}}},"fnMap":{"0":{"name":"computeDeviceFingerprint","decl":{"start":{"line":51,"column":9},"end":{"line":51,"column":33}},"loc":{"start":{"line":51,"column":39},"end":{"line":58,"column":1}},"line":51},"1":{"name":"issueTokensAndRespond","decl":{"start":{"line":67,"column":15},"end":{"line":67,"column":36}},"loc":{"start":{"line":67,"column":61},"end":{"line":120,"column":1}},"line":67},"2":{"name":"login","decl":{"start":{"line":125,"column":15},"end":{"line":125,"column":20}},"loc":{"start":{"line":125,"column":31},"end":{"line":275,"column":1}},"line":125},"3":{"name":"(anonymous_3)","decl":{"start":{"line":199,"column":56},"end":{"line":199,"column":57}},"loc":{"start":{"line":199,"column":65},"end":{"line":201,"column":9}},"line":199},"4":{"name":"(anonymous_4)","decl":{"start":{"line":253,"column":54},"end":{"line":253,"column":55}},"loc":{"start":{"line":253,"column":63},"end":{"line":255,"column":9}},"line":253},"5":{"name":"refresh","decl":{"start":{"line":288,"column":15},"end":{"line":288,"column":22}},"loc":{"start":{"line":288,"column":33},"end":{"line":429,"column":1}},"line":288},"6":{"name":"logout","decl":{"start":{"line":436,"column":15},"end":{"line":436,"column":21}},"loc":{"start":{"line":436,"column":32},"end":{"line":471,"column":1}},"line":436},"7":{"name":"forgotPassword","decl":{"start":{"line":480,"column":15},"end":{"line":480,"column":29}},"loc":{"start":{"line":480,"column":40},"end":{"line":551,"column":1}},"line":480},"8":{"name":"(anonymous_8)","decl":{"start":{"line":540,"column":49},"end":{"line":540,"column":50}},"loc":{"start":{"line":540,"column":58},"end":{"line":542,"column":5}},"line":540},"9":{"name":"resetPassword","decl":{"start":{"line":559,"column":15},"end":{"line":559,"column":28}},"loc":{"start":{"line":559,"column":39},"end":{"line":651,"column":1}},"line":559},"10":{"name":"verifyMfa","decl":{"start":{"line":659,"column":15},"end":{"line":659,"column":24}},"loc":{"start":{"line":659,"column":35},"end":{"line":738,"column":1}},"line":659},"11":{"name":"getMe","decl":{"start":{"line":748,"column":15},"end":{"line":748,"column":20}},"loc":{"start":{"line":748,"column":31},"end":{"line":776,"column":1}},"line":748},"12":{"name":"validateRegistrationToken","decl":{"start":{"line":785,"column":15},"end":{"line":785,"column":40}},"loc":{"start":{"line":785,"column":51},"end":{"line":822,"column":1}},"line":785}},"branchMap":{"0":{"loc":{"start":{"line":42,"column":13},"end":{"line":42,"column":53}},"type":"binary-expr","locations":[{"start":{"line":42,"column":13},"end":{"line":42,"column":43}},{"start":{"line":42,"column":47},"end":{"line":42,"column":53}}],"line":42},"1":{"loc":{"start":{"line":52,"column":15},"end":{"line":52,"column":51}},"type":"binary-expr","locations":[{"start":{"line":52,"column":15},"end":{"line":52,"column":40}},{"start":{"line":52,"column":49},"end":{"line":52,"column":51}}],"line":52},"2":{"loc":{"start":{"line":53,"column":15},"end":{"line":53,"column":51}},"type":"binary-expr","locations":[{"start":{"line":53,"column":15},"end":{"line":53,"column":45}},{"start":{"line":53,"column":49},"end":{"line":53,"column":51}}],"line":53},"3":{"loc":{"start":{"line":90,"column":27},"end":{"line":90,"column":81}},"type":"binary-expr","locations":[{"start":{"line":90,"column":27},"end":{"line":90,"column":71}},{"start":{"line":90,"column":75},"end":{"line":90,"column":81}}],"line":90},"4":{"loc":{"start":{"line":134,"column":4},"end":{"line":139,"column":5}},"type":"if","locations":[{"start":{"line":134,"column":4},"end":{"line":139,"column":5}},{"start":{},"end":{}}],"line":134},"5":{"loc":{"start":{"line":134,"column":8},"end":{"line":134,"column":27}},"type":"binary-expr","locations":[{"start":{"line":134,"column":8},"end":{"line":134,"column":14}},{"start":{"line":134,"column":18},"end":{"line":134,"column":27}}],"line":134},"6":{"loc":{"start":{"line":142,"column":4},"end":{"line":147,"column":5}},"type":"if","locations":[{"start":{"line":142,"column":4},"end":{"line":147,"column":5}},{"start":{},"end":{}}],"line":142},"7":{"loc":{"start":{"line":158,"column":4},"end":{"line":160,"column":5}},"type":"if","locations":[{"start":{"line":158,"column":4},"end":{"line":160,"column":5}},{"start":{},"end":{}}],"line":158},"8":{"loc":{"start":{"line":165,"column":4},"end":{"line":167,"column":5}},"type":"if","locations":[{"start":{"line":165,"column":4},"end":{"line":167,"column":5}},{"start":{},"end":{}}],"line":165},"9":{"loc":{"start":{"line":170,"column":4},"end":{"line":175,"column":5}},"type":"if","locations":[{"start":{"line":170,"column":4},"end":{"line":175,"column":5}},{"start":{},"end":{}}],"line":170},"10":{"loc":{"start":{"line":170,"column":8},"end":{"line":170,"column":69}},"type":"binary-expr","locations":[{"start":{"line":170,"column":8},"end":{"line":170,"column":25}},{"start":{"line":170,"column":29},"end":{"line":170,"column":69}}],"line":170},"11":{"loc":{"start":{"line":180,"column":4},"end":{"line":219,"column":5}},"type":"if","locations":[{"start":{"line":180,"column":4},"end":{"line":219,"column":5}},{"start":{},"end":{}}],"line":180},"12":{"loc":{"start":{"line":182,"column":30},"end":{"line":182,"column":58}},"type":"binary-expr","locations":[{"start":{"line":182,"column":30},"end":{"line":182,"column":53}},{"start":{"line":182,"column":57},"end":{"line":182,"column":58}}],"line":182},"13":{"loc":{"start":{"line":185,"column":6},"end":{"line":207,"column":7}},"type":"if","locations":[{"start":{"line":185,"column":6},"end":{"line":207,"column":7}},{"start":{},"end":{}}],"line":185},"14":{"loc":{"start":{"line":226,"column":4},"end":{"line":264,"column":5}},"type":"if","locations":[{"start":{"line":226,"column":4},"end":{"line":264,"column":5}},{"start":{},"end":{}}],"line":226},"15":{"loc":{"start":{"line":234,"column":6},"end":{"line":261,"column":7}},"type":"if","locations":[{"start":{"line":234,"column":6},"end":{"line":261,"column":7}},{"start":{},"end":{}}],"line":234},"16":{"loc":{"start":{"line":298,"column":4},"end":{"line":303,"column":5}},"type":"if","locations":[{"start":{"line":298,"column":4},"end":{"line":303,"column":5}},{"start":{},"end":{}}],"line":298},"17":{"loc":{"start":{"line":319,"column":4},"end":{"line":325,"column":5}},"type":"if","locations":[{"start":{"line":319,"column":4},"end":{"line":325,"column":5}},{"start":{},"end":{}}],"line":319},"18":{"loc":{"start":{"line":332,"column":4},"end":{"line":346,"column":5}},"type":"if","locations":[{"start":{"line":332,"column":4},"end":{"line":346,"column":5}},{"start":{},"end":{}}],"line":332},"19":{"loc":{"start":{"line":349,"column":4},"end":{"line":363,"column":5}},"type":"if","locations":[{"start":{"line":349,"column":4},"end":{"line":363,"column":5}},{"start":{},"end":{}}],"line":349},"20":{"loc":{"start":{"line":383,"column":4},"end":{"line":389,"column":5}},"type":"if","locations":[{"start":{"line":383,"column":4},"end":{"line":389,"column":5}},{"start":{},"end":{}}],"line":383},"21":{"loc":{"start":{"line":402,"column":30},"end":{"line":402,"column":68}},"type":"binary-expr","locations":[{"start":{"line":402,"column":30},"end":{"line":402,"column":55}},{"start":{"line":402,"column":59},"end":{"line":402,"column":68}}],"line":402},"22":{"loc":{"start":{"line":403,"column":29},"end":{"line":403,"column":83}},"type":"binary-expr","locations":[{"start":{"line":403,"column":29},"end":{"line":403,"column":73}},{"start":{"line":403,"column":77},"end":{"line":403,"column":83}}],"line":403},"23":{"loc":{"start":{"line":445,"column":4},"end":{"line":459,"column":5}},"type":"if","locations":[{"start":{"line":445,"column":4},"end":{"line":459,"column":5}},{"start":{},"end":{}}],"line":445},"24":{"loc":{"start":{"line":489,"column":4},"end":{"line":494,"column":5}},"type":"if","locations":[{"start":{"line":489,"column":4},"end":{"line":494,"column":5}},{"start":{},"end":{}}],"line":489},"25":{"loc":{"start":{"line":502,"column":4},"end":{"line":507,"column":5}},"type":"if","locations":[{"start":{"line":502,"column":4},"end":{"line":507,"column":5}},{"start":{},"end":{}}],"line":502},"26":{"loc":{"start":{"line":502,"column":8},"end":{"line":502,"column":68}},"type":"binary-expr","locations":[{"start":{"line":502,"column":8},"end":{"line":502,"column":20}},{"start":{"line":502,"column":24},"end":{"line":502,"column":68}}],"line":502},"27":{"loc":{"start":{"line":518,"column":4},"end":{"line":521,"column":5}},"type":"if","locations":[{"start":{"line":518,"column":4},"end":{"line":521,"column":5}},{"start":{},"end":{}}],"line":518},"28":{"loc":{"start":{"line":534,"column":4},"end":{"line":537,"column":5}},"type":"if","locations":[{"start":{"line":534,"column":4},"end":{"line":537,"column":5}},{"start":{},"end":{}}],"line":534},"29":{"loc":{"start":{"line":569,"column":4},"end":{"line":574,"column":5}},"type":"if","locations":[{"start":{"line":569,"column":4},"end":{"line":574,"column":5}},{"start":{},"end":{}}],"line":569},"30":{"loc":{"start":{"line":569,"column":8},"end":{"line":569,"column":38}},"type":"binary-expr","locations":[{"start":{"line":569,"column":8},"end":{"line":569,"column":14}},{"start":{"line":569,"column":18},"end":{"line":569,"column":22}},{"start":{"line":569,"column":26},"end":{"line":569,"column":38}}],"line":569},"31":{"loc":{"start":{"line":577,"column":4},"end":{"line":582,"column":5}},"type":"if","locations":[{"start":{"line":577,"column":4},"end":{"line":582,"column":5}},{"start":{},"end":{}}],"line":577},"32":{"loc":{"start":{"line":592,"column":4},"end":{"line":595,"column":5}},"type":"if","locations":[{"start":{"line":592,"column":4},"end":{"line":595,"column":5}},{"start":{},"end":{}}],"line":592},"33":{"loc":{"start":{"line":603,"column":4},"end":{"line":608,"column":5}},"type":"if","locations":[{"start":{"line":603,"column":4},"end":{"line":608,"column":5}},{"start":{},"end":{}}],"line":603},"34":{"loc":{"start":{"line":610,"column":4},"end":{"line":615,"column":5}},"type":"if","locations":[{"start":{"line":610,"column":4},"end":{"line":615,"column":5}},{"start":{},"end":{}}],"line":610},"35":{"loc":{"start":{"line":669,"column":4},"end":{"line":674,"column":5}},"type":"if","locations":[{"start":{"line":669,"column":4},"end":{"line":674,"column":5}},{"start":{},"end":{}}],"line":669},"36":{"loc":{"start":{"line":669,"column":8},"end":{"line":669,"column":22}},"type":"binary-expr","locations":[{"start":{"line":669,"column":8},"end":{"line":669,"column":14}},{"start":{"line":669,"column":18},"end":{"line":669,"column":22}}],"line":669},"37":{"loc":{"start":{"line":686,"column":4},"end":{"line":691,"column":5}},"type":"if","locations":[{"start":{"line":686,"column":4},"end":{"line":691,"column":5}},{"start":{},"end":{}}],"line":686},"38":{"loc":{"start":{"line":699,"column":4},"end":{"line":704,"column":5}},"type":"if","locations":[{"start":{"line":699,"column":4},"end":{"line":704,"column":5}},{"start":{},"end":{}}],"line":699},"39":{"loc":{"start":{"line":706,"column":4},"end":{"line":711,"column":5}},"type":"if","locations":[{"start":{"line":706,"column":4},"end":{"line":711,"column":5}},{"start":{},"end":{}}],"line":706},"40":{"loc":{"start":{"line":717,"column":4},"end":{"line":728,"column":5}},"type":"if","locations":[{"start":{"line":717,"column":4},"end":{"line":728,"column":5}},{"start":{},"end":{}}],"line":717},"41":{"loc":{"start":{"line":765,"column":4},"end":{"line":767,"column":5}},"type":"if","locations":[{"start":{"line":765,"column":4},"end":{"line":767,"column":5}},{"start":{},"end":{}}],"line":765},"42":{"loc":{"start":{"line":789,"column":4},"end":{"line":791,"column":5}},"type":"if","locations":[{"start":{"line":789,"column":4},"end":{"line":791,"column":5}},{"start":{},"end":{}}],"line":789},"43":{"loc":{"start":{"line":796,"column":4},"end":{"line":801,"column":5}},"type":"if","locations":[{"start":{"line":796,"column":4},"end":{"line":801,"column":5}},{"start":{},"end":{}}],"line":796}},"s":{"0":3,"1":3,"2":3,"3":3,"4":3,"5":3,"6":3,"7":3,"8":3,"9":3,"10":3,"11":3,"12":3,"13":3,"14":3,"15":19,"16":19,"17":19,"18":9,"19":9,"20":9,"21":9,"22":9,"23":9,"24":9,"25":9,"26":9,"27":9,"28":19,"29":19,"30":19,"31":19,"32":19,"33":2,"34":17,"35":17,"36":1,"37":16,"38":16,"39":1,"40":14,"41":14,"42":1,"43":13,"44":1,"45":12,"46":12,"47":3,"48":3,"49":1,"50":1,"51":1,"52":0,"53":1,"54":2,"55":2,"56":9,"57":9,"58":4,"59":4,"60":3,"61":3,"62":3,"63":3,"64":3,"65":0,"66":3,"67":6,"68":1,"69":1,"70":19,"71":0,"72":0,"73":0,"74":0,"75":0,"76":0,"77":0,"78":0,"79":0,"80":0,"81":0,"82":0,"83":0,"84":0,"85":0,"86":0,"87":0,"88":0,"89":0,"90":0,"91":0,"92":0,"93":0,"94":0,"95":0,"96":0,"97":0,"98":0,"99":0,"100":0,"101":0,"102":0,"103":0,"104":0,"105":0,"106":0,"107":0,"108":0,"109":0,"110":0,"111":0,"112":0,"113":0,"114":0,"115":0,"116":0,"117":0,"118":0,"119":0,"120":7,"121":7,"122":7,"123":7,"124":7,"125":1,"126":6,"127":6,"128":6,"129":5,"130":1,"131":4,"132":4,"133":4,"134":1,"135":3,"136":3,"137":3,"138":3,"139":3,"140":3,"141":2,"142":3,"143":0,"144":3,"145":1,"146":1,"147":7,"148":13,"149":13,"150":13,"151":13,"152":13,"153":3,"154":10,"155":4,"156":6,"157":6,"158":5,"159":1,"160":4,"161":4,"162":4,"163":4,"164":1,"165":3,"166":1,"167":2,"168":2,"169":2,"170":2,"171":2,"172":1,"173":1,"174":13,"175":10,"176":10,"177":10,"178":10,"179":10,"180":3,"181":7,"182":7,"183":6,"184":1,"185":5,"186":5,"187":5,"188":5,"189":1,"190":4,"191":1,"192":3,"193":3,"194":1,"195":1,"196":3,"197":1,"198":1,"199":10,"200":0,"201":0,"202":0,"203":0,"204":0,"205":0,"206":0,"207":0,"208":0,"209":0,"210":0,"211":0,"212":0,"213":0,"214":0,"215":0,"216":0,"217":0,"218":0,"219":0,"220":0,"221":0,"222":0,"223":3},"f":{"0":19,"1":9,"2":19,"3":0,"4":0,"5":0,"6":0,"7":7,"8":0,"9":13,"10":10,"11":0,"12":0},"b":{"0":[3,3],"1":[19,7],"2":[19,19],"3":[9,9],"4":[2,17],"5":[19,18],"6":[1,16],"7":[1,14],"8":[1,13],"9":[1,12],"10":[13,2],"11":[3,9],"12":[3,0],"13":[1,2],"14":[4,5],"15":[3,1],"16":[0,0],"17":[0,0],"18":[0,0],"19":[0,0],"20":[0,0],"21":[0,0],"22":[0,0],"23":[0,0],"24":[1,6],"25":[1,4],"26":[5,2],"27":[1,3],"28":[2,1],"29":[3,10],"30":[13,12,11],"31":[4,6],"32":[1,4],"33":[1,3],"34":[1,2],"35":[3,7],"36":[10,8],"37":[1,5],"38":[1,4],"39":[1,3],"40":[1,2],"41":[0,0],"42":[0,0],"43":[0,0]},"_coverageSchema":"1a1c01bbd47fc00a2c39e90264f33305004495a9","hash":"2326f7b77459bb3934654ea2806d620f45f4ad77"}
,"C:\\Users\\ayush\\OneDrive\\Desktop\\Acadeno\\lms\\acadeno-lms\\temp_friend_repo\\lms_backend\\src\\controllers\\leadController.js": {"path":"C:\\Users\\ayush\\OneDrive\\Desktop\\Acadeno\\lms\\acadeno-lms\\temp_friend_repo\\lms_backend\\src\\controllers\\leadController.js","statementMap":{"0":{"start":{"line":5,"column":15},"end":{"line":5,"column":32}},"1":{"start":{"line":6,"column":17},"end":{"line":6,"column":39}},"2":{"start":{"line":7,"column":14},"end":{"line":7,"column":39}},"3":{"start":{"line":8,"column":21},"end":{"line":8,"column":50}},"4":{"start":{"line":9,"column":40},"end":{"line":9,"column":75}},"5":{"start":{"line":12,"column":33},"end":{"line":12,"column":49}},"6":{"start":{"line":18,"column":17},"end":{"line":18,"column":37}},"7":{"start":{"line":20,"column":2},"end":{"line":105,"column":3}},"8":{"start":{"line":22,"column":77},"end":{"line":22,"column":85}},"9":{"start":{"line":24,"column":19},"end":{"line":24,"column":21}},"10":{"start":{"line":25,"column":4},"end":{"line":25,"column":57}},"11":{"start":{"line":25,"column":20},"end":{"line":25,"column":57}},"12":{"start":{"line":26,"column":4},"end":{"line":26,"column":49}},"13":{"start":{"line":26,"column":16},"end":{"line":26,"column":49}},"14":{"start":{"line":27,"column":4},"end":{"line":27,"column":49}},"15":{"start":{"line":27,"column":16},"end":{"line":27,"column":49}},"16":{"start":{"line":28,"column":4},"end":{"line":28,"column":69}},"17":{"start":{"line":28,"column":26},"end":{"line":28,"column":69}},"18":{"start":{"line":29,"column":4},"end":{"line":29,"column":61}},"19":{"start":{"line":29,"column":22},"end":{"line":29,"column":61}},"20":{"start":{"line":31,"column":23},"end":{"line":31,"column":51}},"21":{"start":{"line":32,"column":4},"end":{"line":32,"column":78}},"22":{"start":{"line":32,"column":42},"end":{"line":32,"column":78}},"23":{"start":{"line":34,"column":23},"end":{"line":34,"column":33}},"24":{"start":{"line":35,"column":4},"end":{"line":35,"column":81}},"25":{"start":{"line":35,"column":42},"end":{"line":35,"column":81}},"26":{"start":{"line":37,"column":4},"end":{"line":39,"column":5}},"27":{"start":{"line":38,"column":6},"end":{"line":38,"column":83}},"28":{"start":{"line":41,"column":19},"end":{"line":41,"column":35}},"29":{"start":{"line":44,"column":4},"end":{"line":44,"column":94}},"30":{"start":{"line":45,"column":4},"end":{"line":45,"column":103}},"31":{"start":{"line":47,"column":4},"end":{"line":47,"column":32}},"32":{"start":{"line":50,"column":21},"end":{"line":55,"column":5}},"33":{"start":{"line":57,"column":4},"end":{"line":64,"column":5}},"34":{"start":{"line":58,"column":6},"end":{"line":58,"column":37}},"35":{"start":{"line":59,"column":6},"end":{"line":63,"column":9}},"36":{"start":{"line":67,"column":23},"end":{"line":72,"column":5}},"37":{"start":{"line":74,"column":20},"end":{"line":74,"column":38}},"38":{"start":{"line":77,"column":4},"end":{"line":81,"column":6}},"39":{"start":{"line":84,"column":4},"end":{"line":90,"column":5}},"40":{"start":{"line":85,"column":6},"end":{"line":89,"column":8}},"41":{"start":{"line":92,"column":4},"end":{"line":92,"column":33}},"42":{"start":{"line":94,"column":4},"end":{"line":97,"column":7}},"43":{"start":{"line":100,"column":4},"end":{"line":100,"column":35}},"44":{"start":{"line":101,"column":4},"end":{"line":101,"column":53}},"45":{"start":{"line":102,"column":4},"end":{"line":102,"column":68}},"46":{"start":{"line":104,"column":4},"end":{"line":104,"column":21}},"47":{"start":{"line":112,"column":17},"end":{"line":112,"column":37}},"48":{"start":{"line":114,"column":2},"end":{"line":158,"column":3}},"49":{"start":{"line":115,"column":19},"end":{"line":115,"column":29}},"50":{"start":{"line":118,"column":4},"end":{"line":118,"column":104}},"51":{"start":{"line":119,"column":4},"end":{"line":119,"column":103}},"52":{"start":{"line":122,"column":23},"end":{"line":122,"column":84}},"53":{"start":{"line":124,"column":4},"end":{"line":126,"column":5}},"54":{"start":{"line":125,"column":6},"end":{"line":125,"column":106}},"55":{"start":{"line":128,"column":17},"end":{"line":128,"column":35}},"56":{"start":{"line":131,"column":26},"end":{"line":134,"column":5}},"57":{"start":{"line":136,"column":24},"end":{"line":139,"column":5}},"58":{"start":{"line":141,"column":4},"end":{"line":145,"column":7}},"59":{"start":{"line":148,"column":4},"end":{"line":148,"column":50}},"60":{"start":{"line":151,"column":4},"end":{"line":153,"column":5}},"61":{"start":{"line":152,"column":6},"end":{"line":152,"column":72}},"62":{"start":{"line":155,"column":4},"end":{"line":155,"column":68}},"63":{"start":{"line":157,"column":4},"end":{"line":157,"column":21}},"64":{"start":{"line":164,"column":21},"end":{"line":173,"column":1}},"65":{"start":{"line":176,"column":17},"end":{"line":176,"column":37}},"66":{"start":{"line":178,"column":2},"end":{"line":280,"column":3}},"67":{"start":{"line":179,"column":19},"end":{"line":179,"column":29}},"68":{"start":{"line":180,"column":35},"end":{"line":180,"column":43}},"69":{"start":{"line":182,"column":4},"end":{"line":184,"column":5}},"70":{"start":{"line":183,"column":6},"end":{"line":183,"column":77}},"71":{"start":{"line":187,"column":4},"end":{"line":187,"column":104}},"72":{"start":{"line":188,"column":4},"end":{"line":188,"column":103}},"73":{"start":{"line":190,"column":4},"end":{"line":190,"column":32}},"74":{"start":{"line":194,"column":22},"end":{"line":197,"column":5}},"75":{"start":{"line":199,"column":4},"end":{"line":202,"column":5}},"76":{"start":{"line":200,"column":6},"end":{"line":200,"column":37}},"77":{"start":{"line":201,"column":6},"end":{"line":201,"column":79}},"78":{"start":{"line":204,"column":17},"end":{"line":204,"column":34}},"79":{"start":{"line":207,"column":4},"end":{"line":213,"column":5}},"80":{"start":{"line":208,"column":6},"end":{"line":208,"column":37}},"81":{"start":{"line":209,"column":6},"end":{"line":212,"column":9}},"82":{"start":{"line":215,"column":25},"end":{"line":215,"column":50}},"83":{"start":{"line":216,"column":21},"end":{"line":216,"column":45}},"84":{"start":{"line":218,"column":4},"end":{"line":221,"column":5}},"85":{"start":{"line":219,"column":6},"end":{"line":219,"column":37}},"86":{"start":{"line":220,"column":6},"end":{"line":220,"column":79}},"87":{"start":{"line":224,"column":4},"end":{"line":232,"column":5}},"88":{"start":{"line":225,"column":6},"end":{"line":231,"column":7}},"89":{"start":{"line":226,"column":8},"end":{"line":226,"column":39}},"90":{"start":{"line":227,"column":8},"end":{"line":230,"column":11}},"91":{"start":{"line":234,"column":24},"end":{"line":234,"column":123}},"92":{"start":{"line":235,"column":21},"end":{"line":235,"column":78}},"93":{"start":{"line":237,"column":22},"end":{"line":246,"column":5}},"94":{"start":{"line":248,"column":20},"end":{"line":253,"column":5}},"95":{"start":{"line":255,"column":4},"end":{"line":255,"column":33}},"96":{"start":{"line":258,"column":4},"end":{"line":258,"column":53}},"97":{"start":{"line":261,"column":4},"end":{"line":261,"column":66}},"98":{"start":{"line":263,"column":4},"end":{"line":267,"column":7}},"99":{"start":{"line":270,"column":4},"end":{"line":270,"column":35}},"100":{"start":{"line":271,"column":4},"end":{"line":271,"column":60}},"101":{"start":{"line":273,"column":4},"end":{"line":275,"column":5}},"102":{"start":{"line":274,"column":6},"end":{"line":274,"column":72}},"103":{"start":{"line":277,"column":4},"end":{"line":277,"column":68}},"104":{"start":{"line":279,"column":4},"end":{"line":279,"column":21}},"105":{"start":{"line":288,"column":17},"end":{"line":288,"column":37}},"106":{"start":{"line":290,"column":2},"end":{"line":374,"column":3}},"107":{"start":{"line":291,"column":19},"end":{"line":291,"column":29}},"108":{"start":{"line":292,"column":42},"end":{"line":292,"column":50}},"109":{"start":{"line":294,"column":4},"end":{"line":296,"column":5}},"110":{"start":{"line":295,"column":6},"end":{"line":295,"column":90}},"111":{"start":{"line":298,"column":4},"end":{"line":300,"column":5}},"112":{"start":{"line":299,"column":6},"end":{"line":299,"column":97}},"113":{"start":{"line":302,"column":4},"end":{"line":311,"column":5}},"114":{"start":{"line":303,"column":25},"end":{"line":303,"column":49}},"115":{"start":{"line":305,"column":20},"end":{"line":305,"column":30}},"116":{"start":{"line":306,"column":6},"end":{"line":306,"column":33}},"117":{"start":{"line":308,"column":6},"end":{"line":310,"column":7}},"118":{"start":{"line":309,"column":9},"end":{"line":309,"column":97}},"119":{"start":{"line":314,"column":4},"end":{"line":314,"column":104}},"120":{"start":{"line":315,"column":4},"end":{"line":315,"column":103}},"121":{"start":{"line":317,"column":4},"end":{"line":317,"column":32}},"122":{"start":{"line":320,"column":22},"end":{"line":323,"column":5}},"123":{"start":{"line":325,"column":4},"end":{"line":328,"column":5}},"124":{"start":{"line":326,"column":6},"end":{"line":326,"column":37}},"125":{"start":{"line":327,"column":6},"end":{"line":327,"column":80}},"126":{"start":{"line":331,"column":22},"end":{"line":335,"column":5}},"127":{"start":{"line":337,"column":25},"end":{"line":337,"column":42}},"128":{"start":{"line":340,"column":23},"end":{"line":340,"column":115}},"129":{"start":{"line":341,"column":4},"end":{"line":341,"column":70}},"130":{"start":{"line":344,"column":4},"end":{"line":354,"column":5}},"131":{"start":{"line":345,"column":6},"end":{"line":348,"column":8}},"132":{"start":{"line":350,"column":6},"end":{"line":353,"column":8}},"133":{"start":{"line":356,"column":4},"end":{"line":356,"column":33}},"134":{"start":{"line":358,"column":4},"end":{"line":361,"column":7}},"135":{"start":{"line":364,"column":4},"end":{"line":364,"column":35}},"136":{"start":{"line":365,"column":4},"end":{"line":365,"column":50}},"137":{"start":{"line":367,"column":4},"end":{"line":369,"column":5}},"138":{"start":{"line":368,"column":6},"end":{"line":368,"column":72}},"139":{"start":{"line":371,"column":4},"end":{"line":371,"column":68}},"140":{"start":{"line":373,"column":4},"end":{"line":373,"column":21}},"141":{"start":{"line":382,"column":17},"end":{"line":382,"column":37}},"142":{"start":{"line":384,"column":2},"end":{"line":419,"column":3}},"143":{"start":{"line":385,"column":19},"end":{"line":385,"column":29}},"144":{"start":{"line":387,"column":4},"end":{"line":387,"column":104}},"145":{"start":{"line":388,"column":4},"end":{"line":388,"column":103}},"146":{"start":{"line":391,"column":22},"end":{"line":391,"column":84}},"147":{"start":{"line":393,"column":4},"end":{"line":395,"column":5}},"148":{"start":{"line":394,"column":6},"end":{"line":394,"column":79}},"149":{"start":{"line":398,"column":24},"end":{"line":405,"column":5}},"150":{"start":{"line":407,"column":4},"end":{"line":409,"column":7}},"151":{"start":{"line":412,"column":4},"end":{"line":412,"column":51}},"152":{"start":{"line":413,"column":4},"end":{"line":415,"column":5}},"153":{"start":{"line":414,"column":6},"end":{"line":414,"column":72}},"154":{"start":{"line":416,"column":4},"end":{"line":416,"column":68}},"155":{"start":{"line":418,"column":4},"end":{"line":418,"column":21}},"156":{"start":{"line":427,"column":17},"end":{"line":427,"column":37}},"157":{"start":{"line":428,"column":2},"end":{"line":529,"column":3}},"158":{"start":{"line":429,"column":21},"end":{"line":429,"column":52}},"159":{"start":{"line":431,"column":23},"end":{"line":431,"column":48}},"160":{"start":{"line":432,"column":4},"end":{"line":434,"column":5}},"161":{"start":{"line":433,"column":6},"end":{"line":433,"column":58}},"162":{"start":{"line":437,"column":4},"end":{"line":437,"column":104}},"163":{"start":{"line":438,"column":4},"end":{"line":438,"column":103}},"164":{"start":{"line":441,"column":24},"end":{"line":441,"column":48}},"165":{"start":{"line":442,"column":25},"end":{"line":442,"column":50}},"166":{"start":{"line":445,"column":26},"end":{"line":450,"column":5}},"167":{"start":{"line":451,"column":35},"end":{"line":451,"column":76}},"168":{"start":{"line":454,"column":30},"end":{"line":460,"column":5}},"169":{"start":{"line":461,"column":31},"end":{"line":461,"column":76}},"170":{"start":{"line":464,"column":26},"end":{"line":464,"column":27}},"171":{"start":{"line":465,"column":4},"end":{"line":467,"column":5}},"172":{"start":{"line":466,"column":6},"end":{"line":466,"column":101}},"173":{"start":{"line":470,"column":27},"end":{"line":472,"column":5}},"174":{"start":{"line":474,"column":27},"end":{"line":481,"column":5}},"175":{"start":{"line":483,"column":4},"end":{"line":487,"column":7}},"176":{"start":{"line":484,"column":6},"end":{"line":486,"column":7}},"177":{"start":{"line":485,"column":9},"end":{"line":485,"column":62}},"178":{"start":{"line":490,"column":23},"end":{"line":496,"column":5}},"179":{"start":{"line":498,"column":30},"end":{"line":501,"column":7}},"180":{"start":{"line":498,"column":58},"end":{"line":501,"column":5}},"181":{"start":{"line":504,"column":19},"end":{"line":504,"column":21}},"182":{"start":{"line":505,"column":27},"end":{"line":509,"column":5}},"183":{"start":{"line":511,"column":30},"end":{"line":517,"column":5}},"184":{"start":{"line":520,"column":4},"end":{"line":520,"column":76}},"185":{"start":{"line":522,"column":4},"end":{"line":522,"column":51}},"186":{"start":{"line":525,"column":4},"end":{"line":525,"column":55}},"187":{"start":{"line":526,"column":4},"end":{"line":526,"column":68}},"188":{"start":{"line":528,"column":4},"end":{"line":528,"column":21}},"189":{"start":{"line":537,"column":17},"end":{"line":537,"column":37}},"190":{"start":{"line":539,"column":2},"end":{"line":612,"column":3}},"191":{"start":{"line":540,"column":70},"end":{"line":540,"column":79}},"192":{"start":{"line":542,"column":20},"end":{"line":542,"column":56}},"193":{"start":{"line":543,"column":19},"end":{"line":543,"column":44}},"194":{"start":{"line":544,"column":4},"end":{"line":544,"column":39}},"195":{"start":{"line":544,"column":24},"end":{"line":544,"column":39}},"196":{"start":{"line":546,"column":19},"end":{"line":546,"column":43}},"197":{"start":{"line":549,"column":4},"end":{"line":549,"column":104}},"198":{"start":{"line":550,"column":4},"end":{"line":550,"column":103}},"199":{"start":{"line":553,"column":24},"end":{"line":553,"column":26}},"200":{"start":{"line":554,"column":23},"end":{"line":554,"column":30}},"201":{"start":{"line":556,"column":4},"end":{"line":560,"column":5}},"202":{"start":{"line":557,"column":6},"end":{"line":557,"column":38}},"203":{"start":{"line":558,"column":23},"end":{"line":558,"column":41}},"204":{"start":{"line":559,"column":6},"end":{"line":559,"column":112}},"205":{"start":{"line":562,"column":4},"end":{"line":565,"column":5}},"206":{"start":{"line":563,"column":6},"end":{"line":563,"column":31}},"207":{"start":{"line":564,"column":6},"end":{"line":564,"column":57}},"208":{"start":{"line":567,"column":4},"end":{"line":570,"column":5}},"209":{"start":{"line":568,"column":6},"end":{"line":568,"column":40}},"210":{"start":{"line":569,"column":6},"end":{"line":569,"column":66}},"211":{"start":{"line":572,"column":24},"end":{"line":572,"column":48}},"212":{"start":{"line":575,"column":23},"end":{"line":575,"column":72}},"213":{"start":{"line":576,"column":21},"end":{"line":576,"column":64}},"214":{"start":{"line":577,"column":24},"end":{"line":577,"column":60}},"215":{"start":{"line":580,"column":22},"end":{"line":588,"column":5}},"216":{"start":{"line":590,"column":4},"end":{"line":590,"column":31}},"217":{"start":{"line":592,"column":4},"end":{"line":592,"column":29}},"218":{"start":{"line":594,"column":21},"end":{"line":594,"column":63}},"219":{"start":{"line":596,"column":4},"end":{"line":602,"column":7}},"220":{"start":{"line":605,"column":4},"end":{"line":605,"column":51}},"221":{"start":{"line":606,"column":4},"end":{"line":608,"column":5}},"222":{"start":{"line":607,"column":7},"end":{"line":607,"column":85}},"223":{"start":{"line":609,"column":4},"end":{"line":609,"column":68}},"224":{"start":{"line":611,"column":4},"end":{"line":611,"column":21}},"225":{"start":{"line":620,"column":17},"end":{"line":620,"column":37}},"226":{"start":{"line":622,"column":2},"end":{"line":739,"column":3}},"227":{"start":{"line":623,"column":19},"end":{"line":623,"column":29}},"228":{"start":{"line":626,"column":4},"end":{"line":626,"column":104}},"229":{"start":{"line":627,"column":4},"end":{"line":627,"column":103}},"230":{"start":{"line":629,"column":4},"end":{"line":629,"column":32}},"231":{"start":{"line":632,"column":22},"end":{"line":635,"column":5}},"232":{"start":{"line":637,"column":4},"end":{"line":640,"column":5}},"233":{"start":{"line":638,"column":6},"end":{"line":638,"column":37}},"234":{"start":{"line":639,"column":6},"end":{"line":639,"column":80}},"235":{"start":{"line":642,"column":17},"end":{"line":642,"column":34}},"236":{"start":{"line":645,"column":4},"end":{"line":648,"column":5}},"237":{"start":{"line":646,"column":6},"end":{"line":646,"column":37}},"238":{"start":{"line":647,"column":6},"end":{"line":647,"column":74}},"239":{"start":{"line":651,"column":4},"end":{"line":657,"column":5}},"240":{"start":{"line":652,"column":6},"end":{"line":652,"column":37}},"241":{"start":{"line":653,"column":6},"end":{"line":656,"column":9}},"242":{"start":{"line":660,"column":22},"end":{"line":660,"column":26}},"243":{"start":{"line":661,"column":4},"end":{"line":683,"column":5}},"244":{"start":{"line":662,"column":24},"end":{"line":671,"column":7}},"245":{"start":{"line":672,"column":6},"end":{"line":672,"column":38}},"246":{"start":{"line":675,"column":6},"end":{"line":679,"column":8}},"247":{"start":{"line":682,"column":6},"end":{"line":682,"column":69}},"248":{"start":{"line":685,"column":4},"end":{"line":685,"column":33}},"249":{"start":{"line":692,"column":21},"end":{"line":692,"column":26}},"250":{"start":{"line":693,"column":4},"end":{"line":716,"column":5}},"251":{"start":{"line":694,"column":26},"end":{"line":694,"column":64}},"252":{"start":{"line":695,"column":26},"end":{"line":700,"column":8}},"253":{"start":{"line":702,"column":6},"end":{"line":702,"column":97}},"254":{"start":{"line":703,"column":6},"end":{"line":703,"column":97}},"255":{"start":{"line":705,"column":24},"end":{"line":705,"column":110}},"256":{"start":{"line":708,"column":6},"end":{"line":710,"column":9}},"257":{"start":{"line":709,"column":8},"end":{"line":709,"column":85}},"258":{"start":{"line":712,"column":6},"end":{"line":712,"column":24}},"259":{"start":{"line":715,"column":6},"end":{"line":715,"column":92}},"260":{"start":{"line":718,"column":4},"end":{"line":730,"column":7}},"261":{"start":{"line":733,"column":4},"end":{"line":733,"column":35}},"262":{"start":{"line":734,"column":4},"end":{"line":734,"column":54}},"263":{"start":{"line":735,"column":4},"end":{"line":735,"column":95}},"264":{"start":{"line":735,"column":30},"end":{"line":735,"column":95}},"265":{"start":{"line":736,"column":4},"end":{"line":736,"column":68}},"266":{"start":{"line":738,"column":4},"end":{"line":738,"column":21}},"267":{"start":{"line":747,"column":17},"end":{"line":747,"column":37}},"268":{"start":{"line":749,"column":2},"end":{"line":799,"column":3}},"269":{"start":{"line":750,"column":19},"end":{"line":750,"column":29}},"270":{"start":{"line":753,"column":4},"end":{"line":753,"column":104}},"271":{"start":{"line":754,"column":4},"end":{"line":754,"column":91}},"272":{"start":{"line":756,"column":4},"end":{"line":756,"column":32}},"273":{"start":{"line":759,"column":22},"end":{"line":759,"column":103}},"274":{"start":{"line":760,"column":4},"end":{"line":763,"column":5}},"275":{"start":{"line":761,"column":6},"end":{"line":761,"column":37}},"276":{"start":{"line":762,"column":6},"end":{"line":762,"column":63}},"277":{"start":{"line":765,"column":26},"end":{"line":765,"column":50}},"278":{"start":{"line":768,"column":22},"end":{"line":776,"column":5}},"279":{"start":{"line":779,"column":4},"end":{"line":783,"column":6}},"280":{"start":{"line":785,"column":4},"end":{"line":785,"column":33}},"281":{"start":{"line":787,"column":4},"end":{"line":790,"column":7}},"282":{"start":{"line":793,"column":4},"end":{"line":793,"column":35}},"283":{"start":{"line":794,"column":4},"end":{"line":794,"column":53}},"284":{"start":{"line":795,"column":4},"end":{"line":795,"column":95}},"285":{"start":{"line":795,"column":30},"end":{"line":795,"column":95}},"286":{"start":{"line":796,"column":4},"end":{"line":796,"column":68}},"287":{"start":{"line":798,"column":4},"end":{"line":798,"column":21}},"288":{"start":{"line":807,"column":2},"end":{"line":809,"column":3}},"289":{"start":{"line":808,"column":4},"end":{"line":808,"column":63}},"290":{"start":{"line":811,"column":17},"end":{"line":811,"column":37}},"291":{"start":{"line":812,"column":17},"end":{"line":812,"column":33}},"292":{"start":{"line":814,"column":2},"end":{"line":932,"column":3}},"293":{"start":{"line":815,"column":20},"end":{"line":815,"column":51}},"294":{"start":{"line":817,"column":20},"end":{"line":822,"column":5}},"295":{"start":{"line":824,"column":4},"end":{"line":826,"column":5}},"296":{"start":{"line":825,"column":6},"end":{"line":825,"column":66}},"297":{"start":{"line":829,"column":4},"end":{"line":829,"column":88}},"298":{"start":{"line":830,"column":4},"end":{"line":830,"column":97}},"299":{"start":{"line":832,"column":23},"end":{"line":832,"column":51}},"300":{"start":{"line":833,"column":23},"end":{"line":833,"column":33}},"301":{"start":{"line":835,"column":30},"end":{"line":835,"column":32}},"302":{"start":{"line":837,"column":4},"end":{"line":876,"column":5}},"303":{"start":{"line":837,"column":17},"end":{"line":837,"column":18}},"304":{"start":{"line":838,"column":18},"end":{"line":838,"column":28}},"305":{"start":{"line":839,"column":21},"end":{"line":839,"column":26}},"306":{"start":{"line":842,"column":19},"end":{"line":842,"column":59}},"307":{"start":{"line":843,"column":20},"end":{"line":843,"column":44}},"308":{"start":{"line":844,"column":20},"end":{"line":844,"column":44}},"309":{"start":{"line":845,"column":30},"end":{"line":845,"column":64}},"310":{"start":{"line":846,"column":26},"end":{"line":846,"column":70}},"311":{"start":{"line":848,"column":6},"end":{"line":851,"column":7}},"312":{"start":{"line":849,"column":8},"end":{"line":849,"column":80}},"313":{"start":{"line":850,"column":8},"end":{"line":850,"column":17}},"314":{"start":{"line":854,"column":6},"end":{"line":857,"column":7}},"315":{"start":{"line":855,"column":8},"end":{"line":855,"column":84}},"316":{"start":{"line":856,"column":8},"end":{"line":856,"column":17}},"317":{"start":{"line":859,"column":6},"end":{"line":862,"column":7}},"318":{"start":{"line":860,"column":8},"end":{"line":860,"column":87}},"319":{"start":{"line":861,"column":8},"end":{"line":861,"column":17}},"320":{"start":{"line":865,"column":23},"end":{"line":868,"column":7}},"321":{"start":{"line":870,"column":6},"end":{"line":873,"column":7}},"322":{"start":{"line":871,"column":8},"end":{"line":871,"column":93}},"323":{"start":{"line":872,"column":8},"end":{"line":872,"column":17}},"324":{"start":{"line":875,"column":6},"end":{"line":875,"column":83}},"325":{"start":{"line":879,"column":4},"end":{"line":922,"column":5}},"326":{"start":{"line":880,"column":6},"end":{"line":880,"column":34}},"327":{"start":{"line":885,"column":25},"end":{"line":885,"column":27}},"328":{"start":{"line":886,"column":31},"end":{"line":886,"column":33}},"329":{"start":{"line":888,"column":6},"end":{"line":892,"column":9}},"330":{"start":{"line":889,"column":23},"end":{"line":889,"column":32}},"331":{"start":{"line":890,"column":8},"end":{"line":890,"column":144}},"332":{"start":{"line":891,"column":8},"end":{"line":891,"column":107}},"333":{"start":{"line":894,"column":31},"end":{"line":898,"column":7}},"334":{"start":{"line":900,"column":24},"end":{"line":900,"column":72}},"335":{"start":{"line":901,"column":25},"end":{"line":901,"column":39}},"336":{"start":{"line":904,"column":28},"end":{"line":904,"column":30}},"337":{"start":{"line":905,"column":34},"end":{"line":905,"column":36}},"338":{"start":{"line":907,"column":6},"end":{"line":911,"column":9}},"339":{"start":{"line":908,"column":23},"end":{"line":908,"column":32}},"340":{"start":{"line":909,"column":8},"end":{"line":909,"column":82}},"341":{"start":{"line":910,"column":8},"end":{"line":910,"column":43}},"342":{"start":{"line":913,"column":33},"end":{"line":916,"column":7}},"343":{"start":{"line":918,"column":6},"end":{"line":918,"column":60}},"344":{"start":{"line":920,"column":6},"end":{"line":920,"column":35}},"345":{"start":{"line":921,"column":6},"end":{"line":921,"column":50}},"346":{"start":{"line":924,"column":4},"end":{"line":924,"column":41}},"347":{"start":{"line":927,"column":4},"end":{"line":927,"column":63}},"348":{"start":{"line":927,"column":16},"end":{"line":927,"column":63}},"349":{"start":{"line":928,"column":4},"end":{"line":928,"column":54}},"350":{"start":{"line":929,"column":4},"end":{"line":929,"column":97}},"351":{"start":{"line":931,"column":4},"end":{"line":931,"column":21}},"352":{"start":{"line":940,"column":17},"end":{"line":940,"column":37}},"353":{"start":{"line":942,"column":2},"end":{"line":1007,"column":3}},"354":{"start":{"line":943,"column":19},"end":{"line":943,"column":29}},"355":{"start":{"line":946,"column":4},"end":{"line":946,"column":104}},"356":{"start":{"line":947,"column":4},"end":{"line":947,"column":103}},"357":{"start":{"line":949,"column":4},"end":{"line":949,"column":32}},"358":{"start":{"line":952,"column":22},"end":{"line":955,"column":5}},"359":{"start":{"line":957,"column":4},"end":{"line":960,"column":5}},"360":{"start":{"line":958,"column":6},"end":{"line":958,"column":37}},"361":{"start":{"line":959,"column":6},"end":{"line":959,"column":80}},"362":{"start":{"line":962,"column":17},"end":{"line":962,"column":34}},"363":{"start":{"line":965,"column":4},"end":{"line":968,"column":5}},"364":{"start":{"line":966,"column":6},"end":{"line":966,"column":37}},"365":{"start":{"line":967,"column":6},"end":{"line":967,"column":93}},"366":{"start":{"line":971,"column":4},"end":{"line":977,"column":5}},"367":{"start":{"line":972,"column":6},"end":{"line":972,"column":37}},"368":{"start":{"line":973,"column":6},"end":{"line":976,"column":9}},"369":{"start":{"line":980,"column":4},"end":{"line":980,"column":74}},"370":{"start":{"line":981,"column":4},"end":{"line":981,"column":83}},"371":{"start":{"line":984,"column":4},"end":{"line":984,"column":64}},"372":{"start":{"line":986,"column":4},"end":{"line":986,"column":33}},"373":{"start":{"line":989,"column":4},"end":{"line":989,"column":53}},"374":{"start":{"line":992,"column":4},"end":{"line":992,"column":41}},"375":{"start":{"line":994,"column":4},"end":{"line":998,"column":7}},"376":{"start":{"line":1001,"column":4},"end":{"line":1001,"column":35}},"377":{"start":{"line":1002,"column":4},"end":{"line":1002,"column":53}},"378":{"start":{"line":1003,"column":4},"end":{"line":1003,"column":95}},"379":{"start":{"line":1003,"column":30},"end":{"line":1003,"column":95}},"380":{"start":{"line":1004,"column":4},"end":{"line":1004,"column":68}},"381":{"start":{"line":1006,"column":4},"end":{"line":1006,"column":21}},"382":{"start":{"line":1010,"column":0},"end":{"line":1022,"column":2}}},"fnMap":{"0":{"name":"createLead","decl":{"start":{"line":17,"column":15},"end":{"line":17,"column":25}},"loc":{"start":{"line":17,"column":36},"end":{"line":106,"column":1}},"line":17},"1":{"name":"getLeadById","decl":{"start":{"line":111,"column":15},"end":{"line":111,"column":26}},"loc":{"start":{"line":111,"column":37},"end":{"line":159,"column":1}},"line":111},"2":{"name":"updateLeadStatus","decl":{"start":{"line":175,"column":15},"end":{"line":175,"column":31}},"loc":{"start":{"line":175,"column":42},"end":{"line":281,"column":1}},"line":175},"3":{"name":"addNote","decl":{"start":{"line":287,"column":15},"end":{"line":287,"column":22}},"loc":{"start":{"line":287,"column":33},"end":{"line":375,"column":1}},"line":287},"4":{"name":"getNotes","decl":{"start":{"line":381,"column":15},"end":{"line":381,"column":23}},"loc":{"start":{"line":381,"column":34},"end":{"line":420,"column":1}},"line":381},"5":{"name":"getDashboard","decl":{"start":{"line":426,"column":15},"end":{"line":426,"column":27}},"loc":{"start":{"line":426,"column":38},"end":{"line":530,"column":1}},"line":426},"6":{"name":"(anonymous_6)","decl":{"start":{"line":483,"column":32},"end":{"line":483,"column":33}},"loc":{"start":{"line":483,"column":41},"end":{"line":487,"column":5}},"line":483},"7":{"name":"(anonymous_7)","decl":{"start":{"line":498,"column":50},"end":{"line":498,"column":51}},"loc":{"start":{"line":498,"column":58},"end":{"line":501,"column":5}},"line":498},"8":{"name":"getLeads","decl":{"start":{"line":536,"column":15},"end":{"line":536,"column":23}},"loc":{"start":{"line":536,"column":34},"end":{"line":613,"column":1}},"line":536},"9":{"name":"convertLead","decl":{"start":{"line":619,"column":15},"end":{"line":619,"column":26}},"loc":{"start":{"line":619,"column":37},"end":{"line":740,"column":1}},"line":619},"10":{"name":"(anonymous_10)","decl":{"start":{"line":708,"column":79},"end":{"line":708,"column":80}},"loc":{"start":{"line":708,"column":93},"end":{"line":710,"column":7}},"line":708},"11":{"name":"unlockLead","decl":{"start":{"line":746,"column":15},"end":{"line":746,"column":25}},"loc":{"start":{"line":746,"column":36},"end":{"line":800,"column":1}},"line":746},"12":{"name":"importLeads","decl":{"start":{"line":806,"column":15},"end":{"line":806,"column":26}},"loc":{"start":{"line":806,"column":37},"end":{"line":933,"column":1}},"line":806},"13":{"name":"(anonymous_13)","decl":{"start":{"line":888,"column":32},"end":{"line":888,"column":33}},"loc":{"start":{"line":888,"column":49},"end":{"line":892,"column":7}},"line":888},"14":{"name":"(anonymous_14)","decl":{"start":{"line":907,"column":25},"end":{"line":907,"column":26}},"loc":{"start":{"line":907,"column":41},"end":{"line":911,"column":7}},"line":907},"15":{"name":"(anonymous_15)","decl":{"start":{"line":927,"column":53},"end":{"line":927,"column":54}},"loc":{"start":{"line":927,"column":59},"end":{"line":927,"column":61}},"line":927},"16":{"name":"deleteLead","decl":{"start":{"line":939,"column":15},"end":{"line":939,"column":25}},"loc":{"start":{"line":939,"column":36},"end":{"line":1008,"column":1}},"line":939}},"branchMap":{"0":{"loc":{"start":{"line":25,"column":4},"end":{"line":25,"column":57}},"type":"if","locations":[{"start":{"line":25,"column":4},"end":{"line":25,"column":57}},{"start":{},"end":{}}],"line":25},"1":{"loc":{"start":{"line":26,"column":4},"end":{"line":26,"column":49}},"type":"if","locations":[{"start":{"line":26,"column":4},"end":{"line":26,"column":49}},{"start":{},"end":{}}],"line":26},"2":{"loc":{"start":{"line":27,"column":4},"end":{"line":27,"column":49}},"type":"if","locations":[{"start":{"line":27,"column":4},"end":{"line":27,"column":49}},{"start":{},"end":{}}],"line":27},"3":{"loc":{"start":{"line":28,"column":4},"end":{"line":28,"column":69}},"type":"if","locations":[{"start":{"line":28,"column":4},"end":{"line":28,"column":69}},{"start":{},"end":{}}],"line":28},"4":{"loc":{"start":{"line":29,"column":4},"end":{"line":29,"column":61}},"type":"if","locations":[{"start":{"line":29,"column":4},"end":{"line":29,"column":61}},{"start":{},"end":{}}],"line":29},"5":{"loc":{"start":{"line":32,"column":4},"end":{"line":32,"column":78}},"type":"if","locations":[{"start":{"line":32,"column":4},"end":{"line":32,"column":78}},{"start":{},"end":{}}],"line":32},"6":{"loc":{"start":{"line":32,"column":8},"end":{"line":32,"column":40}},"type":"binary-expr","locations":[{"start":{"line":32,"column":8},"end":{"line":32,"column":13}},{"start":{"line":32,"column":17},"end":{"line":32,"column":40}}],"line":32},"7":{"loc":{"start":{"line":35,"column":4},"end":{"line":35,"column":81}},"type":"if","locations":[{"start":{"line":35,"column":4},"end":{"line":35,"column":81}},{"start":{},"end":{}}],"line":35},"8":{"loc":{"start":{"line":35,"column":8},"end":{"line":35,"column":40}},"type":"binary-expr","locations":[{"start":{"line":35,"column":8},"end":{"line":35,"column":13}},{"start":{"line":35,"column":17},"end":{"line":35,"column":40}}],"line":35},"9":{"loc":{"start":{"line":37,"column":4},"end":{"line":39,"column":5}},"type":"if","locations":[{"start":{"line":37,"column":4},"end":{"line":39,"column":5}},{"start":{},"end":{}}],"line":37},"10":{"loc":{"start":{"line":57,"column":4},"end":{"line":64,"column":5}},"type":"if","locations":[{"start":{"line":57,"column":4},"end":{"line":64,"column":5}},{"start":{},"end":{}}],"line":57},"11":{"loc":{"start":{"line":84,"column":4},"end":{"line":90,"column":5}},"type":"if","locations":[{"start":{"line":84,"column":4},"end":{"line":90,"column":5}},{"start":{},"end":{}}],"line":84},"12":{"loc":{"start":{"line":124,"column":4},"end":{"line":126,"column":5}},"type":"if","locations":[{"start":{"line":124,"column":4},"end":{"line":126,"column":5}},{"start":{},"end":{}}],"line":124},"13":{"loc":{"start":{"line":151,"column":4},"end":{"line":153,"column":5}},"type":"if","locations":[{"start":{"line":151,"column":4},"end":{"line":153,"column":5}},{"start":{},"end":{}}],"line":151},"14":{"loc":{"start":{"line":182,"column":4},"end":{"line":184,"column":5}},"type":"if","locations":[{"start":{"line":182,"column":4},"end":{"line":184,"column":5}},{"start":{},"end":{}}],"line":182},"15":{"loc":{"start":{"line":182,"column":8},"end":{"line":182,"column":61}},"type":"binary-expr","locations":[{"start":{"line":182,"column":8},"end":{"line":182,"column":19}},{"start":{"line":182,"column":23},"end":{"line":182,"column":61}}],"line":182},"16":{"loc":{"start":{"line":199,"column":4},"end":{"line":202,"column":5}},"type":"if","locations":[{"start":{"line":199,"column":4},"end":{"line":202,"column":5}},{"start":{},"end":{}}],"line":199},"17":{"loc":{"start":{"line":207,"column":4},"end":{"line":213,"column":5}},"type":"if","locations":[{"start":{"line":207,"column":4},"end":{"line":213,"column":5}},{"start":{},"end":{}}],"line":207},"18":{"loc":{"start":{"line":218,"column":4},"end":{"line":221,"column":5}},"type":"if","locations":[{"start":{"line":218,"column":4},"end":{"line":221,"column":5}},{"start":{},"end":{}}],"line":218},"19":{"loc":{"start":{"line":224,"column":4},"end":{"line":232,"column":5}},"type":"if","locations":[{"start":{"line":224,"column":4},"end":{"line":232,"column":5}},{"start":{},"end":{}}],"line":224},"20":{"loc":{"start":{"line":225,"column":6},"end":{"line":231,"column":7}},"type":"if","locations":[{"start":{"line":225,"column":6},"end":{"line":231,"column":7}},{"start":{},"end":{}}],"line":225},"21":{"loc":{"start":{"line":225,"column":10},"end":{"line":225,"column":41}},"type":"binary-expr","locations":[{"start":{"line":225,"column":10},"end":{"line":225,"column":17}},{"start":{"line":225,"column":21},"end":{"line":225,"column":41}}],"line":225},"22":{"loc":{"start":{"line":234,"column":24},"end":{"line":234,"column":123}},"type":"binary-expr","locations":[{"start":{"line":234,"column":24},"end":{"line":234,"column":50}},{"start":{"line":234,"column":54},"end":{"line":234,"column":93}},{"start":{"line":234,"column":97},"end":{"line":234,"column":123}}],"line":234},"23":{"loc":{"start":{"line":235,"column":21},"end":{"line":235,"column":78}},"type":"cond-expr","locations":[{"start":{"line":235,"column":52},"end":{"line":235,"column":61}},{"start":{"line":235,"column":64},"end":{"line":235,"column":78}}],"line":235},"24":{"loc":{"start":{"line":252,"column":54},"end":{"line":252,"column":68}},"type":"binary-expr","locations":[{"start":{"line":252,"column":54},"end":{"line":252,"column":60}},{"start":{"line":252,"column":64},"end":{"line":252,"column":68}}],"line":252},"25":{"loc":{"start":{"line":273,"column":4},"end":{"line":275,"column":5}},"type":"if","locations":[{"start":{"line":273,"column":4},"end":{"line":275,"column":5}},{"start":{},"end":{}}],"line":273},"26":{"loc":{"start":{"line":294,"column":4},"end":{"line":296,"column":5}},"type":"if","locations":[{"start":{"line":294,"column":4},"end":{"line":296,"column":5}},{"start":{},"end":{}}],"line":294},"27":{"loc":{"start":{"line":294,"column":8},"end":{"line":294,"column":45}},"type":"binary-expr","locations":[{"start":{"line":294,"column":8},"end":{"line":294,"column":18}},{"start":{"line":294,"column":22},"end":{"line":294,"column":45}}],"line":294},"28":{"loc":{"start":{"line":298,"column":4},"end":{"line":300,"column":5}},"type":"if","locations":[{"start":{"line":298,"column":4},"end":{"line":300,"column":5}},{"start":{},"end":{}}],"line":298},"29":{"loc":{"start":{"line":302,"column":4},"end":{"line":311,"column":5}},"type":"if","locations":[{"start":{"line":302,"column":4},"end":{"line":311,"column":5}},{"start":{},"end":{}}],"line":302},"30":{"loc":{"start":{"line":308,"column":6},"end":{"line":310,"column":7}},"type":"if","locations":[{"start":{"line":308,"column":6},"end":{"line":310,"column":7}},{"start":{},"end":{}}],"line":308},"31":{"loc":{"start":{"line":308,"column":10},"end":{"line":308,"column":59}},"type":"binary-expr","locations":[{"start":{"line":308,"column":10},"end":{"line":308,"column":37}},{"start":{"line":308,"column":41},"end":{"line":308,"column":59}}],"line":308},"32":{"loc":{"start":{"line":325,"column":4},"end":{"line":328,"column":5}},"type":"if","locations":[{"start":{"line":325,"column":4},"end":{"line":328,"column":5}},{"start":{},"end":{}}],"line":325},"33":{"loc":{"start":{"line":334,"column":40},"end":{"line":334,"column":62}},"type":"binary-expr","locations":[{"start":{"line":334,"column":40},"end":{"line":334,"column":54}},{"start":{"line":334,"column":58},"end":{"line":334,"column":62}}],"line":334},"34":{"loc":{"start":{"line":341,"column":28},"end":{"line":341,"column":69}},"type":"binary-expr","locations":[{"start":{"line":341,"column":28},"end":{"line":341,"column":57}},{"start":{"line":341,"column":61},"end":{"line":341,"column":69}}],"line":341},"35":{"loc":{"start":{"line":344,"column":4},"end":{"line":354,"column":5}},"type":"if","locations":[{"start":{"line":344,"column":4},"end":{"line":354,"column":5}},{"start":{"line":349,"column":11},"end":{"line":354,"column":5}}],"line":344},"36":{"loc":{"start":{"line":367,"column":4},"end":{"line":369,"column":5}},"type":"if","locations":[{"start":{"line":367,"column":4},"end":{"line":369,"column":5}},{"start":{},"end":{}}],"line":367},"37":{"loc":{"start":{"line":393,"column":4},"end":{"line":395,"column":5}},"type":"if","locations":[{"start":{"line":393,"column":4},"end":{"line":395,"column":5}},{"start":{},"end":{}}],"line":393},"38":{"loc":{"start":{"line":413,"column":4},"end":{"line":415,"column":5}},"type":"if","locations":[{"start":{"line":413,"column":4},"end":{"line":415,"column":5}},{"start":{},"end":{}}],"line":413},"39":{"loc":{"start":{"line":432,"column":4},"end":{"line":434,"column":5}},"type":"if","locations":[{"start":{"line":432,"column":4},"end":{"line":434,"column":5}},{"start":{},"end":{}}],"line":432},"40":{"loc":{"start":{"line":465,"column":4},"end":{"line":467,"column":5}},"type":"if","locations":[{"start":{"line":465,"column":4},"end":{"line":467,"column":5}},{"start":{},"end":{}}],"line":465},"41":{"loc":{"start":{"line":484,"column":6},"end":{"line":486,"column":7}},"type":"if","locations":[{"start":{"line":484,"column":6},"end":{"line":486,"column":7}},{"start":{},"end":{}}],"line":484},"42":{"loc":{"start":{"line":508,"column":18},"end":{"line":508,"column":95}},"type":"cond-expr","locations":[{"start":{"line":508,"column":31},"end":{"line":508,"column":91}},{"start":{"line":508,"column":94},"end":{"line":508,"column":95}}],"line":508},"43":{"loc":{"start":{"line":540,"column":45},"end":{"line":540,"column":53}},"type":"default-arg","locations":[{"start":{"line":540,"column":52},"end":{"line":540,"column":53}}],"line":540},"44":{"loc":{"start":{"line":540,"column":55},"end":{"line":540,"column":65}},"type":"default-arg","locations":[{"start":{"line":540,"column":63},"end":{"line":540,"column":65}}],"line":540},"45":{"loc":{"start":{"line":542,"column":32},"end":{"line":542,"column":55}},"type":"binary-expr","locations":[{"start":{"line":542,"column":32},"end":{"line":542,"column":50}},{"start":{"line":542,"column":54},"end":{"line":542,"column":55}}],"line":542},"46":{"loc":{"start":{"line":543,"column":19},"end":{"line":543,"column":44}},"type":"binary-expr","locations":[{"start":{"line":543,"column":19},"end":{"line":543,"column":38}},{"start":{"line":543,"column":42},"end":{"line":543,"column":44}}],"line":543},"47":{"loc":{"start":{"line":544,"column":4},"end":{"line":544,"column":39}},"type":"if","locations":[{"start":{"line":544,"column":4},"end":{"line":544,"column":39}},{"start":{},"end":{}}],"line":544},"48":{"loc":{"start":{"line":556,"column":4},"end":{"line":560,"column":5}},"type":"if","locations":[{"start":{"line":556,"column":4},"end":{"line":560,"column":5}},{"start":{},"end":{}}],"line":556},"49":{"loc":{"start":{"line":562,"column":4},"end":{"line":565,"column":5}},"type":"if","locations":[{"start":{"line":562,"column":4},"end":{"line":565,"column":5}},{"start":{},"end":{}}],"line":562},"50":{"loc":{"start":{"line":562,"column":8},"end":{"line":562,"column":38}},"type":"binary-expr","locations":[{"start":{"line":562,"column":8},"end":{"line":562,"column":14}},{"start":{"line":562,"column":18},"end":{"line":562,"column":38}}],"line":562},"51":{"loc":{"start":{"line":567,"column":4},"end":{"line":570,"column":5}},"type":"if","locations":[{"start":{"line":567,"column":4},"end":{"line":570,"column":5}},{"start":{},"end":{}}],"line":567},"52":{"loc":{"start":{"line":567,"column":8},"end":{"line":567,"column":56}},"type":"binary-expr","locations":[{"start":{"line":567,"column":8},"end":{"line":567,"column":23}},{"start":{"line":567,"column":27},"end":{"line":567,"column":56}}],"line":567},"53":{"loc":{"start":{"line":601,"column":19},"end":{"line":601,"column":57}},"type":"binary-expr","locations":[{"start":{"line":601,"column":19},"end":{"line":601,"column":52}},{"start":{"line":601,"column":56},"end":{"line":601,"column":57}}],"line":601},"54":{"loc":{"start":{"line":606,"column":4},"end":{"line":608,"column":5}},"type":"if","locations":[{"start":{"line":606,"column":4},"end":{"line":608,"column":5}},{"start":{},"end":{}}],"line":606},"55":{"loc":{"start":{"line":637,"column":4},"end":{"line":640,"column":5}},"type":"if","locations":[{"start":{"line":637,"column":4},"end":{"line":640,"column":5}},{"start":{},"end":{}}],"line":637},"56":{"loc":{"start":{"line":645,"column":4},"end":{"line":648,"column":5}},"type":"if","locations":[{"start":{"line":645,"column":4},"end":{"line":648,"column":5}},{"start":{},"end":{}}],"line":645},"57":{"loc":{"start":{"line":651,"column":4},"end":{"line":657,"column":5}},"type":"if","locations":[{"start":{"line":651,"column":4},"end":{"line":657,"column":5}},{"start":{},"end":{}}],"line":651},"58":{"loc":{"start":{"line":651,"column":8},"end":{"line":651,"column":69}},"type":"binary-expr","locations":[{"start":{"line":651,"column":8},"end":{"line":651,"column":36}},{"start":{"line":651,"column":40},"end":{"line":651,"column":69}}],"line":651},"59":{"loc":{"start":{"line":661,"column":4},"end":{"line":683,"column":5}},"type":"if","locations":[{"start":{"line":661,"column":4},"end":{"line":683,"column":5}},{"start":{},"end":{}}],"line":661},"60":{"loc":{"start":{"line":705,"column":27},"end":{"line":705,"column":78}},"type":"binary-expr","locations":[{"start":{"line":705,"column":27},"end":{"line":705,"column":51}},{"start":{"line":705,"column":55},"end":{"line":705,"column":78}}],"line":705},"61":{"loc":{"start":{"line":719,"column":15},"end":{"line":721,"column":98}},"type":"cond-expr","locations":[{"start":{"line":720,"column":10},"end":{"line":720,"column":83}},{"start":{"line":721,"column":10},"end":{"line":721,"column":98}}],"line":719},"62":{"loc":{"start":{"line":735,"column":4},"end":{"line":735,"column":95}},"type":"if","locations":[{"start":{"line":735,"column":4},"end":{"line":735,"column":95}},{"start":{},"end":{}}],"line":735},"63":{"loc":{"start":{"line":760,"column":4},"end":{"line":763,"column":5}},"type":"if","locations":[{"start":{"line":760,"column":4},"end":{"line":763,"column":5}},{"start":{},"end":{}}],"line":760},"64":{"loc":{"start":{"line":795,"column":4},"end":{"line":795,"column":95}},"type":"if","locations":[{"start":{"line":795,"column":4},"end":{"line":795,"column":95}},{"start":{},"end":{}}],"line":795},"65":{"loc":{"start":{"line":807,"column":2},"end":{"line":809,"column":3}},"type":"if","locations":[{"start":{"line":807,"column":2},"end":{"line":809,"column":3}},{"start":{},"end":{}}],"line":807},"66":{"loc":{"start":{"line":824,"column":4},"end":{"line":826,"column":5}},"type":"if","locations":[{"start":{"line":824,"column":4},"end":{"line":826,"column":5}},{"start":{},"end":{}}],"line":824},"67":{"loc":{"start":{"line":842,"column":20},"end":{"line":842,"column":51}},"type":"binary-expr","locations":[{"start":{"line":842,"column":20},"end":{"line":842,"column":28}},{"start":{"line":842,"column":32},"end":{"line":842,"column":45}},{"start":{"line":842,"column":49},"end":{"line":842,"column":51}}],"line":842},"68":{"loc":{"start":{"line":843,"column":21},"end":{"line":843,"column":36}},"type":"binary-expr","locations":[{"start":{"line":843,"column":21},"end":{"line":843,"column":30}},{"start":{"line":843,"column":34},"end":{"line":843,"column":36}}],"line":843},"69":{"loc":{"start":{"line":844,"column":21},"end":{"line":844,"column":36}},"type":"binary-expr","locations":[{"start":{"line":844,"column":21},"end":{"line":844,"column":30}},{"start":{"line":844,"column":34},"end":{"line":844,"column":36}}],"line":844},"70":{"loc":{"start":{"line":845,"column":31},"end":{"line":845,"column":56}},"type":"binary-expr","locations":[{"start":{"line":845,"column":31},"end":{"line":845,"column":50}},{"start":{"line":845,"column":54},"end":{"line":845,"column":56}}],"line":845},"71":{"loc":{"start":{"line":846,"column":27},"end":{"line":846,"column":62}},"type":"binary-expr","locations":[{"start":{"line":846,"column":27},"end":{"line":846,"column":37}},{"start":{"line":846,"column":41},"end":{"line":846,"column":56}},{"start":{"line":846,"column":60},"end":{"line":846,"column":62}}],"line":846},"72":{"loc":{"start":{"line":848,"column":6},"end":{"line":851,"column":7}},"type":"if","locations":[{"start":{"line":848,"column":6},"end":{"line":851,"column":7}},{"start":{},"end":{}}],"line":848},"73":{"loc":{"start":{"line":848,"column":10},"end":{"line":848,"column":71}},"type":"binary-expr","locations":[{"start":{"line":848,"column":10},"end":{"line":848,"column":15}},{"start":{"line":848,"column":19},"end":{"line":848,"column":25}},{"start":{"line":848,"column":29},"end":{"line":848,"column":35}},{"start":{"line":848,"column":39},"end":{"line":848,"column":55}},{"start":{"line":848,"column":59},"end":{"line":848,"column":71}}],"line":848},"74":{"loc":{"start":{"line":854,"column":6},"end":{"line":857,"column":7}},"type":"if","locations":[{"start":{"line":854,"column":6},"end":{"line":857,"column":7}},{"start":{},"end":{}}],"line":854},"75":{"loc":{"start":{"line":859,"column":6},"end":{"line":862,"column":7}},"type":"if","locations":[{"start":{"line":859,"column":6},"end":{"line":862,"column":7}},{"start":{},"end":{}}],"line":859},"76":{"loc":{"start":{"line":870,"column":6},"end":{"line":873,"column":7}},"type":"if","locations":[{"start":{"line":870,"column":6},"end":{"line":873,"column":7}},{"start":{},"end":{}}],"line":870},"77":{"loc":{"start":{"line":879,"column":4},"end":{"line":922,"column":5}},"type":"if","locations":[{"start":{"line":879,"column":4},"end":{"line":922,"column":5}},{"start":{},"end":{}}],"line":879},"78":{"loc":{"start":{"line":927,"column":4},"end":{"line":927,"column":63}},"type":"if","locations":[{"start":{"line":927,"column":4},"end":{"line":927,"column":63}},{"start":{},"end":{}}],"line":927},"79":{"loc":{"start":{"line":957,"column":4},"end":{"line":960,"column":5}},"type":"if","locations":[{"start":{"line":957,"column":4},"end":{"line":960,"column":5}},{"start":{},"end":{}}],"line":957},"80":{"loc":{"start":{"line":965,"column":4},"end":{"line":968,"column":5}},"type":"if","locations":[{"start":{"line":965,"column":4},"end":{"line":968,"column":5}},{"start":{},"end":{}}],"line":965},"81":{"loc":{"start":{"line":965,"column":8},"end":{"line":965,"column":75}},"type":"binary-expr","locations":[{"start":{"line":965,"column":8},"end":{"line":965,"column":39}},{"start":{"line":965,"column":43},"end":{"line":965,"column":75}}],"line":965},"82":{"loc":{"start":{"line":971,"column":4},"end":{"line":977,"column":5}},"type":"if","locations":[{"start":{"line":971,"column":4},"end":{"line":977,"column":5}},{"start":{},"end":{}}],"line":971},"83":{"loc":{"
[...]
lumn":4}},"2":{"start":{"line":28,"column":4},"end":{"line":33,"column":5}},"3":{"start":{"line":29,"column":6},"end":{"line":32,"column":9}},"4":{"start":{"line":35,"column":21},"end":{"line":35,"column":34}},"5":{"start":{"line":38,"column":4},"end":{"line":40,"column":5}},"6":{"start":{"line":39,"column":6},"end":{"line":39,"column":20}},"7":{"start":{"line":43,"column":4},"end":{"line":45,"column":5}},"8":{"start":{"line":44,"column":6},"end":{"line":44,"column":20}},"9":{"start":{"line":47,"column":4},"end":{"line":50,"column":7}},"10":{"start":{"line":54,"column":0},"end":{"line":54,"column":29}}},"fnMap":{"0":{"name":"requireRole","decl":{"start":{"line":26,"column":9},"end":{"line":26,"column":20}},"loc":{"start":{"line":26,"column":38},"end":{"line":52,"column":1}},"line":26},"1":{"name":"(anonymous_1)","decl":{"start":{"line":27,"column":9},"end":{"line":27,"column":10}},"loc":{"start":{"line":27,"column":29},"end":{"line":51,"column":3}},"line":27}},"branchMap":{"0":{"loc":{"start":{"line":28,"column":4},"end":{"line":33,"column":5}},"type":"if","locations":[{"start":{"line":28,"column":4},"end":{"line":33,"column":5}},{"start":{},"end":{}}],"line":28},"1":{"loc":{"start":{"line":28,"column":8},"end":{"line":28,"column":35}},"type":"binary-expr","locations":[{"start":{"line":28,"column":8},"end":{"line":28,"column":17}},{"start":{"line":28,"column":21},"end":{"line":28,"column":35}}],"line":28},"2":{"loc":{"start":{"line":38,"column":4},"end":{"line":40,"column":5}},"type":"if","locations":[{"start":{"line":38,"column":4},"end":{"line":40,"column":5}},{"start":{},"end":{}}],"line":38},"3":{"loc":{"start":{"line":43,"column":4},"end":{"line":45,"column":5}},"type":"if","locations":[{"start":{"line":43,"column":4},"end":{"line":45,"column":5}},{"start":{},"end":{}}],"line":43}},"s":{"0":1,"1":3,"2":4,"3":0,"4":4,"5":4,"6":0,"7":4,"8":4,"9":0,"10":1},"f":{"0":3,"1":4},"b":{"0":[0,4],"1":[4,4],"2":[0,4],"3":[4,0]},"_coverageSchema":"1a1c01bbd47fc00a2c39e90264f33305004495a9","hash":"ccdb489fac30c11ff9a7ebb5dc67aa2ffa1d952a"}
,"C:\\Users\\ayush\\OneDrive\\Desktop\\Acadeno\\lms\\acadeno-lms\\temp_friend_repo\\lms_backend\\src\\routes\\auth.js": {"path":"C:\\Users\\ayush\\OneDrive\\Desktop\\Acadeno\\lms\\acadeno-lms\\temp_friend_repo\\lms_backend\\src\\routes\\auth.js","statementMap":{"0":{"start":{"line":7,"column":16},"end":{"line":7,"column":34}},"1":{"start":{"line":8,"column":16},"end":{"line":8,"column":32}},"2":{"start":{"line":10,"column":111},"end":{"line":10,"column":151}},"3":{"start":{"line":11,"column":21},"end":{"line":11,"column":58}},"4":{"start":{"line":14,"column":0},"end":{"line":14,"column":29}},"5":{"start":{"line":17,"column":0},"end":{"line":17,"column":33}},"6":{"start":{"line":20,"column":0},"end":{"line":20,"column":31}},"7":{"start":{"line":23,"column":0},"end":{"line":23,"column":48}},"8":{"start":{"line":26,"column":0},"end":{"line":26,"column":46}},"9":{"start":{"line":29,"column":0},"end":{"line":29,"column":38}},"10":{"start":{"line":32,"column":0},"end":{"line":32,"column":39}},"11":{"start":{"line":36,"column":0},"end":{"line":36,"column":71}},"12":{"start":{"line":38,"column":0},"end":{"line":38,"column":24}}},"fnMap":{},"branchMap":{},"s":{"0":3,"1":3,"2":3,"3":3,"4":3,"5":3,"6":3,"7":3,"8":3,"9":3,"10":3,"11":3,"12":3},"f":{},"b":{},"_coverageSchema":"1a1c01bbd47fc00a2c39e90264f33305004495a9","hash":"5e9fd6774340fcaad518582d8b2bf9544ec9db00"}
,"C:\\Users\\ayush\\OneDrive\\Desktop\\Acadeno\\lms\\acadeno-lms\\temp_friend_repo\\lms_backend\\src\\routes\\leads.js": {"path":"C:\\Users\\ayush\\OneDrive\\Desktop\\Acadeno\\lms\\acadeno-lms\\temp_friend_repo\\lms_backend\\src\\routes\\leads.js","statementMap":{"0":{"start":{"line":5,"column":16},"end":{"line":5,"column":34}},"1":{"start":{"line":6,"column":15},"end":{"line":6,"column":31}},"2":{"start":{"line":7,"column":15},"end":{"line":7,"column":32}},"3":{"start":{"line":9,"column":16},"end":{"line":9,"column":38}},"4":{"start":{"line":10,"column":15},"end":{"line":13,"column":2}},"5":{"start":{"line":19,"column":4},"end":{"line":19,"column":44}},"6":{"start":{"line":20,"column":21},"end":{"line":20,"column":58}},"7":{"start":{"line":21,"column":18},"end":{"line":21,"column":52}},"8":{"start":{"line":28,"column":0},"end":{"line":33,"column":2}},"9":{"start":{"line":39,"column":0},"end":{"line":44,"column":2}},"10":{"start":{"line":50,"column":0},"end":{"line":55,"column":2}},"11":{"start":{"line":61,"column":0},"end":{"line":66,"column":2}},"12":{"start":{"line":72,"column":0},"end":{"line":77,"column":2}},"13":{"start":{"line":83,"column":0},"end":{"line":88,"column":2}},"14":{"start":{"line":94,"column":0},"end":{"line":99,"column":2}},"15":{"start":{"line":105,"column":0},"end":{"line":110,"column":2}},"16":{"start":{"line":116,"column":0},"end":{"line":121,"column":2}},"17":{"start":{"line":127,"column":0},"end":{"line":133,"column":2}},"18":{"start":{"line":139,"column":0},"end":{"line":144,"column":2}},"19":{"start":{"line":146,"column":0},"end":{"line":146,"column":24}}},"fnMap":{},"branchMap":{},"s":{"0":7,"1":7,"2":7,"3":7,"4":7,"5":7,"6":7,"7":7,"8":7,"9":7,"10":7,"11":7,"12":7,"13":7,"14":7,"15":7,"16":7,"17":7,"18":7,"19":7},"f":{},"b":{},"_coverageSchema":"1a1c01bbd47fc00a2c39e90264f33305004495a9","hash":"7bb2d1e9cdba9cb47dc014040ac0d65984e266df"}
,"C:\\Users\\ayush\\OneDrive\\Desktop\\Acadeno\\lms\\acadeno-lms\\temp_friend_repo\\lms_backend\\src\\routes\\registration.js": {"path":"C:\\Users\\ayush\\OneDrive\\Desktop\\Acadeno\\lms\\acadeno-lms\\temp_friend_repo\\lms_backend\\src\\routes\\registration.js","statementMap":{"0":{"start":{"line":7,"column":16},"end":{"line":7,"column":34}},"1":{"start":{"line":8,"column":16},"end":{"line":8,"column":32}},"2":{"start":{"line":25,"column":4},"end":{"line":25,"column":52}},"3":{"start":{"line":27,"column":21},"end":{"line":27,"column":58}},"4":{"start":{"line":28,"column":21},"end":{"line":28,"column":50}},"5":{"start":{"line":29,"column":48},"end":{"line":29,"column":82}},"6":{"start":{"line":32,"column":22},"end":{"line":32,"column":77}},"7":{"start":{"line":35,"column":19},"end":{"line":35,"column":93}},"8":{"start":{"line":41,"column":0},"end":{"line":41,"column":36}},"9":{"start":{"line":42,"column":0},"end":{"line":42,"column":54}},"10":{"start":{"line":43,"column":0},"end":{"line":43,"column":95}},"11":{"start":{"line":44,"column":0},"end":{"line":44,"column":41}},"12":{"start":{"line":47,"column":0},"end":{"line":47,"column":54}},"13":{"start":{"line":52,"column":0},"end":{"line":52,"column":70}},"14":{"start":{"line":55,"column":0},"end":{"line":55,"column":85}},"15":{"start":{"line":58,"column":0},"end":{"line":58,"column":63}},"16":{"start":{"line":61,"column":0},"end":{"line":61,"column":82}},"17":{"start":{"line":64,"column":0},"end":{"line":64,"column":61}},"18":{"start":{"line":67,"column":0},"end":{"line":67,"column":68}},"19":{"start":{"line":72,"column":0},"end":{"line":72,"column":53}},"20":{"start":{"line":77,"column":0},"end":{"line":77,"column":51}},"21":{"start":{"line":80,"column":0},"end":{"line":80,"column":52}},"22":{"start":{"line":82,"column":0},"end":{"line":82,"column":24}}},"fnMap":{},"branchMap":{},"s":{"0":1,"1":1,"2":1,"3":1,"4":1,"5":1,"6":1,"7":1,"8":1,"9":1,"10":1,"11":1,"12":1,"13":1,"14":1,"15":1,"16":1,"17":1,"18":1,"19":1,"20":1,"21":1,"22":1},"f":{},"b":{},"_coverageSchema":"1a1c01bbd47fc00a2c39e90264f33305004495a9","hash":"8a803b746edb68c82d7aaa0846a0d59b36f56ae0"}
,"C:\\Users\\ayush\\OneDrive\\Desktop\\Acadeno\\lms\\acadeno-lms\\temp_friend_repo\\lms_backend\\src\\services\\emailService.js": {"path":"C:\\Users\\ayush\\OneDrive\\Desktop\\Acadeno\\lms\\acadeno-lms\\temp_friend_repo\\lms_backend\\src\\services\\emailService.js","statementMap":{"0":{"start":{"line":1,"column":0},"end":{"line":1,"column":27}},"1":{"start":{"line":2,"column":19},"end":{"line":2,"column":40}},"2":{"start":{"line":4,"column":20},"end":{"line":10,"column":2}},"3":{"start":{"line":13,"column":19},"end":{"line":16,"column":3}},"4":{"start":{"line":18,"column":19},"end":{"line":21,"column":3}},"5":{"start":{"line":23,"column":2},"end":{"line":28,"column":5}},"6":{"start":{"line":32,"column":2},"end":{"line":37,"column":5}},"7":{"start":{"line":41,"column":2},"end":{"line":46,"column":5}},"8":{"start":{"line":50,"column":2},"end":{"line":55,"column":5}},"9":{"start":{"line":65,"column":2},"end":{"line":86,"column":5}},"10":{"start":{"line":96,"column":2},"end":{"line":113,"column":5}},"11":{"start":{"line":123,"column":2},"end":{"line":140,"column":5}},"12":{"start":{"line":149,"column":2},"end":{"line":177,"column":5}},"13":{"start":{"line":180,"column":0},"end":{"line":189,"column":2}}},"fnMap":{"0":{"name":"sendOTPEmail","decl":{"start":{"line":12,"column":15},"end":{"line":12,"column":27}},"loc":{"start":{"line":12,"column":51},"end":{"line":29,"column":1}},"line":12},"1":{"name":"sendLockoutEmail","decl":{"start":{"line":31,"column":15},"end":{"line":31,"column":31}},"loc":{"start":{"line":31,"column":54},"end":{"line":38,"column":1}},"line":31},"2":{"name":"sendLeadArchiveEmail","decl":{"start":{"line":40,"column":15},"end":{"line":40,"column":35}},"loc":{"start":{"line":40,"column":73},"end":{"line":47,"column":1}},"line":40},"3":{"name":"sendFollowUpReminderEmail","decl":{"start":{"line":49,"column":15},"end":{"line":49,"column":40}},"loc":{"start":{"line":49,"column":94},"end":{"line":56,"column":1}},"line":49},"4":{"name":"sendWelcomeCredentialsEmail","decl":{"start":{"line":64,"column":15},"end":{"line":64,"column":42}},"loc":{"start":{"line":64,"column":90},"end":{"line":87,"column":1}},"line":64},"5":{"name":"sendPaymentLinkEmail","decl":{"start":{"line":95,"column":15},"end":{"line":95,"column":35}},"loc":{"start":{"line":95,"column":90},"end":{"line":114,"column":1}},"line":95},"6":{"name":"sendRegistrationInviteEmail","decl":{"start":{"line":122,"column":15},"end":{"line":122,"column":42}},"loc":{"start":{"line":122,"column":73},"end":{"line":141,"column":1}},"line":122},"7":{"name":"sendEnrollmentSuccessEmail","decl":{"start":{"line":148,"column":15},"end":{"line":148,"column":41}},"loc":{"start":{"line":148,"column":101},"end":{"line":178,"column":1}},"line":148}},"branchMap":{"0":{"loc":{"start":{"line":54,"column":144},"end":{"line":54,"column":177}},"type":"binary-expr","locations":[{"start":{"line":54,"column":144},"end":{"line":54,"column":152}},{"start":{"line":54,"column":156},"end":{"line":54,"column":177}}],"line":54}},"s":{"0":7,"1":7,"2":7,"3":0,"4":0,"5":0,"6":0,"7":0,"8":0,"9":0,"10":0,"11":1,"12":0,"13":7},"f":{"0":0,"1":0,"2":0,"3":0,"4":0,"5":0,"6":1,"7":0},"b":{"0":[0,0]},"_coverageSchema":"1a1c01bbd47fc00a2c39e90264f33305004495a9","hash":"5a5dc43823309500386f996b8924d33b5b75402e"}
,"C:\\Users\\ayush\\OneDrive\\Desktop\\Acadeno\\lms\\acadeno-lms\\temp_friend_repo\\lms_backend\\src\\services\\pinCodeService.js": {"path":"C:\\Users\\ayush\\OneDrive\\Desktop\\Acadeno\\lms\\acadeno-lms\\temp_friend_repo\\lms_backend\\src\\services\\pinCodeService.js","statementMap":{"0":{"start":{"line":9,"column":14},"end":{"line":9,"column":30}},"1":{"start":{"line":11,"column":23},"end":{"line":11,"column":27}},"2":{"start":{"line":18,"column":2},"end":{"line":20,"column":3}},"3":{"start":{"line":19,"column":4},"end":{"line":19,"column":89}},"4":{"start":{"line":22,"column":2},"end":{"line":73,"column":5}},"5":{"start":{"line":23,"column":16},"end":{"line":23,"column":61}},"6":{"start":{"line":25,"column":16},"end":{"line":61,"column":6}},"7":{"start":{"line":26,"column":17},"end":{"line":26,"column":19}},"8":{"start":{"line":28,"column":6},"end":{"line":30,"column":9}},"9":{"start":{"line":29,"column":8},"end":{"line":29,"column":22}},"10":{"start":{"line":32,"column":6},"end":{"line":60,"column":9}},"11":{"start":{"line":33,"column":8},"end":{"line":59,"column":9}},"12":{"start":{"line":34,"column":25},"end":{"line":34,"column":41}},"13":{"start":{"line":36,"column":10},"end":{"line":55,"column":11}},"14":{"start":{"line":42,"column":31},"end":{"line":42,"column":54}},"15":{"start":{"line":43,"column":12},"end":{"line":47,"column":15}},"16":{"start":{"line":49,"column":12},"end":{"line":54,"column":15}},"17":{"start":{"line":57,"column":10},"end":{"line":57,"column":66}},"18":{"start":{"line":58,"column":10},"end":{"line":58,"column":92}},"19":{"start":{"line":63,"column":4},"end":{"line":66,"column":7}},"20":{"start":{"line":64,"column":6},"end":{"line":64,"column":59}},"21":{"start":{"line":65,"column":6},"end":{"line":65,"column":85}},"22":{"start":{"line":68,"column":4},"end":{"line":72,"column":7}},"23":{"start":{"line":69,"column":6},"end":{"line":69,"column":20}},"24":{"start":{"line":70,"column":6},"end":{"line":70,"column":39}},"25":{"start":{"line":71,"column":6},"end":{"line":71,"column":81}},"26":{"start":{"line":76,"column":0},"end":{"line":76,"column":35}}},"fnMap":{"0":{"name":"lookupPinCode","decl":{"start":{"line":16,"column":15},"end":{"line":16,"column":28}},"loc":{"start":{"line":16,"column":34},"end":{"line":74,"column":1}},"line":16},"1":{"name":"(anonymous_1)","decl":{"start":{"line":22,"column":21},"end":{"line":22,"column":22}},"loc":{"start":{"line":22,"column":34},"end":{"line":73,"column":3}},"line":22},"2":{"name":"(anonymous_2)","decl":{"start":{"line":25,"column":60},"end":{"line":25,"column":61}},"loc":{"start":{"line":25,"column":69},"end":{"line":61,"column":5}},"line":25},"3":{"name":"(anonymous_3)","decl":{"start":{"line":28,"column":21},"end":{"line":28,"column":22}},"loc":{"start":{"line":28,"column":32},"end":{"line":30,"column":7}},"line":28},"4":{"name":"(anonymous_4)","decl":{"start":{"line":32,"column":20},"end":{"line":32,"column":21}},"loc":{"start":{"line":32,"column":26},"end":{"line":60,"column":7}},"line":32},"5":{"name":"(anonymous_5)","decl":{"start":{"line":63,"column":20},"end":{"line":63,"column":21}},"loc":{"start":{"line":63,"column":29},"end":{"line":66,"column":5}},"line":63},"6":{"name":"(anonymous_6)","decl":{"start":{"line":68,"column":22},"end":{"line":68,"column":23}},"loc":{"start":{"line":68,"column":28},"end":{"line":72,"column":5}},"line":68}},"branchMap":{"0":{"loc":{"start":{"line":18,"column":2},"end":{"line":20,"column":3}},"type":"if","locations":[{"start":{"line":18,"column":2},"end":{"line":20,"column":3}},{"start":{},"end":{}}],"line":18},"1":{"loc":{"start":{"line":36,"column":10},"end":{"line":55,"column":11}},"type":"if","locations":[{"start":{"line":36,"column":10},"end":{"line":55,"column":11}},{"start":{"line":48,"column":17},"end":{"line":55,"column":11}}],"line":36},"2":{"loc":{"start":{"line":37,"column":12},"end":{"line":40,"column":43}},"type":"binary-expr","locations":[{"start":{"line":37,"column":12},"end":{"line":37,"column":33}},{"start":{"line":38,"column":12},"end":{"line":38,"column":43}},{"start":{"line":39,"column":12},"end":{"line":39,"column":48}},{"start":{"line":40,"column":12},"end":{"line":40,"column":43}}],"line":37},"3":{"loc":{"start":{"line":44,"column":24},"end":{"line":44,"column":62}},"type":"binary-expr","locations":[{"start":{"line":44,"column":24},"end":{"line":44,"column":43}},{"start":{"line":44,"column":47},"end":{"line":44,"column":62}}],"line":44}},"s":{"0":1,"1":1,"2":0,"3":0,"4":0,"5":0,"6":0,"7":0,"8":0,"9":0,"10":0,"11":0,"12":0,"13":0,"14":0,"15":0,"16":0,"17":0,"18":0,"19":0,"20":0,"21":0,"22":0,"23":0,"24":0,"25":0,"26":1},"f":{"0":0,"1":0,"2":0,"3":0,"4":0,"5":0,"6":0},"b":{"0":[0,0],"1":[0,0],"2":[0,0,0,0],"3":[0,0]},"_coverageSchema":"1a1c01bbd47fc00a2c39e90264f33305004495a9","hash":"3dce0c7a285e016d31728a9cf4dd6feccd28a93c"}
,"C:\\Users\\ayush\\OneDrive\\Desktop\\Acadeno\\lms\\acadeno-lms\\temp_friend_repo\\lms_backend\\src\\utils\\csvParser.js": {"path":"C:\\Users\\ayush\\OneDrive\\Desktop\\Acadeno\\lms\\acadeno-lms\\temp_friend_repo\\lms_backend\\src\\utils\\csvParser.js","statementMap":{"0":{"start":{"line":1,"column":12},"end":{"line":1,"column":33}},"1":{"start":{"line":2,"column":21},"end":{"line":2,"column":38}},"2":{"start":{"line":10,"column":2},"end":{"line":22,"column":5}},"3":{"start":{"line":11,"column":20},"end":{"line":11,"column":22}},"4":{"start":{"line":13,"column":19},"end":{"line":13,"column":51}},"5":{"start":{"line":15,"column":4},"end":{"line":21,"column":41}},"6":{"start":{"line":17,"column":36},"end":{"line":17,"column":63}},"7":{"start":{"line":19,"column":28},"end":{"line":19,"column":46}},"8":{"start":{"line":20,"column":23},"end":{"line":20,"column":39}},"9":{"start":{"line":21,"column":28},"end":{"line":21,"column":39}},"10":{"start":{"line":25,"column":0},"end":{"line":25,"column":30}}},"fnMap":{"0":{"name":"parseCSV","decl":{"start":{"line":9,"column":15},"end":{"line":9,"column":23}},"loc":{"start":{"line":9,"column":32},"end":{"line":23,"column":1}},"line":9},"1":{"name":"(anonymous_1)","decl":{"start":{"line":10,"column":21},"end":{"line":10,"column":22}},"loc":{"start":{"line":10,"column":42},"end":{"line":22,"column":3}},"line":10},"2":{"name":"(anonymous_2)","decl":{"start":{"line":17,"column":20},"end":{"line":17,"column":21}},"loc":{"start":{"line":17,"column":36},"end":{"line":17,"column":63}},"line":17},"3":{"name":"(anonymous_3)","decl":{"start":{"line":19,"column":18},"end":{"line":19,"column":19}},"loc":{"start":{"line":19,"column":28},"end":{"line":19,"column":46}},"line":19},"4":{"name":"(anonymous_4)","decl":{"start":{"line":20,"column":17},"end":{"line":20,"column":18}},"loc":{"start":{"line":20,"column":23},"end":{"line":20,"column":39}},"line":20},"5":{"name":"(anonymous_5)","decl":{"start":{"line":21,"column":19},"end":{"line":21,"column":20}},"loc":{"start":{"line":21,"column":28},"end":{"line":21,"column":39}},"line":21}},"branchMap":{},"s":{"0":7,"1":7,"2":3,"3":3,"4":3,"5":3,"6":15,"7":8,"8":3,"9":0,"10":7},"f":{"0":3,"1":3,"2":15,"3":8,"4":3,"5":0},"b":{},"_coverageSchema":"1a1c01bbd47fc00a2c39e90264f33305004495a9","hash":"21e2754d0ccf630250d28626bde649e4fb755dbd"}
,"C:\\Users\\ayush\\OneDrive\\Desktop\\Acadeno\\lms\\acadeno-lms\\temp_friend_repo\\lms_backend\\src\\utils\\redis.js": {"path":"C:\\Users\\ayush\\OneDrive\\Desktop\\Acadeno\\lms\\acadeno-lms\\temp_friend_repo\\lms_backend\\src\\utils\\redis.js","statementMap":{"0":{"start":{"line":1,"column":0},"end":{"line":1,"column":27}},"1":{"start":{"line":2,"column":14},"end":{"line":2,"column":32}},"2":{"start":{"line":4,"column":14},"end":{"line":12,"column":2}},"3":{"start":{"line":6,"column":4},"end":{"line":9,"column":5}},"4":{"start":{"line":7,"column":6},"end":{"line":7,"column":63}},"5":{"start":{"line":8,"column":6},"end":{"line":8,"column":18}},"6":{"start":{"line":10,"column":4},"end":{"line":10,"column":39}},"7":{"start":{"line":14,"column":0},"end":{"line":16,"column":3}},"8":{"start":{"line":15,"column":2},"end":{"line":15,"column":33}},"9":{"start":{"line":18,"column":0},"end":{"line":20,"column":3}},"10":{"start":{"line":19,"column":2},"end":{"line":19,"column":45}},"11":{"start":{"line":22,"column":0},"end":{"line":22,"column":23}}},"fnMap":{"0":{"name":"(anonymous_0)","decl":{"start":{"line":5,"column":2},"end":{"line":5,"column":3}},"loc":{"start":{"line":5,"column":23},"end":{"line":11,"column":3}},"line":5},"1":{"name":"(anonymous_1)","decl":{"start":{"line":14,"column":20},"end":{"line":14,"column":21}},"loc":{"start":{"line":14,"column":26},"end":{"line":16,"column":1}},"line":14},"2":{"name":"(anonymous_2)","decl":{"start":{"line":18,"column":18},"end":{"line":18,"column":19}},"loc":{"start":{"line":18,"column":27},"end":{"line":20,"column":1}},"line":18}},"branchMap":{"0":{"loc":{"start":{"line":6,"column":4},"end":{"line":9,"column":5}},"type":"if","locations":[{"start":{"line":6,"column":4},"end":{"line":9,"column":5}},{"start":{},"end":{}}],"line":6}},"s":{"0":7,"1":7,"2":7,"3":0,"4":0,"5":0,"6":0,"7":7,"8":7,"9":7,"10":0,"11":7},"f":{"0":0,"1":7,"2":0},"b":{"0":[0,0]},"_coverageSchema":"1a1c01bbd47fc00a2c39e90264f33305004495a9","hash":"bb4bd2c9acde42ffe8dca67f68edb51422f2c9f9"}
}
