{"C:\\Users\\ANULAL\\Desktop\\Maitexa\\LMS_AYUSH\\acadeno-lms-test\\lms_backend\\src\\controllers\\courseController.js": {"path":"C:\\Users\\ANULAL\\Desktop\\Maitexa\\LMS_AYUSH\\acadeno-lms-test\\lms_backend\\src\\controllers\\courseController.js","statementMap":{"0":{"start":{"line":20,"column":15},"end":{"line":20,"column":32}},"1":{"start":{"line":21,"column":16},"end":{"line":21,"column":33}},"2":{"start":{"line":22,"column":17},"end":{"line":22,"column":39}},"3":{"start":{"line":23,"column":17},"end":{"line":23,"column":42}},"4":{"start":{"line":24,"column":17},"end":{"line":24,"column":39}},"5":{"start":{"line":25,"column":17},"end":{"line":25,"column":49}},"6":{"start":{"line":30,"column":38},"end":{"line":30,"column":55}},"7":{"start":{"line":31,"column":38},"end":{"line":31,"column":62}},"8":{"start":{"line":32,"column":38},"end":{"line":32,"column":55}},"9":{"start":{"line":33,"column":38},"end":{"line":33,"column":41}},"10":{"start":{"line":34,"column":38},"end":{"line":34,"column":40}},"11":{"start":{"line":35,"column":38},"end":{"line":35,"column":39}},"12":{"start":{"line":36,"column":38},"end":{"line":36,"column":40}},"13":{"start":{"line":37,"column":38},"end":{"line":37,"column":45}},"14":{"start":{"line":38,"column":38},"end":{"line":38,"column":49}},"15":{"start":{"line":39,"column":38},"end":{"line":39,"column":54}},"16":{"start":{"line":40,"column":38},"end":{"line":40,"column":50}},"17":{"start":{"line":41,"column":38},"end":{"line":41,"column":48}},"18":{"start":{"line":42,"column":38},"end":{"line":42,"column":45}},"19":{"start":{"line":43,"column":38},"end":{"line":43,"column":53}},"20":{"start":{"line":45,"column":30},"end":{"line":51,"column":1}},"21":{"start":{"line":56,"column":28},"end":{"line":59,"column":17}},"22":{"start":{"line":61,"column":30},"end":{"line":64,"column":17}},"23":{"start":{"line":66,"column":35},"end":{"line":69,"column":17}},"24":{"start":{"line":75,"column":2},"end":{"line":84,"column":5}},"25":{"start":{"line":76,"column":4},"end":{"line":81,"column":5}},"26":{"start":{"line":77,"column":6},"end":{"line":80,"column":9}},"27":{"start":{"line":82,"column":4},"end":{"line":82,"column":87}},"28":{"start":{"line":82,"column":13},"end":{"line":82,"column":87}},"29":{"start":{"line":83,"column":4},"end":{"line":83,"column":11}},"30":{"start":{"line":88,"column":2},"end":{"line":97,"column":5}},"31":{"start":{"line":89,"column":4},"end":{"line":94,"column":5}},"32":{"start":{"line":90,"column":6},"end":{"line":93,"column":9}},"33":{"start":{"line":95,"column":4},"end":{"line":95,"column":87}},"34":{"start":{"line":95,"column":13},"end":{"line":95,"column":87}},"35":{"start":{"line":96,"column":4},"end":{"line":96,"column":11}},"36":{"start":{"line":101,"column":2},"end":{"line":110,"column":5}},"37":{"start":{"line":102,"column":4},"end":{"line":107,"column":5}},"38":{"start":{"line":103,"column":6},"end":{"line":106,"column":9}},"39":{"start":{"line":108,"column":4},"end":{"line":108,"column":87}},"40":{"start":{"line":108,"column":13},"end":{"line":108,"column":87}},"41":{"start":{"line":109,"column":4},"end":{"line":109,"column":11}},"42":{"start":{"line":122,"column":20},"end":{"line":129,"column":3}},"43":{"start":{"line":130,"column":2},"end":{"line":130,"column":35}},"44":{"start":{"line":137,"column":2},"end":{"line":142,"column":3}},"45":{"start":{"line":138,"column":4},"end":{"line":138,"column":20}},"46":{"start":{"line":139,"column":4},"end":{"line":139,"column":16}},"47":{"start":{"line":141,"column":4},"end":{"line":141,"column":17}},"48":{"start":{"line":152,"column":2},"end":{"line":156,"column":3}},"49":{"start":{"line":153,"column":4},"end":{"line":153,"column":53}},"50":{"start":{"line":155,"column":4},"end":{"line":155,"column":70}},"51":{"start":{"line":168,"column":17},"end":{"line":168,"column":37}},"52":{"start":{"line":169,"column":2},"end":{"line":169,"column":66}},"53":{"start":{"line":171,"column":2},"end":{"line":196,"column":3}},"54":{"start":{"line":172,"column":22},"end":{"line":188,"column":5}},"55":{"start":{"line":190,"column":4},"end":{"line":190,"column":61}},"56":{"start":{"line":192,"column":4},"end":{"line":192,"column":53}},"57":{"start":{"line":193,"column":4},"end":{"line":193,"column":68}},"58":{"start":{"line":195,"column":4},"end":{"line":195,"column":21}},"59":{"start":{"line":203,"column":89},"end":{"line":203,"column":97}},"60":{"start":{"line":206,"column":2},"end":{"line":208,"column":3}},"61":{"start":{"line":207,"column":4},"end":{"line":207,"column":91}},"62":{"start":{"line":209,"column":2},"end":{"line":211,"column":3}},"63":{"start":{"line":210,"column":4},"end":{"line":210,"column":105}},"64":{"start":{"line":213,"column":17},"end":{"line":213,"column":37}},"65":{"start":{"line":214,"column":2},"end":{"line":214,"column":66}},"66":{"start":{"line":216,"column":2},"end":{"line":242,"column":3}},"67":{"start":{"line":217,"column":33},"end":{"line":217,"column":53}},"68":{"start":{"line":218,"column":33},"end":{"line":218,"column":86}},"69":{"start":{"line":219,"column":33},"end":{"line":219,"column":85}},"70":{"start":{"line":220,"column":33},"end":{"line":220,"column":91}},"71":{"start":{"line":221,"column":33},"end":{"line":221,"column":49}},"72":{"start":{"line":223,"column":22},"end":{"line":231,"column":5}},"73":{"start":{"line":233,"column":4},"end":{"line":233,"column":63}},"74":{"start":{"line":235,"column":4},"end":{"line":237,"column":5}},"75":{"start":{"line":236,"column":6},"end":{"line":236,"column":115}},"76":{"start":{"line":238,"column":4},"end":{"line":238,"column":54}},"77":{"start":{"line":239,"column":4},"end":{"line":239,"column":68}},"78":{"start":{"line":241,"column":4},"end":{"line":241,"column":21}},"79":{"start":{"line":249,"column":22},"end":{"line":249,"column":35}},"80":{"start":{"line":251,"column":17},"end":{"line":251,"column":37}},"81":{"start":{"line":252,"column":2},"end":{"line":252,"column":66}},"82":{"start":{"line":254,"column":2},"end":{"line":299,"column":3}},"83":{"start":{"line":256,"column":28},"end":{"line":261,"column":5}},"84":{"start":{"line":263,"column":4},"end":{"line":265,"column":5}},"85":{"start":{"line":264,"column":6},"end":{"line":264,"column":85}},"86":{"start":{"line":268,"column":27},"end":{"line":278,"column":5}},"87":{"start":{"line":281,"column":28},"end":{"line":287,"column":5}},"88":{"start":{"line":289,"column":22},"end":{"line":289,"column":45}},"89":{"start":{"line":290,"column":4},"end":{"line":290,"column":44}},"90":{"start":{"line":291,"column":4},"end":{"line":291,"column":45}},"91":{"start":{"line":293,"column":4},"end":{"line":293,"column":55}},"92":{"start":{"line":295,"column":4},"end":{"line":295,"column":51}},"93":{"start":{"line":296,"column":4},"end":{"line":296,"column":68}},"94":{"start":{"line":298,"column":4},"end":{"line":298,"column":21}},"95":{"start":{"line":306,"column":22},"end":{"line":306,"column":35}},"96":{"start":{"line":307,"column":89},"end":{"line":307,"column":97}},"97":{"start":{"line":310,"column":2},"end":{"line":313,"column":3}},"98":{"start":{"line":312,"column":4},"end":{"line":312,"column":109}},"99":{"start":{"line":315,"column":17},"end":{"line":315,"column":37}},"100":{"start":{"line":316,"column":2},"end":{"line":316,"column":66}},"101":{"start":{"line":318,"column":2},"end":{"line":369,"column":3}},"102":{"start":{"line":319,"column":22},"end":{"line":319,"column":24}},"103":{"start":{"line":320,"column":22},"end":{"line":320,"column":24}},"104":{"start":{"line":321,"column":17},"end":{"line":321,"column":18}},"105":{"start":{"line":323,"column":4},"end":{"line":326,"column":5}},"106":{"start":{"line":324,"column":6},"end":{"line":324,"column":44}},"107":{"start":{"line":325,"column":6},"end":{"line":325,"column":35}},"108":{"start":{"line":327,"column":4},"end":{"line":330,"column":5}},"109":{"start":{"line":328,"column":6},"end":{"line":328,"column":51}},"110":{"start":{"line":329,"column":6},"end":{"line":329,"column":34}},"111":{"start":{"line":331,"column":4},"end":{"line":334,"column":5}},"112":{"start":{"line":332,"column":6},"end":{"line":332,"column":48}},"113":{"start":{"line":333,"column":6},"end":{"line":333,"column":43}},"114":{"start":{"line":335,"column":4},"end":{"line":338,"column":5}},"115":{"start":{"line":336,"column":6},"end":{"line":336,"column":48}},"116":{"start":{"line":337,"column":6},"end":{"line":337,"column":43}},"117":{"start":{"line":339,"column":4},"end":{"line":342,"column":5}},"118":{"start":{"line":340,"column":6},"end":{"line":340,"column":54}},"119":{"start":{"line":341,"column":6},"end":{"line":341,"column":51}},"120":{"start":{"line":343,"column":4},"end":{"line":346,"column":5}},"121":{"start":{"line":344,"column":6},"end":{"line":344,"column":58}},"122":{"start":{"line":345,"column":6},"end":{"line":345,"column":55}},"123":{"start":{"line":348,"column":4},"end":{"line":348,"column":41}},"124":{"start":{"line":349,"column":4},"end":{"line":349,"column":32}},"125":{"start":{"line":351,"column":22},"end":{"line":357,"column":5}},"126":{"start":{"line":359,"column":4},"end":{"line":361,"column":5}},"127":{"start":{"line":360,"column":6},"end":{"line":360,"column":85}},"128":{"start":{"line":363,"column":4},"end":{"line":363,"column":63}},"129":{"start":{"line":365,"column":4},"end":{"line":365,"column":54}},"130":{"start":{"line":366,"column":4},"end":{"line":366,"column":68}},"131":{"start":{"line":368,"column":4},"end":{"line":368,"column":21}},"132":{"start":{"line":377,"column":22},"end":{"line":377,"column":35}},"133":{"start":{"line":379,"column":17},"end":{"line":379,"column":37}},"134":{"start":{"line":380,"column":2},"end":{"line":380,"column":66}},"135":{"start":{"line":382,"column":2},"end":{"line":405,"column":3}},"136":{"start":{"line":383,"column":22},"end":{"line":390,"column":5}},"137":{"start":{"line":392,"column":4},"end":{"line":394,"column":5}},"138":{"start":{"line":393,"column":6},"end":{"line":393,"column":85}},"139":{"start":{"line":396,"column":4},"end":{"line":399,"column":7}},"140":{"start":{"line":401,"column":4},"end":{"line":401,"column":58}},"141":{"start":{"line":402,"column":4},"end":{"line":402,"column":68}},"142":{"start":{"line":404,"column":4},"end":{"line":404,"column":21}},"143":{"start":{"line":416,"column":22},"end":{"line":416,"column":35}},"144":{"start":{"line":418,"column":17},"end":{"line":418,"column":37}},"145":{"start":{"line":419,"column":2},"end":{"line":419,"column":66}},"146":{"start":{"line":421,"column":2},"end":{"line":441,"column":3}},"147":{"start":{"line":422,"column":22},"end":{"line":433,"column":5}},"148":{"start":{"line":435,"column":4},"end":{"line":435,"column":61}},"149":{"start":{"line":437,"column":4},"end":{"line":437,"column":59}},"150":{"start":{"line":438,"column":4},"end":{"line":438,"column":68}},"151":{"start":{"line":440,"column":4},"end":{"line":440,"column":21}},"152":{"start":{"line":448,"column":22},"end":{"line":448,"column":35}},"153":{"start":{"line":449,"column":79},"end":{"line":449,"column":87}},"154":{"start":{"line":452,"column":2},"end":{"line":454,"column":3}},"155":{"start":{"line":453,"column":4},"end":{"line":453,"column":96}},"156":{"start":{"line":456,"column":17},"end":{"line":456,"column":37}},"157":{"start":{"line":457,"column":2},"end":{"line":457,"column":66}},"158":{"start":{"line":459,"column":2},"end":{"line":487,"column":3}},"159":{"start":{"line":461,"column":22},"end":{"line":464,"column":5}},"160":{"start":{"line":466,"column":4},"end":{"line":468,"column":5}},"161":{"start":{"line":467,"column":6},"end":{"line":467,"column":104}},"162":{"start":{"line":470,"column":24},"end":{"line":470,"column":62}},"163":{"start":{"line":472,"column":22},"end":{"line":479,"column":5}},"164":{"start":{"line":481,"column":4},"end":{"line":481,"column":62}},"165":{"start":{"line":483,"column":4},"end":{"line":483,"column":53}},"166":{"start":{"line":484,"column":4},"end":{"line":484,"column":68}},"167":{"start":{"line":486,"column":4},"end":{"line":486,"column":21}},"168":{"start":{"line":494,"column":51},"end":{"line":494,"column":61}},"169":{"start":{"line":495,"column":90},"end":{"line":495,"column":98}},"170":{"start":{"line":497,"column":17},"end":{"line":497,"column":37}},"171":{"start":{"line":498,"column":2},"end":{"line":498,"column":66}},"172":{"start":{"line":500,"column":2},"end":{"line":539,"column":3}},"173":{"start":{"line":501,"column":22},"end":{"line":501,"column":24}},"174":{"start":{"line":502,"column":22},"end":{"line":502,"column":24}},"175":{"start":{"line":503,"column":17},"end":{"line":503,"column":18}},"176":{"start":{"line":505,"column":4},"end":{"line":505,"column":117}},"177":{"start":{"line":505,"column":36},"end":{"line":505,"column":74}},"178":{"start":{"line":505,"column":81},"end":{"line":505,"column":115}},"179":{"start":{"line":506,"column":4},"end":{"line":506,"column":108}},"180":{"start":{"line":506,"column":36},"end":{"line":506,"column":78}},"181":{"start":{"line":506,"column":81},"end":{"line":506,"column":106}},"182":{"start":{"line":507,"column":4},"end":{"line":507,"column":110}},"183":{"start":{"line":507,"column":36},"end":{"line":507,"column":80}},"184":{"start":{"line":507,"column":81},"end":{"line":507,"column":108}},"185":{"start":{"line":508,"column":4},"end":{"line":508,"column":110}},"186":{"start":{"line":508,"column":36},"end":{"line":508,"column":80}},"187":{"start":{"line":508,"column":81},"end":{"line":508,"column":108}},"188":{"start":{"line":509,"column":4},"end":{"line":509,"column":108}},"189":{"start":{"line":509,"column":36},"end":{"line":509,"column":78}},"190":{"start":{"line":509,"column":81},"end":{"line":509,"column":106}},"191":{"start":{"line":510,"column":4},"end":{"line":510,"column":122}},"192":{"start":{"line":510,"column":36},"end":{"line":510,"column":78}},"193":{"start":{"line":510,"column":81},"end":{"line":510,"column":120}},"194":{"start":{"line":511,"column":4},"end":{"line":511,"column":109}},"195":{"start":{"line":511,"column":36},"end":{"line":511,"column":79}},"196":{"start":{"line":511,"column":81},"end":{"line":511,"column":107}},"197":{"start":{"line":513,"column":4},"end":{"line":515,"column":5}},"198":{"start":{"line":514,"column":6},"end":{"line":514,"column":111}},"199":{"start":{"line":517,"column":4},"end":{"line":517,"column":41}},"200":{"start":{"line":518,"column":4},"end":{"line":518,"column":44}},"201":{"start":{"line":520,"column":22},"end":{"line":527,"column":5}},"202":{"start":{"line":529,"column":4},"end":{"line":531,"column":5}},"203":{"start":{"line":530,"column":6},"end":{"line":530,"column":84}},"204":{"start":{"line":533,"column":4},"end":{"line":533,"column":62}},"205":{"start":{"line":535,"column":4},"end":{"line":535,"column":53}},"206":{"start":{"line":536,"column":4},"end":{"line":536,"column":68}},"207":{"start":{"line":538,"column":4},"end":{"line":538,"column":21}},"208":{"start":{"line":550,"column":22},"end":{"line":550,"column":35}},"209":{"start":{"line":552,"column":17},"end":{"line":552,"column":37}},"210":{"start":{"line":553,"column":2},"end":{"line":553,"column":66}},"211":{"start":{"line":555,"column":2},"end":{"line":619,"column":3}},"212":{"start":{"line":556,"column":25},"end":{"line":562,"column":5}},"213":{"start":{"line":565,"column":25},"end":{"line":565,"column":57}},"214":{"start":{"line":565,"column":52},"end":{"line":565,"column":56}},"215":{"start":{"line":567,"column":4},"end":{"line":569,"column":5}},"216":{"start":{"line":568,"column":6},"end":{"line":568,"column":51}},"217":{"start":{"line":571,"column":25},"end":{"line":577,"column":5}},"218":{"start":{"line":579,"column":22},"end":{"line":579,"column":54}},"219":{"start":{"line":579,"column":49},"end":{"line":579,"column":53}},"220":{"start":{"line":580,"column":27},"end":{"line":580,"column":39}},"221":{"start":{"line":582,"column":4},"end":{"line":592,"column":5}},"222":{"start":{"line":583,"column":6},"end":{"line":591,"column":8}},"223":{"start":{"line":595,"column":23},"end":{"line":595,"column":25}},"224":{"start":{"line":596,"column":4},"end":{"line":599,"column":5}},"225":{"start":{"line":597,"column":6},"end":{"line":597,"column":85}},"226":{"start":{"line":597,"column":46},"end":{"line":597,"column":85}},"227":{"start":{"line":598,"column":6},"end":{"line":598,"column":54}},"228":{"start":{"line":601,"column":26},"end":{"line":601,"column":28}},"229":{"start":{"line":602,"column":4},"end":{"line":606,"column":5}},"230":{"start":{"line":603,"column":6},"end":{"line":603,"column":81}},"231":{"start":{"line":603,"column":44},"end":{"line":603,"column":81}},"232":{"start":{"line":604,"column":6},"end":{"line":604,"column":57}},"233":{"start":{"line":605,"column":6},"end":{"line":605,"column":51}},"234":{"start":{"line":608,"column":23},"end":{"line":611,"column":7}},"235":{"start":{"line":608,"column":58},"end":{"line":611,"column":5}},"236":{"start":{"line":613,"column":4},"end":{"line":613,"column":57}},"237":{"start":{"line":615,"column":4},"end":{"line":615,"column":53}},"238":{"start":{"line":616,"column":4},"end":{"line":616,"column":68}},"239":{"start":{"line":618,"column":4},"end":{"line":618,"column":21}},"240":{"start":{"line":627,"column":22},"end":{"line":627,"column":35}},"241":{"start":{"line":628,"column":30},"end":{"line":628,"column":38}},"242":{"start":{"line":631,"column":2},"end":{"line":633,"column":3}},"243":{"start":{"line":632,"column":4},"end":{"line":632,"column":91}},"244":{"start":{"line":635,"column":17},"end":{"line":635,"column":37}},"245":{"start":{"line":636,"column":2},"end":{"line":636,"column":66}},"246":{"start":{"line":638,"column":2},"end":{"line":670,"column":3}},"247":{"start":{"line":640,"column":4},"end":{"line":645,"column":5}},"248":{"start":{"line":641,"column":25},"end":{"line":641,"column":87}},"249":{"start":{"line":642,"column":6},"end":{"line":644,"column":7}},"250":{"start":{"line":643,"column":8},"end":{"line":643,"column":101}},"251":{"start":{"line":648,"column":22},"end":{"line":648,"column":76}},"252":{"start":{"line":649,"column":4},"end":{"line":655,"column":5}},"253":{"start":{"line":650,"column":21},"end":{"line":653,"column":7}},"254":{"start":{"line":654,"column":6},"end":{"line":654,"column":44}},"255":{"start":{"line":657,"column":22},"end":{"line":662,"column":5}},"256":{"start":{"line":664,"column":4},"end":{"line":664,"column":63}},"257":{"start":{"line":666,"column":4},"end":{"line":666,"column":54}},"258":{"start":{"line":667,"column":4},"end":{"line":667,"column":68}},"259":{"start":{"line":669,"column":4},"end":{"line":669,"column":21}},"260":{"start":{"line":677,"column":50},"end":{"line":677,"column":60}},"261":{"start":{"line":678,"column":20},"end":{"line":678,"column":28}},"262":{"start":{"line":681,"column":2},"end":{"line":683,"column":3}},"263":{"start":{"line":682,"column":4},"end":{"line":682,"column":91}},"264":{"start":{"line":685,"column":17},"end":{"line":685,"column":37}},"265":{"start":{"line":686,"column":2},"end":{"line":686,"column":66}},"266":{"start":{"line":688,"column":2},"end":{"line":713,"column":3}},"267":{"start":{"line":689,"column":4},"end":{"line":694,"column":5}},"268":{"start":{"line":690,"column":25},"end":{"line":690,"column":87}},"269":{"start":{"line":691,"column":6},"end":{"line":693,"column":7}},"270":{"start":{"line":692,"column":8},"end":{"line":692,"column":101}},"271":{"start":{"line":696,"column":22},"end":{"line":701,"column":5}},"272":{"start":{"line":703,"column":4},"end":{"line":705,"column":5}},"273":{"start":{"line":704,"column":6},"end":{"line":704,"column":85}},"274":{"start":{"line":707,"column":4},"end":{"line":707,"column":63}},"275":{"start":{"line":709,"column":4},"end":{"line":709,"column":54}},"276":{"start":{"line":710,"column":4},"end":{"line":710,"column":68}},"277":{"start":{"line":712,"column":4},"end":{"line":712,"column":21}},"278":{"start":{"line":720,"column":50},"end":{"line":720,"column":60}},"279":{"start":{"line":722,"column":17},"end":{"line":722,"column":37}},"280":{"start":{"line":723,"column":2},"end":{"line":723,"column":66}},"281":{"start":{"line":725,"column":2},"end":{"line":764,"column":3}},"282":{"start":{"line":726,"column":4},"end":{"line":731,"column":5}},"283":{"start":{"line":727,"column":25},"end":{"line":727,"column":87}},"284":{"start":{"line":728,"column":6},"end":{"line":730,"column":7}},"285":{"start":{"line":729,"column":8},"end":{"line":729,"column":101}},"286":{"start":{"line":734,"column":28},"end":{"line":740,"column":5}},"287":{"start":{"line":742,"column":4},"end":{"line":747,"column":5}},"288":{"start":{"line":743,"column":6},"end":{"line":746,"column":9}},"289":{"start":{"line":749,"column":22},"end":{"line":752,"column":5}},"290":{"start":{"line":754,"column":4},"end":{"line":756,"column":5}},"291":{"start":{"line":755,"column":6},"end":{"line":755,"column":85}},"292":{"start":{"line":758,"column":4},"end":{"line":758,"column":77}},"293":{"start":{"line":760,"column":4},"end":{"line":760,"column":54}},"294":{"start":{"line":761,"column":4},"end":{"line":761,"column":68}},"295":{"start":{"line":763,"column":4},"end":{"line":763,"column":21}},"296":{"start":{"line":771,"column":22},"end":{"line":771,"column":35}},"297":{"start":{"line":772,"column":20},"end":{"line":772,"column":28}},"298":{"start":{"line":775,"column":2},"end":{"line":777,"column":3}},"299":{"start":{"line":776,"column":4},"end":{"line":776,"column":97}},"300":{"start":{"line":779,"column":17},"end":{"line":779,"column":37}},"301":{"start":{"line":780,"column":2},"end":{"line":780,"column":66}},"302":{"start":{"line":782,"column":2},"end":{"line":807,"column":3}},"303":{"start":{"line":783,"column":4},"end":{"line":788,"column":5}},"304":{"start":{"line":784,"column":25},"end":{"line":784,"column":87}},"305":{"start":{"line":785,"column":6},"end":{"line":787,"column":7}},"306":{"start":{"line":786,"column":8},"end":{"line":786,"column":101}},"307":{"start":{"line":790,"column":4},"end":{"line":790,"column":32}},"308":{"start":{"line":791,"column":4},"end":{"line":797,"column":5}},"309":{"start":{"line":792,"column":6},"end":{"line":792,"column":66}},"310":{"start":{"line":792,"column":57},"end":{"line":792,"column":66}},"311":{"start":{"line":793,"column":6},"end":{"line":796,"column":8}},"312":{"start":{"line":798,"column":4},"end":{"line":798,"column":33}},"313":{"start":{"line":800,"column":4},"end":{"line":800,"column":80}},"314":{"start":{"line":802,"column":4},"end":{"line":802,"column":35}},"315":{"start":{"line":803,"column":4},"end":{"line":803,"column":56}},"316":{"start":{"line":804,"column":4},"end":{"line":804,"column":68}},"317":{"start":{"line":806,"column":4},"end":{"line":806,"column":21}},"318":{"start":{"line":818,"column":50},"end":{"line":818,"column":60}},"319":{"start":{"line":819,"column":30},"end":{"line":819,"column":38}},"320":{"start":{"line":822,"column":2},"end":{"line":824,"column":3}},"321":{"start":{"line":823,"column":4},"end":{"line":823,"column":91}},"322":{"start":{"line":826,"column":17},"end":{"line":826,"column":37}},"323":{"start":{"line":827,"column":2},"end":{"line":827,"column":66}},"324":{"start":{"line":829,"column":2},"end":{"line":859,"column":3}},"325":{"start":{"line":830,"column":4},"end":{"line":835,"column":5}},"326":{"start":{"line":831,"column":25},"end":{"line":831,"column":87}},"327":{"start":{"line":832,"column":6},"end":{"line":834,"column":7}},"328":{"start":{"line":833,"column":8},"end":{"line":833,"column":101}},"329":{"start":{"line":837,"column":22},"end":{"line":837,"column":76}},"330":{"start":{"line":838,"column":4},"end":{"line":844,"column":5}},"331":{"start":{"line":839,"column":21},"end":{"line":842,"column":7}},"332":{"start":{"line":843,"column":6},"end":{"line":843,"column":44}},"333":{"start":{"line":846,"column":22},"end":{"line":851,"column":5}},"334":{"start":{"line":853,"column":4},"end":{"line":853,"column":67}},"335":{"start":{"line":855,"column":4},"end":{"line":855,"column":57}},"336":{"start":{"line":856,"column":4},"end":{"line":856,"column":68}},"337":{"start":{"line":858,"column":4},"end":{"line":858,"column":21}},"338":{"start":{"line":866,"column":73},"end":{"line":866,"column":83}},"339":{"start":{"line":867,"column":20},"end":{"line":867,"column":28}},"340":{"start":{"line":870,"column":2},"end":{"line":872,"column":3}},"341":{"start":{"line":871,"column":4},"end":{"line":871,"column":91}},"342":{"start":{"line":874,"column":17},"end":{"line":874,"column":37}},"343":{"start":{"line":875,"column":2},"end":{"line":875,"column":66}},"344":{"start":{"line":877,"column":2},"end":{"line":902,"column":3}},"345":{"start":{"line":878,"column":4},"end":{"line":883,"column":5}},"346":{"start":{"line":879,"column":25},"end":{"line":879,"column":87}},"347":{"start":{"line":880,"column":6},"end":{"line":882,"column":7}},"348":{"start":{"line":881,"column":8},"end":{"line":881,"column":101}},"349":{"start":{"line":885,"column":22},"end":{"line":890,"column":5}},"350":{"start":{"line":892,"column":4},"end":{"line":894,"column":5}},"351":{"start":{"line":893,"column":6},"end":{"line":893,"column":89}},"352":{"start":{"line":896,"column":4},"end":{"line":896,"column":67}},"353":{"start":{"line":898,"column":4},"end":{"line":898,"column":57}},"354":{"start":{"line":899,"column":4},"end":{"line":899,"column":68}},"355":{"start":{"line":901,"column":4},"end":{"line":901,"column":21}},"356":{"start":{"line":909,"column":50},"end":{"line":909,"column":60}},"357":{"start":{"line":910,"column":20},"end":{"line":910,"column":28}},"358":{"start":{"line":913,"column":2},"end":{"line":915,"column":3}},"359":{"start":{"line":914,"column":4},"end":{"line":914,"column":97}},"360":{"start":{"line":917,"column":17},"end":{"line":917,"column":37}},"361":{"start":{"line":918,"column":2},"end":{"line":918,"column":66}},"362":{"start":{"line":920,"column":2},"end":{"line":945,"column":3}},"363":{"start":{"line":921,"column":4},"end":{"line":926,"column":5}},"364":{"start":{"line":922,"column":25},"end":{"line":922,"column":87}},"365":{"start":{"line":923,"column":6},"end":{"line":925,"column":7}},"366":{"start":{"line":924,"column":8},"end":{"line":924,"column":101}},"367":{"start":{"line":928,"column":4},"end":{"line":928,"column":32}},"368":{"start":{"line":929,"column":4},"end":{"line":935,"column":5}},"369":{"start":{"line":930,"column":6},"end":{"line":930,"column":66}},"370":{"start":{"line":930,"column":57},"end":{"line":930,"column":66}},"371":{"start":{"line":931,"column":6},"end":{"line":934,"column":8}},"372":{"start":{"line":936,"column":4},"end":{"line":936,"column":33}},"373":{"start":{"line":938,"column":4},"end":{"line":938,"column":84}},"374":{"start":{"line":940,"column":4},"end":{"line":940,"column":35}},"375":{"start":{"line":941,"column":4},"end":{"line":941,"column":59}},"376":{"start":{"line":942,"column":4},"end":{"line":942,"column":68}},"377":{"start":{"line":944,"column":4},"end":{"line":944,"column":21}},"378":{"start":{"line":957,"column":65},"end":{"line":957,"column":75}},"379":{"start":{"line":958,"column":58},"end":{"line":958,"column":66}},"380":{"start":{"line":961,"column":2},"end":{"line":963,"column":3}},"381":{"start":{"line":962,"column":4},"end":{"line":962,"column":91}},"382":{"start":{"line":965,"column":29},"end":{"line":965,"column":75}},"383":{"start":{"line":967,"column":2},"end":{"line":972,"column":3}},"384":{"start":{"line":968,"column":4},"end":{"line":971,"column":7}},"385":{"start":{"line":974,"column":2},"end":{"line":983,"column":3}},"386":{"start":{"line":975,"column":4},"end":{"line":980,"column":5}},"387":{"start":{"line":976,"column":6},"end":{"line":979,"column":9}},"388":{"start":{"line":981,"column":9},"end":{"line":983,"column":3}},"389":{"start":{"line":982,"column":4},"end":{"line":982,"column":118}},"390":{"start":{"line":986,"column":2},"end":{"line":991,"column":3}},"391":{"start":{"line":987,"column":4},"end":{"line":990,"column":7}},"392":{"start":{"line":993,"column":17},"end":{"line":993,"column":37}},"393":{"start":{"line":994,"column":2},"end":{"line":994,"column":66}},"394":{"start":{"line":996,"column":2},"end":{"line":1047,"column":3}},"395":{"start":{"line":997,"column":4},"end":{"line":1002,"column":5}},"396":{"start":{"line":998,"column":25},"end":{"line":998,"column":87}},"397":{"start":{"line":999,"column":6},"end":{"line":1001,"column":7}},"398":{"start":{"line":1000,"column":8},"end":{"line":1000,"column":101}},"399":{"start":{"line":1004,"column":25},"end":{"line":1004,"column":29}},"400":{"start":{"line":1005,"column":25},"end":{"line":1005,"column":29}},"401":{"start":{"line":1006,"column":25},"end":{"line":1006,"column":29}},"402":{"start":{"line":1008,"column":4},"end":{"line":1018,"column":5}},"403":{"start":{"line":1009,"column":6},"end":{"line":1009,"column":36}},"404":{"start":{"line":1012,"column":6},"end":{"line":1015,"column":8}},"405":{"start":{"line":1016,"column":6},"end":{"line":1016,"column":72}},"406":{"start":{"line":1017,"column":6},"end":{"line":1017,"column":34}},"407":{"start":{"line":1021,"column":22},"end":{"line":1021,"column":76}},"408":{"start":{"line":1022,"column":4},"end":{"line":1028,"column":5}},"409":{"start":{"line":1023,"column":21},"end":{"line":1026,"column":7}},"410":{"start":{"line":1027,"column":6},"end":{"line":1027,"column":44}},"411":{"start":{"line":1030,"column":22},"end":{"line":1039,"column":5}},"412":{"start":{"line":1041,"column":4},"end":{"line":1041,"column":69}},"413":{"start":{"line":1043,"column":4},"end":{"line":1043,"column":55}},"414":{"start":{"line":1044,"column":4},"end":{"line":1044,"column":68}},"415":{"start":{"line":1046,"column":4},"end":{"line":1046,"column":21}},"416":{"start":{"line":1055,"column":65},"end":{"line":1055,"column":75}},"417":{"start":{"line":1056,"column":30},"end":{"line":1056,"column":38}},"418":{"start":{"line":1059,"column":2},"end":{"line":1061,"column":3}},"419":{"start":{"line":1060,"column":4},"end":{"line":1060,"column":91}},"420":{"start":{"line":1062,"column":2},"end":{"line":1064,"column":3}},"421":{"start":{"line":1063,"column":4},"end":{"line":1063,"column":95}},"422":{"start":{"line":1065,"column":2},"end":{"line":1067,"column":3}},"423":{"start":{"line":1066,"column":4},"end":{"line":1066,"column":108}},"424":{"start":{"line":1069,"column":17},"end":{"line":1069,"column":37}},"425":{"start":{"line":1070,"column":2},"end":{"line":1070,"column":66}},"426":{"start":{"line":1072,"column":2},"end":{"line":1128,"column":3}},"427":{"start":{"line":1073,"column":4},"end":{"line":1078,"column":5}},"428":{"start":{"line":1074,"column":25},"end":{"line":1074,"column":87}},"429":{"start":{"line":1075,"column":6},"end":{"line":1077,"column":7}},"430":{"start":{"line":1076,"column":8},"end":{"line":1076,"column":101}},"431":{"start":{"line":1081,"column":22},"end":{"line":1081,"column":76}},"432":{"start":{"line":1082,"column":4},"end":{"line":1082,"column":65}},"433":{"start":{"line":1085,"column":22},"end":{"line":1085,"column":76}},"434":{"start":{"line":1086,"column":4},"end":{"line":1092,"column":5}},"435":{"start":{"line":1087,"column":21},"end":{"line":1090,"column":7}},"436":{"start":{"line":1091,"column":6},"end":{"line":1091,"column":44}},"437":{"start":{"line":1095,"column":22},"end":{"line":1104,"column":5}},"438":{"start":{"line":1106,"column":25},"end":{"line":1106,"column":45}},"439":{"start":{"line":1109,"column":32},"end":{"line":1109,"column":84}},"440":{"start":{"line":1112,"column":4},"end":{"line":1115,"column":6}},"441":{"start":{"line":1117,"column":4},"end":{"line":1122,"column":7}},"442":{"start":{"line":1124,"column":4},"end":{"line":1124,"column":53}},"443":{"start":{"line":1125,"column":4},"end":{"line":1125,"column":68}},"444":{"start":{"line":1127,"column":4},"end":{"line":1127,"column":21}},"445":{"start":{"line":1135,"column":65},"end":{"line":1135,"column":75}},"446":{"start":{"line":1137,"column":17},"end":{"line":1137,"column":37}},"447":{"start":{"line":1138,"column":2},"end":{"line":1138,"column":66}},"448":{"start":{"line":1140,"column":2},"end":{"line":1157,"column":3}},"449":{"start":{"line":1141,"column":22},"end":{"line":1149,"column":5}},"450":{"start":{"line":1151,"column":4},"end":{"line":1151,"column":67}},"451":{"start":{"line":1153,"column":4},"end":{"line":1153,"column":53}},"452":{"start":{"line":1154,"column":4},"end":{"line":1154,"column":68}},"453":{"start":{"line":1156,"column":4},"end":{"line":1156,"column":21}},"454":{"start":{"line":1164,"column":23},"end":{"line":1164,"column":43}},"455":{"start":{"line":1166,"column":17},"end":{"line":1166,"column":37}},"456":{"start":{"line":1167,"column":2},"end":{"line":1167,"column":66}},"457":{"start":{"line":1169,"column":2},"end":{"line":1212,"column":3}},"458":{"start":{"line":1170,"column":22},"end":{"line":1175,"column":5}},"459":{"start":{"line":1177,"column":4},"end":{"line":1179,"column":5}},"460":{"start":{"line":1178,"column":6},"end":{"line":1178,"column":91}},"461":{"start":{"line":1181,"column":20},"end":{"line":1181,"column":37}},"462":{"start":{"line":1184,"column":4},"end":{"line":1186,"column":5}},"463":{"start":{"line":1185,"column":6},"end":{"line":1185,"column":101}},"464":{"start":{"line":1189,"column":4},"end":{"line":1197,"column":5}},"465":{"start":{"line":1190,"column":6},"end":{"line":1195,"column":7}},"466":{"start":{"line":1191,"column":8},"end":{"line":1194,"column":11}},"467":{"start":{"line":1196,"column":6},"end":{"line":1196,"column":96}},"468":{"start":{"line":1200,"column":4},"end":{"line":1202,"column":5}},"469":{"start":{"line":1201,"column":6},"end":{"line":1201,"column":88}},"470":{"start":{"line":1204,"column":19},"end":{"line":1204,"column":58}},"471":{"start":{"line":1206,"column":4},"end":{"line":1206,"column":85}},"472":{"start":{"line":1208,"column":4},"end":{"line":1208,"column":55}},"473":{"start":{"line":1209,"column":4},"end":{"line":1209,"column":68}},"474":{"start":{"line":1211,"column":4},"end":{"line":1211,"column":21}},"475":{"start":{"line":1219,"column":23},"end":{"line":1219,"column":43}},"476":{"start":{"line":1221,"column":17},"end":{"line":1221,"column":37}},"477":{"start":{"line":1222,"column":2},"end":{"line":1222,"column":66}},"478":{"start":{"line":1224,"column":2},"end":{"line":1250,"column":3}},"479":{"start":{"line":1225,"column":22},"end":{"line":1230,"column":5}},"480":{"start":{"line":1232,"column":4},"end":{"line":1234,"column":5}},"481":{"start":{"line":1233,"column":6},"end":{"line":1233,"column":91}},"482":{"start":{"line":1236,"column":20},"end":{"line":1236,"column":37}},"483":{"start":{"line":1238,"column":4},"end":{"line":1244,"column":7}},"484":{"start":{"line":1246,"column":4},"end":{"line":1246,"column":60}},"485":{"start":{"line":1247,"column":4},"end":{"line":1247,"column":68}},"486":{"start":{"line":1249,"column":4},"end":{"line":1249,"column":21}},"487":{"start":{"line":1257,"column":23},"end":{"line":1257,"column":36}},"488":{"start":{"line":1259,"column":17},"end":{"line":1259,"column":37}},"489":{"start":{"line":1260,"column":2},"end":{"line":1260,"column":66}},"490":{"start":{"line":1262,"column":2},"end":{"line":1313,"column":3}},"491":{"start":{"line":1263,"column":22},"end":{"line":1272,"column":5}},"492":{"start":{"line":1274,"column":4},"end":{"line":1276,"column":5}},"493":{"start":{"line":1275,"column":6},"end":{"line":1275,"column":91}},"494":{"start":{"line":1278,"column":20},"end":{"line":1278,"column":37}},"495":{"start":{"line":1281,"column":4},"end":{"line":1286,"column":5}},"496":{"start":{"line":1282,"column":25},"end":{"line":1282,"column":93}},"497":{"start":{"line":1283,"column":6},"end":{"line":1285,"column":7}},"498":{"start":{"line":1284,"column":8},"end":{"line":1284,"column":101}},"499":{"start":{"line":1289,"column":4},"end":{"line":1295,"column":5}},"500":{"start":{"line":1291,"column":6},"end":{"line":1294,"column":9}},"501":{"start":{"line":1297,"column":23},"end":{"line":1302,"column":5}},"502":{"start":{"line":1305,"column":4},"end":{"line":1305,"column":60}},"503":{"start":{"line":1307,"column":4},"end":{"line":1307,"column":70}},"504":{"start":{"line":1309,"column":4},"end":{"line":1309,"column":56}},"505":{"start":{"line":1310,"column":4},"end":{"line":1310,"column":68}},"506":{"start":{"line":1312,"column":4},"end":{"line":1312,"column":21}},"507":{"start":{"line":1320,"column":23},"end":{"line":1320,"column":36}},"508":{"start":{"line":1322,"column":17},"end":{"line":1322,"column":37}},"509":{"start":{"line":1323,"column":2},"end":{"line":1323,"column":66}},"510":{"start":{"line":1325,"column":2},"end":{"line":1363,"column":3}},"511":{"start":{"line":1326,"column":22},"end":{"line":1333,"column":5}},"512":{"start":{"line":1335,"column":4},"end":{"line":1337,"column":5}},"513":{"start":{"line":1336,"column":6},"end":{"line":1336,"column":91}},"514":{"start":{"line":1339,"column":20},"end":{"line":1339,"column":37}},"515":{"start":{"line":1341,"column":4},"end":{"line":1346,"column":5}},"516":{"start":{"line":1342,"column":25},"end":{"line":1342,"column":93}},"517":{"start":{"line":1343,"column":6},"end":{"line":1345,"column":7}},"518":{"start":{"line":1344,"column":8},"end":{"line":1344,"column":101}},"519":{"start":{"line":1348,"column":23},"end":{"line":1353,"column":5}},"520":{"start":{"line":1355,"column":4},"end":{"line":1355,"column":60}},"521":{"start":{"line":1357,"column":4},"end":{"line":1357,"column":70}},"522":{"start":{"line":1359,"column":4},"end":{"line":1359,"column":58}},"523":{"start":{"line":1360,"column":4},"end":{"line":1360,"column":68}},"524":{"start":{"line":1362,"column":4},"end":{"line":1362,"column":21}},"525":{"start":{"line":1371,"column":2},"end":{"line":1381,"column":3}},"526":{"start":{"line":1372,"column":23},"end":{"line":1375,"column":5}},"527":{"start":{"line":1376,"column":4},"end":{"line":1378,"column":5}},"528":{"start":{"line":1377,"column":6},"end":{"line":1377,"column":50}},"529":{"start":{"line":1380,"column":4},"end":{"line":1380,"column":64}},"530":{"start":{"line":1392,"column":22},"end":{"line":1392,"column":40}},"531":{"start":{"line":1393,"column":22},"end":{"line":1393,"column":53}},"532":{"start":{"line":1395,"column":17},"end":{"line":1395,"column":37}},"533":{"start":{"line":1396,"column":2},"end":{"line":1396,"column":66}},"534":{"start":{"line":1398,"column":2},"end":{"line":1553,"column":3}},"535":{"start":{"line":1400,"column":4},"end":{"line":1408,"column":5}},"536":{"start":{"line":1401,"column":23},"end":{"line":1404,"column":7}},"537":{"start":{"line":1405,"column":6},"end":{"line":1407,"column":7}},"538":{"start":{"line":1406,"column":8},"end":{"line":1406,"column":100}},"539":{"start":{"line":1411,"column":22},"end":{"line":1411,"column":50}},"540":{"start":{"line":1412,"column":4},"end":{"line":1414,"column":5}},"541":{"start":{"line":1413,"column":6},"end":{"line":1413,"column":57}},"542":{"start":{"line":1417,"column":27},"end":{"line":1421,"column":5}},"543":{"start":{"line":1422,"column":4},"end":{"line":1424,"column":5}},"544":{"start":{"line":1423,"column":6},"end":{"line":1423,"column":84}},"545":{"start":{"line":1425,"column":23},"end":{"line":1425,"column":45}},"546":{"start":{"line":1426,"column":24},"end":{"line":1426,"column":42}},"547":{"start":{"line":1429,"column":30},"end":{"line":1435,"column":5}},"548":{"start":{"line":1436,"column":28},"end":{"line":1436,"column":50}},"549":{"start":{"line":1437,"column":29},"end":{"line":1437,"column":47}},"550":{"start":{"line":1440,"column":27},"end":{"line":1444,"column":5}},"551":{"start":{"line":1445,"column":25},"end":{"line":1445,"column":44}},"552":{"start":{"line":1446,"column":26},"end":{"line":1446,"column":41}},"553":{"start":{"line":1449,"column":26},"end":{"line":1455,"column":5}},"554":{"start":{"line":1458,"column":27},"end":{"line":1458,"column":29}},"555":{"start":{"line":1459,"column":4},"end":{"line":1462,"column":5}},"556":{"start":{"line":1460,"column":6},"end":{"line":1460,"column":85}},"557":{"start":{"line":1460,"column":46},"end":{"line":1460,"column":85}},"558":{"start":{"line":1461,"column":6},"end":{"line":1461,"column":53}},"559":{"start":{"line":1464,"column":27},"end":{"line":1464,"column":37}},"560":{"start":{"line":1465,"column":27},"end":{"line":1465,"column":29}},"561":{"start":{"line":1466,"column":27},"end":{"line":1466,"column":29}},"562":{"start":{"line":1467,"column":27},"end":{"line":1467,"column":28}},"563":{"start":{"line":1469,"column":4},"end":{"line":1504,"column":5}},"564":{"start":{"line":1470,"column":32},"end":{"line":1470,"column":67}},"565":{"start":{"line":1471,"column":32},"end":{"line":1471,"column":46}},"566":{"start":{"line":1472,"column":32},"end":{"line":1474,"column":11}},"567":{"start":{"line":1477,"column":34},"end":{"line":1477,"column":61}},"568":{"start":{"line":1477,"column":51},"end":{"line":1477,"column":60}},"569":{"start":{"line":1478,"column":25},"end":{"line":1480,"column":14}},"570":{"start":{"line":1479,"column":13},"end":{"line":1479,"column":81}},"571":{"start":{"line":1482,"column":6},"end":{"line":1482,"column":38}},"572":{"start":{"line":1484,"column":26},"end":{"line":1486,"column":14}},"573":{"start":{"line":1484,"column":46},"end":{"line":1484,"column":62}},"574":{"start":{"line":1485,"column":48},"end":{"line":1485,"column":68}},"575":{"start":{"line":1485,"column":95},"end":{"line":1485,"column":111}},"576":{"start":{"line":1488,"column":6},"end":{"line":1493,"column":9}},"577":{"start":{"line":1495,"column":6},"end":{"line":1503,"column":7}},"578":{"start":{"line":1496,"column":8},"end":{"line":1502,"column":11}},"579":{"start":{"line":1507,"column":4},"end":{"line":1507,"column":122}},"580":{"start":{"line":1507,"column":34},"end":{"line":1507,"column":120}},"581":{"start":{"line":1508,"column":30},"end":{"line":1510,"column":49}},"582":{"start":{"line":1510,"column":24},"end":{"line":1510,"column":47}},"583":{"start":{"line":1513,"column":24},"end":{"line":1513,"column":26}},"584":{"start":{"line":1514,"column":4},"end":{"line":1517,"column":5}},"585":{"start":{"line":1515,"column":6},"end":{"line":1515,"column":72}},"586":{"start":{"line":1515,"column":40},"end":{"line":1515,"column":72}},"587":{"start":{"line":1516,"column":6},"end":{"line":1516,"column":36}},"588":{"start":{"line":1519,"column":25},"end":{"line":1527,"column":7}},"589":{"start":{"line":1519,"column":44},"end":{"line":1527,"column":5}},"590":{"start":{"line":1529,"column":29},"end":{"line":1531,"column":9}},"591":{"start":{"line":1533,"column":25},"end":{"line":1542,"column":5}},"592":{"start":{"line":1545,"column":4},"end":{"line":1545,"column":98}},"593":{"start":{"line":1547,"column":4},"end":{"line":1547,"column":46}},"594":{"start":{"line":1549,"column":4},"end":{"line":1549,"column":59}},"595":{"start":{"line":1550,"column":4},"end":{"line":1550,"column":68}},"596":{"start":{"line":1552,"column":4},"end":{"line":1552,"column":21}},"597":{"start":{"line":1561,"column":63},"end":{"line":1561,"column":73}},"598":{"start":{"line":1563,"column":17},"end":{"line":1563,"column":37}},"599":{"start":{"line":1564,"column":2},"end":{"line":1564,"column":66}},"600":{"start":{"line":1566,"column":2},"end":{"line":1614,"column":3}},"601":{"start":{"line":1568,"column":4},"end":{"line":1576,"column":5}},"602":{"start":{"line":1569,"column":23},"end":{"line":1572,"column":7}},"603":{"start":{"line":1573,"column":6},"end":{"line":1575,"column":7}},"604":{"start":{"line":1574,"column":8},"end":{"line":1574,"column":100}},"605":{"start":{"line":1579,"column":29},"end":{"line":1586,"column":5}},"606":{"start":{"line":1588,"column":4},"end":{"line":1590,"column":5}},"607":{"start":{"line":1589,"column":6},"end":{"line":1589,"column":100}},"608":{"start":{"line":1592,"column":23},"end":{"line":1592,"column":47}},"609":{"start":{"line":1595,"column":26},"end":{"line":1603,"column":5}},"610":{"start":{"line":1605,"column":4},"end":{"line":1608,"column":7}},"611":{"start":{"line":1610,"column":4},"end":{"line":1610,"column":57}},"612":{"start":{"line":1611,"column":4},"end":{"line":1611,"column":68}},"613":{"start":{"line":1613,"column":4},"end":{"line":1613,"column":21}},"614":{"start":{"line":1625,"column":21},"end":{"line":1625,"column":39}},"615":{"start":{"line":1626,"column":65},"end":{"line":1626,"column":73}},"616":{"start":{"line":1629,"column":2},"end":{"line":1631,"column":3}},"617":{"start":{"line":1630,"column":4},"end":{"line":1630,"column":91}},"618":{"start":{"line":1632,"column":2},"end":{"line":1634,"column":3}},"619":{"start":{"line":1633,"column":4},"end":{"line":1633,"column":98}},"620":{"start":{"line":1635,"column":2},"end":{"line":1637,"column":3}},"621":{"start":{"line":1636,"column":4},"end":{"line":1636,"column":105}},"622":{"start":{"line":1639,"column":22},"end":{"line":1639,"column":44}},"623":{"start":{"line":1640,"column":2},"end":{"line":1645,"column":3}},"624":{"start":{"line":1641,"column":4},"end":{"line":1644,"column":7}},"625":{"start":{"line":1647,"column":17},"end":{"line":1647,"column":37}},"626":{"start":{"line":1648,"column":2},"end":{"line":1648,"column":66}},"627":{"start":{"line":1650,"column":2},"end":{"line":1677,"column":3}},"628":{"start":{"line":1652,"column":4},"end":{"line":1660,"column":5}},"629":{"start":{"line":1653,"column":23},"end":{"line":1656,"column":7}},"630":{"start":{"line":1657,"column":6},"end":{"line":1659,"column":7}},"631":{"start":{"line":1658,"column":8},"end":{"line":1658,"column":100}},"632":{"start":{"line":1662,"column":31},"end":{"line":1662,"column":85}},"633":{"start":{"line":1664,"column":22},"end":{"line":1669,"column":5}},"634":{"start":{"line":1671,"column":4},"end":{"line":1671,"column":69}},"635":{"start":{"line":1673,"column":4},"end":{"line":1673,"column":59}},"636":{"start":{"line":1674,"column":4},"end":{"line":1674,"column":68}},"637":{"start":{"line":1676,"column":4},"end":{"line":1676,"column":21}},"638":{"start":{"line":1684,"column":21},"end":{"line":1684,"column":39}},"639":{"start":{"line":1686,"column":17},"end":{"line":1686,"column":37}},"640":{"start":{"line":1687,"column":2},"end":{"line":1687,"column":66}},"641":{"start":{"line":1689,"column":2},"end":{"line":1705,"column":3}},"642":{"start":{"line":1690,"column":22},"end":{"line":1697,"column":5}},"643":{"start":{"line":1699,"column":4},"end":{"line":1699,"column":67}},"644":{"start":{"line":1701,"column":4},"end":{"line":1701,"column":58}},"645":{"start":{"line":1702,"column":4},"end":{"line":1702,"column":68}},"646":{"start":{"line":1704,"column":4},"end":{"line":1704,"column":21}},"647":{"start":{"line":1711,"column":0},"end":{"line":1752,"column":2}}},"fnMap":{"0":{"name":"handleDocUpload","decl":{"start":{"line":74,"column":9},"end":{"line":74,"column":24}},"loc":{"start":{"line":74,"column":41},"end":{"line":85,"column":1}},"line":74},"1":{"name":"(anonymous_1)","decl":{"start":{"line":75,"column":32},"end":{"line":75,"column":33}},"loc":{"start":{"line":75,"column":41},"end":{"line":84,"column":3}},"line":75},"2":{"name":"handleVideoUpload","decl":{"start":{"line":87,"column":9},"end":{"line":87,"column":26}},"loc":{"start":{"line":87,"column":43},"end":{"line":98,"column":1}},"line":87},"3":{"name":"(anonymous_3)","decl":{"start":{"line":88,"column":34},"end":{"line":88,"column":35}},"loc":{"start":{"line":88,"column":43},"end":{"line":97,"column":3}},"line":88},"4":{"name":"handleSubmissionUpload","decl":{"start":{"line":100,"column":9},"end":{"line":100,"column":31}},"loc":{"start":{"line":100,"column":48},"end":{"line":111,"column":1}},"line":100},"5":{"name":"(anonymous_5)","decl":{"start":{"line":101,"column":39},"end":{"line":101,"column":40}},"loc":{"start":{"line":101,"column":48},"end":{"line":110,"column":3}},"line":101},"6":{"name":"isTrainerAssigned","decl":{"start":{"line":121,"column":15},"end":{"line":121,"column":32}},"loc":{"start":{"line":121,"column":65},"end":{"line":131,"column":1}},"line":121},"7":{"name":"isValidUrl","decl":{"start":{"line":136,"column":9},"end":{"line":136,"column":19}},"loc":{"start":{"line":136,"column":28},"end":{"line":143,"column":1}},"line":136},"8":{"name":"invalidateDashboardCache","decl":{"start":{"line":151,"column":15},"end":{"line":151,"column":39}},"loc":{"start":{"line":151,"column":52},"end":{"line":157,"column":1}},"line":151},"9":{"name":"listCourses","decl":{"start":{"line":167,"column":15},"end":{"line":167,"column":26}},"loc":{"start":{"line":167,"column":37},"end":{"line":197,"column":1}},"line":167},"10":{"name":"createCourse","decl":{"start":{"line":202,"column":15},"end":{"line":202,"column":27}},"loc":{"start":{"line":202,"column":38},"end":{"line":243,"column":1}},"line":202},"11":{"name":"getCourse","decl":{"start":{"line":248,"column":15},"end":{"line":248,"column":24}},"loc":{"start":{"line":248,"column":35},"end":{"line":300,"column":1}},"line":248},"12":{"name":"updateCourse","decl":{"start":{"line":305,"column":15},"end":{"line":305,"column":27}},"loc":{"start":{"line":305,"column":38},"end":{"line":370,"column":1}},"line":305},"13":{"name":"deactivateCourse","decl":{"start":{"line":376,"column":15},"end":{"line":376,"column":31}},"loc":{"start":{"line":376,"column":42},"end":{"line":406,"column":1}},"line":376},"14":{"name":"listCourseBatches","decl":{"start":{"line":415,"column":15},"end":{"line":415,"column":32}},"loc":{"start":{"line":415,"column":43},"end":{"line":442,"column":1}},"line":415},"15":{"name":"createBatch","decl":{"start":{"line":447,"column":15},"end":{"line":447,"column":26}},"loc":{"start":{"line":447,"column":37},"end":{"line":488,"column":1}},"line":447},"16":{"name":"updateBatch","decl":{"start":{"line":493,"column":15},"end":{"line":493,"column":26}},"loc":{"start":{"line":493,"column":37},"end":{"line":540,"column":1}},"line":493},"17":{"name":"listModules","decl":{"start":{"line":549,"column":15},"end":{"line":549,"column":26}},"loc":{"start":{"line":549,"column":37},"end":{"line":620,"column":1}},"line":549},"18":{"name":"(anonymous_18)","decl":{"start":{"line":565,"column":47},"end":{"line":565,"column":48}},"loc":{"start":{"line":565,"column":52},"end":{"line":565,"column":56}},"line":565},"19":{"name":"(anonymous_19)","decl":{"start":{"line":579,"column":44},"end":{"line":579,"column":45}},"loc":{"start":{"line":579,"column":49},"end":{"line":579,"column":53}},"line":579},"20":{"name":"(anonymous_20)","decl":{"start":{"line":608,"column":45},"end":{"line":608,"column":46}},"loc":{"start":{"line":608,"column":58},"end":{"line":611,"column":5}},"line":608},"21":{"name":"createModule","decl":{"start":{"line":626,"column":15},"end":{"line":626,"column":27}},"loc":{"start":{"line":626,"column":38},"end":{"line":671,"column":1}},"line":626},"22":{"name":"updateModule","decl":{"start":{"line":676,"column":15},"end":{"line":676,"column":27}},"loc":{"start":{"line":676,"column":38},"end":{"line":714,"column":1}},"line":676},"23":{"name":"deleteModule","decl":{"start":{"line":719,"column":15},"end":{"line":719,"column":27}},"loc":{"start":{"line":719,"column":38},"end":{"line":765,"column":1}},"line":719},"24":{"name":"reorderModules","decl":{"start":{"line":770,"column":15},"end":{"line":770,"column":29}},"loc":{"start":{"line":770,"column":40},"end":{"line":808,"column":1}},"line":770},"25":{"name":"createSubModule","decl":{"start":{"line":817,"column":15},"end":{"line":817,"column":30}},"loc":{"start":{"line":817,"column":41},"end":{"line":860,"column":1}},"line":817},"26":{"name":"updateSubModule","decl":{"start":{"line":865,"column":15},"end":{"line":865,"column":30}},"loc":{"start":{"line":865,"column":41},"end":{"line":903,"column":1}},"line":865},"27":{"name":"reorderSubModules","decl":{"start":{"line":908,"column":15},"end":{"line":908,"column":32}},"loc":{"start":{"line":908,"column":43},"end":{"line":946,"column":1}},"line":908},"28":{"name":"createContent","decl":{"start":{"line":956,"column":15},"end":{"line":956,"column":28}},"loc":{"start":{"line":956,"column":39},"end":{"line":1048,"column":1}},"line":956},"29":{"name":"uploadVideo","decl":{"start":{"line":1054,"column":15},"end":{"line":1054,"column":26}},"loc":{"start":{"line":1054,"column":37},"end":{"line":1129,"column":1}},"line":1054},"30":{"name":"listContent","decl":{"start":{"line":1134,"column":15},"end":{"line":1134,"column":26}},"loc":{"start":{"line":1134,"column":37},"end":{"line":1158,"column":1}},"line":1134},"31":{"name":"getContentUrl","decl":{"start":{"line":1163,"column":15},"end":{"line":1163,"column":28}},"loc":{"start":{"line":1163,"column":39},"end":{"line":1213,"column":1}},"line":1163},"32":{"name":"getTranscodeStatus","decl":{"start":{"line":1218,"column":15},"end":{"line":1218,"column":33}},"loc":{"start":{"line":1218,"column":44},"end":{"line":1251,"column":1}},"line":1218},"33":{"name":"publishContent","decl":{"start":{"line":1256,"column":15},"end":{"line":1256,"column":29}},"loc":{"start":{"line":1256,"column":40},"end":{"line":1314,"column":1}},"line":1256},"34":{"name":"unpublishContent","decl":{"start":{"line":1319,"column":15},"end":{"line":1319,"column":31}},"loc":{"start":{"line":1319,"column":42},"end":{"line":1364,"column":1}},"line":1319},"35":{"name":"_invalidateCourseCache","decl":{"start":{"line":1370,"column":15},"end":{"line":1370,"column":37}},"loc":{"start":{"line":1370,"column":59},"end":{"line":1382,"column":1}},"line":1370},"36":{"name":"getBatchDashboard","decl":{"start":{"line":1391,"column":15},"end":{"line":1391,"column":32}},"loc":{"start":{"line":1391,"column":43},"end":{"line":1554,"column":1}},"line":1391},"37":{"name":"(anonymous_37)","decl":{"start":{"line":1477,"column":46},"end":{"line":1477,"column":47}},"loc":{"start":{"line":1477,"column":51},"end":{"line":1477,"column":60}},"line":1477},"38":{"name":"(anonymous_38)","decl":{"start":{"line":1479,"column":8},"end":{"line":1479,"column":9}},"loc":{"start":{"line":1479,"column":13},"end":{"line":1479,"column":81}},"line":1479},"39":{"name":"(anonymous_39)","decl":{"start":{"line":1484,"column":41},"end":{"line":1484,"column":42}},"loc":{"start":{"line":1484,"column":46},"end":{"line":1484,"column":62}},"line":1484},"40":{"name":"(anonymous_40)","decl":{"start":{"line":1485,"column":36},"end":{"line":1485,"column":37}},"loc":{"start":{"line":1485,"column":48},"end":{"line":1485,"column":68}},"line":1485},"41":{"name":"(anonymous_41)","decl":{"start":{"line":1485,"column":90},"end":{"line":1485,"column":91}},"loc":{"start":{"line":1485,"column":95},"end":{"line":1485,"column":111}},"line":1485},"42":{"name":"(anonymous_42)","decl":{"start":{"line":1507,"column":24},"end":{"line":1507,"column":25}},"loc":{"start":{"line":1507,"column":34},"end":{"line":1507,"column":120}},"line":1507},"43":{"name":"(anonymous_43)","decl":{"start":{"line":1510,"column":11},"end":{"line":1510,"column":12}},"loc":{"start":{"line":1510,"column":24},"end":{"line":1510,"column":47}},"line":1510},"44":{"name":"(anonymous_44)","decl":{"start":{"line":1519,"column":38},"end":{"line":1519,"column":39}},"loc":{"start":{"line":1519,"column":44},"end":{"line":1527,"column":5}},"line":1519},"45":{"name":"getBatchStudent","decl":{"start":{"line":1560,"column":15},"end":{"line":1560,"column":30}},"loc":{"start":{"line":1560,"column":41},"end":{"line":1615,"column":1}},"line":1560},"46":{"name":"createLiveSession","decl":{"start":{"line":1624,"column":15},"end":{"line":1624,"column":32}},"loc":{"start":{"line":1624,"column":43},"end":{"line":1678,"column":1}},"line":1624},"47":{"name":"listLiveSessions","decl":{"start":{"line":1683,"column":15},"end":{"line":1683,"column":31}},"loc":{"start":{"line":1683,"column":42},"end":{"line":1706,"column":1}},"line":1683}},"branchMap":{"0":{"loc":{"start":{"line":76,"column":4},"end":{"line":81,"column":5}},"type":"if","locations":[{"start":{"line":76,"column":4},"end":{"line":81,"column":5}},{"start":{},"end":{}}],"line":76},"1":{"loc":{"start":{"line":76,"column":8},"end":{"line":76,"column":75}},"type":"binary-expr","locations":[{"start":{"line":76,"column":8},"end":{"line":76,"column":41}},{"start":{"line":76,"column":45},"end":{"line":76,"column":75}}],"line":76},"2":{"loc":{"start":{"line":82,"column":4},"end":{"line":82,"column":87}},"type":"if","locations":[{"start":{"line":82,"column":4},"end":{"line":82,"column":87}},{"start":{},"end":{}}],"line":82},"3":{"loc":{"start":{"line":89,"column":4},"end":{"line":94,"column":5}},"type":"if","locations":[{"start":{"line":89,"column":4},"end":{"line":94,"column":5}},{"start":{},"end":{}}],"line":89},"4":{"loc":{"start":{"line":89,"column":8},"end":{"line":89,"column":75}},"type":"binary-expr","locations":[{"start":{"line":89,"column":8},"end":{"line":89,"column":41}},{"start":{"line":89,"column":45},"end":{"line":89,"column":75}}],"line":89},"5":{"loc":{"start":{"line":95,"column":4},"end":{"line":95,"column":87}},"type":"if","locations":[{"start":{"line":95,"column":4},"end":{"line":95,"column":87}},{"start":{},"end":{}}],"line":95},"6":{"loc":{"start":{"line":102,"column":4},"end":{"line":107,"column":5}},"type":"if","locations":[{"start":{"line":102,"column":4},"end":{"line":107,"column":5}},{"start":{},"end":{}}],"line":102},"7":{"loc":{"start":{"line":102,"column":8},"end":{"line":102,"column":75}},"type":"binary-expr","locations":[{"start":{"line":102,"column":8},"end":{"line":102,"column":41}},{"start":{"line":102,"column":45},"end":{"line":102,"column":75}}],"line":102},"8":{"loc":{"start":{"line":108,"column":4},"end":{"line":108,"column":87}},"type":"if","locations":[{"start":{"line":108,"column":4},"end":{"line":108,"column":87}},{"start":{},"end":{}}],"line":108},"9":{"loc":{"start":{"line":206,"column":2},"end":{"line":208,"column":3}},"type":"if","locations":[{"start":{"line":206,"column":2},"end":{"line":208,"column":3}},{"start":{},"end":{}}],"line":206},"10":{"loc":{"start":{"line":206,"column":6},"end":{"line":206,"column":64}},"type":"binary-expr","locations":[{"start":{"line":206,"column":6},"end":{"line":206,"column":12}},{"start":{"line":206,"column":16},"end":{"line":206,"column":41}},{"start":{"line":206,"column":45},"end":{"line":206,"column":64}}],"line":206},"11":{"loc":{"start":{"line":209,"column":2},"end":{"line":211,"column":3}},"type":"if","locations":[{"start":{"line":209,"column":2},"end":{"line":211,"column":3}},{"start":{},"end":{}}],"line":209},"12":{"loc":{"start":{"line":209,"column":6},"end":{"line":209,"column":59}},"type":"binary-expr","locations":[{"start":{"line":209,"column":6},"end":{"line":209,"column":28}},{"start":{"line":209,"column":32},"end":{"line":209,"column":59}}],"line":209},"13":{"loc":{"start":{"line":218,"column":33},"end":{"line":218,"column":86}},"type":"cond-expr","locations":[{"start":{"line":218,"column":58},"end":{"line":218,"column":78}},{"start":{"line":218,"column":81},"end":{"line":218,"column":86}}],"line":218},"14":{"loc":{"start":{"line":219,"column":33},"end":{"line":219,"column":85}},"type":"cond-expr","locations":[{"start":{"line":219,"column":50},"end":{"line":219,"column":78}},{"start":{"line":219,"column":81},"end":{"line":219,"column":85}}],"line":219},"15":{"loc":{"start":{"line":220,"column":33},"end":{"line":220,"column":91}},"type":"cond-expr","locations":[{"start":{"line":220,"column":54},"end":{"line":220,"column":86}},{"start":{"line":220,"column":89},"end":{"line":220,"column":91}}],"line":220},"16":{"loc":{"start":{"line":229,"column":21},"end":{"line":229,"column":40}},"type":"binary-expr","locations":[{"start":{"line":229,"column":21},"end":{"line":229,"column":32}},{"start":{"line":229,"column":36},"end":{"line":229,"column":40}}],"line":229},"17":{"loc":{"start":{"line":235,"column":4},"end":{"line":237,"column":5}},"type":"if","locations":[{"start":{"line":235,"column":4},"end":{"line":237,"column":5}},{"start":{},"end":{}}],"line":235},"18":{"loc":{"start":{"line":263,"column":4},"end":{"line":265,"column":5}},"type":"if","locations":[{"start":{"line":263,"column":4},"end":{"line":265,"column":5}},{"start":{},"end":{}}],"line":263},"19":{"loc":{"start":{"line":310,"column":2},"end":{"line":313,"column":3}},"type":"if","locations":[{"start":{"line":310,"column":2},"end":{"line":313,"column":3}},{"start":{},"end":{}}],"line":310},"20":{"loc":{"start":{"line":310,"column":6},"end":{"line":311,"column":96}},"type":"binary-expr","locations":[{"start":{"line":310,"column":6},"end":{"line":310,"column":12}},{"start":{"line":310,"column":16},"end":{"line":310,"column":41}},{"start":{"line":310,"column":45},"end":{"line":310,"column":67}},{"start":{"line":311,"column":6},"end":{"line":311,"column":28}},{"start":{"line":311,"column":32},"end":{"line":311,"column":60}},{"start":{"line":311,"column":64},"end":{"line":311,"column":96}}],"line":310},"21":{"loc":{"start":{"line":323,"column":4},"end":{"line":326,"column":5}},"type":"if","locations":[{"start":{"line":323,"column":4},"end":{"line":326,"column":5}},{"start":{},"end":{}}],"line":323},"22":{"loc":{"start":{"line":327,"column":4},"end":{"line":330,"column":5}},"type":"if","locations":[{"start":{"line":327,"column":4},"end":{"line":330,"column":5}},{"start":{},"end":{}}],"line":327},"23":{"loc":{"start":{"line":331,"column":4},"end":{"line":334,"column":5}},"type":"if","locations":[{"start":{"line":331,"column":4},"end":{"line":334,"column":5}},{"start":{},"end":{}}],"line":331},"24":{"loc":{"start":{"line":335,"column":4},"end":{"line":338,"column":5}},"type":"if","locations":[{"start":{"line":335,"column":4},"end":{"line":338,"column":5}},{"start":{},"end":{}}],"line":335},"25":{"loc":{"start":{"line":339,"column":4},"end":{"line":342,"column":5}},"type":"if","locations":[{"start":{"line":339,"column":4},"end":{"line":342,"column":5}},{"start":{},"end":{}}],"line":339},"26":{"loc":{"start":{"line":343,"column":4},"end":{"line":346,"column":5}},"type":"if","locations":[{"start":{"line":343,"column":4},"end":{"line":346,"column":5}},{"start":{},"end":{}}],"line":343},"27":{"loc":{"start":{"line":359,"column":4},"end":{"line":361,"column":5}},"type":"if","locations":[{"start":{"line":359,"column":4},"end":{"line":361,"column":5}},{"start":{},"end":{}}],"line":359},"28":{"loc":{"start":{"line":392,"column":4},"end":{"line":394,"column":5}},"type":"if","locations":[{"start":{"line":392,"column":4},"end":{"line":394,"column":5}},{"start":{},"end":{}}],"line":392},"29":{"loc":{"start":{"line":452,"column":2},"end":{"line":454,"column":3}},"type":"if","locations":[{"start":{"line":452,"column":2},"end":{"line":454,"column":3}},{"start":{},"end":{}}],"line":452},"30":{"loc":{"start":{"line":452,"column":6},"end":{"line":452,"column":79}},"type":"binary-expr","locations":[{"start":{"line":452,"column":6},"end":{"line":452,"column":17}},{"start":{"line":452,"column":21},"end":{"line":452,"column":51}},{"start":{"line":452,"column":55},"end":{"line":452,"column":79}}],"line":452},"31":{"loc":{"start":{"line":466,"column":4},"end":{"line":468,"column":5}},"type":"if","locations":[{"start":{"line":466,"column":4},"end":{"line":468,"column":5}},{"start":{},"end":{}}],"line":466},"32":{"loc":{"start":{"line":470,"column":24},"end":{"line":470,"column":62}},"type":"cond-expr","locations":[{"start":{"line":470,"column":35},"end":{"line":470,"column":57}},{"start":{"line":470,"column":60},"end":{"line":470,"column":62}}],"line":470},"33":{"loc":{"start":{"line":477,"column":39},"end":{"line":477,"column":55}},"type":"binary-expr","locations":[{"start":{"line":477,"column":39},"end":{"line":477,"column":47}},{"start":{"line":477,"column":51},"end":{"line":477,"column":55}}],"line":477},"34":{"loc":{"start":{"line":477,"column":57},"end":{"line":477,"column":75}},"type":"binary-expr","locations":[{"start":{"line":477,"column":57},"end":{"line":477,"column":67}},{"start":{"line":477,"column":71},"end":{"line":477,"column":75}}],"line":477},"35":{"loc":{"start":{"line":478,"column":7},"end":{"line":478,"column":25}},"type":"binary-expr","locations":[{"start":{"line":478,"column":7},"end":{"line":478,"column":17}},{"start":{"line":478,"column":21},"end":{"line":478,"column":25}}],"line":478},"36":{"loc":{"start":{"line":478,"column":27},"end":{"line":478,"column":43}},"type":"binary-expr","locations":[{"start":{"line":478,"column":27},"end":{"line":478,"column":35}},{"start":{"line":478,"column":39},"end":{"line":478,"column":43}}],"line":478},"37":{"loc":{"start":{"line":505,"column":4},"end":{"line":505,"column":117}},"type":"if","locations":[{"start":{"line":505,"column":4},"end":{"line":505,"column":117}},{"start":{},"end":{}}],"line":505},"38":{"loc":{"start":{"line":506,"column":4},"end":{"line":506,"column":108}},"type":"if","locations":[{"start":{"line":506,"column":4},"end":{"line":506,"column":108}},{"start":{},"end":{}}],"line":506},"39":{"loc":{"start":{"line":507,"column":4},"end":{"line":507,"column":110}},"type":"if","locations":[{"start":{"line":507,"column":4},"end":{"line":507,"column":110}},{"start":{},"end":{}}],"line":507},"40":{"loc":{"start":{"line":508,"column":4},"end":{"line":508,"column":110}},"type":"if","locations":[{"start":{"line":508,"column":4},"end":{"line":508,"column":110}},{"start":{},"end":{}}],"line":508},"41":{"loc":{"start":{"line":509,"column":4},"end":{"line":509,"column":108}},"type":"if","locations":[{"start":{"line":509,"column":4},"end":{"line":509,"column":108}},{"start":{},"end":{}}],"line":509},"42":{"loc":{"start":{"line":510,"column":4},"end":{"line":510,"column":122}},"type":"if","locations":[{"start":{"line":510,"column":4},"end":{"line":510,"column":122}},{"start":{},"end":{}}],"line":510},"43":{"loc":{"start":{"line":511,"column":4},"end":{"line":511,"column":109}},"type":"if","locations":[{"start":{"line":511,"column":4},"end":{"line":511,"column":109}},{"start":{},"end":{}}],"line":511},"44":{"loc":{"start":{"line":513,"column":4},"end":{"line":515,"column":5}},"type":"if","locations":[{"start":{"line":513,"column":4},"end":{"line":515,"column":5}},{"start":{},"end":{}}],"line":513},"45":{"loc":{"start":{"line":529,"column":4},"end":{"line":531,"column":5}},"type":"if","locations":[{"start":{"line":529,"column":4},"end":{"line":531,"column":5}},{"start":{},"end":{}}],"line":529},"46":{"loc":{"start":{"line":567,"column":4},"end":{"line":569,"column":5}},"type":"if","locations":[{"start":{"line":567,"column":4},"end":{"line":569,"column":5}},{"start":{},"end":{}}],"line":567},"47":{"loc":{"start":{"line":582,"column":4},"end":{"line":592,"column":5}},"type":"if","locations":[{"start":{"line":582,"column":4},"end":{"line":592,"column":5}},{"start":{},"end":{}}],"line":582},"48":{"loc":{"start":{"line":597,"column":6},"end":{"line":597,"column":85}},"type":"if","locations":[{"start":{"line":597,"column":6},"end":{"line":597,"column":85}},{"start":{},"end":{}}],"line":597},"49":{"loc":{"start":{"line":603,"column":6},"end":{"line":603,"column":81}},"type":"if","locations":[{"start":{"line":603,"column":6},"end":{"line":603,"column":81}},{"start":{},"end":{}}],"line":603},"50":{"loc":{"start":{"line":604,"column":29},"end":{"line":604,"column":56}},"type":"binary-expr","locations":[{"start":{"line":604,"column":29},"end":{"line":604,"column":50}},{"start":{"line":604,"column":54},"end":{"line":604,"column":56}}],"line":604},"51":{"loc":{"start":{"line":610,"column":19},"end":{"line":610,"column":49}},"type":"binary-expr","locations":[{"start":{"line":610,"column":19},"end":{"line":610,"column":43}},{"start":{"line":610,"column":47},"end":{"line":610,"column":49}}],"line":610},"52":{"loc":{"start":{"line":631,"column":2},"end":{"line":633,"column":3}},"type":"if","locations":[{"start":{"line":631,"column":2},"end":{"line":633,"column":3}},{"start":{},"end":{}}],"line":631},"53":{"loc":{"start":{"line":631,"column":6},"end":{"line":631,"column":64}},"type":"binary-expr","locations":[{"start":{"line":631,"column":6},"end":{"line":631,"column":12}},{"start":{"line":631,"column":16},"end":{"line":631,"column":41}},{"start":{"line":631,"column":45},"end":{"line":631,"column":64}}],"line":631},"54":{"loc":{"start":{"line":640,"column":4},"end":{"line":645,"column":5}},"type":"if","locations":[{"start":{"line":640,"column":4},"end":{"line":645,"column":5}},{"start":{},"end":{}}],"line":640},"55":{"loc":{"start":{"line":642,"column":6},"end":{"line":644,"column":7}},"type":"if","locations":[{"start":{"line":642,"column":6},"end":{"line":644,"column":7}},{"start":{},"end":{}}],"line":642},"56":{"loc":{"start":{"line":648,"column":22},"end":{"line":648,"column":76}},"type":"cond-expr","locations":[{"start":{"line":648,"column":47},"end":{"line":648,"column":69}},{"start":{"line":648,"column":72},"end":{"line":648,"column":76}}],"line":648},"57":{"loc":{"start":{"line":649,"column":4},"end":{"line":655,"column":5}},"type":"if","locations":[{"start":{"line":649,"column":4},"end":{"line":655,"column":5}},{"start":{},"end":{}}],"line":649},"58":{"loc":{"start":{"line":681,"column":2},"end":{"line":683,"column":3}},"type":"if","locations":[{"start":{"line":681,"column":2},"end":{"line":683,"column":3}},{"start":{},"end":{}}],"line":681},"59":{"loc":{"start":{"line":681,"column":6},"end":{"line":681,"column":64}},"type":"binary-expr","locations":[{"start":{"line":681,"column":6},"end":{"line":681,"column":12}},{"start":{"line":681,"column":16},"end":{"line":681,"column":41}},{"start":{"line":681,"column":45},"end":{"line":681,"column":64}}],"line":681},"60":{"loc":{"start":{"line":689,"column":4},"end":{"line":694,"column":5}},"type":"if","locations":[{"start":{"line":689,"column":4},"end":{"line":694,"column":5}},{"start":{},"end":{}}],"line":689},"61":{"loc":{"start":{"line":691,"column":6},"end":{"line":693,"column":7}},"type":"if","locations":[{"start":{"line":691,"column":6},"end":{"line":693,"column":7}},{"start":{},"end":{}}],"line":691},"62":{"loc":{"start":{"line":703,"column":4},"end":{"line":705,"column":5}},"type":"if","locations":[{"start":{"line":703,"column":4},"end":{"line":705,"column":5}},{"start":{},"end":{}}],"line":703},"63":{"loc":{"start":{"line":726,"column":4},"end":{"line":731,"column":5}},"type":"if","locations":[{"start":{"line":726,"column":4},"end":{"line":731,"column":5}},{"start":{},"end":{}}],"line":726},"64":{"loc":{"start":{"line":728,"column":6},"end":{"line":730,"column":7}},"type":"if","locations":[{"start":{"line":728,"column":6},"end":{"line":730,"column":7}},{"start":{},"end":{}}],"line":728},"65":{"loc":{"start":{"line":742,"column":4},"end":{"line":747,"column":5}},"type":"if","locations":[{"start":{"line":742,"column":4},"end":{"line":747,"column":5}},{"start":{},"end":{}}],"line":742},"66":{"loc":{"start":{"line":754,"column":4},"end":{"line":756,"column":5}},"type":"if","locations":[{"start":{"line":754,"column":4},"end":{"line":756,"column":5}},{"start":{},"end":{}}],"line":754},"67":{"loc":{"start":{"line":775,"column":2},"end":{"line":777,"column":3}},"type":"if","locations":[{"start":{"line":775,"column":2},"end":{"line":777,"column":3}},{"start":{},"end":{}}],"line":775},"68":{"loc":{"start":{"line":775,"column":6},"end":{"line":775,"column":49}},"type":"binary-expr","locations":[{"start":{"line":775,"column":6},"end":{"line":775,"column":27}},{"start":{"line":775,"column":31},"end":{"line":775,"column":49}}],"line":775},"69":{"loc":{"start":{"line":783,"column":4},"end":{"line":788,"column":5}},"type":"if","locations":[{"start":{"line":783,"column":4},"end":{"line":788,"column":5}},{"start":{},"end":{}}],"line":783},"70":{"loc":{"start":{"line":785,"column":6},"end":{"line":787,"column":7}},"type":"if","locations":[{"start":{"line":785,"column":6},"end":{"line":787,"column":7}},{"start":{},"end":{}}],"line":785},"71":{"loc":{"start":{"line":792,"column":6},"end":{"line":792,"column":66}},"type":"if","locations":[{"start":{"line":792,"column":6},"end":{"line":792,"column":66}},{"start":{},"end":{}}],"line":792},"72":{"loc":{"start":{"line":792,"column":10},"end":{"line":792,"column":55}},"type":"binary-expr","locations":[{"start":{"line":792,"column":10},"end":{"line":792,"column":21}},{"start":{"line":792,"column":25},"end":{"line":792,"column":55}}],"line":792},"73":{"loc":{"start":{"line":822,"column":2},"end":{"line":824,"column":3}},"type":"if","locations":[{"start":{"line":822,"column":2},"end":{"line":824,"column":3}},{"start":{},"end":{}}],"line":822},"74":{"loc":{"start":{"line":822,"column":6},"end":{"line":822,"column":64}},"type":"binary-expr","locations":[{"start":{"line":822,"column":6},"end":{"line":822,"column":12}},{"start":{"line":822,"column":16},"end":{"line":822,"column":41}},{"start":{"line":822,"column":45},"end":{"line":822,"column":64}}],"line":822},"75":{"loc":{"start":{"line":830,"column":4},"end":{"line":835,"column":5}},"type":"if","locations":[{"start":{"line":830,"column":4},"end":{"line":835,"column":5}},{"start":{},"end":{}}],"line":830},"76":{"loc":{"start":{"line":832,"column":6},"end":{"line":834,"column":7}},"type":"if","locations":[{"start":{"line":832,"column":6},"end":{"line":834,"column":7}},{"start":{},"end":{}}],"line":832},"77":{"loc":{"start":{"line":837,"column":22},"end":{"line":837,"column":76}},"type":"cond-expr","locations":[{"start":{"line":837,"column":47},"end":{"line":837,"column":69}},{"start":{"line":837,"column":72},"end":{"line":837,"column":76}}],"line":837},"78":{"loc":{"start":{"line":838,"column":4},"end":{"line":844,"column":5}},"type":"if","locations":[{"start":{"line":838,"column":4},"end":{"line":844,"column":5}},{"start":{},"end":{}}],"line":838},"79":{"loc":{"start":{"line":870,"column":2},"end":{"line":872,"column":3}},"type":"if","locations":[{"start":{"line":870,"column":2},"end":{"line":872,"column":3}},{"start":{},"end":{}}],"line":870},"80":{"loc":{"start":{"line":870,"column":6},"end":{"line":870,"column":64}},"type":"binary-expr","locations":[{"start":{"line":870,"column":6},"end":{"line":870,"column":12}},{"start":{"line":870,"column":16},"end":{"line":870,"column":41}},{"start":{"line":870,"column":45},"end":{"line":870,"column":64}}],"line":870},"81":{"loc":{"start":{"line":878,"column":4},"end":{"line":883,"column":5}},"type":"if","locations":[{"start":{"line":878,"column":4},"end":{"line":883,"column":5}},{"start":{},"end":{}}],"line":878},"82":{"loc":{"start":{"line":880,"column":6},"end":{"line":882,"column":7}},"type":"if","locations":[{"start":{"line":880,"column":6},"end":{"line":882,"column":7}},{"start":{},"end":{}}],"line":880},"83":{"loc":{"start":{"line":892,"column":4},"end":{"line":894,"column":5}},"type":"if","locations":[{"start":{"line":892,"column":4},"end":{"line":894,"column":5}},{"start":{},"end":{}}],"line":892},"84":{"loc":{"start":{"line":913,"column":2},"end":{"line":915,"column":3}},"type":"if","locations":[{"start":{"line":913,"column":2},"end":{"line":915,"column":3}},{"start":{},"end":{}}],"line":913},"85":{"loc":{"start":{"line":913,"column":6},"end":{"line":913,"column":49}},"type":"binary-expr","locations":[{"start":{"line":913,"column":6},"end":{"line":913,"column":27}},{"start":{"line":913,"column":31},"end":{"line":913,"column":49}}],"line":913},"86":{"loc":{"start":{"line":921,"column":4},"end":{"line":926,"column":5}},"type":"if","locations":[{"start":{"line":921,"column":4},"end":{"line":926,"column":5}},{"start":{},"end":{}}],"line":921},"87":{"loc":{"start":{"line":923,"column":6},"end":{"line":925,"column":7}},"type":"if","locations":[{"start":{"line":923,"column":6},"end":{"line":925,"column":7}},{"start":{},"end":{}}],"line":923},"88":{"loc":{"start":{"line":930,"column":6},"end":{"line":930,"column":66}},"type":"if","locations":[{"start":{"line":930,"column":6},"end":{"line":930,"column":66}},{"start":{},"end":{}}],"line":930},"89":{"loc":{"start":{"line":930,"column":10},"end":{"line":930,"column":55}},"type":"binary-expr","locations":[{"start":{"line":930,"column":10},"end":{"line":930,"column":21}},{"start":{"line":930,"column":25},"end":{"line":930,"column":55}}],"line":930},"90":{"loc":{"start":{"line":961,"column":2},"end":{"line":963,"column":3}},"type":"if","locations":[{"start":{"line":961,"column":2},"end":{"line":963,"column":3}},{"start":{},"end":{}}],"line":961},"91":{"loc":{"start":{"line":961,"column":6},"end":{"line":961,"column":64}},"type":"binary-expr","locations":[{"start":{"line":961,"column":6},"end":{"line":961,"column":12}},{"start":{"line":961,"column":16},"end":{"line":961,"column":41}},{"start":{"line":961,"column":45},"end":{"line":961,"column":64}}],"line":961},"92":{"loc":{"start":{"line":967,"column":2},"end":{"line":972,"column":3}},"type":"if","locations":[{"start":{"line":967,"column":2},"end":{"line":972,"column":3}},{"start":{},"end":{}}],"line":967},"93":{"loc":{"start":{"line":967,"column":6},"end":{"line":967,"column":65}},"type":"binary-expr","locations":[{"start":{"line":967,"column":6},"end":{"line":967,"column":19}},{"start":{"line":967,"column":23},"end":{"line":967,"column":65}}],"line":967},"94":{"loc":{"start":{"line":974,"column":2},"end":{"line":983,"column":3}},"type":"if","locations":[{"start":{"line":974,"column":2},"end":{"line":983,"column":3}},{"start":{"line":981,"column":9},"end":{"line":983,"column":3}}],"line":974},"95":{"loc":{"start":{"line":975,"column":4},"end":{"line":980,"column":5}},"type":"if","locations":[{"start":{"line":975,"column":4},"end":{"line":980,"column":5}},{"start":{},"end":{}}],"line":975},"96":{"loc":{"start":{"line":975,"column":8},"end":{"line":975,"column":50}},"type":"binary-expr","locations":[{"start":{"line":975,"column":8},"end":{"line":975,"column":21}},{"start":{"line":975,"column":25},"end":{"line":975,"column":50}}],"line":975},"97":{"loc":{"start":{"line":981,"column":9},"end":{"line":983,"column":3}},"type":"if","locations":[{"start":{"line":981,"column":9},"end":{"line":983,"column":3}},{"start":{},"end":{}}],"line":981},"98":{"loc":{"start":{"line":986,"column":2},"end":{"line":991,"column":3}},"type":"if","locations":[{"start":{"line":986,"column":2},"end":{"line":991,"column":3}},{"start":{},"end":{}}],"line":986},"99":{"loc":{"start":{"line":986,"column":6},"end":{"line":986,"column":68}},"type":"binary-expr","locations":[{"start":{"line":986,"column":6},"end":{"line":986,"column":14}},{"start":{"line":986,"column":18},"end":{"line":986,"column":68}}],"line":986},"100":{"loc":{"start":{"line":997,"column":4},"end":{"line":1002,"column":5}},"type":"if","locations":[{"start":{"line":997,"column":4},"end":{"line":1002,"column":5}},{"start":{},"end":{}}],"line":997},"101":{"loc":{"start":{"line":999,"column":6},"end":{"line":1001,"column":7}},"type":"if","locations":[{"start":{"line":999,"column":6},"end":{"line":1001,"column":7}},{"start":{},"end":{}}],"line":999},"102":{"loc":{"start":{"line":1008,"column":4},"end":{"line":1018,"column":5}},"type":"if","locations":[{"start":{"line":1008,"column":4},"end":{"line":1018,"column":5}},{"start":{"line":1010,"column":11},"end":{"line":1018,"column":5}}],"line":1008},"103":{"loc":{"start":{"line":1021,"column":22},"end":{"line":1021,"column":76}},"type":"cond-expr","locations":[{"start":{"line":1021,"column":47},"end":{"line":1021,"column":69}},{"start":{"line":1021,"column":72},"end":{"line":1021,"column":76}}],"line":1021},"104":{"loc":{"start":{"line":1022,"column":4},"end":{"line":1028,"column":5}},"type":"if","locations":[{"start":{"line":1022,"column":4},"end":{"line":1028,"column":5}},{"start":{},"end":{}}],"line":1022},"105":{"loc":{"start":{"line":1059,"column":2},"end":{"line":1061,"column":3}},"type":"if","locations":[{"start":{"line":1059,"column":2},"end":{"line":1061,"column":3}},{"start":{},"end":{}}],"line":1059},"106":{"loc":{"start":{"line":1059,"column":6},"end":{"line":1059,"column":64}},"type":"binary-expr","locations":[{"start":{"line":1059,"column":6},"end":{"line":1059,"column":12}},{"start":{"line":1059,"column":16},"end":{"line":1059,"column":41}},{"start":{"line":1059,"column":45},"end":{"line":1059,"column":64}}],"line":1059},"107":{"loc":{"start":{"line":1062,"column":2},"end":{"line":1064,"column":3}},"type":
[...]
line":12,"column":53}},"1":{"start":{"line":16,"column":21},"end":{"line":16,"column":46}},"2":{"start":{"line":18,"column":2},"end":{"line":22,"column":3}},"3":{"start":{"line":19,"column":4},"end":{"line":21,"column":7}},"4":{"start":{"line":25,"column":16},"end":{"line":25,"column":40}},"5":{"start":{"line":27,"column":2},"end":{"line":31,"column":3}},"6":{"start":{"line":28,"column":4},"end":{"line":30,"column":7}},"7":{"start":{"line":33,"column":2},"end":{"line":68,"column":3}},"8":{"start":{"line":35,"column":20},"end":{"line":35,"column":44}},"9":{"start":{"line":39,"column":4},"end":{"line":44,"column":6}},"10":{"start":{"line":46,"column":4},"end":{"line":46,"column":11}},"11":{"start":{"line":49,"column":4},"end":{"line":54,"column":5}},"12":{"start":{"line":50,"column":6},"end":{"line":53,"column":9}},"13":{"start":{"line":56,"column":4},"end":{"line":61,"column":5}},"14":{"start":{"line":57,"column":6},"end":{"line":60,"column":9}},"15":{"start":{"line":64,"column":4},"end":{"line":64,"column":56}},"16":{"start":{"line":65,"column":4},"end":{"line":67,"column":7}},"17":{"start":{"line":71,"column":0},"end":{"line":71,"column":30}}},"fnMap":{"0":{"name":"authenticate","decl":{"start":{"line":14,"column":9},"end":{"line":14,"column":21}},"loc":{"start":{"line":14,"column":38},"end":{"line":69,"column":1}},"line":14}},"branchMap":{"0":{"loc":{"start":{"line":18,"column":2},"end":{"line":22,"column":3}},"type":"if","locations":[{"start":{"line":18,"column":2},"end":{"line":22,"column":3}},{"start":{},"end":{}}],"line":18},"1":{"loc":{"start":{"line":18,"column":6},"end":{"line":18,"column":54}},"type":"binary-expr","locations":[{"start":{"line":18,"column":6},"end":{"line":18,"column":17}},{"start":{"line":18,"column":21},"end":{"line":18,"column":54}}],"line":18},"2":{"loc":{"start":{"line":27,"column":2},"end":{"line":31,"column":3}},"type":"if","locations":[{"start":{"line":27,"column":2},"end":{"line":31,"column":3}},{"start":{},"end":{}}],"line":27},"3":{"loc":{"start":{"line":49,"column":4},"end":{"line":54,"column":5}},"type":"if","locations":[{"start":{"line":49,"column":4},"end":{"line":54,"column":5}},{"start":{},"end":{}}],"line":49},"4":{"loc":{"start":{"line":56,"column":4},"end":{"line":61,"column":5}},"type":"if","locations":[{"start":{"line":56,"column":4},"end":{"line":61,"column":5}},{"start":{},"end":{}}],"line":56}},"s":{"0":1,"1":7,"2":7,"3":7,"4":0,"5":0,"6":0,"7":0,"8":0,"9":0,"10":0,"11":0,"12":0,"13":0,"14":0,"15":0,"16":0,"17":1},"f":{"0":7},"b":{"0":[7,0],"1":[7,0],"2":[0,0],"3":[0,0],"4":[0,0]},"_coverageSchema":"1a1c01bbd47fc00a2c39e90264f33305004495a9","hash":"adb3225e24543013736f2d6e3c9eae4ff9125098"}
,"C:\\Users\\ANULAL\\Desktop\\Maitexa\\LMS_AYUSH\\acadeno-lms-test\\lms_backend\\src\\middleware\\checkEnrollment.js": {"path":"C:\\Users\\ANULAL\\Desktop\\Maitexa\\LMS_AYUSH\\acadeno-lms-test\\lms_backend\\src\\middleware\\checkEnrollment.js","statementMap":{"0":{"start":{"line":21,"column":17},"end":{"line":21,"column":39}},"1":{"start":{"line":28,"column":2},"end":{"line":30,"column":3}},"2":{"start":{"line":29,"column":4},"end":{"line":29,"column":95}},"3":{"start":{"line":32,"column":2},"end":{"line":34,"column":3}},"4":{"start":{"line":33,"column":4},"end":{"line":33,"column":18}},"5":{"start":{"line":36,"column":23},"end":{"line":36,"column":60}},"6":{"start":{"line":38,"column":2},"end":{"line":40,"column":3}},"7":{"start":{"line":39,"column":4},"end":{"line":39,"column":18}},"8":{"start":{"line":42,"column":17},"end":{"line":42,"column":37}},"9":{"start":{"line":44,"column":2},"end":{"line":93,"column":3}},"10":{"start":{"line":45,"column":4},"end":{"line":45,"column":68}},"11":{"start":{"line":49,"column":29},"end":{"line":58,"column":5}},"12":{"start":{"line":60,"column":4},"end":{"line":65,"column":5}},"13":{"start":{"line":61,"column":6},"end":{"line":64,"column":9}},"14":{"start":{"line":67,"column":24},"end":{"line":67,"column":58}},"15":{"start":{"line":70,"column":28},"end":{"line":78,"column":5}},"16":{"start":{"line":80,"column":4},"end":{"line":85,"column":5}},"17":{"start":{"line":81,"column":6},"end":{"line":84,"column":9}},"18":{"start":{"line":87,"column":4},"end":{"line":87,"column":18}},"19":{"start":{"line":89,"column":4},"end":{"line":89,"column":57}},"20":{"start":{"line":90,"column":4},"end":{"line":90,"column":68}},"21":{"start":{"line":92,"column":4},"end":{"line":92,"column":21}},"22":{"start":{"line":96,"column":0},"end":{"line":96,"column":33}}},"fnMap":{"0":{"name":"checkEnrollment","decl":{"start":{"line":26,"column":15},"end":{"line":26,"column":30}},"loc":{"start":{"line":26,"column":47},"end":{"line":94,"column":1}},"line":26}},"branchMap":{"0":{"loc":{"start":{"line":28,"column":2},"end":{"line":30,"column":3}},"type":"if","locations":[{"start":{"line":28,"column":2},"end":{"line":30,"column":3}},{"start":{},"end":{}}],"line":28},"1":{"loc":{"start":{"line":32,"column":2},"end":{"line":34,"column":3}},"type":"if","locations":[{"start":{"line":32,"column":2},"end":{"line":34,"column":3}},{"start":{},"end":{}}],"line":32},"2":{"loc":{"start":{"line":36,"column":23},"end":{"line":36,"column":60}},"type":"binary-expr","locations":[{"start":{"line":36,"column":23},"end":{"line":36,"column":43}},{"start":{"line":36,"column":47},"end":{"line":36,"column":60}}],"line":36},"3":{"loc":{"start":{"line":38,"column":2},"end":{"line":40,"column":3}},"type":"if","locations":[{"start":{"line":38,"column":2},"end":{"line":40,"column":3}},{"start":{},"end":{}}],"line":38},"4":{"loc":{"start":{"line":60,"column":4},"end":{"line":65,"column":5}},"type":"if","locations":[{"start":{"line":60,"column":4},"end":{"line":65,"column":5}},{"start":{},"end":{}}],"line":60},"5":{"loc":{"start":{"line":80,"column":4},"end":{"line":85,"column":5}},"type":"if","locations":[{"start":{"line":80,"column":4},"end":{"line":85,"column":5}},{"start":{},"end":{}}],"line":80}},"s":{"0":1,"1":0,"2":0,"3":0,"4":0,"5":0,"6":0,"7":0,"8":0,"9":0,"10":0,"11":0,"12":0,"13":0,"14":0,"15":0,"16":0,"17":0,"18":0,"19":0,"20":0,"21":0,"22":1},"f":{"0":0},"b":{"0":[0,0],"1":[0,0],"2":[0,0],"3":[0,0],"4":[0,0],"5":[0,0]},"_coverageSchema":"1a1c01bbd47fc00a2c39e90264f33305004495a9","hash":"18a110b140f663b3cd5445c5817f58b02cb584fc"}
,"C:\\Users\\ANULAL\\Desktop\\Maitexa\\LMS_AYUSH\\acadeno-lms-test\\lms_backend\\src\\middleware\\rbac.js": {"path":"C:\\Users\\ANULAL\\Desktop\\Maitexa\\LMS_AYUSH\\acadeno-lms-test\\lms_backend\\src\\middleware\\rbac.js","statementMap":{"0":{"start":{"line":13,"column":23},"end":{"line":24,"column":1}},"1":{"start":{"line":27,"column":2},"end":{"line":51,"column":4}},"2":{"start":{"line":28,"column":4},"end":{"line":33,"column":5}},"3":{"start":{"line":29,"column":6},"end":{"line":32,"column":9}},"4":{"start":{"line":35,"column":21},"end":{"line":35,"column":34}},"5":{"start":{"line":38,"column":4},"end":{"line":40,"column":5}},"6":{"start":{"line":39,"column":6},"end":{"line":39,"column":20}},"7":{"start":{"line":43,"column":4},"end":{"line":45,"column":5}},"8":{"start":{"line":44,"column":6},"end":{"line":44,"column":20}},"9":{"start":{"line":47,"column":4},"end":{"line":50,"column":7}},"10":{"start":{"line":54,"column":0},"end":{"line":54,"column":29}}},"fnMap":{"0":{"name":"requireRole","decl":{"start":{"line":26,"column":9},"end":{"line":26,"column":20}},"loc":{"start":{"line":26,"column":38},"end":{"line":52,"column":1}},"line":26},"1":{"name":"(anonymous_1)","decl":{"start":{"line":27,"column":9},"end":{"line":27,"column":10}},"loc":{"start":{"line":27,"column":29},"end":{"line":51,"column":3}},"line":27}},"branchMap":{"0":{"loc":{"start":{"line":28,"column":4},"end":{"line":33,"column":5}},"type":"if","locations":[{"start":{"line":28,"column":4},"end":{"line":33,"column":5}},{"start":{},"end":{}}],"line":28},"1":{"loc":{"start":{"line":28,"column":8},"end":{"line":28,"column":35}},"type":"binary-expr","locations":[{"start":{"line":28,"column":8},"end":{"line":28,"column":17}},{"start":{"line":28,"column":21},"end":{"line":28,"column":35}}],"line":28},"2":{"loc":{"start":{"line":38,"column":4},"end":{"line":40,"column":5}},"type":"if","locations":[{"start":{"line":38,"column":4},"end":{"line":40,"column":5}},{"start":{},"end":{}}],"line":38},"3":{"loc":{"start":{"line":43,"column":4},"end":{"line":45,"column":5}},"type":"if","locations":[{"start":{"line":43,"column":4},"end":{"line":45,"column":5}},{"start":{},"end":{}}],"line":43}},"s":{"0":1,"1":8,"2":0,"3":0,"4":0,"5":0,"6":0,"7":0,"8":0,"9":0,"10":1},"f":{"0":8,"1":0},"b":{"0":[0,0],"1":[0,0],"2":[0,0],"3":[0,0]},"_coverageSchema":"1a1c01bbd47fc00a2c39e90264f33305004495a9","hash":"5108670793b106b83f502ba544f6cda9e9030c7b"}
,"C:\\Users\\ANULAL\\Desktop\\Maitexa\\LMS_AYUSH\\acadeno-lms-test\\lms_backend\\src\\routes\\courses.js": {"path":"C:\\Users\\ANULAL\\Desktop\\Maitexa\\LMS_AYUSH\\acadeno-lms-test\\lms_backend\\src\\routes\\courses.js","statementMap":{"0":{"start":{"line":16,"column":19},"end":{"line":16,"column":37}},"1":{"start":{"line":17,"column":19},"end":{"line":17,"column":35}},"2":{"start":{"line":19,"column":19},"end":{"line":19,"column":61}},"3":{"start":{"line":20,"column":26},"end":{"line":20,"column":63}},"4":{"start":{"line":21,"column":26},"end":{"line":21,"column":55}},"5":{"start":{"line":22,"column":26},"end":{"line":22,"column":66}},"6":{"start":{"line":27,"column":25},"end":{"line":27,"column":39}},"7":{"start":{"line":28,"column":25},"end":{"line":28,"column":73}},"8":{"start":{"line":29,"column":25},"end":{"line":29,"column":84}},"9":{"start":{"line":30,"column":25},"end":{"line":30,"column":78}},"10":{"start":{"line":31,"column":25},"end":{"line":31,"column":84}},"11":{"start":{"line":39,"column":0},"end":{"line":43,"column":2}},"12":{"start":{"line":46,"column":0},"end":{"line":50,"column":2}},"13":{"start":{"line":53,"column":0},"end":{"line":57,"column":2}},"14":{"start":{"line":60,"column":0},"end":{"line":64,"column":2}},"15":{"start":{"line":71,"column":0},"end":{"line":71,"column":50}},"16":{"start":{"line":74,"column":0},"end":{"line":74,"column":52}},"17":{"start":{"line":77,"column":0},"end":{"line":77,"column":48}},"18":{"start":{"line":80,"column":0},"end":{"line":80,"column":54}},"19":{"start":{"line":83,"column":0},"end":{"line":83,"column":87}},"20":{"start":{"line":90,"column":0},"end":{"line":90,"column":63}},"21":{"start":{"line":93,"column":0},"end":{"line":93,"column":60}},"22":{"start":{"line":96,"column":0},"end":{"line":96,"column":70}},"23":{"start":{"line":104,"column":0},"end":{"line":104,"column":57}},"24":{"start":{"line":107,"column":0},"end":{"line":107,"column":65}},"25":{"start":{"line":110,"column":0},"end":{"line":110,"column":76}},"26":{"start":{"line":113,"column":0},"end":{"line":113,"column":73}},"27":{"start":{"line":116,"column":0},"end":{"line":116,"column":74}},"28":{"start":{"line":124,"column":0},"end":{"line":128,"column":2}},"29":{"start":{"line":131,"column":0},"end":{"line":135,"column":2}},"30":{"start":{"line":138,"column":0},"end":{"line":142,"column":2}},"31":{"start":{"line":149,"column":0},"end":{"line":153,"column":2}},"32":{"start":{"line":157,"column":0},"end":{"line":162,"column":2}},"33":{"start":{"line":166,"column":0},"end":{"line":171,"column":2}},"34":{"start":{"line":173,"column":0},"end":{"line":173,"column":24}}},"fnMap":{},"branchMap":{},"s":{"0":1,"1":1,"2":1,"3":1,"4":1,"5":1,"6":1,"7":1,"8":1,"9":1,"10":1,"11":1,"12":1,"13":1,"14":1,"15":1,"16":1,"17":1,"18":1,"19":1,"20":1,"21":1,"22":1,"23":1,"24":1,"25":1,"26":1,"27":1,"28":1,"29":1,"30":1,"31":1,"32":1,"33":1,"34":1},"f":{},"b":{},"_coverageSchema":"1a1c01bbd47fc00a2c39e90264f33305004495a9","hash":"f55ee4b2109ff082e028bd8f273c0505c8886cc3"}
,"C:\\Users\\ANULAL\\Desktop\\Maitexa\\LMS_AYUSH\\acadeno-lms-test\\lms_backend\\src\\routes\\tasks.js": {"path":"C:\\Users\\ANULAL\\Desktop\\Maitexa\\LMS_AYUSH\\acadeno-lms-test\\lms_backend\\src\\routes\\tasks.js","statementMap":{"0":{"start":{"line":11,"column":18},"end":{"line":11,"column":36}},"1":{"start":{"line":12,"column":18},"end":{"line":12,"column":34}},"2":{"start":{"line":14,"column":26},"end":{"line":14,"column":66}},"3":{"start":{"line":15,"column":26},"end":{"line":15,"column":63}},"4":{"start":{"line":16,"column":26},"end":{"line":16,"column":55}},"5":{"start":{"line":17,"column":26},"end":{"line":17,"column":66}},"6":{"start":{"line":22,"column":23},"end":{"line":22,"column":37}},"7":{"start":{"line":23,"column":23},"end":{"line":23,"column":76}},"8":{"start":{"line":24,"column":23},"end":{"line":24,"column":82}},"9":{"start":{"line":25,"column":23},"end":{"line":25,"column":61}},"10":{"start":{"line":30,"column":0},"end":{"line":30,"column":50}},"11":{"start":{"line":35,"column":0},"end":{"line":35,"column":44}},"12":{"start":{"line":40,"column":0},"end":{"line":40,"column":45}},"13":{"start":{"line":45,"column":0},"end":{"line":45,"column":54}},"14":{"start":{"line":53,"column":0},"end":{"line":53,"column":63}},"15":{"start":{"line":60,"column":0},"end":{"line":65,"column":2}},"16":{"start":{"line":70,"column":0},"end":{"line":70,"column":71}},"17":{"start":{"line":75,"column":0},"end":{"line":75,"column":71}},"18":{"start":{"line":81,"column":0},"end":{"line":85,"column":2}},"19":{"start":{"line":87,"column":0},"end":{"line":87,"column":24}}},"fnMap":{},"branchMap":{},"s":{"0":1,"1":1,"2":1,"3":1,"4":1,"5":1,"6":1,"7":1,"8":1,"9":1,"10":1,"11":1,"12":1,"13":1,"14":1,"15":1,"16":1,"17":1,"18":1,"19":1},"f":{},"b":{},"_coverageSchema":"1a1c01bbd47fc00a2c39e90264f33305004495a9","hash":"c1575a7f3376042cb9419866f14674026511d5fd"}
,"C:\\Users\\ANULAL\\Desktop\\Maitexa\\LMS_AYUSH\\acadeno-lms-test\\lms_backend\\src\\utils\\jwt.js": {"path":"C:\\Users\\ANULAL\\Desktop\\Maitexa\\LMS_AYUSH\\acadeno-lms-test\\lms_backend\\src\\utils\\jwt.js","statementMap":{"0":{"start":{"line":9,"column":12},"end":{"line":9,"column":35}},"1":{"start":{"line":10,"column":15},"end":{"line":10,"column":32}},"2":{"start":{"line":12,"column":11},"end":{"line":12,"column":24}},"3":{"start":{"line":13,"column":13},"end":{"line":13,"column":28}},"4":{"start":{"line":21,"column":0},"end":{"line":37,"column":1}},"5":{"start":{"line":22,"column":2},"end":{"line":27,"column":3}},"6":{"start":{"line":23,"column":27},"end":{"line":23,"column":73}},"7":{"start":{"line":24,"column":4},"end":{"line":24,"column":58}},"8":{"start":{"line":26,"column":4},"end":{"line":26,"column":69}},"9":{"start":{"line":29,"column":2},"end":{"line":34,"column":3}},"10":{"start":{"line":30,"column":26},"end":{"line":30,"column":71}},"11":{"start":{"line":31,"column":4},"end":{"line":31,"column":56}},"12":{"start":{"line":33,"column":4},"end":{"line":33,"column":67}},"13":{"start":{"line":36,"column":2},"end":{"line":36,"column":60}},"14":{"start":{"line":39,"column":28},"end":{"line":41,"column":10}},"15":{"start":{"line":50,"column":2},"end":{"line":52,"column":3}},"16":{"start":{"line":51,"column":4},"end":{"line":51,"column":57}},"17":{"start":{"line":54,"column":18},"end":{"line":58,"column":3}},"18":{"start":{"line":60,"column":22},"end":{"line":65,"column":4}},"19":{"start":{"line":69,"column":23},"end":{"line":69,"column":61}},"20":{"start":{"line":71,"column":2},"end":{"line":71,"column":39}},"21":{"start":{"line":82,"column":2},"end":{"line":84,"column":3}},"22":{"start":{"line":83,"column":4},"end":{"line":83,"column":56}},"23":{"start":{"line":86,"column":2},"end":{"line":89,"column":5}},"24":{"start":{"line":101,"column":2},"end":{"line":103,"column":3}},"25":{"start":{"line":102,"column":4},"end":{"line":102,"column":57}},"26":{"start":{"line":105,"column":2},"end":{"line":114,"column":4}},"27":{"start":{"line":117,"column":0},"end":{"line":117,"column":76}}},"fnMap":{"0":{"name":"generateTokens","decl":{"start":{"line":49,"column":9},"end":{"line":49,"column":23}},"loc":{"start":{"line":49,"column":30},"end":{"line":72,"column":1}},"line":49},"1":{"name":"verifyAccessToken","decl":{"start":{"line":81,"column":9},"end":{"line":81,"column":26}},"loc":{"start":{"line":81,"column":34},"end":{"line":90,"column":1}},"line":81},"2":{"name":"generateWizardToken","decl":{"start":{"line":100,"column":9},"end":{"line":100,"column":28}},"loc":{"start":{"line":100,"column":64},"end":{"line":115,"column":1}},"line":100}},"branchMap":{"0":{"loc":{"start":{"line":22,"column":2},"end":{"line":27,"column":3}},"type":"if","locations":[{"start":{"line":22,"column":2},"end":{"line":27,"column":3}},{"start":{"line":25,"column":9},"end":{"line":27,"column":3}}],"line":22},"1":{"loc":{"start":{"line":29,"column":2},"end":{"line":34,"column":3}},"type":"if","locations":[{"start":{"line":29,"column":2},"end":{"line":34,"column":3}},{"start":{"line":32,"column":9},"end":{"line":34,"column":3}}],"line":29},"2":{"loc":{"start":{"line":39,"column":28},"end":{"line":41,"column":10}},"type":"cond-expr","locations":[{"start":{"line":40,"column":4},"end":{"line":40,"column":39}},{"start":{"line":41,"column":4},"end":{"line":41,"column":10}}],"line":39},"3":{"loc":{"start":{"line":50,"column":2},"end":{"line":52,"column":3}},"type":"if","locations":[{"start":{"line":50,"column":2},"end":{"line":52,"column":3}},{"start":{},"end":{}}],"line":50},"4":{"loc":{"start":{"line":82,"column":2},"end":{"line":84,"column":3}},"type":"if","locations":[{"start":{"line":82,"column":2},"end":{"line":84,"column":3}},{"start":{},"end":{}}],"line":82},"5":{"loc":{"start":{"line":101,"column":2},"end":{"line":103,"column":3}},"type":"if","locations":[{"start":{"line":101,"column":2},"end":{"line":103,"column":3}},{"start":{},"end":{}}],"line":101}},"s":{"0":1,"1":1,"2":1,"3":1,"4":1,"5":1,"6":0,"7":0,"8":1,"9":1,"10":0,"11":0,"12":1,"13":0,"14":1,"15":0,"16":0,"17":0,"18":0,"19":0,"20":0,"21":0,"22":0,"23":0,"24":0,"25":0,"26":0,"27":1},"f":{"0":0,"1":0,"2":0},"b":{"0":[0,1],"1":[0,1],"2":[1,0],"3":[0,0],"4":[0,0],"5":[0,0]},"_coverageSchema":"1a1c01bbd47fc00a2c39e90264f33305004495a9","hash":"6efbdf1ad7ff3be4c337f0cf463e677154129910"}
,"C:\\Users\\ANULAL\\Desktop\\Maitexa\\LMS_AYUSH\\acadeno-lms-test\\lms_backend\\src\\utils\\redis.js": {"path":"C:\\Users\\ANULAL\\Desktop\\Maitexa\\LMS_AYUSH\\acadeno-lms-test\\lms_backend\\src\\utils\\redis.js","statementMap":{"0":{"start":{"line":1,"column":0},"end":{"line":1,"column":27}},"1":{"start":{"line":2,"column":14},"end":{"line":2,"column":32}},"2":{"start":{"line":4,"column":14},"end":{"line":12,"column":2}},"3":{"start":{"line":6,"column":4},"end":{"line":9,"column":5}},"4":{"start":{"line":7,"column":6},"end":{"line":7,"column":63}},"5":{"start":{"line":8,"column":6},"end":{"line":8,"column":18}},"6":{"start":{"line":10,"column":4},"end":{"line":10,"column":39}},"7":{"start":{"line":14,"column":0},"end":{"line":16,"column":3}},"8":{"start":{"line":15,"column":2},"end":{"line":15,"column":33}},"9":{"start":{"line":18,"column":0},"end":{"line":20,"column":3}},"10":{"start":{"line":19,"column":2},"end":{"line":19,"column":45}},"11":{"start":{"line":22,"column":0},"end":{"line":22,"column":23}}},"fnMap":{"0":{"name":"(anonymous_0)","decl":{"start":{"line":5,"column":2},"end":{"line":5,"column":3}},"loc":{"start":{"line":5,"column":23},"end":{"line":11,"column":3}},"line":5},"1":{"name":"(anonymous_1)","decl":{"start":{"line":14,"column":20},"end":{"line":14,"column":21}},"loc":{"start":{"line":14,"column":26},"end":{"line":16,"column":1}},"line":14},"2":{"name":"(anonymous_2)","decl":{"start":{"line":18,"column":18},"end":{"line":18,"column":19}},"loc":{"start":{"line":18,"column":27},"end":{"line":20,"column":1}},"line":18}},"branchMap":{"0":{"loc":{"start":{"line":6,"column":4},"end":{"line":9,"column":5}},"type":"if","locations":[{"start":{"line":6,"column":4},"end":{"line":9,"column":5}},{"start":{},"end":{}}],"line":6}},"s":{"0":1,"1":1,"2":1,"3":0,"4":0,"5":0,"6":0,"7":1,"8":1,"9":1,"10":0,"11":1},"f":{"0":0,"1":1,"2":0},"b":{"0":[0,0]},"_coverageSchema":"1a1c01bbd47fc00a2c39e90264f33305004495a9","hash":"499637e39b56c54ee7849b1d54b1501313909b69"}
}
