TN:
SF:src\config\permissions.js
FNF:0
FNH:0
DA:11,7
DA:20,7
DA:39,7
LF:3
LH:3
BRF:0
BRH:0
end_of_record
TN:
SF:src\controllers\authController.js
FN:51,computeDeviceFingerprint
FN:67,issueTokensAndRespond
FN:125,login
FN:199,(anonymous_3)
FN:253,(anonymous_4)
FN:288,refresh
FN:436,logout
FN:480,forgotPassword
FN:540,(anonymous_8)
FN:559,resetPassword
FN:659,verifyMfa
FN:748,getMe
FN:785,validateRegistrationToken
FNF:13
FNH:6
FNDA:19,computeDeviceFingerprint
FNDA:9,issueTokensAndRespond
FNDA:19,login
FNDA:0,(anonymous_3)
FNDA:0,(anonymous_4)
FNDA:0,refresh
FNDA:0,logout
FNDA:7,forgotPassword
FNDA:0,(anonymous_8)
FNDA:13,resetPassword
FNDA:10,verifyMfa
FNDA:0,getMe
FNDA:0,validateRegistrationToken
DA:9,3
DA:10,3
DA:11,3
DA:12,3
DA:13,3
DA:14,3
DA:19,3
DA:20,3
DA:21,3
DA:24,3
DA:25,3
DA:26,3
DA:27,3
DA:34,3
DA:37,3
DA:52,19
DA:53,19
DA:54,19
DA:69,9
DA:79,9
DA:82,9
DA:87,9
DA:90,9
DA:91,9
DA:94,9
DA:101,9
DA:109,9
DA:112,9
DA:126,19
DA:128,19
DA:130,19
DA:131,19
DA:134,19
DA:135,2
DA:141,17
DA:142,17
DA:143,1
DA:150,16
DA:158,16
DA:159,1
DA:162,14
DA:165,14
DA:166,1
DA:170,13
DA:171,1
DA:178,12
DA:180,12
DA:182,3
DA:185,3
DA:186,1
DA:196,1
DA:199,1
DA:200,0
DA:203,1
DA:210,2
DA:218,2
DA:224,9
DA:226,9
DA:228,4
DA:234,4
DA:237,3
DA:248,3
DA:249,3
DA:250,3
DA:253,3
DA:254,0
DA:257,3
DA:267,6
DA:270,1
DA:271,1
DA:273,19
DA:289,0
DA:291,0
DA:294,0
DA:296,0
DA:298,0
DA:299,0
DA:306,0
DA:311,0
DA:319,0
DA:320,0
DA:321,0
DA:327,0
DA:332,0
DA:333,0
DA:341,0
DA:342,0
DA:349,0
DA:351,0
DA:358,0
DA:359,0
DA:368,0
DA:376,0
DA:383,0
DA:384,0
DA:385,0
DA:391,0
DA:394,0
DA:397,0
DA:402,0
DA:403,0
DA:404,0
DA:406,0
DA:413,0
DA:415,0
DA:424,0
DA:425,0
DA:427,0
DA:437,0
DA:439,0
DA:442,0
DA:443,0
DA:445,0
DA:446,0
DA:452,0
DA:462,0
DA:464,0
DA:466,0
DA:467,0
DA:469,0
DA:481,7
DA:483,7
DA:486,7
DA:487,7
DA:489,7
DA:490,1
DA:496,6
DA:499,6
DA:500,6
DA:502,5
DA:503,1
DA:510,4
DA:513,4
DA:518,4
DA:520,1
DA:523,3
DA:526,3
DA:529,3
DA:530,3
DA:533,3
DA:534,3
DA:536,2
DA:540,3
DA:541,0
DA:544,3
DA:546,1
DA:547,1
DA:549,7
DA:560,13
DA:562,13
DA:565,13
DA:566,13
DA:569,13
DA:570,3
DA:577,10
DA:578,4
DA:584,6
DA:587,6
DA:592,5
DA:594,1
DA:597,4
DA:600,4
DA:601,4
DA:603,4
DA:604,1
DA:610,3
DA:611,1
DA:618,2
DA:620,2
DA:631,2
DA:634,2
DA:642,2
DA:646,1
DA:647,1
DA:649,13
DA:660,10
DA:662,10
DA:665,10
DA:666,10
DA:669,10
DA:670,3
DA:676,7
DA:679,7
DA:686,6
DA:687,1
DA:693,5
DA:696,5
DA:697,5
DA:699,5
DA:700,1
DA:706,4
DA:707,1
DA:714,3
DA:717,3
DA:718,1
DA:721,1
DA:731,3
DA:733,1
DA:734,1
DA:736,10
DA:749,0
DA:751,0
DA:754,0
DA:756,0
DA:758,0
DA:765,0
DA:766,0
DA:769,0
DA:771,0
DA:772,0
DA:774,0
DA:786,0
DA:787,0
DA:789,0
DA:790,0
DA:794,0
DA:796,0
DA:797,0
DA:803,0
DA:806,0
DA:813,0
DA:819,0
DA:820,0
DA:824,3
LF:224
LH:149
BRDA:42,0,0,3
BRDA:42,0,1,3
BRDA:52,1,0,19
BRDA:52,1,1,7
BRDA:53,2,0,19
BRDA:53,2,1,19
BRDA:90,3,0,9
BRDA:90,3,1,9
BRDA:134,4,0,2
BRDA:134,4,1,17
BRDA:134,5,0,19
BRDA:134,5,1,18
BRDA:142,6,0,1
BRDA:142,6,1,16
BRDA:158,7,0,1
BRDA:158,7,1,14
BRDA:165,8,0,1
BRDA:165,8,1,13
BRDA:170,9,0,1
BRDA:170,9,1,12
BRDA:170,10,0,13
BRDA:170,10,1,2
BRDA:180,11,0,3
BRDA:180,11,1,9
BRDA:182,12,0,3
BRDA:182,12,1,0
BRDA:185,13,0,1
BRDA:185,13,1,2
BRDA:226,14,0,4
BRDA:226,14,1,5
BRDA:234,15,0,3
BRDA:234,15,1,1
BRDA:298,16,0,0
BRDA:298,16,1,0
BRDA:319,17,0,0
BRDA:319,17,1,0
BRDA:332,18,0,0
BRDA:332,18,1,0
BRDA:349,19,0,0
BRDA:349,19,1,0
BRDA:383,20,0,0
BRDA:383,20,1,0
BRDA:402,21,0,0
BRDA:402,21,1,0
BRDA:403,22,0,0
BRDA:403,22,1,0
BRDA:445,23,0,0
BRDA:445,23,1,0
BRDA:489,24,0,1
BRDA:489,24,1,6
BRDA:502,25,0,1
BRDA:502,25,1,4
BRDA:502,26,0,5
BRDA:502,26,1,2
BRDA:518,27,0,1
BRDA:518,27,1,3
BRDA:534,28,0,2
BRDA:534,28,1,1
BRDA:569,29,0,3
BRDA:569,29,1,10
BRDA:569,30,0,13
BRDA:569,30,1,12
BRDA:569,30,2,11
BRDA:577,31,0,4
BRDA:577,31,1,6
BRDA:592,32,0,1
BRDA:592,32,1,4
BRDA:603,33,0,1
BRDA:603,33,1,3
BRDA:610,34,0,1
BRDA:610,34,1,2
BRDA:669,35,0,3
BRDA:669,35,1,7
BRDA:669,36,0,10
BRDA:669,36,1,8
BRDA:686,37,0,1
BRDA:686,37,1,5
BRDA:699,38,0,1
BRDA:699,38,1,4
BRDA:706,39,0,1
BRDA:706,39,1,3
BRDA:717,40,0,1
BRDA:717,40,1,2
BRDA:765,41,0,0
BRDA:765,41,1,0
BRDA:789,42,0,0
BRDA:789,42,1,0
BRDA:796,43,0,0
BRDA:796,43,1,0
BRF:89
BRH:66
end_of_record
TN:
SF:src\controllers\leadController.js
FN:17,createLead
FN:111,getLeadById
FN:175,updateLeadStatus
FN:287,addNote
FN:381,getNotes
FN:426,getDashboard
FN:483,(anonymous_6)
FN:498,(anonymous_7)
FN:536,getLeads
FN:619,convertLead
FN:708,(anonymous_10)
FN:746,unlockLead
FN:806,importLeads
FN:888,(anonymous_13)
FN:907,(anonymous_14)
FN:927,(anonymous_15)
FN:939,deleteLead
FNF:17
FNH:13
FNDA:6,createLead
FNDA:0,getLeadById
FNDA:7,updateLeadStatus
FNDA:4,addNote
FNDA:1,getNotes
FNDA:2,getDashboard
FNDA:3,(anonymous_6)
FNDA:1,(anonymous_7)
FNDA:5,getLeads
FNDA:3,convertLead
FNDA:0,(anonymous_10)
FNDA:1,unlockLead
FNDA:4,importLeads
FNDA:2,(anonymous_13)
FNDA:2,(anonymous_14)
FNDA:0,(anonymous_15)
FNDA:0,deleteLead
DA:5,7
DA:6,7
DA:7,7
DA:8,7
DA:9,7
DA:12,7
DA:18,6
DA:20,6
DA:22,6
DA:24,6
DA:25,6
DA:26,6
DA:27,6
DA:28,6
DA:29,6
DA:31,6
DA:32,6
DA:34,6
DA:35,6
DA:37,6
DA:38,3
DA:41,3
DA:44,3
DA:45,3
DA:47,3
DA:50,3
DA:57,3
DA:58,1
DA:59,1
DA:67,2
DA:74,2
DA:77,2
DA:84,2
DA:85,1
DA:92,2
DA:94,2
DA:100,0
DA:101,0
DA:102,0
DA:104,6
DA:112,0
DA:114,0
DA:115,0
DA:118,0
DA:119,0
DA:122,0
DA:124,0
DA:125,0
DA:128,0
DA:131,0
DA:136,0
DA:141,0
DA:148,0
DA:151,0
DA:152,0
DA:155,0
DA:157,0
DA:164,7
DA:176,7
DA:178,7
DA:179,7
DA:180,7
DA:182,7
DA:183,0
DA:187,7
DA:188,7
DA:190,7
DA:194,7
DA:199,7
DA:200,1
DA:201,1
DA:204,6
DA:207,6
DA:208,1
DA:209,1
DA:215,5
DA:216,5
DA:218,5
DA:219,0
DA:220,0
DA:224,5
DA:225,2
DA:226,1
DA:227,1
DA:234,4
DA:235,4
DA:237,4
DA:248,4
DA:255,4
DA:258,4
DA:261,4
DA:263,4
DA:270,0
DA:271,0
DA:273,0
DA:274,0
DA:277,0
DA:279,7
DA:288,4
DA:290,4
DA:291,4
DA:292,4
DA:294,4
DA:295,1
DA:298,3
DA:299,0
DA:302,3
DA:303,2
DA:305,2
DA:306,2
DA:308,2
DA:309,1
DA:314,2
DA:315,2
DA:317,2
DA:320,2
DA:325,2
DA:326,1
DA:327,1
DA:331,1
DA:337,1
DA:340,1
DA:341,1
DA:344,1
DA:345,1
DA:350,0
DA:356,1
DA:358,1
DA:364,0
DA:365,0
DA:367,0
DA:368,0
DA:371,0
DA:373,4
DA:382,1
DA:384,1
DA:385,1
DA:387,1
DA:388,1
DA:391,1
DA:393,1
DA:394,0
DA:398,1
DA:407,1
DA:412,0
DA:413,0
DA:414,0
DA:416,0
DA:418,1
DA:427,2
DA:428,2
DA:429,2
DA:431,2
DA:432,2
DA:433,1
DA:437,1
DA:438,1
DA:441,1
DA:442,1
DA:445,1
DA:451,1
DA:454,1
DA:461,1
DA:464,1
DA:465,1
DA:466,1
DA:470,1
DA:474,1
DA:483,1
DA:484,3
DA:485,3
DA:490,1
DA:498,1
DA:504,1
DA:505,1
DA:511,1
DA:520,1
DA:522,1
DA:525,0
DA:526,0
DA:528,2
DA:537,5
DA:539,5
DA:540,5
DA:542,5
DA:543,5
DA:544,5
DA:546,5
DA:549,5
DA:550,5
DA:553,5
DA:554,5
DA:556,5
DA:557,1
DA:558,1
DA:559,1
DA:562,5
DA:563,1
DA:564,1
DA:567,5
DA:568,0
DA:569,0
DA:572,5
DA:575,5
DA:576,5
DA:577,5
DA:580,5
DA:590,5
DA:592,5
DA:594,5
DA:596,5
DA:605,0
DA:606,0
DA:607,0
DA:609,0
DA:611,5
DA:620,3
DA:622,3
DA:623,3
DA:626,3
DA:627,3
DA:629,3
DA:632,3
DA:637,3
DA:638,0
DA:639,0
DA:642,3
DA:645,3
DA:646,1
DA:647,1
DA:651,2
DA:652,1
DA:653,1
DA:660,1
DA:661,1
DA:662,1
DA:672,1
DA:675,1
DA:682,1
DA:685,1
DA:692,1
DA:693,1
DA:694,1
DA:695,1
DA:702,1
DA:703,1
DA:705,1
DA:708,1
DA:709,0
DA:712,1
DA:715,0
DA:718,1
DA:733,0
DA:734,0
DA:735,0
DA:736,0
DA:738,3
DA:747,1
DA:749,1
DA:750,1
DA:753,1
DA:754,1
DA:756,1
DA:759,1
DA:760,1
DA:761,0
DA:762,0
DA:765,1
DA:768,1
DA:779,1
DA:785,1
DA:787,1
DA:793,0
DA:794,0
DA:795,0
DA:796,0
DA:798,1
DA:807,4
DA:808,1
DA:811,3
DA:812,3
DA:814,3
DA:815,3
DA:817,3
DA:824,3
DA:825,0
DA:829,3
DA:830,3
DA:832,3
DA:833,3
DA:835,3
DA:837,3
DA:838,8
DA:839,8
DA:842,8
DA:843,8
DA:844,8
DA:845,8
DA:846,8
DA:848,8
DA:849,1
DA:850,1
DA:854,7
DA:855,1
DA:856,1
DA:859,6
DA:860,2
DA:861,2
DA:865,4
DA:870,4
DA:871,2
DA:872,2
DA:875,2
DA:879,3
DA:880,2
DA:885,2
DA:886,2
DA:888,2
DA:889,2
DA:890,2
DA:891,2
DA:894,2
DA:900,2
DA:901,2
DA:904,2
DA:905,2
DA:907,2
DA:908,2
DA:909,2
DA:910,2
DA:913,2
DA:918,2
DA:920,2
DA:921,2
DA:924,3
DA:927,0
DA:928,0
DA:929,0
DA:931,3
DA:940,0
DA:942,0
DA:943,0
DA:946,0
DA:947,0
DA:949,0
DA:952,0
DA:957,0
DA:958,0
DA:959,0
DA:962,0
DA:965,0
DA:966,0
DA:967,0
DA:971,0
DA:972,0
DA:973,0
DA:980,0
DA:981,0
DA:984,0
DA:986,0
DA:989,0
DA:992,0
DA:994,0
DA:1001,0
DA:1002,0
DA:1003,0
DA:1004,0
DA:1006,0
DA:1010,7
LF:369
LH:274
BRDA:25,0,0,1
BRDA:25,0,1,5
BRDA:26,1,0,0
BRDA:26,1,1,6
BRDA:27,2,0,1
BRDA:27,2,1,5
BRDA:28,3,0,1
BRDA:28,3,1,5
BRDA:29,4,0,1
BRDA:29,4,1,5
BRDA:32,5,0,1
BRDA:32,5,1,5
BRDA:32,6,0,6
BRDA:32,6,1,6
BRDA:35,7,0,1
BRDA:35,7,1,5
BRDA:35,8,0,6
BRDA:35,8,1,5
BRDA:37,9,0,3
BRDA:37,9,1,3
BRDA:57,10,0,1
BRDA:57,10,1,2
BRDA:84,11,0,1
BRDA:84,11,1,1
BRDA:124,12,0,0
BRDA:124,12,1,0
BRDA:151,13,0,0
BRDA:151,13,1,0
BRDA:182,14,0,0
BRDA:182,14,1,7
BRDA:182,15,0,7
BRDA:182,15,1,7
BRDA:199,16,0,1
BRDA:199,16,1,6
BRDA:207,17,0,1
BRDA:207,17,1,5
BRDA:218,18,0,0
BRDA:218,18,1,5
BRDA:224,19,0,2
BRDA:224,19,1,3
BRDA:225,20,0,1
BRDA:225,20,1,1
BRDA:225,21,0,2
BRDA:225,21,1,1
BRDA:234,22,0,4
BRDA:234,22,1,3
BRDA:234,22,2,3
BRDA:235,23,0,1
BRDA:235,23,1,3
BRDA:252,24,0,4
BRDA:252,24,1,3
BRDA:273,25,0,0
BRDA:273,25,1,0
BRDA:294,26,0,1
BRDA:294,26,1,3
BRDA:294,27,0,4
BRDA:294,27,1,3
BRDA:298,28,0,0
BRDA:298,28,1,3
BRDA:302,29,0,2
BRDA:302,29,1,1
BRDA:308,30,0,1
BRDA:308,30,1,1
BRDA:308,31,0,2
BRDA:308,31,1,2
BRDA:325,32,0,1
BRDA:325,32,1,1
BRDA:334,33,0,1
BRDA:334,33,1,0
BRDA:341,34,0,1
BRDA:341,34,1,0
BRDA:344,35,0,1
BRDA:344,35,1,0
BRDA:367,36,0,0
BRDA:367,36,1,0
BRDA:393,37,0,0
BRDA:393,37,1,1
BRDA:413,38,0,0
BRDA:413,38,1,0
BRDA:432,39,0,1
BRDA:432,39,1,1
BRDA:465,40,0,1
BRDA:465,40,1,0
BRDA:484,41,0,3
BRDA:484,41,1,0
BRDA:508,42,0,1
BRDA:508,42,1,0
BRDA:540,43,0,4
BRDA:540,44,0,4
BRDA:542,45,0,5
BRDA:542,45,1,0
BRDA:543,46,0,5
BRDA:543,46,1,0
BRDA:544,47,0,0
BRDA:544,47,1,5
BRDA:556,48,0,1
BRDA:556,48,1,4
BRDA:562,49,0,1
BRDA:562,49,1,4
BRDA:562,50,0,5
BRDA:562,50,1,1
BRDA:567,51,0,0
BRDA:567,51,1,5
BRDA:567,52,0,5
BRDA:567,52,1,0
BRDA:601,53,0,5
BRDA:601,53,1,0
BRDA:606,54,0,0
BRDA:606,54,1,0
BRDA:637,55,0,0
BRDA:637,55,1,3
BRDA:645,56,0,1
BRDA:645,56,1,2
BRDA:651,57,0,1
BRDA:651,57,1,1
BRDA:651,58,0,2
BRDA:651,58,1,1
BRDA:661,59,0,1
BRDA:661,59,1,0
BRDA:705,60,0,1
BRDA:705,60,1,0
BRDA:719,61,0,1
BRDA:719,61,1,0
BRDA:735,62,0,0
BRDA:735,62,1,0
BRDA:760,63,0,0
BRDA:760,63,1,1
BRDA:795,64,0,0
BRDA:795,64,1,0
BRDA:807,65,0,1
BRDA:807,65,1,3
BRDA:824,66,0,0
BRDA:824,66,1,3
BRDA:842,67,0,8
BRDA:842,67,1,1
BRDA:842,67,2,1
BRDA:843,68,0,8
BRDA:843,68,1,0
BRDA:844,69,0,8
BRDA:844,69,1,0
BRDA:845,70,0,8
BRDA:845,70,1,0
BRDA:846,71,0,8
BRDA:846,71,1,0
BRDA:846,71,2,0
BRDA:848,72,0,1
BRDA:848,72,1,7
BRDA:848,73,0,8
BRDA:848,73,1,7
BRDA:848,73,2,7
BRDA:848,73,3,7
BRDA:848,73,4,7
BRDA:854,74,0,1
BRDA:854,74,1,6
BRDA:859,75,0,2
BRDA:859,75,1,4
BRDA:870,76,0,2
BRDA:870,76,1,2
BRDA:879,77,0,2
BRDA:879,77,1,1
BRDA:927,78,0,0
BRDA:927,78,1,0
BRDA:957,79,0,0
BRDA:957,79,1,0
BRDA:965,80,0,0
BRDA:965,80,1,0
BRDA:965,81,0,0
BRDA:965,81,1,0
BRDA:971,82,0,0
BRDA:971,82,1,0
BRDA:971,83,0,0
BRDA:971,83,1,0
BRDA:971,83,2,0
BRDA:1003,84,0,0
BRDA:1003,84,1,0
BRF:175
BRH:116
end_of_record
TN:
SF:src\controllers\registrationController.js
FN:42,calculateAge
FN:56,generateRegistrationNumber
FN:65,createDraft
FN:179,updatePersonal
FN:274,updateAddress
FN:364,updateAcademic
FN:442,updateCourse
FN:559,submitRegistration
FN:746,(anonymous_8)
FN:811,listRegistrations
FN:897,(anonymous_10)
FN:931,getRegistration
FN:971,editRegistration
FN:1098,handlePaymentSuccess
FN:1200,(anonymous_14)
FN:1208,(anonymous_15)
FN:1210,(anonymous_16)
FN:1212,(anonymous_17)
FN:1241,listCourses
FN:1258,listBatches
FN:1282,listPinCode
FN:1297,updateBatch
FNF:22
FNH:6
FNDA:2,calculateAge
FNDA:1,generateRegistrationNumber
FNDA:1,createDraft
FNDA:1,updatePersonal
FNDA:0,updateAddress
FNDA:0,updateAcademic
FNDA:0,updateCourse
FNDA:2,submitRegistration
FNDA:0,(anonymous_8)
FNDA:0,listRegistrations
FNDA:0,(anonymous_10)
FNDA:0,getRegistration
FNDA:0,editRegistration
FNDA:1,handlePaymentSuccess
FNDA:0,(anonymous_14)
FNDA:0,(anonymous_15)
FNDA:0,(anonymous_16)
FNDA:0,(anonymous_17)
FNDA:0,listCourses
FNDA:0,listBatches
FNDA:0,listPinCode
FNDA:0,updateBatch
DA:9,1
DA:10,1
DA:11,1
DA:16,1
DA:17,1
DA:18,1
DA:19,1
DA:20,1
DA:25,1
DA:26,1
DA:27,1
DA:28,1
DA:31,1
DA:43,2
DA:44,2
DA:45,2
DA:46,2
DA:47,2
DA:48,0
DA:50,2
DA:57,1
DA:58,1
DA:59,1
DA:66,1
DA:67,1
DA:69,1
DA:74,1
DA:77,1
DA:78,0
DA:85,1
DA:86,1
DA:87,0
DA:94,1
DA:95,1
DA:96,0
DA:103,1
DA:104,0
DA:105,0
DA:113,1
DA:118,1
DA:119,0
DA:126,1
DA:139,1
DA:140,0
DA:144,1
DA:150,1
DA:155,1
DA:163,1
DA:169,0
DA:170,0
DA:172,1
DA:180,1
DA:181,1
DA:183,1
DA:184,1
DA:188,1
DA:191,1
DA:196,1
DA:197,0
DA:200,1
DA:201,0
DA:208,1
DA:209,0
DA:216,1
DA:217,1
DA:218,0
DA:225,1
DA:226,0
DA:227,0
DA:235,1
DA:247,1
DA:248,0
DA:251,1
DA:253,1
DA:262,1
DA:264,0
DA:265,0
DA:267,1
DA:275,0
DA:276,0
DA:278,0
DA:279,0
DA:283,0
DA:286,0
DA:291,0
DA:292,0
DA:295,0
DA:296,0
DA:303,0
DA:304,0
DA:311,0
DA:312,0
DA:319,0
DA:320,0
DA:321,0
DA:322,0
DA:323,0
DA:331,0
DA:341,0
DA:343,0
DA:352,0
DA:354,0
DA:355,0
DA:357,0
DA:365,0
DA:366,0
DA:368,0
DA:369,0
DA:370,0
DA:373,0
DA:378,0
DA:379,0
DA:382,0
DA:383,0
DA:390,0
DA:391,0
DA:398,0
DA:399,0
DA:400,0
DA:407,0
DA:415,0
DA:416,0
DA:419,0
DA:421,0
DA:430,0
DA:432,0
DA:433,0
DA:435,0
DA:443,0
DA:444,0
DA:446,0
DA:447,0
DA:448,0
DA:451,0
DA:456,0
DA:457,0
DA:460,0
DA:461,0
DA:468,0
DA:469,0
DA:476,0
DA:481,0
DA:482,0
DA:489,0
DA:496,0
DA:497,0
DA:503,0
DA:505,0
DA:506,0
DA:513,0
DA:514,0
DA:515,0
DA:516,0
DA:518,0
DA:529,0
DA:531,0
DA:540,0
DA:549,0
DA:550,0
DA:552,0
DA:560,2
DA:561,2
DA:563,2
DA:564,2
DA:565,2
DA:568,2
DA:569,0
DA:576,2
DA:581,2
DA:582,0
DA:585,2
DA:587,2
DA:588,0
DA:595,2
DA:596,0
DA:601,2
DA:602,0
DA:607,2
DA:608,0
DA:613,2
DA:614,1
DA:621,1
DA:623,1
DA:624,1
DA:625,1
DA:626,1
DA:627,1
DA:632,1
DA:633,1
DA:635,1
DA:636,1
DA:639,0
DA:640,0
DA:641,0
DA:645,1
DA:650,1
DA:658,1
DA:662,1
DA:665,1
DA:695,1
DA:698,1
DA:705,1
DA:708,1
DA:714,1
DA:725,1
DA:726,1
DA:730,1
DA:738,1
DA:740,1
DA:741,1
DA:742,1
DA:746,1
DA:747,0
DA:753,1
DA:754,1
DA:755,1
DA:756,1
DA:757,1
DA:758,1
DA:761,0
DA:766,1
DA:767,1
DA:768,1
DA:770,1
DA:771,1
DA:773,0
DA:778,1
DA:786,0
DA:787,0
DA:788,0
DA:789,0
DA:796,0
DA:797,0
DA:798,0
DA:804,2
DA:812,0
DA:813,0
DA:815,0
DA:816,0
DA:817,0
DA:819,0
DA:831,0
DA:832,0
DA:835,0
DA:836,0
DA:837,0
DA:841,0
DA:842,0
DA:848,0
DA:852,0
DA:853,0
DA:854,0
DA:857,0
DA:858,0
DA:861,0
DA:862,0
DA:864,0
DA:867,0
DA:868,0
DA:869,0
DA:871,0
DA:872,0
DA:873,0
DA:875,0
DA:876,0
DA:882,0
DA:884,0
DA:885,0
DA:886,0
DA:889,0
DA:890,0
DA:893,0
DA:894,0
DA:897,0
DA:911,0
DA:921,0
DA:922,0
DA:924,0
DA:932,0
DA:933,0
DA:935,0
DA:936,0
DA:938,0
DA:943,0
DA:944,0
DA:947,0
DA:950,0
DA:951,0
DA:955,0
DA:956,0
DA:959,0
DA:961,0
DA:962,0
DA:964,0
DA:972,0
DA:973,0
DA:975,0
DA:976,0
DA:977,0
DA:979,0
DA:984,0
DA:985,0
DA:988,0
DA:991,0
DA:992,0
DA:994,0
DA:995,0
DA:999,0
DA:1000,0
DA:1006,0
DA:1007,0
DA:1014,0
DA:1015,0
DA:1016,0
DA:1018,0
DA:1019,0
DA:1020,0
DA:1021,0
DA:1024,0
DA:1025,0
DA:1026,0
DA:1027,0
DA:1030,0
DA:1031,0
DA:1032,0
DA:1033,0
DA:1036,0
DA:1037,0
DA:1043,0
DA:1044,0
DA:1046,0
DA:1052,0
DA:1053,0
DA:1058,0
DA:1059,0
DA:1060,0
DA:1061,0
DA:1062,0
DA:1064,0
DA:1085,0
DA:1087,0
DA:1088,0
DA:1090,0
DA:1099,1
DA:1100,1
DA:1102,1
DA:1103,1
DA:1104,1
DA:1106,1
DA:1109,1
DA:1114,1
DA:1115,0
DA:1116,0
DA:1119,1
DA:1122,1
DA:1130,1
DA:1131,1
DA:1132,1
DA:1133,1
DA:1134,1
DA:1135,1
DA:1137,1
DA:1139,1
DA:1144,1
DA:1151,1
DA:1159,1
DA:1160,1
DA:1161,1
DA:1162,1
DA:1163,1
DA:1170,1
DA:1174,1
DA:1177,1
DA:1178,1
DA:1179,1
DA:1182,1
DA:1183,1
DA:1184,1
DA:1188,1
DA:1189,1
DA:1190,1
DA:1192,1
DA:1193,1
DA:1197,0
DA:1200,1
DA:1201,0
DA:1206,1
DA:1207,1
DA:1208,1
DA:1210,1
DA:1211,1
DA:1212,0
DA:1215,0
DA:1218,1
DA:1226,0
DA:1227,0
DA:1228,0
DA:1229,0
DA:1234,1
DA:1242,0
DA:1243,0
DA:1244,0
DA:1245,0
DA:1246,0
DA:1248,0
DA:1249,0
DA:1251,0
DA:1259,0
DA:1260,0
DA:1261,0
DA:1262,0
DA:1263,0
DA:1270,0
DA:1272,0
DA:1273,0
DA:1275,0
DA:1283,0
DA:1284,0
DA:1285,0
DA:1286,0
DA:1288,0
DA:1289,0
DA:1298,0
DA:1301,0
DA:1302,0
DA:1304,0
DA:1305,0
DA:1306,0
DA:1308,0
DA:1311,0
DA:1312,0
DA:1313,0
DA:1314,0
DA:1317,0
DA:1320,0
DA:1321,0
DA:1322,0
DA:1323,0
DA:1330,0
DA:1341,0
DA:1343,0
DA:1349,0
DA:1350,0
DA:1351,0
DA:1353,0
DA:1359,1
LF:446
LH:162
BRDA:36,0,0,1
BRDA:36,0,1,1
BRDA:47,1,0,0
BRDA:47,1,1,2
BRDA:47,2,0,2
BRDA:47,2,1,2
BRDA:47,2,2,0
BRDA:77,3,0,0
BRDA:77,3,1,1
BRDA:77,4,0,1
BRDA:77,4,1,1
BRDA:77,4,2,1
BRDA:77,4,3,1
BRDA:77,4,4,1
BRDA:86,5,0,0
BRDA:86,5,1,1
BRDA:95,6,0,0
BRDA:95,6,1,1
BRDA:103,7,0,0
BRDA:103,7,1,1
BRDA:104,8,0,0
BRDA:104,8,1,0
BRDA:104,9,0,0
BRDA:104,9,1,0
BRDA:104,9,2,0
BRDA:118,10,0,0
BRDA:118,10,1,1
BRDA:128,11,0,1
BRDA:128,11,1,0
BRDA:133,12,0,1
BRDA:133,12,1,1
BRDA:134,13,0,1
BRDA:134,13,1,1
BRDA:135,14,0,1
BRDA:135,14,1,1
BRDA:139,15,0,0
BRDA:139,15,1,1
BRDA:150,16,0,1
BRDA:150,16,1,0
BRDA:152,17,0,0
BRDA:152,17,1,0
BRDA:196,18,0,0
BRDA:196,18,1,1
BRDA:200,19,0,0
BRDA:200,19,1,1
BRDA:208,20,0,0
BRDA:208,20,1,1
BRDA:208,21,0,1
BRDA:208,21,1,1
BRDA:208,21,2,1
BRDA:208,21,3,1
BRDA:208,21,4,1
BRDA:217,22,0,0
BRDA:217,22,1,1
BRDA:225,23,0,0
BRDA:225,23,1,1
BRDA:226,24,0,0
BRDA:226,24,1,0
BRDA:226,25,0,0
BRDA:226,25,1,0
BRDA:226,25,2,0
BRDA:237,26,0,1
BRDA:237,26,1,0
BRDA:242,27,0,1
BRDA:242,27,1,1
BRDA:243,28,0,1
BRDA:243,28,1,1
BRDA:244,29,0,1
BRDA:244,29,1,1
BRDA:247,30,0,0
BRDA:247,30,1,1
BRDA:251,31,0,1
BRDA:251,31,1,0
BRDA:291,32,0,0
BRDA:291,32,1,0
BRDA:295,33,0,0
BRDA:295,33,1,0
BRDA:303,34,0,0
BRDA:303,34,1,0
BRDA:303,35,0,0
BRDA:303,35,1,0
BRDA:311,36,0,0
BRDA:311,36,1,0
BRDA:320,37,0,0
BRDA:320,37,1,0
BRDA:320,38,0,0
BRDA:320,38,1,0
BRDA:322,39,0,0
BRDA:322,39,1,0
BRDA:322,40,0,0
BRDA:322,40,1,0
BRDA:322,40,2,0
BRDA:333,41,0,0
BRDA:333,41,1,0
BRDA:334,42,0,0
BRDA:334,42,1,0
BRDA:335,43,0,0
BRDA:335,43,1,0
BRDA:337,44,0,0
BRDA:337,44,1,0
BRDA:338,45,0,0
BRDA:338,45,1,0
BRDA:341,46,0,0
BRDA:341,46,1,0
BRDA:378,47,0,0
BRDA:378,47,1,0
BRDA:382,48,0,0
BRDA:382,48,1,0
BRDA:390,49,0,0
BRDA:390,49,1,0
BRDA:390,50,0,0
BRDA:390,50,1,0
BRDA:390,50,2,0
BRDA:399,51,0,0
BRDA:399,51,1,0
BRDA:411,52,0,0
BRDA:411,52,1,0
BRDA:415,53,0,0
BRDA:415,53,1,0
BRDA:419,54,0,0
BRDA:419,54,1,0
BRDA:456,55,0,0
BRDA:456,55,1,0
BRDA:460,56,0,0
BRDA:460,56,1,0
BRDA:468,57,0,0
BRDA:468,57,1,0
BRDA:468,58,0,0
BRDA:468,58,1,0
BRDA:481,59,0,0
BRDA:481,59,1,0
BRDA:496,60,0,0
BRDA:496,60,1,0
BRDA:505,61,0,0
BRDA:505,61,1,0
BRDA:529,62,0,0
BRDA:529,62,1,0
BRDA:568,63,0,0
BRDA:568,63,1,2
BRDA:581,64,0,0
BRDA:581,64,1,2
BRDA:587,65,0,0
BRDA:587,65,1,2
BRDA:595,66,0,0
BRDA:595,66,1,2
BRDA:601,67,0,0
BRDA:601,67,1,2
BRDA:607,68,0,0
BRDA:607,68,1,2
BRDA:613,69,0,1
BRDA:613,69,1,1
BRDA:635,70,0,1
BRDA:635,70,1,0
BRDA:639,71,0,0
BRDA:639,71,1,0
BRDA:685,72,0,1
BRDA:685,72,1,1
BRDA:688,73,0,1
BRDA:688,73,1,1
BRDA:725,74,0,1
BRDA:725,74,1,0
BRDA:740,75,0,1
BRDA:740,75,1,1
BRDA:741,76,0,1
BRDA:741,76,1,1
BRDA:753,77,0,1
BRDA:753,77,1,0
BRDA:756,78,0,1
BRDA:756,78,1,0
BRDA:767,79,0,1
BRDA:767,79,1,0
BRDA:792,80,0,0
BRDA:792,80,1,0
BRDA:801,81,0,0
BRDA:801,81,1,0
BRDA:816,82,0,0
BRDA:816,83,0,0
BRDA:835,84,0,0
BRDA:835,84,1,0
BRDA:841,85,0,0
BRDA:841,85,1,0
BRDA:852,86,0,0
BRDA:852,86,1,0
BRDA:857,87,0,0
BRDA:857,87,1,0
BRDA:871,88,0,0
BRDA:871,88,1,0
BRDA:875,89,0,0
BRDA:875,89,1,0
BRDA:884,90,0,0
BRDA:884,90,1,0
BRDA:889,91,0,0
BRDA:889,91,1,0
BRDA:900,92,0,0
BRDA:900,92,1,0
BRDA:901,93,0,0
BRDA:901,93,1,0
BRDA:901,94,0,0
BRDA:901,94,1,0
BRDA:903,95,0,0
BRDA:903,95,1,0
BRDA:904,96,0,0
BRDA:904,96,1,0
BRDA:905,97,0,0
BRDA:905,97,1,0
BRDA:943,98,0,0
BRDA:943,98,1,0
BRDA:950,99,0,0
BRDA:950,99,1,0
BRDA:950,100,0,0
BRDA:950,100,1,0
BRDA:955,101,0,0
BRDA:955,101,1,0
BRDA:955,102,0,0
BRDA:955,102,1,0
BRDA:984,103,0,0
BRDA:984,103,1,0
BRDA:991,104,0,0
BRDA:991,104,1,0
BRDA:991,105,0,0
BRDA:991,105,1,0
BRDA:994,106,0,0
BRDA:994,106,1,0
BRDA:994,107,0,0
BRDA:994,107,1,0
BRDA:999,108,0,0
BRDA:999,108,1,0
BRDA:999,109,0,0
BRDA:999,109,1,0
BRDA:1006,110,0,0
BRDA:1006,110,1,0
BRDA:1006,111,0,0
BRDA:1006,111,1,0
BRDA:1018,112,0,0
BRDA:1018,112,1,0
BRDA:1024,113,0,0
BRDA:1024,113,1,0
BRDA:1030,114,0,0
BRDA:1030,114,1,0
BRDA:1036,115,0,0
BRDA:1036,115,1,0
BRDA:1052,116,0,0
BRDA:1052,116,1,0
BRDA:1052,117,0,0
BRDA:1052,117,1,0
BRDA:1058,118,0,0
BRDA:1058,118,1,0
BRDA:1060,119,0,0
BRDA:1060,119,1,0
BRDA:1061,120,0,0
BRDA:1061,120,1,0
BRDA:1062,121,0,0
BRDA:1062,121,1,0
BRDA:1104,122,0,0
BRDA:1104,122,1,1
BRDA:1114,123,0,0
BRDA:1114,123,1,1
BRDA:1137,124,0,1
BRDA:1137,124,1,0
BRDA:1137,125,0,1
BRDA:1137,125,1,1
BRDA:1160,126,0,1
BRDA:1160,126,1,0
BRDA:1162,127,0,1
BRDA:1162,127,1,0
BRDA:1162,128,0,1
BRDA:1162,128,1,1
BRDA:1162,128,2,1
BRDA:1177,129,0,1
BRDA:1177,129,1,0
BRDA:1178,130,0,1
BRDA:1178,130,1,1
BRDA:1179,131,0,1
BRDA:1179,131,1,1
BRDA:1188,132,0,1
BRDA:1188,132,1,0
BRDA:1192,133,0,1
BRDA:1192,133,1,0
BRDA:1200,134,0,1
BRDA:1200,134,1,0
BRDA:1207,135,0,1
BRDA:1207,135,1,0
BRDA:1211,136,0,0
BRDA:1211,136,1,1
BRDA:1226,137,0,0
BRDA:1226,137,1,0
BRDA:1234,138,0,1
BRDA:1234,138,1,0
BRDA:1312,139,0,0
BRDA:1312,139,1,0
BRDA:1320,140,0,0
BRDA:1320,140,1,0
BRDA:1321,141,0,0
BRDA:1321,141,1,0
BRDA:1349,142,0,0
BRDA:1349,142,1,0
BRDA:1353,143,0,0
BRDA:1353,143,1,0
BRF:298
BRH:85
end_of_record
TN:
SF:src\jobs\leadArchiveJob.js
FN:11,archiveInactiveLeads
FN:67,sendFollowUpReminders
FN:106,startLeadJobs
FN:109,(anonymous_3)
FNF:4
FNH:4
FNDA:2,archiveInactiveLeads
FNDA:2,sendFollowUpReminders
FNDA:3,startLeadJobs
FNDA:2,(anonymous_3)
DA:1,1
DA:2,1
DA:3,1
DA:5,1
DA:6,1
DA:12,2
DA:13,2
DA:15,2
DA:22,2
DA:23,2
DA:25,2
DA:26,1
DA:27,1
DA:29,1
DA:35,1
DA:40,1
DA:43,1
DA:49,0
DA:50,0
DA:54,2
DA:55,1
DA:58,0
DA:60,2
DA:68,2
DA:69,2
DA:71,2
DA:79,2
DA:80,2
DA:82,1
DA:83,1
DA:84,1
DA:93,1
DA:94,1
DA:97,1
DA:99,2
DA:107,3
DA:109,3
DA:110,2
DA:111,2
DA:112,2
DA:113,2
DA:117,1
LF:42
LH:39
BRDA:5,0,0,1
BRDA:5,0,1,1
BRDA:6,1,0,1
BRDA:6,1,1,1
BRDA:54,2,0,1
BRDA:54,2,1,1
BRDA:93,3,0,1
BRDA:93,3,1,0
BRF:8
BRH:7
end_of_record
TN:
SF:src\middleware\authenticate.js
FN:14,authenticate
FNF:1
FNH:1
FNDA:39,authenticate
DA:12,11
DA:16,39
DA:18,39
DA:19,0
DA:25,39
DA:27,39
DA:28,0
DA:33,39
DA:35,39
DA:39,38
DA:46,38
DA:49,1
DA:50,0
DA:56,1
DA:57,1
DA:64,0
DA:65,0
DA:71,11
LF:18
LH:13
BRDA:18,0,0,0
BRDA:18,0,1,39
BRDA:18,1,0,39
BRDA:18,1,1,39
BRDA:27,2,0,0
BRDA:27,2,1,39
BRDA:49,3,0,0
BRDA:49,3,1,1
BRDA:56,4,0,1
BRDA:56,4,1,0
BRF:10
BRH:6
end_of_record
TN:
SF:src\middleware\authorize.js
FN:10,authorize
FN:11,(anonymous_1)
FN:37,(anonymous_2)
FN:52,(anonymous_3)
FNF:4
FNH:3
FNDA:77,authorize
FNDA:34,(anonymous_1)
FNDA:0,(anonymous_2)
FNDA:34,(anonymous_3)
DA:8,7
DA:11,77
DA:13,34
DA:14,0
DA:20,34
DA:21,34
DA:26,34
DA:27,0
DA:35,34
DA:36,0
DA:37,0
DA:39,0
DA:40,0
DA:48,34
DA:49,34
DA:52,34
DA:53,34
DA:54,34
DA:57,34
DA:58,1
DA:66,33
DA:70,7
LF:22
LH:16
BRDA:13,0,0,0
BRDA:13,0,1,34
BRDA:13,1,0,34
BRDA:13,1,1,34
BRDA:21,2,0,34
BRDA:21,2,1,0
BRDA:26,3,0,0
BRDA:26,3,1,34
BRDA:26,4,0,34
BRDA:26,4,1,0
BRDA:35,5,0,0
BRDA:35,5,1,34
BRDA:35,6,0,34
BRDA:35,6,1,0
BRDA:39,7,0,0
BRDA:39,7,1,0
BRDA:48,8,0,34
BRDA:48,8,1,0
BRDA:49,9,0,34
BRDA:49,9,1,0
BRDA:53,10,0,34
BRDA:53,10,1,0
BRDA:57,11,0,1
BRDA:57,11,1,33
BRF:24
BRH:13
end_of_record
TN:
SF:src\middleware\rbac.js
FN:26,requireRole
FN:27,(anonymous_1)
FNF:2
FNH:2
FNDA:3,requireRole
FNDA:4,(anonymous_1)
DA:13,1
DA:27,3
DA:28,4
DA:29,0
DA:35,4
DA:38,4
DA:39,0
DA:43,4
DA:44,4
DA:47,0
DA:54,1
LF:11
LH:8
BRDA:28,0,0,0
BRDA:28,0,1,4
BRDA:28,1,0,4
BRDA:28,1,1,4
BRDA:38,2,0,0
BRDA:38,2,1,4
BRDA:43,3,0,4
BRDA:43,3,1,0
BRF:8
BRH:5
end_of_record
TN:
SF:src\routes\auth.js
FNF:0
FNH:0
DA:7,3
DA:8,3
DA:10,3
DA:11,3
DA:14,3
DA:17,3
DA:20,3
DA:23,3
DA:26,3
DA:29,3
DA:32,3
DA:36,3
DA:38,3
LF:13
LH:13
BRF:0
BRH:0
end_of_record
TN:
SF:src\routes\leads.js
FNF:0
FNH:0
DA:5,7
DA:6,7
DA:7,7
DA:9,7
DA:10,7
DA:19,7
DA:20,7
DA:21,7
DA:28,7
DA:39,7
DA:50,7
DA:61,7
DA:72,7
DA:83,7
DA:94,7
DA:105,7
DA:116,7
DA:127,7
DA:139,7
DA:146,7
LF:20
LH:20
BRF:0
BRH:0
end_of_record
TN:
SF:src\routes\registration.js
FNF:0
FNH:0
DA:7,1
DA:8,1
DA:25,1
DA:27,1
DA:28,1
DA:29,1
DA:32,1
DA:35,1
DA:41,1
DA:42,1
DA:43,1
DA:44,1
DA:47,1
DA:52,1
DA:55,1
DA:58,1
DA:61,1
DA:64,1
DA:67,1
DA:72,1
DA:77,1
DA:80,1
DA:82,1
LF:23
LH:23
BRF:0
BRH:0
end_of_record
TN:
SF:src\services\emailService.js
FN:12,sendOTPEmail
FN:31,sendLockoutEmail
FN:40,sendLeadArchiveEmail
FN:49,sendFollowUpReminderEmail
FN:64,sendWelcomeCredentialsEmail
FN:95,sendPaymentLinkEmail
FN:122,sendRegistrationInviteEmail
FN:148,sendEnrollmentSuccessEmail
FNF:8
FNH:1
FNDA:0,sendOTPEmail
FNDA:0,sendLockoutEmail
FNDA:0,sendLeadArchiveEmail
FNDA:0,sendFollowUpReminderEmail
FNDA:0,sendWelcomeCredentialsEmail
FNDA:0,sendPaymentLinkEmail
FNDA:1,sendRegistrationInviteEmail
FNDA:0,sendEnrollmentSuccessEmail
DA:1,7
DA:2,7
DA:4,7
DA:13,0
DA:18,0
DA:23,0
DA:32,0
DA:41,0
DA:50,0
DA:65,0
DA:96,0
DA:123,1
DA:149,0
DA:180,7
LF:14
LH:5
BRDA:54,0,0,0
BRDA:54,0,1,0
BRF:2
BRH:0
end_of_record
TN:
SF:src\services\pinCodeService.js
FN:16,lookupPinCode
FN:22,(anonymous_1)
FN:25,(anonymous_2)
FN:28,(anonymous_3)
FN:32,(anonymous_4)
FN:63,(anonymous_5)
FN:68,(anonymous_6)
FNF:7
FNH:0
FNDA:0,lookupPinCode
FNDA:0,(anonymous_1)
FNDA:0,(anonymous_2)
FNDA:0,(anonymous_3)
FNDA:0,(anonymous_4)
FNDA:0,(anonymous_5)
FNDA:0,(anonymous_6)
DA:9,1
DA:11,1
DA:18,0
DA:19,0
DA:22,0
DA:23,0
DA:25,0
DA:26,0
DA:28,0
DA:29,0
DA:32,0
DA:33,0
DA:34,0
DA:36,0
DA:42,0
DA:43,0
DA:49,0
DA:57,0
DA:58,0
DA:63,0
DA:64,0
DA:65,0
DA:68,0
DA:69,0
DA:70,0
DA:71,0
DA:76,1
LF:27
LH:3
BRDA:18,0,0,0
BRDA:18,0,1,0
BRDA:36,1,0,0
BRDA:36,1,1,0
BRDA:37,2,0,0
BRDA:37,2,1,0
BRDA:37,2,2,0
BRDA:37,2,3,0
BRDA:44,3,0,0
BRDA:44,3,1,0
BRF:10
BRH:0
end_of_record
TN:
SF:src\utils\csvParser.js
FN:9,parseCSV
FN:10,(anonymous_1)
FN:17,(anonymous_2)
FN:19,(anonymous_3)
FN:20,(anonymous_4)
FN:21,(anonymous_5)
FNF:6
FNH:5
FNDA:3,parseCSV
FNDA:3,(anonymous_1)
FNDA:15,(anonymous_2)
FNDA:8,(anonymous_3)
FNDA:3,(anonymous_4)
FNDA:0,(anonymous_5)
DA:1,7
DA:2,7
DA:10,3
DA:11,3
DA:13,3
DA:15,3
DA:17,15
DA:19,8
DA:20,3
DA:21,0
DA:25,7
LF:11
LH:10
BRF:0
BRH:0
end_of_record
TN:
SF:src\utils\redis.js
FN:5,(anonymous_0)
FN:14,(anonymous_1)
FN:18,(anonymous_2)
FNF:3
FNH:1
FNDA:0,(anonymous_0)
FNDA:7,(anonymous_1)
FNDA:0,(anonymous_2)
DA:1,7
DA:2,7
DA:4,7
DA:6,0
DA:7,0
DA:8,0
DA:10,0
DA:14,7
DA:15,7
DA:18,7
DA:19,0
DA:22,7
LF:12
LH:7
BRDA:6,0,0,0
BRDA:6,0,1,0
BRF:2
BRH:0
end_of_record
