TN:
SF:src\controllers\courseController.js
FN:74,handleDocUpload
FN:75,(anonymous_1)
FN:87,handleVideoUpload
FN:88,(anonymous_3)
FN:100,handleSubmissionUpload
FN:101,(anonymous_5)
FN:121,isTrainerAssigned
FN:136,isValidUrl
FN:151,invalidateDashboardCache
FN:167,listCourses
FN:202,createCourse
FN:248,getCourse
FN:305,updateCourse
FN:376,deactivateCourse
FN:415,listCourseBatches
FN:447,createBatch
FN:493,updateBatch
FN:549,listModules
FN:565,(anonymous_18)
FN:579,(anonymous_19)
FN:608,(anonymous_20)
FN:626,createModule
FN:676,updateModule
FN:719,deleteModule
FN:770,reorderModules
FN:817,createSubModule
FN:865,updateSubModule
FN:908,reorderSubModules
FN:956,createContent
FN:1054,uploadVideo
FN:1134,listContent
FN:1163,getContentUrl
FN:1218,getTranscodeStatus
FN:1256,publishContent
FN:1319,unpublishContent
FN:1370,_invalidateCourseCache
FN:1391,getBatchDashboard
FN:1477,(anonymous_37)
FN:1479,(anonymous_38)
FN:1484,(anonymous_39)
FN:1485,(anonymous_40)
FN:1485,(anonymous_41)
FN:1507,(anonymous_42)
FN:1510,(anonymous_43)
FN:1519,(anonymous_44)
FN:1560,getBatchStudent
FN:1624,createLiveSession
FN:1683,listLiveSessions
FNF:48
FNH:0
FNDA:0,handleDocUpload
FNDA:0,(anonymous_1)
FNDA:0,handleVideoUpload
FNDA:0,(anonymous_3)
FNDA:0,handleSubmissionUpload
FNDA:0,(anonymous_5)
FNDA:0,isTrainerAssigned
FNDA:0,isValidUrl
FNDA:0,invalidateDashboardCache
FNDA:0,listCourses
FNDA:0,createCourse
FNDA:0,getCourse
FNDA:0,updateCourse
FNDA:0,deactivateCourse
FNDA:0,listCourseBatches
FNDA:0,createBatch
FNDA:0,updateBatch
FNDA:0,listModules
FNDA:0,(anonymous_18)
FNDA:0,(anonymous_19)
FNDA:0,(anonymous_20)
FNDA:0,createModule
FNDA:0,updateModule
FNDA:0,deleteModule
FNDA:0,reorderModules
FNDA:0,createSubModule
FNDA:0,updateSubModule
FNDA:0,reorderSubModules
FNDA:0,createContent
FNDA:0,uploadVideo
FNDA:0,listContent
FNDA:0,getContentUrl
FNDA:0,getTranscodeStatus
FNDA:0,publishContent
FNDA:0,unpublishContent
FNDA:0,_invalidateCourseCache
FNDA:0,getBatchDashboard
FNDA:0,(anonymous_37)
FNDA:0,(anonymous_38)
FNDA:0,(anonymous_39)
FNDA:0,(anonymous_40)
FNDA:0,(anonymous_41)
FNDA:0,(anonymous_42)
FNDA:0,(anonymous_43)
FNDA:0,(anonymous_44)
FNDA:0,getBatchStudent
FNDA:0,createLiveSession
FNDA:0,listLiveSessions
DA:20,1
DA:21,1
DA:22,1
DA:23,1
DA:24,1
DA:25,1
DA:30,1
DA:31,1
DA:32,1
DA:33,1
DA:34,1
DA:35,1
DA:36,1
DA:37,1
DA:38,1
DA:39,1
DA:40,1
DA:41,1
DA:42,1
DA:43,1
DA:45,1
DA:56,1
DA:61,1
DA:66,1
DA:75,0
DA:76,0
DA:77,0
DA:82,0
DA:83,0
DA:88,0
DA:89,0
DA:90,0
DA:95,0
DA:96,0
DA:101,0
DA:102,0
DA:103,0
DA:108,0
DA:109,0
DA:122,0
DA:130,0
DA:137,0
DA:138,0
DA:139,0
DA:141,0
DA:152,0
DA:153,0
DA:155,0
DA:168,0
DA:169,0
DA:171,0
DA:172,0
DA:190,0
DA:192,0
DA:193,0
DA:195,0
DA:203,0
DA:206,0
DA:207,0
DA:209,0
DA:210,0
DA:213,0
DA:214,0
DA:216,0
DA:217,0
DA:218,0
DA:219,0
DA:220,0
DA:221,0
DA:223,0
DA:233,0
DA:235,0
DA:236,0
DA:238,0
DA:239,0
DA:241,0
DA:249,0
DA:251,0
DA:252,0
DA:254,0
DA:256,0
DA:263,0
DA:264,0
DA:268,0
DA:281,0
DA:289,0
DA:290,0
DA:291,0
DA:293,0
DA:295,0
DA:296,0
DA:298,0
DA:306,0
DA:307,0
DA:310,0
DA:312,0
DA:315,0
DA:316,0
DA:318,0
DA:319,0
DA:320,0
DA:321,0
DA:323,0
DA:324,0
DA:325,0
DA:327,0
DA:328,0
DA:329,0
DA:331,0
DA:332,0
DA:333,0
DA:335,0
DA:336,0
DA:337,0
DA:339,0
DA:340,0
DA:341,0
DA:343,0
DA:344,0
DA:345,0
DA:348,0
DA:349,0
DA:351,0
DA:359,0
DA:360,0
DA:363,0
DA:365,0
DA:366,0
DA:368,0
DA:377,0
DA:379,0
DA:380,0
DA:382,0
DA:383,0
DA:392,0
DA:393,0
DA:396,0
DA:401,0
DA:402,0
DA:404,0
DA:416,0
DA:418,0
DA:419,0
DA:421,0
DA:422,0
DA:435,0
DA:437,0
DA:438,0
DA:440,0
DA:448,0
DA:449,0
DA:452,0
DA:453,0
DA:456,0
DA:457,0
DA:459,0
DA:461,0
DA:466,0
DA:467,0
DA:470,0
DA:472,0
DA:481,0
DA:483,0
DA:484,0
DA:486,0
DA:494,0
DA:495,0
DA:497,0
DA:498,0
DA:500,0
DA:501,0
DA:502,0
DA:503,0
DA:505,0
DA:506,0
DA:507,0
DA:508,0
DA:509,0
DA:510,0
DA:511,0
DA:513,0
DA:514,0
DA:517,0
DA:518,0
DA:520,0
DA:529,0
DA:530,0
DA:533,0
DA:535,0
DA:536,0
DA:538,0
DA:550,0
DA:552,0
DA:553,0
DA:555,0
DA:556,0
DA:565,0
DA:567,0
DA:568,0
DA:571,0
DA:579,0
DA:580,0
DA:582,0
DA:583,0
DA:595,0
DA:596,0
DA:597,0
DA:598,0
DA:601,0
DA:602,0
DA:603,0
DA:604,0
DA:605,0
DA:608,0
DA:613,0
DA:615,0
DA:616,0
DA:618,0
DA:627,0
DA:628,0
DA:631,0
DA:632,0
DA:635,0
DA:636,0
DA:638,0
DA:640,0
DA:641,0
DA:642,0
DA:643,0
DA:648,0
DA:649,0
DA:650,0
DA:654,0
DA:657,0
DA:664,0
DA:666,0
DA:667,0
DA:669,0
DA:677,0
DA:678,0
DA:681,0
DA:682,0
DA:685,0
DA:686,0
DA:688,0
DA:689,0
DA:690,0
DA:691,0
DA:692,0
DA:696,0
DA:703,0
DA:704,0
DA:707,0
DA:709,0
DA:710,0
DA:712,0
DA:720,0
DA:722,0
DA:723,0
DA:725,0
DA:726,0
DA:727,0
DA:728,0
DA:729,0
DA:734,0
DA:742,0
DA:743,0
DA:749,0
DA:754,0
DA:755,0
DA:758,0
DA:760,0
DA:761,0
DA:763,0
DA:771,0
DA:772,0
DA:775,0
DA:776,0
DA:779,0
DA:780,0
DA:782,0
DA:783,0
DA:784,0
DA:785,0
DA:786,0
DA:790,0
DA:791,0
DA:792,0
DA:793,0
DA:798,0
DA:800,0
DA:802,0
DA:803,0
DA:804,0
DA:806,0
DA:818,0
DA:819,0
DA:822,0
DA:823,0
DA:826,0
DA:827,0
DA:829,0
DA:830,0
DA:831,0
DA:832,0
DA:833,0
DA:837,0
DA:838,0
DA:839,0
DA:843,0
DA:846,0
DA:853,0
DA:855,0
DA:856,0
DA:858,0
DA:866,0
DA:867,0
DA:870,0
DA:871,0
DA:874,0
DA:875,0
DA:877,0
DA:878,0
DA:879,0
DA:880,0
DA:881,0
DA:885,0
DA:892,0
DA:893,0
DA:896,0
DA:898,0
DA:899,0
DA:901,0
DA:909,0
DA:910,0
DA:913,0
DA:914,0
DA:917,0
DA:918,0
DA:920,0
DA:921,0
DA:922,0
DA:923,0
DA:924,0
DA:928,0
DA:929,0
DA:930,0
DA:931,0
DA:936,0
DA:938,0
DA:940,0
DA:941,0
DA:942,0
DA:944,0
DA:957,0
DA:958,0
DA:961,0
DA:962,0
DA:965,0
DA:967,0
DA:968,0
DA:974,0
DA:975,0
DA:976,0
DA:981,0
DA:982,0
DA:986,0
DA:987,0
DA:993,0
DA:994,0
DA:996,0
DA:997,0
DA:998,0
DA:999,0
DA:1000,0
DA:1004,0
DA:1005,0
DA:1006,0
DA:1008,0
DA:1009,0
DA:1012,0
DA:1016,0
DA:1017,0
DA:1021,0
DA:1022,0
DA:1023,0
DA:1027,0
DA:1030,0
DA:1041,0
DA:1043,0
DA:1044,0
DA:1046,0
DA:1055,0
DA:1056,0
DA:1059,0
DA:1060,0
DA:1062,0
DA:1063,0
DA:1065,0
DA:1066,0
DA:1069,0
DA:1070,0
DA:1072,0
DA:1073,0
DA:1074,0
DA:1075,0
DA:1076,0
DA:1081,0
DA:1082,0
DA:1085,0
DA:1086,0
DA:1087,0
DA:1091,0
DA:1095,0
DA:1106,0
DA:1109,0
DA:1112,0
DA:1117,0
DA:1124,0
DA:1125,0
DA:1127,0
DA:1135,0
DA:1137,0
DA:1138,0
DA:1140,0
DA:1141,0
DA:1151,0
DA:1153,0
DA:1154,0
DA:1156,0
DA:1164,0
DA:1166,0
DA:1167,0
DA:1169,0
DA:1170,0
DA:1177,0
DA:1178,0
DA:1181,0
DA:1184,0
DA:1185,0
DA:1189,0
DA:1190,0
DA:1191,0
DA:1196,0
DA:1200,0
DA:1201,0
DA:1204,0
DA:1206,0
DA:1208,0
DA:1209,0
DA:1211,0
DA:1219,0
DA:1221,0
DA:1222,0
DA:1224,0
DA:1225,0
DA:1232,0
DA:1233,0
DA:1236,0
DA:1238,0
DA:1246,0
DA:1247,0
DA:1249,0
DA:1257,0
DA:1259,0
DA:1260,0
DA:1262,0
DA:1263,0
DA:1274,0
DA:1275,0
DA:1278,0
DA:1281,0
DA:1282,0
DA:1283,0
DA:1284,0
DA:1289,0
DA:1291,0
DA:1297,0
DA:1305,0
DA:1307,0
DA:1309,0
DA:1310,0
DA:1312,0
DA:1320,0
DA:1322,0
DA:1323,0
DA:1325,0
DA:1326,0
DA:1335,0
DA:1336,0
DA:1339,0
DA:1341,0
DA:1342,0
DA:1343,0
DA:1344,0
DA:1348,0
DA:1355,0
DA:1357,0
DA:1359,0
DA:1360,0
DA:1362,0
DA:1371,0
DA:1372,0
DA:1376,0
DA:1377,0
DA:1380,0
DA:1392,0
DA:1393,0
DA:1395,0
DA:1396,0
DA:1398,0
DA:1400,0
DA:1401,0
DA:1405,0
DA:1406,0
DA:1411,0
DA:1412,0
DA:1413,0
DA:1417,0
DA:1422,0
DA:1423,0
DA:1425,0
DA:1426,0
DA:1429,0
DA:1436,0
DA:1437,0
DA:1440,0
DA:1445,0
DA:1446,0
DA:1449,0
DA:1458,0
DA:1459,0
DA:1460,0
DA:1461,0
DA:1464,0
DA:1465,0
DA:1466,0
DA:1467,0
DA:1469,0
DA:1470,0
DA:1471,0
DA:1472,0
DA:1477,0
DA:1478,0
DA:1479,0
DA:1482,0
DA:1484,0
DA:1485,0
DA:1488,0
DA:1495,0
DA:1496,0
DA:1507,0
DA:1508,0
DA:1510,0
DA:1513,0
DA:1514,0
DA:1515,0
DA:1516,0
DA:1519,0
DA:1529,0
DA:1533,0
DA:1545,0
DA:1547,0
DA:1549,0
DA:1550,0
DA:1552,0
DA:1561,0
DA:1563,0
DA:1564,0
DA:1566,0
DA:1568,0
DA:1569,0
DA:1573,0
DA:1574,0
DA:1579,0
DA:1588,0
DA:1589,0
DA:1592,0
DA:1595,0
DA:1605,0
DA:1610,0
DA:1611,0
DA:1613,0
DA:1625,0
DA:1626,0
DA:1629,0
DA:1630,0
DA:1632,0
DA:1633,0
DA:1635,0
DA:1636,0
DA:1639,0
DA:1640,0
DA:1641,0
DA:1647,0
DA:1648,0
DA:1650,0
DA:1652,0
DA:1653,0
DA:1657,0
DA:1658,0
DA:1662,0
DA:1664,0
DA:1671,0
DA:1673,0
DA:1674,0
DA:1676,0
DA:1684,0
DA:1686,0
DA:1687,0
DA:1689,0
DA:1690,0
DA:1699,0
DA:1701,0
DA:1702,0
DA:1704,0
DA:1711,1
LF:617
LH:25
BRDA:76,0,0,0
BRDA:76,0,1,0
BRDA:76,1,0,0
BRDA:76,1,1,0
BRDA:82,2,0,0
BRDA:82,2,1,0
BRDA:89,3,0,0
BRDA:89,3,1,0
BRDA:89,4,0,0
BRDA:89,4,1,0
BRDA:95,5,0,0
BRDA:95,5,1,0
BRDA:102,6,0,0
BRDA:102,6,1,0
BRDA:102,7,0,0
BRDA:102,7,1,0
BRDA:108,8,0,0
BRDA:108,8,1,0
BRDA:206,9,0,0
BRDA:206,9,1,0
BRDA:206,10,0,0
BRDA:206,10,1,0
BRDA:206,10,2,0
BRDA:209,11,0,0
BRDA:209,11,1,0
BRDA:209,12,0,0
BRDA:209,12,1,0
BRDA:218,13,0,0
BRDA:218,13,1,0
BRDA:219,14,0,0
BRDA:219,14,1,0
BRDA:220,15,0,0
BRDA:220,15,1,0
BRDA:229,16,0,0
BRDA:229,16,1,0
BRDA:235,17,0,0
BRDA:235,17,1,0
BRDA:263,18,0,0
BRDA:263,18,1,0
BRDA:310,19,0,0
BRDA:310,19,1,0
BRDA:310,20,0,0
BRDA:310,20,1,0
BRDA:310,20,2,0
BRDA:310,20,3,0
BRDA:310,20,4,0
BRDA:310,20,5,0
BRDA:323,21,0,0
BRDA:323,21,1,0
BRDA:327,22,0,0
BRDA:327,22,1,0
BRDA:331,23,0,0
BRDA:331,23,1,0
BRDA:335,24,0,0
BRDA:335,24,1,0
BRDA:339,25,0,0
BRDA:339,25,1,0
BRDA:343,26,0,0
BRDA:343,26,1,0
BRDA:359,27,0,0
BRDA:359,27,1,0
BRDA:392,28,0,0
BRDA:392,28,1,0
BRDA:452,29,0,0
BRDA:452,29,1,0
BRDA:452,30,0,0
BRDA:452,30,1,0
BRDA:452,30,2,0
BRDA:466,31,0,0
BRDA:466,31,1,0
BRDA:470,32,0,0
BRDA:470,32,1,0
BRDA:477,33,0,0
BRDA:477,33,1,0
BRDA:477,34,0,0
BRDA:477,34,1,0
BRDA:478,35,0,0
BRDA:478,35,1,0
BRDA:478,36,0,0
BRDA:478,36,1,0
BRDA:505,37,0,0
BRDA:505,37,1,0
BRDA:506,38,0,0
BRDA:506,38,1,0
BRDA:507,39,0,0
BRDA:507,39,1,0
BRDA:508,40,0,0
BRDA:508,40,1,0
BRDA:509,41,0,0
BRDA:509,41,1,0
BRDA:510,42,0,0
BRDA:510,42,1,0
BRDA:511,43,0,0
BRDA:511,43,1,0
BRDA:513,44,0,0
BRDA:513,44,1,0
BRDA:529,45,0,0
BRDA:529,45,1,0
BRDA:567,46,0,0
BRDA:567,46,1,0
BRDA:582,47,0,0
BRDA:582,47,1,0
BRDA:597,48,0,0
BRDA:597,48,1,0
BRDA:603,49,0,0
BRDA:603,49,1,0
BRDA:604,50,0,0
BRDA:604,50,1,0
BRDA:610,51,0,0
BRDA:610,51,1,0
BRDA:631,52,0,0
BRDA:631,52,1,0
BRDA:631,53,0,0
BRDA:631,53,1,0
BRDA:631,53,2,0
BRDA:640,54,0,0
BRDA:640,54,1,0
BRDA:642,55,0,0
BRDA:642,55,1,0
BRDA:648,56,0,0
BRDA:648,56,1,0
BRDA:649,57,0,0
BRDA:649,57,1,0
BRDA:681,58,0,0
BRDA:681,58,1,0
BRDA:681,59,0,0
BRDA:681,59,1,0
BRDA:681,59,2,0
BRDA:689,60,0,0
BRDA:689,60,1,0
BRDA:691,61,0,0
BRDA:691,61,1,0
BRDA:703,62,0,0
BRDA:703,62,1,0
BRDA:726,63,0,0
BRDA:726,63,1,0
BRDA:728,64,0,0
BRDA:728,64,1,0
BRDA:742,65,0,0
BRDA:742,65,1,0
BRDA:754,66,0,0
BRDA:754,66,1,0
BRDA:775,67,0,0
BRDA:775,67,1,0
BRDA:775,68,0,0
BRDA:775,68,1,0
BRDA:783,69,0,0
BRDA:783,69,1,0
BRDA:785,70,0,0
BRDA:785,70,1,0
BRDA:792,71,0,0
BRDA:792,71,1,0
BRDA:792,72,0,0
BRDA:792,72,1,0
BRDA:822,73,0,0
BRDA:822,73,1,0
BRDA:822,74,0,0
BRDA:822,74,1,0
BRDA:822,74,2,0
BRDA:830,75,0,0
BRDA:830,75,1,0
BRDA:832,76,0,0
BRDA:832,76,1,0
BRDA:837,77,0,0
BRDA:837,77,1,0
BRDA:838,78,0,0
BRDA:838,78,1,0
BRDA:870,79,0,0
BRDA:870,79,1,0
BRDA:870,80,0,0
BRDA:870,80,1,0
BRDA:870,80,2,0
BRDA:878,81,0,0
BRDA:878,81,1,0
BRDA:880,82,0,0
BRDA:880,82,1,0
BRDA:892,83,0,0
BRDA:892,83,1,0
BRDA:913,84,0,0
BRDA:913,84,1,0
BRDA:913,85,0,0
BRDA:913,85,1,0
BRDA:921,86,0,0
BRDA:921,86,1,0
BRDA:923,87,0,0
BRDA:923,87,1,0
BRDA:930,88,0,0
BRDA:930,88,1,0
BRDA:930,89,0,0
BRDA:930,89,1,0
BRDA:961,90,0,0
BRDA:961,90,1,0
BRDA:961,91,0,0
BRDA:961,91,1,0
BRDA:961,91,2,0
BRDA:967,92,0,0
BRDA:967,92,1,0
BRDA:967,93,0,0
BRDA:967,93,1,0
BRDA:974,94,0,0
BRDA:974,94,1,0
BRDA:975,95,0,0
BRDA:975,95,1,0
BRDA:975,96,0,0
BRDA:975,96,1,0
BRDA:981,97,0,0
BRDA:981,97,1,0
BRDA:986,98,0,0
BRDA:986,98,1,0
BRDA:986,99,0,0
BRDA:986,99,1,0
BRDA:997,100,0,0
BRDA:997,100,1,0
BRDA:999,101,0,0
BRDA:999,101,1,0
BRDA:1008,102,0,0
BRDA:1008,102,1,0
BRDA:1021,103,0,0
BRDA:1021,103,1,0
BRDA:1022,104,0,0
BRDA:1022,104,1,0
BRDA:1059,105,0,0
BRDA:1059,105,1,0
BRDA:1059,106,0,0
BRDA:1059,106,1,0
BRDA:1059,106,2,0
BRDA:1062,107,0,0
BRDA:1062,107,1,0
BRDA:1065,108,0,0
BRDA:1065,108,1,0
BRDA:1073,109,0,0
BRDA:1073,109,1,0
BRDA:1075,110,0,0
BRDA:1075,110,1,0
BRDA:1085,111,0,0
BRDA:1085,111,1,0
BRDA:1086,112,0,0
BRDA:1086,112,1,0
BRDA:1177,113,0,0
BRDA:1177,113,1,0
BRDA:1184,114,0,0
BRDA:1184,114,1,0
BRDA:1189,115,0,0
BRDA:1189,115,1,0
BRDA:1190,116,0,0
BRDA:1190,116,1,0
BRDA:1200,117,0,0
BRDA:1200,117,1,0
BRDA:1232,118,0,0
BRDA:1232,118,1,0
BRDA:1274,119,0,0
BRDA:1274,119,1,0
BRDA:1281,120,0,0
BRDA:1281,120,1,0
BRDA:1283,121,0,0
BRDA:1283,121,1,0
BRDA:1289,122,0,0
BRDA:1289,122,1,0
BRDA:1289,123,0,0
BRDA:1289,123,1,0
BRDA:1335,124,0,0
BRDA:1335,124,1,0
BRDA:1341,125,0,0
BRDA:1341,125,1,0
BRDA:1343,126,0,0
BRDA:1343,126,1,0
BRDA:1400,127,0,0
BRDA:1400,127,1,0
BRDA:1405,128,0,0
BRDA:1405,128,1,0
BRDA:1412,129,0,0
BRDA:1412,129,1,0
BRDA:1422,130,0,0
BRDA:1422,130,1,0
BRDA:1460,131,0,0
BRDA:1460,131,1,0
BRDA:1470,132,0,0
BRDA:1470,132,1,0
BRDA:1472,133,0,0
BRDA:1472,133,1,0
BRDA:1479,134,0,0
BRDA:1479,134,1,0
BRDA:1484,135,0,0
BRDA:1484,135,1,0
BRDA:1485,136,0,0
BRDA:1485,136,1,0
BRDA:1490,137,0,0
BRDA:1490,137,1,0
BRDA:1495,138,0,0
BRDA:1495,138,1,0
BRDA:1495,139,0,0
BRDA:1495,139,1,0
BRDA:1498,140,0,0
BRDA:1498,140,1,0
BRDA:1507,141,0,0
BRDA:1507,141,1,0
BRDA:1507,142,0,0
BRDA:1507,142,1,0
BRDA:1507,143,0,0
BRDA:1507,143,1,0
BRDA:1515,144,0,0
BRDA:1515,144,1,0
BRDA:1522,145,0,0
BRDA:1522,145,1,0
BRDA:1524,146,0,0
BRDA:1524,146,1,0
BRDA:1525,147,0,0
BRDA:1525,147,1,0
BRDA:1529,148,0,0
BRDA:1529,148,1,0
BRDA:1568,149,0,0
BRDA:1568,149,1,0
BRDA:1573,150,0,0
BRDA:1573,150,1,0
BRDA:1588,151,0,0
BRDA:1588,151,1,0
BRDA:1629,152,0,0
BRDA:1629,152,1,0
BRDA:1629,153,0,0
BRDA:1629,153,1,0
BRDA:1629,153,2,0
BRDA:1632,154,0,0
BRDA:1632,154,1,0
BRDA:1635,155,0,0
BRDA:1635,155,1,0
BRDA:1635,156,0,0
BRDA:1635,156,1,0
BRDA:1640,157,0,0
BRDA:1640,157,1,0
BRDA:1640,158,0,0
BRDA:1640,158,1,0
BRDA:1652,159,0,0
BRDA:1652,159,1,0
BRDA:1657,160,0,0
BRDA:1657,160,1,0
BRDA:1662,161,0,0
BRDA:1662,161,1,0
BRF:337
BRH:0
end_of_record
TN:
SF:src\controllers\taskController.js
FN:63,handleSubmissionUpload
FN:64,(anonymous_1)
FN:89,_isTrainerAssigned
FN:108,_resolveTaskCourse
FN:134,createTask
FN:243,publishTask
FN:311,listTasks
FN:400,submitTask
FN:530,evaluateSubmission
FN:630,listSubmissions
FN:690,getTask
FN:742,updateTask
FN:847,getMySubmission
FNF:13
FNH:0
FNDA:0,handleSubmissionUpload
FNDA:0,(anonymous_1)
FNDA:0,_isTrainerAssigned
FNDA:0,_resolveTaskCourse
FNDA:0,createTask
FNDA:0,publishTask
FNDA:0,listTasks
FNDA:0,submitTask
FNDA:0,evaluateSubmission
FNDA:0,listSubmissions
FNDA:0,getTask
FNDA:0,updateTask
FNDA:0,getMySubmission
DA:20,1
DA:21,1
DA:22,1
DA:27,1
DA:28,1
DA:29,1
DA:30,1
DA:31,1
DA:32,1
DA:33,1
DA:34,1
DA:35,1
DA:37,1
DA:52,1
DA:64,0
DA:65,0
DA:66,0
DA:71,0
DA:72,0
DA:77,0
DA:90,0
DA:99,0
DA:109,0
DA:115,0
DA:144,0
DA:146,0
DA:147,0
DA:149,0
DA:150,0
DA:152,0
DA:153,0
DA:155,0
DA:156,0
DA:160,0
DA:161,0
DA:162,0
DA:164,0
DA:165,0
DA:168,0
DA:169,0
DA:170,0
DA:171,0
DA:178,0
DA:180,0
DA:181,0
DA:184,0
DA:185,0
DA:186,0
DA:187,0
DA:195,0
DA:199,0
DA:200,0
DA:206,0
DA:225,0
DA:227,0
DA:228,0
DA:230,0
DA:245,0
DA:246,0
DA:247,0
DA:250,0
DA:252,0
DA:253,0
DA:255,0
DA:260,0
DA:261,0
DA:264,0
DA:267,0
DA:268,0
DA:269,0
DA:270,0
DA:277,0
DA:278,0
DA:284,0
DA:293,0
DA:295,0
DA:296,0
DA:298,0
DA:313,0
DA:314,0
DA:315,0
DA:318,0
DA:320,0
DA:321,0
DA:323,0
DA:324,0
DA:326,0
DA:328,0
DA:331,0
DA:342,0
DA:343,0
DA:348,0
DA:351,0
DA:355,0
DA:356,0
DA:357,0
DA:358,0
DA:367,0
DA:377,0
DA:379,0
DA:380,0
DA:382,0
DA:402,0
DA:403,0
DA:404,0
DA:407,0
DA:408,0
DA:410,0
DA:411,0
DA:417,0
DA:418,0
DA:424,0
DA:426,0
DA:427,0
DA:430,0
DA:437,0
DA:438,0
DA:441,0
DA:443,0
DA:444,0
DA:451,0
DA:452,0
DA:459,0
DA:462,0
DA:467,0
DA:468,0
DA:475,0
DA:476,0
DA:478,0
DA:479,0
DA:483,0
DA:484,0
DA:485,0
DA:488,0
DA:505,0
DA:508,0
DA:509,0
DA:514,0
DA:515,0
DA:517,0
DA:532,0
DA:533,0
DA:534,0
DA:536,0
DA:537,0
DA:540,0
DA:541,0
DA:542,0
DA:548,0
DA:549,0
DA:550,0
DA:551,0
DA:558,0
DA:560,0
DA:561,0
DA:564,0
DA:573,0
DA:574,0
DA:580,0
DA:583,0
DA:584,0
DA:585,0
DA:586,0
DA:593,0
DA:612,0
DA:614,0
DA:615,0
DA:617,0
DA:632,0
DA:633,0
DA:634,0
DA:637,0
DA:639,0
DA:640,0
DA:643,0
DA:648,0
DA:649,0
DA:653,0
DA:654,0
DA:655,0
DA:656,0
DA:664,0
DA:675,0
DA:677,0
DA:678,0
DA:680,0
DA:692,0
DA:693,0
DA:694,0
DA:697,0
DA:699,0
DA:700,0
DA:702,0
DA:710,0
DA:711,0
DA:714,0
DA:717,0
DA:718,0
DA:721,0
DA:723,0
DA:724,0
DA:726,0
DA:744,0
DA:745,0
DA:746,0
DA:749,0
DA:751,0
DA:753,0
DA:754,0
DA:756,0
DA:761,0
DA:762,0
DA:765,0
DA:768,0
DA:769,0
DA:770,0
DA:771,0
DA:779,0
DA:780,0
DA:781,0
DA:782,0
DA:783,0
DA:786,0
DA:787,0
DA:795,0
DA:796,0
DA:797,0
DA:798,0
DA:799,0
DA:807,0
DA:810,0
DA:813,0
DA:817,0
DA:830,0
DA:832,0
DA:833,0
DA:835,0
DA:849,0
DA:850,0
DA:851,0
DA:854,0
DA:856,0
DA:857,0
DA:860,0
DA:862,0
DA:869,0
DA:870,0
DA:876,0
DA:878,0
DA:879,0
DA:881,0
DA:888,1
LF:252
LH:15
BRDA:65,0,0,0
BRDA:65,0,1,0
BRDA:65,1,0,0
BRDA:65,1,1,0
BRDA:71,2,0,0
BRDA:71,2,1,0
BRDA:115,3,0,0
BRDA:115,3,1,0
BRDA:146,4,0,0
BRDA:146,4,1,0
BRDA:146,5,0,0
BRDA:146,5,1,0
BRDA:146,5,2,0
BRDA:149,6,0,0
BRDA:149,6,1,0
BRDA:152,7,0,0
BRDA:152,7,1,0
BRDA:155,8,0,0
BRDA:155,8,1,0
BRDA:161,9,0,0
BRDA:161,9,1,0
BRDA:164,10,0,0
BRDA:164,10,1,0
BRDA:168,11,0,0
BRDA:168,11,1,0
BRDA:168,12,0,0
BRDA:168,12,1,0
BRDA:170,13,0,0
BRDA:170,13,1,0
BRDA:170,14,0,0
BRDA:170,14,1,0
BRDA:170,14,2,0
BRDA:184,15,0,0
BRDA:184,15,1,0
BRDA:186,16,0,0
BRDA:186,16,1,0
BRDA:199,17,0,0
BRDA:199,17,1,0
BRDA:214,18,0,0
BRDA:214,18,1,0
BRDA:218,19,0,0
BRDA:218,19,1,0
BRDA:219,20,0,0
BRDA:219,20,1,0
BRDA:246,21,0,0
BRDA:246,21,1,0
BRDA:260,22,0,0
BRDA:260,22,1,0
BRDA:267,23,0,0
BRDA:267,23,1,0
BRDA:269,24,0,0
BRDA:269,24,1,0
BRDA:277,25,0,0
BRDA:277,25,1,0
BRDA:314,26,0,0
BRDA:314,26,1,0
BRDA:326,27,0,0
BRDA:326,27,1,0
BRDA:342,28,0,0
BRDA:342,28,1,0
BRDA:348,29,0,0
BRDA:348,29,1,0
BRDA:355,30,0,0
BRDA:355,30,1,0
BRDA:357,31,0,0
BRDA:357,31,1,0
BRDA:403,32,0,0
BRDA:403,32,1,0
BRDA:407,33,0,0
BRDA:407,33,1,0
BRDA:408,34,0,0
BRDA:408,34,1,0
BRDA:410,35,0,0
BRDA:410,35,1,0
BRDA:410,36,0,0
BRDA:410,36,1,0
BRDA:417,37,0,0
BRDA:417,37,1,0
BRDA:417,38,0,0
BRDA:417,38,1,0
BRDA:437,39,0,0
BRDA:437,39,1,0
BRDA:443,40,0,0
BRDA:443,40,1,0
BRDA:451,41,0,0
BRDA:451,41,1,0
BRDA:467,42,0,0
BRDA:467,42,1,0
BRDA:478,43,0,0
BRDA:478,43,1,0
BRDA:508,44,0,0
BRDA:508,44,1,0
BRDA:536,45,0,0
BRDA:536,45,1,0
BRDA:536,46,0,0
BRDA:536,46,1,0
BRDA:541,47,0,0
BRDA:541,47,1,0
BRDA:541,48,0,0
BRDA:541,48,1,0
BRDA:548,49,0,0
BRDA:548,49,1,0
BRDA:548,50,0,0
BRDA:548,50,1,0
BRDA:550,51,0,0
BRDA:550,51,1,0
BRDA:550,52,0,0
BRDA:550,52,1,0
BRDA:550,52,2,0
BRDA:573,53,0,0
BRDA:573,53,1,0
BRDA:583,54,0,0
BRDA:583,54,1,0
BRDA:585,55,0,0
BRDA:585,55,1,0
BRDA:605,56,0,0
BRDA:605,56,1,0
BRDA:605,57,0,0
BRDA:605,57,1,0
BRDA:606,58,0,0
BRDA:606,58,1,0
BRDA:633,59,0,0
BRDA:633,59,1,0
BRDA:648,60,0,0
BRDA:648,60,1,0
BRDA:653,61,0,0
BRDA:653,61,1,0
BRDA:655,62,0,0
BRDA:655,62,1,0
BRDA:693,63,0,0
BRDA:693,63,1,0
BRDA:710,64,0,0
BRDA:710,64,1,0
BRDA:717,65,0,0
BRDA:717,65,1,0
BRDA:717,66,0,0
BRDA:717,66,1,0
BRDA:745,67,0,0
BRDA:745,67,1,0
BRDA:761,68,0,0
BRDA:761,68,1,0
BRDA:768,69,0,0
BRDA:768,69,1,0
BRDA:770,70,0,0
BRDA:770,70,1,0
BRDA:780,71,0,0
BRDA:780,71,1,0
BRDA:782,72,0,0
BRDA:782,72,1,0
BRDA:786,73,0,0
BRDA:786,73,1,0
BRDA:796,74,0,0
BRDA:796,74,1,0
BRDA:796,75,0,0
BRDA:796,75,1,0
BRDA:798,76,0,0
BRDA:798,76,1,0
BRDA:798,77,0,0
BRDA:798,77,1,0
BRDA:798,77,2,0
BRDA:807,78,0,0
BRDA:807,78,1,0
BRDA:809,79,0,0
BRDA:809,79,1,0
BRDA:810,80,0,0
BRDA:810,80,1,0
BRDA:812,81,0,0
BRDA:812,81,1,0
BRDA:813,82,0,0
BRDA:813,82,1,0
BRDA:815,83,0,0
BRDA:815,83,1,0
BRDA:850,84,0,0
BRDA:850,84,1,0
BRDA:869,85,0,0
BRDA:869,85,1,0
BRF:176
BRH:0
end_of_record
TN:
SF:src\middleware\authenticate.js
FN:14,authenticate
FNF:1
FNH:1
FNDA:7,authenticate
DA:12,1
DA:16,7
DA:18,7
DA:19,7
DA:25,0
DA:27,0
DA:28,0
DA:33,0
DA:35,0
DA:39,0
DA:46,0
DA:49,0
DA:50,0
DA:56,0
DA:57,0
DA:64,0
DA:65,0
DA:71,1
LF:18
LH:5
BRDA:18,0,0,7
BRDA:18,0,1,0
BRDA:18,1,0,7
BRDA:18,1,1,0
BRDA:27,2,0,0
BRDA:27,2,1,0
BRDA:49,3,0,0
BRDA:49,3,1,0
BRDA:56,4,0,0
BRDA:56,4,1,0
BRF:10
BRH:2
end_of_record
TN:
SF:src\middleware\checkEnrollment.js
FN:26,checkEnrollment
FNF:1
FNH:0
FNDA:0,checkEnrollment
DA:21,1
DA:28,0
DA:29,0
DA:32,0
DA:33,0
DA:36,0
DA:38,0
DA:39,0
DA:42,0
DA:44,0
DA:45,0
DA:49,0
DA:60,0
DA:61,0
DA:67,0
DA:70,0
DA:80,0
DA:81,0
DA:87,0
DA:89,0
DA:90,0
DA:92,0
DA:96,1
LF:23
LH:2
BRDA:28,0,0,0
BRDA:28,0,1,0
BRDA:32,1,0,0
BRDA:32,1,1,0
BRDA:36,2,0,0
BRDA:36,2,1,0
BRDA:38,3,0,0
BRDA:38,3,1,0
BRDA:60,4,0,0
BRDA:60,4,1,0
BRDA:80,5,0,0
BRDA:80,5,1,0
BRF:12
BRH:0
end_of_record
TN:
SF:src\middleware\rbac.js
FN:26,requireRole
FN:27,(anonymous_1)
FNF:2
FNH:1
FNDA:8,requireRole
FNDA:0,(anonymous_1)
DA:13,1
DA:27,8
DA:28,0
DA:29,0
DA:35,0
DA:38,0
DA:39,0
DA:43,0
DA:44,0
DA:47,0
DA:54,1
LF:11
LH:3
BRDA:28,0,0,0
BRDA:28,0,1,0
BRDA:28,1,0,0
BRDA:28,1,1,0
BRDA:38,2,0,0
BRDA:38,2,1,0
BRDA:43,3,0,0
BRDA:43,3,1,0
BRF:8
BRH:0
end_of_record
TN:
SF:src\routes\courses.js
FNF:0
FNH:0
DA:16,1
DA:17,1
DA:19,1
DA:20,1
DA:21,1
DA:22,1
DA:27,1
DA:28,1
DA:29,1
DA:30,1
DA:31,1
DA:39,1
DA:46,1
DA:53,1
DA:60,1
DA:71,1
DA:74,1
DA:77,1
DA:80,1
DA:83,1
DA:90,1
DA:93,1
DA:96,1
DA:104,1
DA:107,1
DA:110,1
DA:113,1
DA:116,1
DA:124,1
DA:131,1
DA:138,1
DA:149,1
DA:157,1
DA:166,1
DA:173,1
LF:35
LH:35
BRF:0
BRH:0
end_of_record
TN:
SF:src\routes\tasks.js
FNF:0
FNH:0
DA:11,1
DA:12,1
DA:14,1
DA:15,1
DA:16,1
DA:17,1
DA:22,1
DA:23,1
DA:24,1
DA:25,1
DA:30,1
DA:35,1
DA:40,1
DA:45,1
DA:53,1
DA:60,1
DA:70,1
DA:75,1
DA:81,1
DA:87,1
LF:20
LH:20
BRF:0
BRH:0
end_of_record
TN:
SF:src\utils\jwt.js
FN:49,generateTokens
FN:81,verifyAccessToken
FN:100,generateWizardToken
FNF:3
FNH:0
FNDA:0,generateTokens
FNDA:0,verifyAccessToken
FNDA:0,generateWizardToken
DA:9,1
DA:10,1
DA:12,1
DA:13,1
DA:21,1
DA:22,1
DA:23,0
DA:24,0
DA:26,1
DA:29,1
DA:30,0
DA:31,0
DA:33,1
DA:36,0
DA:39,1
DA:50,0
DA:51,0
DA:54,0
DA:60,0
DA:69,0
DA:71,0
DA:82,0
DA:83,0
DA:86,0
DA:101,0
DA:102,0
DA:105,0
DA:117,1
LF:28
LH:11
BRDA:22,0,0,0
BRDA:22,0,1,1
BRDA:29,1,0,0
BRDA:29,1,1,1
BRDA:39,2,0,1
BRDA:39,2,1,0
BRDA:50,3,0,0
BRDA:50,3,1,0
BRDA:82,4,0,0
BRDA:82,4,1,0
BRDA:101,5,0,0
BRDA:101,5,1,0
BRF:12
BRH:3
end_of_record
TN:
SF:src\utils\redis.js
FN:5,(anonymous_0)
FN:14,(anonymous_1)
FN:18,(anonymous_2)
FNF:3
FNH:1
FNDA:0,(anonymous_0)
FNDA:1,(anonymous_1)
FNDA:0,(anonymous_2)
DA:1,1
DA:2,1
DA:4,1
DA:6,0
DA:7,0
DA:8,0
DA:10,0
DA:14,1
DA:15,1
DA:18,1
DA:19,0
DA:22,1
LF:12
LH:7
BRDA:6,0,0,0
BRDA:6,0,1,0
BRF:2
BRH:0
end_of_record
