TN:
SF:src\config\permissions.js
FNF:0
FNH:0
DA:11,15
DA:20,15
DA:43,15
LF:3
LH:3
BRF:0
BRH:0
end_of_record
TN:
SF:src\controllers\authController.js
FN:51,computeDeviceFingerprint
FN:67,issueTokensAndRespond
FN:125,login
FN:199,(anonymous_3)
FN:253,(anonymous_4)
FN:288,refresh
FN:436,logout
FN:480,forgotPassword
FN:540,(anonymous_8)
FN:559,resetPassword
FN:659,verifyMfa
FN:748,getMe
FN:785,validateRegistrationToken
FNF:13
FNH:6
FNDA:19,computeDeviceFingerprint
FNDA:9,issueTokensAndRespond
FNDA:19,login
FNDA:0,(anonymous_3)
FNDA:0,(anonymous_4)
FNDA:0,refresh
FNDA:0,logout
FNDA:7,forgotPassword
FNDA:0,(anonymous_8)
FNDA:13,resetPassword
FNDA:10,verifyMfa
FNDA:0,getMe
FNDA:0,validateRegistrationToken
DA:9,3
DA:10,3
DA:11,3
DA:12,3
DA:13,3
DA:14,3
DA:19,3
DA:20,3
DA:21,3
DA:24,3
DA:25,3
DA:26,3
DA:27,3
DA:34,3
DA:37,3
DA:52,19
DA:53,19
DA:54,19
DA:69,9
DA:79,9
DA:82,9
DA:87,9
DA:90,9
DA:91,9
DA:94,9
DA:101,9
DA:109,9
DA:112,9
DA:126,19
DA:128,19
DA:130,19
DA:131,19
DA:134,19
DA:135,2
DA:141,17
DA:142,17
DA:143,1
DA:150,16
DA:158,16
DA:159,1
DA:162,14
DA:165,14
DA:166,1
DA:170,13
DA:171,1
DA:178,12
DA:180,12
DA:182,3
DA:185,3
DA:186,1
DA:196,1
DA:199,1
DA:200,0
DA:203,1
DA:210,2
DA:218,2
DA:224,9
DA:226,9
DA:228,4
DA:234,4
DA:237,3
DA:248,3
DA:249,3
DA:250,3
DA:253,3
DA:254,0
DA:257,3
DA:267,6
DA:270,1
DA:271,1
DA:273,19
DA:289,0
DA:291,0
DA:294,0
DA:296,0
DA:298,0
DA:299,0
DA:306,0
DA:311,0
DA:319,0
DA:320,0
DA:321,0
DA:327,0
DA:332,0
DA:333,0
DA:341,0
DA:342,0
DA:349,0
DA:351,0
DA:358,0
DA:359,0
DA:368,0
DA:376,0
DA:383,0
DA:384,0
DA:385,0
DA:391,0
DA:394,0
DA:397,0
DA:402,0
DA:403,0
DA:404,0
DA:406,0
DA:413,0
DA:415,0
DA:424,0
DA:425,0
DA:427,0
DA:437,0
DA:439,0
DA:442,0
DA:443,0
DA:445,0
DA:446,0
DA:452,0
DA:462,0
DA:464,0
DA:466,0
DA:467,0
DA:469,0
DA:481,7
DA:483,7
DA:486,7
DA:487,7
DA:489,7
DA:490,1
DA:496,6
DA:499,6
DA:500,6
DA:502,5
DA:503,1
DA:510,4
DA:513,4
DA:518,4
DA:520,1
DA:523,3
DA:526,3
DA:529,3
DA:530,3
DA:533,3
DA:534,3
DA:536,2
DA:540,3
DA:541,0
DA:544,3
DA:546,1
DA:547,1
DA:549,7
DA:560,13
DA:562,13
DA:565,13
DA:566,13
DA:569,13
DA:570,3
DA:577,10
DA:578,4
DA:584,6
DA:587,6
DA:592,5
DA:594,1
DA:597,4
DA:600,4
DA:601,4
DA:603,4
DA:604,1
DA:610,3
DA:611,1
DA:618,2
DA:620,2
DA:631,2
DA:634,2
DA:642,2
DA:646,1
DA:647,1
DA:649,13
DA:660,10
DA:662,10
DA:665,10
DA:666,10
DA:669,10
DA:670,3
DA:676,7
DA:679,7
DA:686,6
DA:687,1
DA:693,5
DA:696,5
DA:697,5
DA:699,5
DA:700,1
DA:706,4
DA:707,1
DA:714,3
DA:717,3
DA:718,1
DA:721,1
DA:731,3
DA:733,1
DA:734,1
DA:736,10
DA:749,0
DA:751,0
DA:754,0
DA:756,0
DA:758,0
DA:765,0
DA:766,0
DA:769,0
DA:771,0
DA:772,0
DA:774,0
DA:786,0
DA:787,0
DA:789,0
DA:790,0
DA:794,0
DA:796,0
DA:797,0
DA:803,0
DA:806,0
DA:813,0
DA:819,0
DA:820,0
DA:824,3
LF:224
LH:149
BRDA:42,0,0,3
BRDA:42,0,1,2
BRDA:52,1,0,19
BRDA:52,1,1,7
BRDA:53,2,0,19
BRDA:53,2,1,19
BRDA:90,3,0,9
BRDA:90,3,1,5
BRDA:134,4,0,2
BRDA:134,4,1,17
BRDA:134,5,0,19
BRDA:134,5,1,18
BRDA:142,6,0,1
BRDA:142,6,1,16
BRDA:158,7,0,1
BRDA:158,7,1,14
BRDA:165,8,0,1
BRDA:165,8,1,13
BRDA:170,9,0,1
BRDA:170,9,1,12
BRDA:170,10,0,13
BRDA:170,10,1,2
BRDA:180,11,0,3
BRDA:180,11,1,9
BRDA:182,12,0,3
BRDA:182,12,1,0
BRDA:185,13,0,1
BRDA:185,13,1,2
BRDA:226,14,0,4
BRDA:226,14,1,5
BRDA:234,15,0,3
BRDA:234,15,1,1
BRDA:298,16,0,0
BRDA:298,16,1,0
BRDA:319,17,0,0
BRDA:319,17,1,0
BRDA:332,18,0,0
BRDA:332,18,1,0
BRDA:349,19,0,0
BRDA:349,19,1,0
BRDA:383,20,0,0
BRDA:383,20,1,0
BRDA:402,21,0,0
BRDA:402,21,1,0
BRDA:403,22,0,0
BRDA:403,22,1,0
BRDA:445,23,0,0
BRDA:445,23,1,0
BRDA:489,24,0,1
BRDA:489,24,1,6
BRDA:502,25,0,1
BRDA:502,25,1,4
BRDA:502,26,0,5
BRDA:502,26,1,2
BRDA:518,27,0,1
BRDA:518,27,1,3
BRDA:534,28,0,2
BRDA:534,28,1,1
BRDA:569,29,0,3
BRDA:569,29,1,10
BRDA:569,30,0,13
BRDA:569,30,1,12
BRDA:569,30,2,11
BRDA:577,31,0,4
BRDA:577,31,1,6
BRDA:592,32,0,1
BRDA:592,32,1,4
BRDA:603,33,0,1
BRDA:603,33,1,3
BRDA:610,34,0,1
BRDA:610,34,1,2
BRDA:669,35,0,3
BRDA:669,35,1,7
BRDA:669,36,0,10
BRDA:669,36,1,8
BRDA:686,37,0,1
BRDA:686,37,1,5
BRDA:699,38,0,1
BRDA:699,38,1,4
BRDA:706,39,0,1
BRDA:706,39,1,3
BRDA:717,40,0,1
BRDA:717,40,1,2
BRDA:765,41,0,0
BRDA:765,41,1,0
BRDA:789,42,0,0
BRDA:789,42,1,0
BRDA:796,43,0,0
BRDA:796,43,1,0
BRF:89
BRH:66
end_of_record
TN:
SF:src\controllers\courseController.js
FN:74,handleDocUpload
FN:75,(anonymous_1)
FN:87,handleVideoUpload
FN:88,(anonymous_3)
FN:100,handleSubmissionUpload
FN:101,(anonymous_5)
FN:121,isTrainerAssigned
FN:136,isValidUrl
FN:151,invalidateDashboardCache
FN:167,listCourses
FN:202,createCourse
FN:248,getCourse
FN:305,updateCourse
FN:376,deactivateCourse
FN:415,listCourseBatches
FN:447,createBatch
FN:493,updateBatch
FN:549,listModules
FN:565,(anonymous_18)
FN:579,(anonymous_19)
FN:608,(anonymous_20)
FN:626,createModule
FN:676,updateModule
FN:719,deleteModule
FN:770,reorderModules
FN:817,createSubModule
FN:865,updateSubModule
FN:908,reorderSubModules
FN:956,createContent
FN:1054,uploadVideo
FN:1134,listContent
FN:1163,getContentUrl
FN:1218,getTranscodeStatus
FN:1256,publishContent
FN:1319,unpublishContent
FN:1370,_invalidateCourseCache
FN:1391,getBatchDashboard
FN:1477,(anonymous_37)
FN:1479,(anonymous_38)
FN:1484,(anonymous_39)
FN:1485,(anonymous_40)
FN:1485,(anonymous_41)
FN:1507,(anonymous_42)
FN:1510,(anonymous_43)
FN:1519,(anonymous_44)
FN:1560,getBatchStudent
FN:1624,createLiveSession
FN:1683,listLiveSessions
FNF:48
FNH:5
FNDA:0,handleDocUpload
FNDA:0,(anonymous_1)
FNDA:0,handleVideoUpload
FNDA:0,(anonymous_3)
FNDA:0,handleSubmissionUpload
FNDA:0,(anonymous_5)
FNDA:1,isTrainerAssigned
FNDA:1,isValidUrl
FNDA:0,invalidateDashboardCache
FNDA:0,listCourses
FNDA:1,createCourse
FNDA:0,getCourse
FNDA:0,updateCourse
FNDA:0,deactivateCourse
FNDA:0,listCourseBatches
FNDA:0,createBatch
FNDA:0,updateBatch
FNDA:0,listModules
FNDA:0,(anonymous_18)
FNDA:0,(anonymous_19)
FNDA:0,(anonymous_20)
FNDA:1,createModule
FNDA:0,updateModule
FNDA:0,deleteModule
FNDA:0,reorderModules
FNDA:0,createSubModule
FNDA:0,updateSubModule
FNDA:0,reorderSubModules
FNDA:0,createContent
FNDA:0,uploadVideo
FNDA:0,listContent
FNDA:0,getContentUrl
FNDA:0,getTranscodeStatus
FNDA:0,publishContent
FNDA:0,unpublishContent
FNDA:0,_invalidateCourseCache
FNDA:0,getBatchDashboard
FNDA:0,(anonymous_37)
FNDA:0,(anonymous_38)
FNDA:0,(anonymous_39)
FNDA:0,(anonymous_40)
FNDA:0,(anonymous_41)
FNDA:0,(anonymous_42)
FNDA:0,(anonymous_43)
FNDA:0,(anonymous_44)
FNDA:0,getBatchStudent
FNDA:1,createLiveSession
FNDA:0,listLiveSessions
DA:20,1
DA:21,1
DA:22,1
DA:23,1
DA:24,1
DA:25,1
DA:30,1
DA:31,1
DA:32,1
DA:33,1
DA:34,1
DA:35,1
DA:36,1
DA:37,1
DA:38,1
DA:39,1
DA:40,1
DA:41,1
DA:42,1
DA:43,1
DA:45,1
DA:56,1
DA:61,1
DA:66,1
DA:75,0
DA:76,0
DA:77,0
DA:82,0
DA:83,0
DA:88,0
DA:89,0
DA:90,0
DA:95,0
DA:96,0
DA:101,0
DA:102,0
DA:103,0
DA:108,0
DA:109,0
DA:122,1
DA:130,1
DA:137,1
DA:138,1
DA:139,1
DA:141,0
DA:152,0
DA:153,0
DA:155,0
DA:168,0
DA:169,0
DA:171,0
DA:172,0
DA:190,0
DA:192,0
DA:193,0
DA:195,0
DA:203,1
DA:206,1
DA:207,0
DA:209,1
DA:210,0
DA:213,1
DA:214,1
DA:216,1
DA:217,1
DA:218,1
DA:219,1
DA:220,1
DA:221,1
DA:223,1
DA:233,1
DA:235,0
DA:236,0
DA:238,0
DA:239,0
DA:241,1
DA:249,0
DA:251,0
DA:252,0
DA:254,0
DA:256,0
DA:263,0
DA:264,0
DA:268,0
DA:281,0
DA:289,0
DA:290,0
DA:291,0
DA:293,0
DA:295,0
DA:296,0
DA:298,0
DA:306,0
DA:307,0
DA:310,0
DA:312,0
DA:315,0
DA:316,0
DA:318,0
DA:319,0
DA:320,0
DA:321,0
DA:323,0
DA:324,0
DA:325,0
DA:327,0
DA:328,0
DA:329,0
DA:331,0
DA:332,0
DA:333,0
DA:335,0
DA:336,0
DA:337,0
DA:339,0
DA:340,0
DA:341,0
DA:343,0
DA:344,0
DA:345,0
DA:348,0
DA:349,0
DA:351,0
DA:359,0
DA:360,0
DA:363,0
DA:365,0
DA:366,0
DA:368,0
DA:377,0
DA:379,0
DA:380,0
DA:382,0
DA:383,0
DA:392,0
DA:393,0
DA:396,0
DA:401,0
DA:402,0
DA:404,0
DA:416,0
DA:418,0
DA:419,0
DA:421,0
DA:422,0
DA:435,0
DA:437,0
DA:438,0
DA:440,0
DA:448,0
DA:449,0
DA:452,0
DA:453,0
DA:456,0
DA:457,0
DA:459,0
DA:461,0
DA:466,0
DA:467,0
DA:470,0
DA:472,0
DA:481,0
DA:483,0
DA:484,0
DA:486,0
DA:494,0
DA:495,0
DA:497,0
DA:498,0
DA:500,0
DA:501,0
DA:502,0
DA:503,0
DA:505,0
DA:506,0
DA:507,0
DA:508,0
DA:509,0
DA:510,0
DA:511,0
DA:513,0
DA:514,0
DA:517,0
DA:518,0
DA:520,0
DA:529,0
DA:530,0
DA:533,0
DA:535,0
DA:536,0
DA:538,0
DA:550,0
DA:552,0
DA:553,0
DA:555,0
DA:556,0
DA:565,0
DA:567,0
DA:568,0
DA:571,0
DA:579,0
DA:580,0
DA:582,0
DA:583,0
DA:595,0
DA:596,0
DA:597,0
DA:598,0
DA:601,0
DA:602,0
DA:603,0
DA:604,0
DA:605,0
DA:608,0
DA:613,0
DA:615,0
DA:616,0
DA:618,0
DA:627,1
DA:628,1
DA:631,1
DA:632,0
DA:635,1
DA:636,1
DA:638,1
DA:640,1
DA:641,1
DA:642,1
DA:643,0
DA:648,1
DA:649,1
DA:650,1
DA:654,1
DA:657,1
DA:664,1
DA:666,0
DA:667,0
DA:669,1
DA:677,0
DA:678,0
DA:681,0
DA:682,0
DA:685,0
DA:686,0
DA:688,0
DA:689,0
DA:690,0
DA:691,0
DA:692,0
DA:696,0
DA:703,0
DA:704,0
DA:707,0
DA:709,0
DA:710,0
DA:712,0
DA:720,0
DA:722,0
DA:723,0
DA:725,0
DA:726,0
DA:727,0
DA:728,0
DA:729,0
DA:734,0
DA:742,0
DA:743,0
DA:749,0
DA:754,0
DA:755,0
DA:758,0
DA:760,0
DA:761,0
DA:763,0
DA:771,0
DA:772,0
DA:775,0
DA:776,0
DA:779,0
DA:780,0
DA:782,0
DA:783,0
DA:784,0
DA:785,0
DA:786,0
DA:790,0
DA:791,0
DA:792,0
DA:793,0
DA:798,0
DA:800,0
DA:802,0
DA:803,0
DA:804,0
DA:806,0
DA:818,0
DA:819,0
DA:822,0
DA:823,0
DA:826,0
DA:827,0
DA:829,0
DA:830,0
DA:831,0
DA:832,0
DA:833,0
DA:837,0
DA:838,0
DA:839,0
DA:843,0
DA:846,0
DA:853,0
DA:855,0
DA:856,0
DA:858,0
DA:866,0
DA:867,0
DA:870,0
DA:871,0
DA:874,0
DA:875,0
DA:877,0
DA:878,0
DA:879,0
DA:880,0
DA:881,0
DA:885,0
DA:892,0
DA:893,0
DA:896,0
DA:898,0
DA:899,0
DA:901,0
DA:909,0
DA:910,0
DA:913,0
DA:914,0
DA:917,0
DA:918,0
DA:920,0
DA:921,0
DA:922,0
DA:923,0
DA:924,0
DA:928,0
DA:929,0
DA:930,0
DA:931,0
DA:936,0
DA:938,0
DA:940,0
DA:941,0
DA:942,0
DA:944,0
DA:957,0
DA:958,0
DA:961,0
DA:962,0
DA:965,0
DA:967,0
DA:968,0
DA:974,0
DA:975,0
DA:976,0
DA:981,0
DA:982,0
DA:986,0
DA:987,0
DA:993,0
DA:994,0
DA:996,0
DA:997,0
DA:998,0
DA:999,0
DA:1000,0
DA:1004,0
DA:1005,0
DA:1006,0
DA:1008,0
DA:1009,0
DA:1012,0
DA:1016,0
DA:1017,0
DA:1021,0
DA:1022,0
DA:1023,0
DA:1027,0
DA:1030,0
DA:1041,0
DA:1043,0
DA:1044,0
DA:1046,0
DA:1055,0
DA:1056,0
DA:1059,0
DA:1060,0
DA:1062,0
DA:1063,0
DA:1065,0
DA:1066,0
DA:1069,0
DA:1070,0
DA:1072,0
DA:1073,0
DA:1074,0
DA:1075,0
DA:1076,0
DA:1081,0
DA:1082,0
DA:1085,0
DA:1086,0
DA:1087,0
DA:1091,0
DA:1095,0
DA:1106,0
DA:1109,0
DA:1112,0
DA:1117,0
DA:1124,0
DA:1125,0
DA:1127,0
DA:1135,0
DA:1137,0
DA:1138,0
DA:1140,0
DA:1141,0
DA:1151,0
DA:1153,0
DA:1154,0
DA:1156,0
DA:1164,0
DA:1166,0
DA:1167,0
DA:1169,0
DA:1170,0
DA:1177,0
DA:1178,0
DA:1181,0
DA:1184,0
DA:1185,0
DA:1189,0
DA:1190,0
DA:1191,0
DA:1196,0
DA:1200,0
DA:1201,0
DA:1204,0
DA:1206,0
DA:1208,0
DA:1209,0
DA:1211,0
DA:1219,0
DA:1221,0
DA:1222,0
DA:1224,0
DA:1225,0
DA:1232,0
DA:1233,0
DA:1236,0
DA:1238,0
DA:1246,0
DA:1247,0
DA:1249,0
DA:1257,0
DA:1259,0
DA:1260,0
DA:1262,0
DA:1263,0
DA:1274,0
DA:1275,0
DA:1278,0
DA:1281,0
DA:1282,0
DA:1283,0
DA:1284,0
DA:1289,0
DA:1291,0
DA:1297,0
DA:1305,0
DA:1307,0
DA:1309,0
DA:1310,0
DA:1312,0
DA:1320,0
DA:1322,0
DA:1323,0
DA:1325,0
DA:1326,0
DA:1335,0
DA:1336,0
DA:1339,0
DA:1341,0
DA:1342,0
DA:1343,0
DA:1344,0
DA:1348,0
DA:1355,0
DA:1357,0
DA:1359,0
DA:1360,0
DA:1362,0
DA:1371,0
DA:1372,0
DA:1376,0
DA:1377,0
DA:1380,0
DA:1392,0
DA:1393,0
DA:1395,0
DA:1396,0
DA:1398,0
DA:1400,0
DA:1401,0
DA:1405,0
DA:1406,0
DA:1411,0
DA:1412,0
DA:1413,0
DA:1417,0
DA:1422,0
DA:1423,0
DA:1425,0
DA:1426,0
DA:1429,0
DA:1436,0
DA:1437,0
DA:1440,0
DA:1445,0
DA:1446,0
DA:1449,0
DA:1458,0
DA:1459,0
DA:1460,0
DA:1461,0
DA:1464,0
DA:1465,0
DA:1466,0
DA:1467,0
DA:1469,0
DA:1470,0
DA:1471,0
DA:1472,0
DA:1477,0
DA:1478,0
DA:1479,0
DA:1482,0
DA:1484,0
DA:1485,0
DA:1488,0
DA:1495,0
DA:1496,0
DA:1507,0
DA:1508,0
DA:1510,0
DA:1513,0
DA:1514,0
DA:1515,0
DA:1516,0
DA:1519,0
DA:1529,0
DA:1533,0
DA:1545,0
DA:1547,0
DA:1549,0
DA:1550,0
DA:1552,0
DA:1561,0
DA:1563,0
DA:1564,0
DA:1566,0
DA:1568,0
DA:1569,0
DA:1573,0
DA:1574,0
DA:1579,0
DA:1588,0
DA:1589,0
DA:1592,0
DA:1595,0
DA:1605,0
DA:1610,0
DA:1611,0
DA:1613,0
DA:1625,1
DA:1626,1
DA:1629,1
DA:1630,0
DA:1632,1
DA:1633,0
DA:1635,1
DA:1636,0
DA:1639,1
DA:1640,1
DA:1641,0
DA:1647,1
DA:1648,1
DA:1650,1
DA:1652,1
DA:1653,1
DA:1657,1
DA:1658,0
DA:1662,1
DA:1664,1
DA:1671,1
DA:1673,0
DA:1674,0
DA:1676,1
DA:1684,0
DA:1686,0
DA:1687,0
DA:1689,0
DA:1690,0
DA:1699,0
DA:1701,0
DA:1702,0
DA:1704,0
DA:1711,1
LF:617
LH:77
BRDA:76,0,0,0
BRDA:76,0,1,0
BRDA:76,1,0,0
BRDA:76,1,1,0
BRDA:82,2,0,0
BRDA:82,2,1,0
BRDA:89,3,0,0
BRDA:89,3,1,0
BRDA:89,4,0,0
BRDA:89,4,1,0
BRDA:95,5,0,0
BRDA:95,5,1,0
BRDA:102,6,0,0
BRDA:102,6,1,0
BRDA:102,7,0,0
BRDA:102,7,1,0
BRDA:108,8,0,0
BRDA:108,8,1,0
BRDA:206,9,0,0
BRDA:206,9,1,1
BRDA:206,10,0,1
BRDA:206,10,1,1
BRDA:206,10,2,1
BRDA:209,11,0,0
BRDA:209,11,1,1
BRDA:209,12,0,1
BRDA:209,12,1,1
BRDA:218,13,0,0
BRDA:218,13,1,1
BRDA:219,14,0,1
BRDA:219,14,1,0
BRDA:220,15,0,0
BRDA:220,15,1,1
BRDA:229,16,0,1
BRDA:229,16,1,0
BRDA:235,17,0,0
BRDA:235,17,1,0
BRDA:263,18,0,0
BRDA:263,18,1,0
BRDA:310,19,0,0
BRDA:310,19,1,0
BRDA:310,20,0,0
BRDA:310,20,1,0
BRDA:310,20,2,0
BRDA:310,20,3,0
BRDA:310,20,4,0
BRDA:310,20,5,0
BRDA:323,21,0,0
BRDA:323,21,1,0
BRDA:327,22,0,0
BRDA:327,22,1,0
BRDA:331,23,0,0
BRDA:331,23,1,0
BRDA:335,24,0,0
BRDA:335,24,1,0
BRDA:339,25,0,0
BRDA:339,25,1,0
BRDA:343,26,0,0
BRDA:343,26,1,0
BRDA:359,27,0,0
BRDA:359,27,1,0
BRDA:392,28,0,0
BRDA:392,28,1,0
BRDA:452,29,0,0
BRDA:452,29,1,0
BRDA:452,30,0,0
BRDA:452,30,1,0
BRDA:452,30,2,0
BRDA:466,31,0,0
BRDA:466,31,1,0
BRDA:470,32,0,0
BRDA:470,32,1,0
BRDA:477,33,0,0
BRDA:477,33,1,0
BRDA:477,34,0,0
BRDA:477,34,1,0
BRDA:478,35,0,0
BRDA:478,35,1,0
BRDA:478,36,0,0
BRDA:478,36,1,0
BRDA:505,37,0,0
BRDA:505,37,1,0
BRDA:506,38,0,0
BRDA:506,38,1,0
BRDA:507,39,0,0
BRDA:507,39,1,0
BRDA:508,40,0,0
BRDA:508,40,1,0
BRDA:509,41,0,0
BRDA:509,41,1,0
BRDA:510,42,0,0
BRDA:510,42,1,0
BRDA:511,43,0,0
BRDA:511,43,1,0
BRDA:513,44,0,0
BRDA:513,44,1,0
BRDA:529,45,0,0
BRDA:529,45,1,0
BRDA:567,46,0,0
BRDA:567,46,1,0
BRDA:582,47,0,0
BRDA:582,47,1,0
BRDA:597,48,0,0
BRDA:597,48,1,0
BRDA:603,49,0,0
BRDA:603,49,1,0
BRDA:604,50,0,0
BRDA:604,50,1,0
BRDA:610,51,0,0
BRDA:610,51,1,0
BRDA:631,52,0,0
BRDA:631,52,1,1
BRDA:631,53,0,1
BRDA:631,53,1,1
BRDA:631,53,2,1
BRDA:640,54,0,1
BRDA:640,54,1,0
BRDA:642,55,0,0
BRDA:642,55,1,1
BRDA:648,56,0,0
BRDA:648,56,1,1
BRDA:649,57,0,1
BRDA:649,57,1,0
BRDA:681,58,0,0
BRDA:681,58,1,0
BRDA:681,59,0,0
BRDA:681,59,1,0
BRDA:681,59,2,0
BRDA:689,60,0,0
BRDA:689,60,1,0
BRDA:691,61,0,0
BRDA:691,61,1,0
BRDA:703,62,0,0
BRDA:703,62,1,0
BRDA:726,63,0,0
BRDA:726,63,1,0
BRDA:728,64,0,0
BRDA:728,64,1,0
BRDA:742,65,0,0
BRDA:742,65,1,0
BRDA:754,66,0,0
BRDA:754,66,1,0
BRDA:775,67,0,0
BRDA:775,67,1,0
BRDA:775,68,0,0
BRDA:775,68,1,0
BRDA:783,69,0,0
BRDA:783,69,1,0
BRDA:785,70,0,0
BRDA:785,70,1,0
BRDA:792,71,0,0
BRDA:792,71,1,0
BRDA:792,72,0,0
BRDA:792,72,1,0
BRDA:822,73,0,0
BRDA:822,73,1,0
BRDA:822,74,0,0
BRDA:822,74,1,0
BRDA:822,74,2,0
BRDA:830,75,0,0
BRDA:830,75,1,0
BRDA:832,76,0,0
BRDA:832,76,1,0
BRDA:837,77,0,0
BRDA:837,77,1,0
BRDA:838,78,0,0
BRDA:838,78,1,0
BRDA:870,79,0,0
BRDA:870,79,1,0
BRDA:870,80,0,0
BRDA:870,80,1,0
BRDA:870,80,2,0
BRDA:878,81,0,0
BRDA:878,81,1,0
BRDA:880,82,0,0
BRDA:880,82,1,0
BRDA:892,83,0,0
BRDA:892,83,1,0
BRDA:913,84,0,0
BRDA:913,84,1,0
BRDA:913,85,0,0
BRDA:913,85,1,0
BRDA:921,86,0,0
BRDA:921,86,1,0
BRDA:923,87,0,0
BRDA:923,87,1,0
BRDA:930,88,0,0
BRDA:930,88,1,0
BRDA:930,89,0,0
BRDA:930,89,1,0
BRDA:961,90,0,0
BRDA:961,90,1,0
BRDA:961,91,0,0
BRDA:961,91,1,0
BRDA:961,91,2,0
BRDA:967,92,0,0
BRDA:967,92,1,0
BRDA:967,93,0,0
BRDA:967,93,1,0
BRDA:974,94,0,0
BRDA:974,94,1,0
BRDA:975,95,0,0
BRDA:975,95,1,0
BRDA:975,96,0,0
BRDA:975,96,1,0
BRDA:981,97,0,0
BRDA:981,97,1,0
BRDA:986,98,0,0
BRDA:986,98,1,0
BRDA:986,99,0,0
BRDA:986,99,1,0
BRDA:997,100,0,0
BRDA:997,100,1,0
BRDA:999,101,0,0
BRDA:999,101,1,0
BRDA:1008,102,0,0
BRDA:1008,102,1,0
BRDA:1021,103,0,0
BRDA:1021,103,1,0
BRDA:1022,104,0,0
BRDA:1022,104,1,0
BRDA:1059,105,0,0
BRDA:1059,105,1,0
BRDA:1059,106,0,0
BRDA:1059,106,1,0
BRDA:1059,106,2,0
BRDA:1062,107,0,0
BRDA:1062,107,1,0
BRDA:1065,108,0,0
BRDA:1065,108,1,0
BRDA:1073,109,0,0
BRDA:1073,109,1,0
BRDA:1075,110,0,0
BRDA:1075,110,1,0
BRDA:1085,111,0,0
BRDA:1085,111,1,0
BRDA:1086,112,0,0
BRDA:1086,112,1,0
BRDA:1177,113,0,0
BRDA:1177,113,1,0
BRDA:1184,114,0,0
BRDA:1184,114,1,0
BRDA:1189,115,0,0
BRDA:1189,115,1,0
BRDA:1190,116,0,0
BRDA:1190,116,1,0
BRDA:1200,117,0,0
BRDA:1200,117,1,0
BRDA:1232,118,0,0
BRDA:1232,118,1,0
BRDA:1274,119,0,0
BRDA:1274,119,1,0
BRDA:1281,120,0,0
BRDA:1281,120,1,0
BRDA:1283,121,0,0
BRDA:1283,121,1,0
BRDA:1289,122,0,0
BRDA:1289,122,1,0
BRDA:1289,123,0,0
BRDA:1289,123,1,0
BRDA:1335,124,0,0
BRDA:1335,124,1,0
BRDA:1341,125,0,0
BRDA:1341,125,1,0
BRDA:1343,126,0,0
BRDA:1343,126,1,0
BRDA:1400,127,0,0
BRDA:1400,127,1,0
BRDA:1405,128,0,0
BRDA:1405,128,1,0
BRDA:1412,129,0,0
BRDA:1412,129,1,0
BRDA:1422,130,0,0
BRDA:1422,130,1,0
BRDA:1460,131,0,0
BRDA:1460,131,1,0
BRDA:1470,132,0,0
BRDA:1470,132,1,0
BRDA:1472,133,0,0
BRDA:1472,133,1,0
BRDA:1479,134,0,0
BRDA:1479,134,1,0
BRDA:1484,135,0,0
BRDA:1484,135,1,0
BRDA:1485,136,0,0
BRDA:1485,136,1,0
BRDA:1490,137,0,0
BRDA:1490,137,1,0
BRDA:1495,138,0,0
BRDA:1495,138,1,0
BRDA:1495,139,0,0
BRDA:1495,139,1,0
BRDA:1498,140,0,0
BRDA:1498,140,1,0
BRDA:1507,141,0,0
BRDA:1507,141,1,0
BRDA:1507,142,0,0
BRDA:1507,142,1,0
BRDA:1507,143,0,0
BRDA:1507,143,1,0
BRDA:1515,144,0,0
BRDA:1515,144,1,0
BRDA:1522,145,0,0
BRDA:1522,145,1,0
BRDA:1524,146,0,0
BRDA:1524,146,1,0
BRDA:1525,147,0,0
BRDA:1525,147,1,0
BRDA:1529,148,0,0
BRDA:1529,148,1,0
BRDA:1568,149,0,0
BRDA:1568,149,1,0
BRDA:1573,150,0,0
BRDA:1573,150,1,0
BRDA:1588,151,0,0
BRDA:1588,151,1,0
BRDA:1629,152,0,0
BRDA:1629,152,1,1
BRDA:1629,153,0,1
BRDA:1629,153,1,1
BRDA:1629,153,2,1
BRDA:1632,154,0,0
BRDA:1632,154,1,1
BRDA:1635,155,0,0
BRDA:1635,155,1,1
BRDA:1635,156,0,1
BRDA:1635,156,1,1
BRDA:1640,157,0,0
BRDA:1640,157,1,1
BRDA:1640,158,0,1
BRDA:1640,158,1,1
BRDA:1652,159,0,1
BRDA:1652,159,1,0
BRDA:1657,160,0,0
BRDA:1657,160,1,1
BRDA:1662,161,0,0
BRDA:1662,161,1,1
BRF:337
BRH:33
end_of_record
TN:
SF:src\controllers\discussionController.js
FN:33,_getStudentBatchId
FN:58,getPosts
FN:134,createPost
FN:189,getReplies
FN:247,createReply
FNF:5
FNH:5
FNDA:4,_getStudentBatchId
FNDA:4,getPosts
FNDA:2,createPost
FNDA:2,getReplies
FNDA:4,createReply
DA:14,2
DA:15,2
DA:17,2
DA:22,2
DA:23,2
DA:24,2
DA:25,2
DA:34,4
DA:43,4
DA:59,4
DA:60,4
DA:62,4
DA:63,1
DA:66,3
DA:68,3
DA:69,3
DA:72,3
DA:74,3
DA:77,1
DA:78,1
DA:86,2
DA:87,2
DA:89,2
DA:90,2
DA:91,2
DA:94,2
DA:116,2
DA:119,0
DA:120,0
DA:122,3
DA:135,2
DA:136,2
DA:139,2
DA:140,0
DA:142,2
DA:143,1
DA:145,1
DA:146,0
DA:149,1
DA:151,1
DA:152,1
DA:155,1
DA:157,1
DA:158,0
DA:164,1
DA:172,1
DA:175,0
DA:176,0
DA:178,1
DA:190,2
DA:192,2
DA:193,0
DA:196,2
DA:198,2
DA:199,2
DA:202,2
DA:207,2
DA:208,1
DA:211,1
DA:227,1
DA:230,0
DA:231,0
DA:233,2
DA:248,4
DA:249,4
DA:250,4
DA:251,4
DA:254,4
DA:255,0
DA:257,4
DA:258,1
DA:261,3
DA:263,3
DA:264,3
DA:267,3
DA:277,3
DA:278,0
DA:281,3
DA:284,3
DA:292,3
DA:295,3
DA:297,2
DA:298,2
DA:307,1
DA:311,2
DA:312,2
DA:320,0
DA:324,3
DA:327,0
DA:328,0
DA:330,3
DA:334,2
LF:92
LH:77
BRDA:43,0,0,3
BRDA:43,0,1,1
BRDA:62,1,0,1
BRDA:62,1,1,3
BRDA:74,2,0,1
BRDA:74,2,1,2
BRDA:77,3,0,1
BRDA:77,3,1,0
BRDA:89,4,0,2
BRDA:89,4,1,0
BRDA:139,5,0,0
BRDA:139,5,1,2
BRDA:139,6,0,2
BRDA:139,6,1,2
BRDA:142,7,0,1
BRDA:142,7,1,1
BRDA:142,8,0,2
BRDA:142,8,1,1
BRDA:145,9,0,0
BRDA:145,9,1,1
BRDA:145,10,0,1
BRDA:145,10,1,1
BRDA:157,11,0,0
BRDA:157,11,1,1
BRDA:157,12,0,1
BRDA:157,12,1,0
BRDA:192,13,0,0
BRDA:192,13,1,2
BRDA:207,14,0,1
BRDA:207,14,1,1
BRDA:254,15,0,0
BRDA:254,15,1,4
BRDA:257,16,0,1
BRDA:257,16,1,3
BRDA:257,17,0,4
BRDA:257,17,1,3
BRDA:277,18,0,0
BRDA:277,18,1,3
BRDA:295,19,0,2
BRDA:295,19,1,1
BRDA:295,20,0,3
BRDA:295,20,1,1
BRF:42
BRH:33
end_of_record
TN:
SF:src\controllers\leadController.js
FN:17,createLead
FN:111,getLeadById
FN:175,updateLeadStatus
FN:287,addNote
FN:381,getNotes
FN:426,getDashboard
FN:483,(anonymous_6)
FN:498,(anonymous_7)
FN:536,getLeads
FN:619,convertLead
FN:708,(anonymous_10)
FN:746,unlockLead
FN:806,importLeads
FN:888,(anonymous_13)
FN:907,(anonymous_14)
FN:927,(anonymous_15)
FN:939,deleteLead
FNF:17
FNH:13
FNDA:6,createLead
FNDA:0,getLeadById
FNDA:7,updateLeadStatus
FNDA:4,addNote
FNDA:1,getNotes
FNDA:2,getDashboard
FNDA:3,(anonymous_6)
FNDA:1,(anonymous_7)
FNDA:5,getLeads
FNDA:3,convertLead
FNDA:0,(anonymous_10)
FNDA:1,unlockLead
FNDA:4,importLeads
FNDA:2,(anonymous_13)
FNDA:2,(anonymous_14)
FNDA:0,(anonymous_15)
FNDA:0,deleteLead
DA:5,7
DA:6,7
DA:7,7
DA:8,7
DA:9,7
DA:12,7
DA:18,6
DA:20,6
DA:22,6
DA:24,6
DA:25,6
DA:26,6
DA:27,6
DA:28,6
DA:29,6
DA:31,6
DA:32,6
DA:34,6
DA:35,6
DA:37,6
DA:38,3
DA:41,3
DA:44,3
DA:45,3
DA:47,3
DA:50,3
DA:57,3
DA:58,1
DA:59,1
DA:67,2
DA:74,2
DA:77,2
DA:84,2
DA:85,1
DA:92,2
DA:94,2
DA:100,0
DA:101,0
DA:102,0
DA:104,6
DA:112,0
DA:114,0
DA:115,0
DA:118,0
DA:119,0
DA:122,0
DA:124,0
DA:125,0
DA:128,0
DA:131,0
DA:136,0
DA:141,0
DA:148,0
DA:151,0
DA:152,0
DA:155,0
DA:157,0
DA:164,7
DA:176,7
DA:178,7
DA:179,7
DA:180,7
DA:182,7
DA:183,0
DA:187,7
DA:188,7
DA:190,7
DA:194,7
DA:199,7
DA:200,1
DA:201,1
DA:204,6
DA:207,6
DA:208,1
DA:209,1
DA:215,5
DA:216,5
DA:218,5
DA:219,0
DA:220,0
DA:224,5
DA:225,2
DA:226,1
DA:227,1
DA:234,4
DA:235,4
DA:237,4
DA:248,4
DA:255,4
DA:258,4
DA:261,4
DA:263,4
DA:270,0
DA:271,0
DA:273,0
DA:274,0
DA:277,0
DA:279,7
DA:288,4
DA:290,4
DA:291,4
DA:292,4
DA:294,4
DA:295,1
DA:298,3
DA:299,0
DA:302,3
DA:303,2
DA:305,2
DA:306,2
DA:308,2
DA:309,1
DA:314,2
DA:315,2
DA:317,2
DA:320,2
DA:325,2
DA:326,1
DA:327,1
DA:331,1
DA:337,1
DA:340,1
DA:341,1
DA:344,1
DA:345,1
DA:350,0
DA:356,1
DA:358,1
DA:364,0
DA:365,0
DA:367,0
DA:368,0
DA:371,0
DA:373,4
DA:382,1
DA:384,1
DA:385,1
DA:387,1
DA:388,1
DA:391,1
DA:393,1
DA:394,0
DA:398,1
DA:407,1
DA:412,0
DA:413,0
DA:414,0
DA:416,0
DA:418,1
DA:427,2
DA:428,2
DA:429,2
DA:431,2
DA:432,2
DA:433,1
DA:437,1
DA:438,1
DA:441,1
DA:442,1
DA:445,1
DA:451,1
DA:454,1
DA:461,1
DA:464,1
DA:465,1
DA:466,1
DA:470,1
DA:474,1
DA:483,1
DA:484,3
DA:485,3
DA:490,1
DA:498,1
DA:504,1
DA:505,1
DA:511,1
DA:520,1
DA:522,1
DA:525,0
DA:526,0
DA:528,2
DA:537,5
DA:539,5
DA:540,5
DA:542,5
DA:543,5
DA:544,5
DA:546,5
DA:549,5
DA:550,5
DA:553,5
DA:554,5
DA:556,5
DA:557,1
DA:558,1
DA:559,1
DA:562,5
DA:563,1
DA:564,1
DA:567,5
DA:568,0
DA:569,0
DA:572,5
DA:575,5
DA:576,5
DA:577,5
DA:580,5
DA:590,5
DA:592,5
DA:594,5
DA:596,5
DA:605,0
DA:606,0
DA:607,0
DA:609,0
DA:611,5
DA:620,3
DA:622,3
DA:623,3
DA:626,3
DA:627,3
DA:629,3
DA:632,3
DA:637,3
DA:638,0
DA:639,0
DA:642,3
DA:645,3
DA:646,1
DA:647,1
DA:651,2
DA:652,1
DA:653,1
DA:660,1
DA:661,1
DA:662,1
DA:672,1
DA:675,1
DA:682,1
DA:685,1
DA:692,1
DA:693,1
DA:694,1
DA:695,1
DA:702,1
DA:703,1
DA:705,1
DA:708,1
DA:709,0
DA:712,1
DA:715,0
DA:718,1
DA:733,0
DA:734,0
DA:735,0
DA:736,0
DA:738,3
DA:747,1
DA:749,1
DA:750,1
DA:753,1
DA:754,1
DA:756,1
DA:759,1
DA:760,1
DA:761,0
DA:762,0
DA:765,1
DA:768,1
DA:779,1
DA:785,1
DA:787,1
DA:793,0
DA:794,0
DA:795,0
DA:796,0
DA:798,1
DA:807,4
DA:808,1
DA:811,3
DA:812,3
DA:814,3
DA:815,3
DA:817,3
DA:824,3
DA:825,0
DA:829,3
DA:830,3
DA:832,3
DA:833,3
DA:835,3
DA:837,3
DA:838,8
DA:839,8
DA:842,8
DA:843,8
DA:844,8
DA:845,8
DA:846,8
DA:848,8
DA:849,1
DA:850,1
DA:854,7
DA:855,1
DA:856,1
DA:859,6
DA:860,2
DA:861,2
DA:865,4
DA:870,4
DA:871,2
DA:872,2
DA:875,2
DA:879,3
DA:880,2
DA:885,2
DA:886,2
DA:888,2
DA:889,2
DA:890,2
DA:891,2
DA:894,2
DA:900,2
DA:901,2
DA:904,2
DA:905,2
DA:907,2
DA:908,2
DA:909,2
DA:910,2
DA:913,2
DA:918,2
DA:920,2
DA:921,2
DA:924,3
DA:927,0
DA:928,0
DA:929,0
DA:931,3
DA:940,0
DA:942,0
DA:943,0
DA:946,0
DA:947,0
DA:949,0
DA:952,0
DA:957,0
DA:958,0
DA:959,0
DA:962,0
DA:965,0
DA:966,0
DA:967,0
DA:971,0
DA:972,0
DA:973,0
DA:980,0
DA:981,0
DA:984,0
DA:986,0
DA:989,0
DA:992,0
DA:994,0
DA:1001,0
DA:1002,0
DA:1003,0
DA:1004,0
DA:1006,0
DA:1010,7
LF:369
LH:274
BRDA:25,0,0,1
BRDA:25,0,1,5
BRDA:26,1,0,0
BRDA:26,1,1,6
BRDA:27,2,0,1
BRDA:27,2,1,5
BRDA:28,3,0,1
BRDA:28,3,1,5
BRDA:29,4,0,1
BRDA:29,4,1,5
BRDA:32,5,0,1
BRDA:32,5,1,5
BRDA:32,6,0,6
BRDA:32,6,1,6
BRDA:35,7,0,1
BRDA:35,7,1,5
BRDA:35,8,0,6
BRDA:35,8,1,5
BRDA:37,9,0,3
BRDA:37,9,1,3
BRDA:57,10,0,1
BRDA:57,10,1,2
BRDA:84,11,0,1
BRDA:84,11,1,1
BRDA:124,12,0,0
BRDA:124,12,1,0
BRDA:151,13,0,0
BRDA:151,13,1,0
BRDA:182,14,0,0
BRDA:182,14,1,7
BRDA:182,15,0,7
BRDA:182,15,1,7
BRDA:199,16,0,1
BRDA:199,16,1,6
BRDA:207,17,0,1
BRDA:207,17,1,5
BRDA:218,18,0,0
BRDA:218,18,1,5
BRDA:224,19,0,2
BRDA:224,19,1,3
BRDA:225,20,0,1
BRDA:225,20,1,1
BRDA:225,21,0,2
BRDA:225,21,1,1
BRDA:234,22,0,4
BRDA:234,22,1,3
BRDA:234,22,2,3
BRDA:235,23,0,1
BRDA:235,23,1,3
BRDA:252,24,0,4
BRDA:252,24,1,3
BRDA:273,25,0,0
BRDA:273,25,1,0
BRDA:294,26,0,1
BRDA:294,26,1,3
BRDA:294,27,0,4
BRDA:294,27,1,3
BRDA:298,28,0,0
BRDA:298,28,1,3
BRDA:302,29,0,2
BRDA:302,29,1,1
BRDA:308,30,0,1
BRDA:308,30,1,1
BRDA:308,31,0,2
BRDA:308,31,1,2
BRDA:325,32,0,1
BRDA:325,32,1,1
BRDA:334,33,0,1
BRDA:334,33,1,0
BRDA:341,34,0,1
BRDA:341,34,1,0
BRDA:344,35,0,1
BRDA:344,35,1,0
BRDA:367,36,0,0
BRDA:367,36,1,0
BRDA:393,37,0,0
BRDA:393,37,1,1
BRDA:413,38,0,0
BRDA:413,38,1,0
BRDA:432,39,0,1
BRDA:432,39,1,1
BRDA:465,40,0,1
BRDA:465,40,1,0
BRDA:484,41,0,3
BRDA:484,41,1,0
BRDA:508,42,0,1
BRDA:508,42,1,0
BRDA:540,43,0,4
BRDA:540,44,0,4
BRDA:542,45,0,5
BRDA:542,45,1,0
BRDA:543,46,0,5
BRDA:543,46,1,0
BRDA:544,47,0,0
BRDA:544,47,1,5
BRDA:556,48,0,1
BRDA:556,48,1,4
BRDA:562,49,0,1
BRDA:562,49,1,4
BRDA:562,50,0,5
BRDA:562,50,1,1
BRDA:567,51,0,0
BRDA:567,51,1,5
BRDA:567,52,0,5
BRDA:567,52,1,0
BRDA:601,53,0,5
BRDA:601,53,1,0
BRDA:606,54,0,0
BRDA:606,54,1,0
BRDA:637,55,0,0
BRDA:637,55,1,3
BRDA:645,56,0,1
BRDA:645,56,1,2
BRDA:651,57,0,1
BRDA:651,57,1,1
BRDA:651,58,0,2
BRDA:651,58,1,1
BRDA:661,59,0,1
BRDA:661,59,1,0
BRDA:705,60,0,1
BRDA:705,60,1,0
BRDA:719,61,0,1
BRDA:719,61,1,0
BRDA:735,62,0,0
BRDA:735,62,1,0
BRDA:760,63,0,0
BRDA:760,63,1,1
BRDA:795,64,0,0
BRDA:795,64,1,0
BRDA:807,65,0,1
BRDA:807,65,1,3
BRDA:824,66,0,0
BRDA:824,66,1,3
BRDA:842,67,0,8
BRDA:842,67,1,1
BRDA:842,67,2,1
BRDA:843,68,0,8
BRDA:843,68,1,0
BRDA:844,69,0,8
BRDA:844,69,1,0
BRDA:845,70,0,8
BRDA:845,70,1,0
BRDA:846,71,0,8
BRDA:846,71,1,0
BRDA:846,71,2,0
BRDA:848,72,0,1
BRDA:848,72,1,7
BRDA:848,73,0,8
BRDA:848,73,1,7
BRDA:848,73,2,7
BRDA:848,73,3,7
BRDA:848,73,4,7
BRDA:854,74,0,1
BRDA:854,74,1,6
BRDA:859,75,0,2
BRDA:859,75,1,4
BRDA:870,76,0,2
BRDA:870,76,1,2
BRDA:879,77,0,2
BRDA:879,77,1,1
BRDA:927,78,0,0
BRDA:927,78,1,0
BRDA:957,79,0,0
BRDA:957,79,1,0
BRDA:965,80,0,0
BRDA:965,80,1,0
BRDA:965,81,0,0
BRDA:965,81,1,0
BRDA:971,82,0,0
BRDA:971,82,1,0
BRDA:971,83,0,0
BRDA:971,83,1,0
BRDA:971,83,2,0
BRDA:1003,84,0,0
BRDA:1003,84,1,0
BRF:175
BRH:116
end_of_record
TN:
SF:src\controllers\registrationController.js
FN:42,calculateAge
FN:56,generateRegistrationNumber
FN:65,createDraft
FN:179,updatePersonal
FN:274,updateAddress
FN:364,updateAcademic
FN:442,updateCourse
FN:559,submitRegistration
FN:746,(anonymous_8)
FN:811,listRegistrations
FN:897,(anonymous_10)
FN:931,getRegistration
FN:971,editRegistration
FN:1098,handlePaymentSuccess
FN:1200,(anonymous_14)
FN:1208,(anonymous_15)
FN:1210,(anonymous_16)
FN:1212,(anonymous_17)
FN:1241,listCourses
FN:1258,listBatches
FN:1282,listPinCode
FN:1297,updateBatch
FNF:22
FNH:6
FNDA:2,calculateAge
FNDA:1,generateRegistrationNumber
FNDA:1,createDraft
FNDA:1,updatePersonal
FNDA:0,updateAddress
FNDA:0,updateAcademic
FNDA:0,updateCourse
FNDA:2,submitRegistration
FNDA:0,(anonymous_8)
FNDA:0,listRegistrations
FNDA:0,(anonymous_10)
FNDA:0,getRegistration
FNDA:0,editRegistration
FNDA:1,handlePaymentSuccess
FNDA:0,(anonymous_14)
FNDA:0,(anonymous_15)
FNDA:0,(anonymous_16)
FNDA:0,(anonymous_17)
FNDA:0,listCourses
FNDA:0,listBatches
FNDA:0,listPinCode
FNDA:0,updateBatch
DA:9,1
DA:10,1
DA:11,1
DA:16,1
DA:17,1
DA:18,1
DA:19,1
DA:20,1
DA:25,1
DA:26,1
DA:27,1
DA:28,1
DA:31,1
DA:43,2
DA:44,2
DA:45,2
DA:46,2
DA:47,2
DA:48,0
DA:50,2
DA:57,1
DA:58,1
DA:59,1
DA:66,1
DA:67,1
DA:69,1
DA:74,1
DA:77,1
DA:78,0
DA:85,1
DA:86,1
DA:87,0
DA:94,1
DA:95,1
DA:96,0
DA:103,1
DA:104,0
DA:105,0
DA:113,1
DA:118,1
DA:119,0
DA:126,1
DA:139,1
DA:140,0
DA:144,1
DA:150,1
DA:155,1
DA:163,1
DA:169,0
DA:170,0
DA:172,1
DA:180,1
DA:181,1
DA:183,1
DA:184,1
DA:188,1
DA:191,1
DA:196,1
DA:197,0
DA:200,1
DA:201,0
DA:208,1
DA:209,0
DA:216,1
DA:217,1
DA:218,0
DA:225,1
DA:226,0
DA:227,0
DA:235,1
DA:247,1
DA:248,0
DA:251,1
DA:253,1
DA:262,1
DA:264,0
DA:265,0
DA:267,1
DA:275,0
DA:276,0
DA:278,0
DA:279,0
DA:283,0
DA:286,0
DA:291,0
DA:292,0
DA:295,0
DA:296,0
DA:303,0
DA:304,0
DA:311,0
DA:312,0
DA:319,0
DA:320,0
DA:321,0
DA:322,0
DA:323,0
DA:331,0
DA:341,0
DA:343,0
DA:352,0
DA:354,0
DA:355,0
DA:357,0
DA:365,0
DA:366,0
DA:368,0
DA:369,0
DA:370,0
DA:373,0
DA:378,0
DA:379,0
DA:382,0
DA:383,0
DA:390,0
DA:391,0
DA:398,0
DA:399,0
DA:400,0
DA:407,0
DA:415,0
DA:416,0
DA:419,0
DA:421,0
DA:430,0
DA:432,0
DA:433,0
DA:435,0
DA:443,0
DA:444,0
DA:446,0
DA:447,0
DA:448,0
DA:451,0
DA:456,0
DA:457,0
DA:460,0
DA:461,0
DA:468,0
DA:469,0
DA:476,0
DA:481,0
DA:482,0
DA:489,0
DA:496,0
DA:497,0
DA:503,0
DA:505,0
DA:506,0
DA:513,0
DA:514,0
DA:515,0
DA:516,0
DA:518,0
DA:529,0
DA:531,0
DA:540,0
DA:549,0
DA:550,0
DA:552,0
DA:560,2
DA:561,2
DA:563,2
DA:564,2
DA:565,2
DA:568,2
DA:569,0
DA:576,2
DA:581,2
DA:582,0
DA:585,2
DA:587,2
DA:588,0
DA:595,2
DA:596,0
DA:601,2
DA:602,0
DA:607,2
DA:608,0
DA:613,2
DA:614,1
DA:621,1
DA:623,1
DA:624,1
DA:625,1
DA:626,1
DA:627,1
DA:632,1
DA:633,1
DA:635,1
DA:636,1
DA:639,0
DA:640,0
DA:641,0
DA:645,1
DA:650,1
DA:658,1
DA:662,1
DA:665,1
DA:695,1
DA:698,1
DA:705,1
DA:708,1
DA:714,1
DA:725,1
DA:726,1
DA:730,1
DA:738,1
DA:740,1
DA:741,1
DA:742,1
DA:746,1
DA:747,0
DA:753,1
DA:754,1
DA:755,1
DA:756,1
DA:757,1
DA:758,1
DA:761,0
DA:766,1
DA:767,1
DA:768,1
DA:770,1
DA:771,1
DA:773,0
DA:778,1
DA:786,0
DA:787,0
DA:788,0
DA:789,0
DA:796,0
DA:797,0
DA:798,0
DA:804,2
DA:812,0
DA:813,0
DA:815,0
DA:816,0
DA:817,0
DA:819,0
DA:831,0
DA:832,0
DA:835,0
DA:836,0
DA:837,0
DA:841,0
DA:842,0
DA:848,0
DA:852,0
DA:853,0
DA:854,0
DA:857,0
DA:858,0
DA:861,0
DA:862,0
DA:864,0
DA:867,0
DA:868,0
DA:869,0
DA:871,0
DA:872,0
DA:873,0
DA:875,0
DA:876,0
DA:882,0
DA:884,0
DA:885,0
DA:886,0
DA:889,0
DA:890,0
DA:893,0
DA:894,0
DA:897,0
DA:911,0
DA:921,0
DA:922,0
DA:924,0
DA:932,0
DA:933,0
DA:935,0
DA:936,0
DA:938,0
DA:943,0
DA:944,0
DA:947,0
DA:950,0
DA:951,0
DA:955,0
DA:956,0
DA:959,0
DA:961,0
DA:962,0
DA:964,0
DA:972,0
DA:973,0
DA:975,0
DA:976,0
DA:977,0
DA:979,0
DA:984,0
DA:985,0
DA:988,0
DA:991,0
DA:992,0
DA:994,0
DA:995,0
DA:999,0
DA:1000,0
DA:1006,0
DA:1007,0
DA:1014,0
DA:1015,0
DA:1016,0
DA:1018,0
DA:1019,0
DA:1020,0
DA:1021,0
DA:1024,0
DA:1025,0
DA:1026,0
DA:1027,0
DA:1030,0
DA:1031,0
DA:1032,0
DA:1033,0
DA:1036,0
DA:1037,0
DA:1043,0
DA:1044,0
DA:1046,0
DA:1052,0
DA:1053,0
DA:1058,0
DA:1059,0
DA:1060,0
DA:1061,0
DA:1062,0
DA:1064,0
DA:1085,0
DA:1087,0
DA:1088,0
DA:1090,0
DA:1099,1
DA:1100,1
DA:1102,1
DA:1103,1
DA:1104,1
DA:1106,1
DA:1109,1
DA:1114,1
DA:1115,0
DA:1116,0
DA:1119,1
DA:1122,1
DA:1130,1
DA:1131,1
DA:1132,1
DA:1133,1
DA:1134,1
DA:1135,1
DA:1137,1
DA:1139,1
DA:1144,1
DA:1151,1
DA:1159,1
DA:1160,1
DA:1161,1
DA:1162,1
DA:1163,1
DA:1170,1
DA:1174,1
DA:1177,1
DA:1178,1
DA:1179,1
DA:1182,1
DA:1183,1
DA:1184,1
DA:1188,1
DA:1189,1
DA:1190,1
DA:1192,1
DA:1193,1
DA:1197,0
DA:1200,1
DA:1201,0
DA:1206,1
DA:1207,1
DA:1208,1
DA:1210,1
DA:1211,1
DA:1212,0
DA:1215,0
DA:1218,1
DA:1226,0
DA:1227,0
DA:1228,0
DA:1229,0
DA:1234,1
DA:1242,0
DA:1243,0
DA:1244,0
DA:1245,0
DA:1246,0
DA:1248,0
DA:1249,0
DA:1251,0
DA:1259,0
DA:1260,0
DA:1261,0
DA:1262,0
DA:1263,0
DA:1270,0
DA:1272,0
DA:1273,0
DA:1275,0
DA:1283,0
DA:1284,0
DA:1285,0
DA:1286,0
DA:1288,0
DA:1289,0
DA:1298,0
DA:1301,0
DA:1302,0
DA:1304,0
DA:1305,0
DA:1306,0
DA:1308,0
DA:1311,0
DA:1312,0
DA:1313,0
DA:1314,0
DA:1317,0
DA:1320,0
DA:1321,0
DA:1322,0
DA:1323,0
DA:1330,0
DA:1341,0
DA:1343,0
DA:1349,0
DA:1350,0
DA:1351,0
DA:1353,0
DA:1359,1
LF:446
LH:162
BRDA:36,0,0,1
BRDA:36,0,1,1
BRDA:47,1,0,0
BRDA:47,1,1,2
BRDA:47,2,0,2
BRDA:47,2,1,2
BRDA:47,2,2,0
BRDA:77,3,0,0
BRDA:77,3,1,1
BRDA:77,4,0,1
BRDA:77,4,1,1
BRDA:77,4,2,1
BRDA:77,4,3,1
BRDA:77,4,4,1
BRDA:86,5,0,0
BRDA:86,5,1,1
BRDA:95,6,0,0
BRDA:95,6,1,1
BRDA:103,7,0,0
BRDA:103,7,1,1
BRDA:104,8,0,0
BRDA:104,8,1,0
BRDA:104,9,0,0
BRDA:104,9,1,0
BRDA:104,9,2,0
BRDA:118,10,0,0
BRDA:118,10,1,1
BRDA:128,11,0,1
BRDA:128,11,1,0
BRDA:133,12,0,1
BRDA:133,12,1,1
BRDA:134,13,0,1
BRDA:134,13,1,1
BRDA:135,14,0,1
BRDA:135,14,1,1
BRDA:139,15,0,0
BRDA:139,15,1,1
BRDA:150,16,0,1
BRDA:150,16,1,0
BRDA:152,17,0,0
BRDA:152,17,1,0
BRDA:196,18,0,0
BRDA:196,18,1,1
BRDA:200,19,0,0
BRDA:200,19,1,1
BRDA:208,20,0,0
BRDA:208,20,1,1
BRDA:208,21,0,1
BRDA:208,21,1,1
BRDA:208,21,2,1
BRDA:208,21,3,1
BRDA:208,21,4,1
BRDA:217,22,0,0
BRDA:217,22,1,1
BRDA:225,23,0,0
BRDA:225,23,1,1
BRDA:226,24,0,0
BRDA:226,24,1,0
BRDA:226,25,0,0
BRDA:226,25,1,0
BRDA:226,25,2,0
BRDA:237,26,0,1
BRDA:237,26,1,0
BRDA:242,27,0,1
BRDA:242,27,1,1
BRDA:243,28,0,1
BRDA:243,28,1,1
BRDA:244,29,0,1
BRDA:244,29,1,1
BRDA:247,30,0,0
BRDA:247,30,1,1
BRDA:251,31,0,1
BRDA:251,31,1,0
BRDA:291,32,0,0
BRDA:291,32,1,0
BRDA:295,33,0,0
BRDA:295,33,1,0
BRDA:303,34,0,0
BRDA:303,34,1,0
BRDA:303,35,0,0
BRDA:303,35,1,0
BRDA:311,36,0,0
BRDA:311,36,1,0
BRDA:320,37,0,0
BRDA:320,37,1,0
BRDA:320,38,0,0
BRDA:320,38,1,0
BRDA:322,39,0,0
BRDA:322,39,1,0
BRDA:322,40,0,0
BRDA:322,40,1,0
BRDA:322,40,2,0
BRDA:333,41,0,0
BRDA:333,41,1,0
BRDA:334,42,0,0
BRDA:334,42,1,0
BRDA:335,43,0,0
BRDA:335,43,1,0
BRDA:337,44,0,0
BRDA:337,44,1,0
BRDA:338,45,0,0
BRDA:338,45,1,0
BRDA:341,46,0,0
BRDA:341,46,1,0
BRDA:378,47,0,0
BRDA:378,47,1,0
BRDA:382,48,0,0
BRDA:382,48,1,0
BRDA:390,49,0,0
BRDA:390,49,1,0
BRDA:390,50,0,0
BRDA:390,50,1,0
BRDA:390,50,2,0
BRDA:399,51,0,0
BRDA:399,51,1,0
BRDA:411,52,0,0
BRDA:411,52,1,0
BRDA:415,53,0,0
BRDA:415,53,1,0
BRDA:419,54,0,0
BRDA:419,54,1,0
BRDA:456,55,0,0
BRDA:456,55,1,0
BRDA:460,56,0,0
BRDA:460,56,1,0
BRDA:468,57,0,0
BRDA:468,57,1,0
BRDA:468,58,0,0
BRDA:468,58,1,0
BRDA:481,59,0,0
BRDA:481,59,1,0
BRDA:496,60,0,0
BRDA:496,60,1,0
BRDA:505,61,0,0
BRDA:505,61,1,0
BRDA:529,62,0,0
BRDA:529,62,1,0
BRDA:568,63,0,0
BRDA:568,63,1,2
BRDA:581,64,0,0
BRDA:581,64,1,2
BRDA:587,65,0,0
BRDA:587,65,1,2
BRDA:595,66,0,0
BRDA:595,66,1,2
BRDA:601,67,0,0
BRDA:601,67,1,2
BRDA:607,68,0,0
BRDA:607,68,1,2
BRDA:613,69,0,1
BRDA:613,69,1,1
BRDA:635,70,0,1
BRDA:635,70,1,0
BRDA:639,71,0,0
BRDA:639,71,1,0
BRDA:685,72,0,1
BRDA:685,72,1,1
BRDA:688,73,0,1
BRDA:688,73,1,1
BRDA:725,74,0,1
BRDA:725,74,1,0
BRDA:740,75,0,1
BRDA:740,75,1,1
BRDA:741,76,0,1
BRDA:741,76,1,1
BRDA:753,77,0,1
BRDA:753,77,1,0
BRDA:756,78,0,1
BRDA:756,78,1,0
BRDA:767,79,0,1
BRDA:767,79,1,0
BRDA:792,80,0,0
BRDA:792,80,1,0
BRDA:801,81,0,0
BRDA:801,81,1,0
BRDA:816,82,0,0
BRDA:816,83,0,0
BRDA:835,84,0,0
BRDA:835,84,1,0
BRDA:841,85,0,0
BRDA:841,85,1,0
BRDA:852,86,0,0
BRDA:852,86,1,0
BRDA:857,87,0,0
BRDA:857,87,1,0
BRDA:871,88,0,0
BRDA:871,88,1,0
BRDA:875,89,0,0
BRDA:875,89,1,0
BRDA:884,90,0,0
BRDA:884,90,1,0
BRDA:889,91,0,0
BRDA:889,91,1,0
BRDA:900,92,0,0
BRDA:900,92,1,0
BRDA:901,93,0,0
BRDA:901,93,1,0
BRDA:901,94,0,0
BRDA:901,94,1,0
BRDA:903,95,0,0
BRDA:903,95,1,0
BRDA:904,96,0,0
BRDA:904,96,1,0
BRDA:905,97,0,0
BRDA:905,97,1,0
BRDA:943,98,0,0
BRDA:943,98,1,0
BRDA:950,99,0,0
BRDA:950,99,1,0
BRDA:950,100,0,0
BRDA:950,100,1,0
BRDA:955,101,0,0
BRDA:955,101,1,0
BRDA:955,102,0,0
BRDA:955,102,1,0
BRDA:984,103,0,0
BRDA:984,103,1,0
BRDA:991,104,0,0
BRDA:991,104,1,0
BRDA:991,105,0,0
BRDA:991,105,1,0
BRDA:994,106,0,0
BRDA:994,106,1,0
BRDA:994,107,0,0
BRDA:994,107,1,0
BRDA:999,108,0,0
BRDA:999,108,1,0
BRDA:999,109,0,0
BRDA:999,109,1,0
BRDA:1006,110,0,0
BRDA:1006,110,1,0
BRDA:1006,111,0,0
BRDA:1006,111,1,0
BRDA:1018,112,0,0
BRDA:1018,112,1,0
BRDA:1024,113,0,0
BRDA:1024,113,1,0
BRDA:1030,114,0,0
BRDA:1030,114,1,0
BRDA:1036,115,0,0
BRDA:1036,115,1,0
BRDA:1052,116,0,0
BRDA:1052,116,1,0
BRDA:1052,117,0,0
BRDA:1052,117,1,0
BRDA:1058,118,0,0
BRDA:1058,118,1,0
BRDA:1060,119,0,0
BRDA:1060,119,1,0
BRDA:1061,120,0,0
BRDA:1061,120,1,0
BRDA:1062,121,0,0
BRDA:1062,121,1,0
BRDA:1104,122,0,0
BRDA:1104,122,1,1
BRDA:1114,123,0,0
BRDA:1114,123,1,1
BRDA:1137,124,0,1
BRDA:1137,124,1,0
BRDA:1137,125,0,1
BRDA:1137,125,1,1
BRDA:1160,126,0,1
BRDA:1160,126,1,0
BRDA:1162,127,0,1
BRDA:1162,127,1,0
BRDA:1162,128,0,1
BRDA:1162,128,1,1
BRDA:1162,128,2,1
BRDA:1177,129,0,1
BRDA:1177,129,1,0
BRDA:1178,130,0,1
BRDA:1178,130,1,1
BRDA:1179,131,0,1
BRDA:1179,131,1,1
BRDA:1188,132,0,1
BRDA:1188,132,1,0
BRDA:1192,133,0,1
BRDA:1192,133,1,0
BRDA:1200,134,0,1
BRDA:1200,134,1,0
BRDA:1207,135,0,1
BRDA:1207,135,1,0
BRDA:1211,136,0,0
BRDA:1211,136,1,1
BRDA:1226,137,0,0
BRDA:1226,137,1,0
BRDA:1234,138,0,1
BRDA:1234,138,1,0
BRDA:1312,139,0,0
BRDA:1312,139,1,0
BRDA:1320,140,0,0
BRDA:1320,140,1,0
BRDA:1321,141,0,0
BRDA:1321,141,1,0
BRDA:1349,142,0,0
BRDA:1349,142,1,0
BRDA:1353,143,0,0
BRDA:1353,143,1,0
BRF:298
BRH:85
end_of_record
TN:
SF:src\controllers\studentController.js
FN:4,getStudentDashboard
FN:86,getCourseContent
FN:170,(anonymous_2)
FN:215,(anonymous_3)
FN:243,getContentItem
FN:360,saveVideoProgress
FN:523,getVideoProgress
FN:583,_calculateStreaks
FN:590,(anonymous_8)
FN:599,strDateOffset
FN:661,getStudentPortalDashboard
FN:862,getTasks
FN:896,(anonymous_12)
FN:936,getTaskDetail
FN:1043,submitTask
FN:1190,_buildWeeklyActivity
FN:1193,(anonymous_16)
FN:1225,getStudentProgress
FN:1269,(anonymous_18)
FN:1326,(anonymous_19)
FN:1338,(anonymous_20)
FN:1404,getCertificate
FN:1465,verifyCertificate
FN:1531,getNotifications
FN:1566,markNotificationRead
FN:1611,getUnreadCount
FN:1660,getLiveSessions
FN:1710,(anonymous_27)
FNF:28
FNH:27
FNDA:0,getStudentDashboard
FNDA:4,getCourseContent
FNDA:3,(anonymous_2)
FNDA:2,(anonymous_3)
FNDA:4,getContentItem
FNDA:5,saveVideoProgress
FNDA:2,getVideoProgress
FNDA:5,_calculateStreaks
FNDA:14,(anonymous_8)
FNDA:25,strDateOffset
FNDA:6,getStudentPortalDashboard
FNDA:1,getTasks
FNDA:2,(anonymous_12)
FNDA:2,getTaskDetail
FNDA:6,submitTask
FNDA:6,_buildWeeklyActivity
FNDA:5,(anonymous_16)
FNDA:7,getStudentProgress
FNDA:4,(anonymous_18)
FNDA:7,(anonymous_19)
FNDA:7,(anonymous_20)
FNDA:2,getCertificate
FNDA:3,verifyCertificate
FNDA:2,getNotifications
FNDA:2,markNotificationRead
FNDA:2,getUnreadCount
FNDA:7,getLiveSessions
FNDA:7,(anonymous_27)
DA:1,8
DA:2,8
DA:5,0
DA:7,0
DA:9,0
DA:10,0
DA:13,0
DA:32,0
DA:33,0
DA:36,0
DA:39,0
DA:40,0
DA:46,0
DA:49,0
DA:51,0
DA:54,0
DA:56,0
DA:57,0
DA:59,0
DA:68,8
DA:69,8
DA:70,8
DA:71,8
DA:72,8
DA:73,8
DA:74,8
DA:75,8
DA:78,8
DA:87,4
DA:88,4
DA:89,4
DA:92,4
DA:93,0
DA:96,4
DA:98,4
DA:99,4
DA:102,4
DA:103,3
DA:113,3
DA:114,1
DA:122,3
DA:130,3
DA:131,0
DA:134,3
DA:137,3
DA:169,3
DA:170,3
DA:171,3
DA:176,3
DA:178,3
DA:179,3
DA:180,2
DA:188,3
DA:190,3
DA:191,2
DA:199,3
DA:215,3
DA:220,3
DA:227,0
DA:228,0
DA:230,4
DA:244,4
DA:245,4
DA:246,4
DA:249,4
DA:250,0
DA:253,4
DA:255,4
DA:256,4
DA:259,4
DA:270,4
DA:271,1
DA:277,3
DA:280,3
DA:281,3
DA:291,3
DA:292,1
DA:299,2
DA:300,1
DA:313,1
DA:324,2
DA:336,2
DA:339,0
DA:340,0
DA:342,4
DA:361,5
DA:362,5
DA:364,5
DA:367,5
DA:368,0
DA:370,5
DA:371,1
DA:376,4
DA:377,1
DA:384,3
DA:385,3
DA:387,3
DA:389,3
DA:390,3
DA:393,3
DA:394,2
DA:409,1
DA:423,3
DA:434,3
DA:449,3
DA:450,0
DA:457,3
DA:458,3
DA:461,3
DA:476,3
DA:477,3
DA:479,3
DA:484,3
DA:485,1
DA:486,1
DA:493,0
DA:497,3
DA:504,0
DA:505,0
DA:507,3
DA:524,2
DA:525,2
DA:527,2
DA:528,0
DA:531,2
DA:533,2
DA:534,2
DA:536,2
DA:544,2
DA:546,1
DA:553,1
DA:556,0
DA:557,0
DA:559,2
DA:568,8
DA:569,8
DA:570,8
DA:571,8
DA:584,5
DA:585,0
DA:589,5
DA:591,14
DA:594,14
DA:600,25
DA:601,25
DA:602,25
DA:607,5
DA:608,5
DA:609,1
DA:612,5
DA:613,5
DA:614,5
DA:615,5
DA:616,14
DA:617,14
DA:622,5
DA:623,5
DA:624,5
DA:625,5
DA:627,5
DA:628,14
DA:629,5
DA:631,9
DA:632,9
DA:633,9
DA:635,14
DA:636,14
DA:639,5
DA:662,6
DA:663,6
DA:666,6
DA:667,6
DA:668,6
DA:669,1
DA:672,0
DA:675,5
DA:677,5
DA:678,5
DA:683,5
DA:711,5
DA:712,5
DA:713,5
DA:714,5
DA:715,5
DA:716,5
DA:720,5
DA:733,5
DA:759,5
DA:762,5
DA:770,5
DA:773,5
DA:788,5
DA:794,5
DA:805,5
DA:806,5
DA:807,5
DA:810,5
DA:819,5
DA:820,5
DA:827,0
DA:830,5
DA:833,0
DA:834,0
DA:836,5
DA:845,8
DA:846,8
DA:847,8
DA:848,8
DA:849,8
DA:863,1
DA:864,1
DA:866,1
DA:867,1
DA:869,1
DA:896,2
DA:914,1
DA:917,0
DA:918,0
DA:920,1
DA:937,2
DA:938,2
DA:941,2
DA:942,0
DA:945,2
DA:947,2
DA:948,2
DA:950,2
DA:981,2
DA:982,1
DA:988,1
DA:990,1
DA:999,1
DA:1012,0
DA:1013,0
DA:1015,2
DA:1044,6
DA:1045,6
DA:1046,6
DA:1049,6
DA:1050,0
DA:1052,6
DA:1053,1
DA:1059,5
DA:1061,5
DA:1062,5
DA:1067,5
DA:1080,5
DA:1081,1
DA:1087,4
DA:1090,4
DA:1098,4
DA:1100,4
DA:1101,1
DA:1108,3
DA:1113,3
DA:1117,3
DA:1141,3
DA:1152,3
DA:1153,3
DA:1156,0
DA:1159,3
DA:1162,0
DA:1163,0
DA:1165,5
DA:1174,8
DA:1175,8
DA:1176,8
DA:1177,8
DA:1178,8
DA:1179,8
DA:1180,8
DA:1181,8
DA:1192,6
DA:1193,5
DA:1196,6
DA:1198,6
DA:1199,2184
DA:1200,2184
DA:1201,2184
DA:1202,2184
DA:1208,6
DA:1226,7
DA:1227,7
DA:1230,7
DA:1231,7
DA:1232,7
DA:1233,1
DA:1236,0
DA:1239,6
DA:1241,6
DA:1242,6
DA:1246,6
DA:1269,6
DA:1270,4
DA:1271,4
DA:1272,4
DA:1285,6
DA:1296,6
DA:1299,6
DA:1326,7
DA:1337,6
DA:1338,6
DA:1340,7
DA:1341,3
DA:1344,4
DA:1345,2
DA:1347,2
DA:1350,7
DA:1364,6
DA:1371,6
DA:1372,6
DA:1379,0
DA:1382,6
DA:1385,0
DA:1386,0
DA:1388,6
DA:1405,2
DA:1406,2
DA:1408,2
DA:1409,0
DA:1412,2
DA:1414,2
DA:1415,2
DA:1418,2
DA:1429,2
DA:1430,1
DA:1436,1
DA:1437,1
DA:1438,1
DA:1440,1
DA:1448,0
DA:1449,0
DA:1451,2
DA:1466,3
DA:1468,3
DA:1469,0
DA:1472,3
DA:1474,3
DA:1475,3
DA:1477,3
DA:1492,3
DA:1493,1
DA:1500,2
DA:1501,2
DA:1503,2
DA:1511,0
DA:1512,0
DA:1514,3
DA:1523,8
DA:1532,2
DA:1534,2
DA:1536,2
DA:1537,2
DA:1539,2
DA:1549,2
DA:1552,0
DA:1553,0
DA:1555,2
DA:1567,2
DA:1568,2
DA:1570,2
DA:1571,0
DA:1574,2
DA:1576,2
DA:1577,2
DA:1579,2
DA:1588,2
DA:1589,1
DA:1595,1
DA:1598,0
DA:1599,0
DA:1601,2
DA:1612,2
DA:1614,2
DA:1616,2
DA:1617,2
DA:1619,2
DA:1627,2
DA:1630,0
DA:1631,0
DA:1633,2
DA:1642,8
DA:1643,8
DA:1661,7
DA:1662,7
DA:1664,7
DA:1665,0
DA:1668,7
DA:1670,7
DA:1671,7
DA:1674,7
DA:1685,7
DA:1686,1
DA:1692,6
DA:1695,6
DA:1708,6
DA:1710,6
DA:1711,7
DA:1712,7
DA:1713,7
DA:1714,7
DA:1716,7
DA:1719,7
DA:1731,6
DA:1734,0
DA:1735,0
DA:1737,7
DA:1741,8
LF:408
LH:342
BRDA:32,0,0,0
BRDA:32,0,1,0
BRDA:46,1,0,0
BRDA:46,1,1,0
BRDA:92,2,0,0
BRDA:92,2,1,4
BRDA:102,3,0,3
BRDA:102,3,1,1
BRDA:113,4,0,1
BRDA:113,4,1,2
BRDA:130,5,0,0
BRDA:130,5,1,3
BRDA:171,6,0,2
BRDA:171,6,1,1
BRDA:179,7,0,2
BRDA:179,7,1,1
BRDA:190,8,0,2
BRDA:190,8,1,1
BRDA:210,9,0,3
BRDA:210,9,1,3
BRDA:249,10,0,0
BRDA:249,10,1,4
BRDA:270,11,0,1
BRDA:270,11,1,3
BRDA:280,12,0,3
BRDA:280,12,1,0
BRDA:291,13,0,1
BRDA:291,13,1,2
BRDA:299,14,0,1
BRDA:299,14,1,1
BRDA:367,15,0,0
BRDA:367,15,1,5
BRDA:367,16,0,5
BRDA:367,16,1,5
BRDA:370,17,0,1
BRDA:370,17,1,4
BRDA:370,18,0,5
BRDA:370,18,1,4
BRDA:376,19,0,1
BRDA:376,19,1,3
BRDA:376,20,0,4
BRDA:376,20,1,3
BRDA:393,21,0,2
BRDA:393,21,1,1
BRDA:449,22,0,0
BRDA:449,22,1,3
BRDA:476,23,0,3
BRDA:476,23,1,0
BRDA:477,24,0,3
BRDA:477,24,1,0
BRDA:479,25,0,3
BRDA:479,25,1,0
BRDA:484,26,0,1
BRDA:484,26,1,2
BRDA:527,27,0,0
BRDA:527,27,1,2
BRDA:544,28,0,1
BRDA:544,28,1,1
BRDA:584,29,0,0
BRDA:584,29,1,5
BRDA:584,30,0,5
BRDA:584,30,1,5
BRDA:591,31,0,0
BRDA:591,31,1,14
BRDA:608,32,0,1
BRDA:608,32,1,4
BRDA:609,33,0,1
BRDA:609,33,1,0
BRDA:613,34,0,5
BRDA:613,34,1,0
BRDA:628,35,0,5
BRDA:628,35,1,9
BRDA:633,36,0,9
BRDA:633,36,1,0
BRDA:635,37,0,14
BRDA:635,37,1,0
BRDA:668,38,0,1
BRDA:668,38,1,5
BRDA:712,39,0,5
BRDA:712,39,1,0
BRDA:714,40,0,5
BRDA:714,40,1,0
BRDA:715,41,0,5
BRDA:715,41,1,0
BRDA:716,42,0,5
BRDA:716,42,1,0
BRDA:788,43,0,5
BRDA:788,43,1,0
BRDA:806,44,0,5
BRDA:806,44,1,0
BRDA:807,45,0,5
BRDA:807,45,1,2
BRDA:906,46,0,1
BRDA:906,46,1,1
BRDA:941,47,0,0
BRDA:941,47,1,2
BRDA:981,48,0,1
BRDA:981,48,1,1
BRDA:990,49,0,1
BRDA:990,49,1,0
BRDA:1049,50,0,0
BRDA:1049,50,1,6
BRDA:1052,51,0,1
BRDA:1052,51,1,5
BRDA:1052,52,0,6
BRDA:1052,52,1,5
BRDA:1080,53,0,1
BRDA:1080,53,1,4
BRDA:1098,54,0,4
BRDA:1098,54,1,2
BRDA:1100,55,0,1
BRDA:1100,55,1,3
BRDA:1100,56,0,4
BRDA:1100,56,1,2
BRDA:1113,57,0,0
BRDA:1113,57,1,3
BRDA:1193,58,0,5
BRDA:1193,58,1,0
BRDA:1204,59,0,5
BRDA:1204,59,1,2179
BRDA:1232,60,0,1
BRDA:1232,60,1,6
BRDA:1270,61,0,4
BRDA:1270,61,1,1
BRDA:1271,62,0,4
BRDA:1271,62,1,1
BRDA:1277,63,0,3
BRDA:1277,63,1,1
BRDA:1329,64,0,2
BRDA:1329,64,1,5
BRDA:1331,65,0,2
BRDA:1331,65,1,5
BRDA:1332,66,0,2
BRDA:1332,66,1,0
BRDA:1340,67,0,3
BRDA:1340,67,1,4
BRDA:1341,68,0,1
BRDA:1341,68,1,2
BRDA:1344,69,0,2
BRDA:1344,69,1,2
BRDA:1355,70,0,7
BRDA:1355,70,1,0
BRDA:1357,71,0,7
BRDA:1357,71,1,6
BRDA:1358,72,0,7
BRDA:1358,72,1,3
BRDA:1359,73,0,7
BRDA:1359,73,1,5
BRDA:1408,74,0,0
BRDA:1408,74,1,2
BRDA:1429,75,0,1
BRDA:1429,75,1,1
BRDA:1437,76,0,1
BRDA:1437,76,1,1
BRDA:1468,77,0,0
BRDA:1468,77,1,3
BRDA:1492,78,0,1
BRDA:1492,78,1,2
BRDA:1501,79,0,2
BRDA:1501,79,1,0
BRDA:1570,80,0,0
BRDA:1570,80,1,2
BRDA:1588,81,0,1
BRDA:1588,81,1,1
BRDA:1664,82,0,0
BRDA:1664,82,1,7
BRDA:1685,83,0,1
BRDA:1685,83,1,6
BRDA:1716,84,0,7
BRDA:1716,84,1,3
BRDA:1717,85,0,3
BRDA:1717,85,1,0
BRF:172
BRH:133
end_of_record
TN:
SF:src\controllers\taskController.js
FN:63,handleSubmissionUpload
FN:64,(anonymous_1)
FN:89,_isTrainerAssigned
FN:108,_resolveTaskCourse
FN:134,createTask
FN:246,publishTask
FN:314,listTasks
FN:410,submitTask
FN:540,evaluateSubmission
FN:640,listSubmissions
FN:700,getTask
FN:752,updateTask
FN:857,getMySubmission
FNF:13
FNH:6
FNDA:1,handleSubmissionUpload
FNDA:1,(anonymous_1)
FNDA:2,_isTrainerAssigned
FNDA:0,_resolveTaskCourse
FNDA:1,createTask
FNDA:0,publishTask
FNDA:0,listTasks
FNDA:1,submitTask
FNDA:1,evaluateSubmission
FNDA:0,listSubmissions
FNDA:0,getTask
FNDA:0,updateTask
FNDA:0,getMySubmission
DA:20,1
DA:21,1
DA:22,1
DA:27,1
DA:28,1
DA:29,1
DA:30,1
DA:31,1
DA:32,1
DA:33,1
DA:34,1
DA:35,1
DA:37,1
DA:52,1
DA:64,1
DA:65,1
DA:66,0
DA:71,1
DA:72,0
DA:77,1
DA:90,2
DA:99,2
DA:109,0
DA:115,0
DA:145,1
DA:147,1
DA:148,0
DA:150,1
DA:151,0
DA:153,1
DA:154,0
DA:156,1
DA:157,0
DA:161,1
DA:162,1
DA:163,0
DA:165,1
DA:166,0
DA:169,1
DA:170,1
DA:171,1
DA:172,0
DA:179,1
DA:181,1
DA:182,1
DA:185,1
DA:186,1
DA:187,1
DA:188,0
DA:196,1
DA:200,1
DA:201,0
DA:207,1
DA:228,1
DA:230,0
DA:231,0
DA:233,1
DA:248,0
DA:249,0
DA:250,0
DA:253,0
DA:255,0
DA:256,0
DA:258,0
DA:263,0
DA:264,0
DA:267,0
DA:270,0
DA:271,0
DA:272,0
DA:273,0
DA:280,0
DA:281,0
DA:287,0
DA:296,0
DA:298,0
DA:299,0
DA:301,0
DA:316,0
DA:317,0
DA:318,0
DA:321,0
DA:323,0
DA:324,0
DA:326,0
DA:327,0
DA:329,0
DA:331,0
DA:334,0
DA:345,0
DA:346,0
DA:351,0
DA:354,0
DA:358,0
DA:359,0
DA:360,0
DA:361,0
DA:371,0
DA:372,0
DA:373,0
DA:376,0
DA:387,0
DA:389,0
DA:390,0
DA:392,0
DA:412,1
DA:413,1
DA:414,0
DA:417,1
DA:418,1
DA:420,1
DA:421,0
DA:427,1
DA:428,0
DA:434,1
DA:436,1
DA:437,1
DA:440,1
DA:447,1
DA:448,0
DA:451,1
DA:453,1
DA:454,0
DA:461,1
DA:462,0
DA:469,1
DA:472,1
DA:477,1
DA:478,0
DA:485,1
DA:486,1
DA:488,1
DA:489,0
DA:493,0
DA:494,0
DA:495,0
DA:498,1
DA:515,1
DA:518,0
DA:519,0
DA:524,0
DA:525,0
DA:527,1
DA:542,1
DA:543,1
DA:544,1
DA:546,1
DA:547,0
DA:550,1
DA:551,1
DA:552,0
DA:558,1
DA:559,1
DA:560,1
DA:561,0
DA:568,1
DA:570,1
DA:571,1
DA:574,1
DA:583,1
DA:584,0
DA:590,1
DA:593,1
DA:594,1
DA:595,1
DA:596,0
DA:603,1
DA:622,1
DA:624,0
DA:625,0
DA:627,1
DA:642,0
DA:643,0
DA:644,0
DA:647,0
DA:649,0
DA:650,0
DA:653,0
DA:658,0
DA:659,0
DA:663,0
DA:664,0
DA:665,0
DA:666,0
DA:674,0
DA:685,0
DA:687,0
DA:688,0
DA:690,0
DA:702,0
DA:703,0
DA:704,0
DA:707,0
DA:709,0
DA:710,0
DA:712,0
DA:720,0
DA:721,0
DA:724,0
DA:727,0
DA:728,0
DA:731,0
DA:733,0
DA:734,0
DA:736,0
DA:754,0
DA:755,0
DA:756,0
DA:759,0
DA:761,0
DA:763,0
DA:764,0
DA:766,0
DA:771,0
DA:772,0
DA:775,0
DA:778,0
DA:779,0
DA:780,0
DA:781,0
DA:789,0
DA:790,0
DA:791,0
DA:792,0
DA:793,0
DA:796,0
DA:797,0
DA:805,0
DA:806,0
DA:807,0
DA:808,0
DA:809,0
DA:817,0
DA:820,0
DA:823,0
DA:827,0
DA:840,0
DA:842,0
DA:843,0
DA:845,0
DA:859,0
DA:860,0
DA:861,0
DA:864,0
DA:866,0
DA:867,0
DA:870,0
DA:872,0
DA:879,0
DA:880,0
DA:886,0
DA:888,0
DA:889,0
DA:891,0
DA:898,1
LF:255
LH:87
BRDA:65,0,0,0
BRDA:65,0,1,1
BRDA:65,1,0,1
BRDA:65,1,1,0
BRDA:71,2,0,0
BRDA:71,2,1,1
BRDA:115,3,0,0
BRDA:115,3,1,0
BRDA:147,4,0,0
BRDA:147,4,1,1
BRDA:147,5,0,1
BRDA:147,5,1,1
BRDA:147,5,2,1
BRDA:150,6,0,0
BRDA:150,6,1,1
BRDA:153,7,0,0
BRDA:153,7,1,1
BRDA:156,8,0,0
BRDA:156,8,1,1
BRDA:162,9,0,0
BRDA:162,9,1,1
BRDA:165,10,0,0
BRDA:165,10,1,1
BRDA:169,11,0,1
BRDA:169,11,1,0
BRDA:169,12,0,1
BRDA:169,12,1,1
BRDA:171,13,0,0
BRDA:171,13,1,1
BRDA:171,14,0,1
BRDA:171,14,1,1
BRDA:171,14,2,1
BRDA:185,15,0,1
BRDA:185,15,1,0
BRDA:187,16,0,0
BRDA:187,16,1,1
BRDA:200,17,0,0
BRDA:200,17,1,1
BRDA:220,18,0,1
BRDA:220,18,1,0
BRDA:224,19,0,1
BRDA:224,19,1,1
BRDA:249,20,0,0
BRDA:249,20,1,0
BRDA:263,21,0,0
BRDA:263,21,1,0
BRDA:270,22,0,0
BRDA:270,22,1,0
BRDA:272,23,0,0
BRDA:272,23,1,0
BRDA:280,24,0,0
BRDA:280,24,1,0
BRDA:317,25,0,0
BRDA:317,25,1,0
BRDA:329,26,0,0
BRDA:329,26,1,0
BRDA:345,27,0,0
BRDA:345,27,1,0
BRDA:351,28,0,0
BRDA:351,28,1,0
BRDA:358,29,0,0
BRDA:358,29,1,0
BRDA:360,30,0,0
BRDA:360,30,1,0
BRDA:372,31,0,0
BRDA:372,31,1,0
BRDA:413,32,0,0
BRDA:413,32,1,1
BRDA:417,33,0,1
BRDA:417,33,1,0
BRDA:418,34,0,1
BRDA:418,34,1,1
BRDA:420,35,0,0
BRDA:420,35,1,1
BRDA:420,36,0,1
BRDA:420,36,1,1
BRDA:427,37,0,0
BRDA:427,37,1,1
BRDA:427,38,0,1
BRDA:427,38,1,0
BRDA:447,39,0,0
BRDA:447,39,1,1
BRDA:453,40,0,0
BRDA:453,40,1,1
BRDA:461,41,0,0
BRDA:461,41,1,1
BRDA:477,42,0,0
BRDA:477,42,1,1
BRDA:488,43,0,0
BRDA:488,43,1,1
BRDA:518,44,0,0
BRDA:518,44,1,0
BRDA:546,45,0,0
BRDA:546,45,1,1
BRDA:546,46,0,1
BRDA:546,46,1,1
BRDA:551,47,0,0
BRDA:551,47,1,1
BRDA:551,48,0,1
BRDA:551,48,1,1
BRDA:558,49,0,1
BRDA:558,49,1,0
BRDA:558,50,0,1
BRDA:558,50,1,1
BRDA:560,51,0,0
BRDA:560,51,1,1
BRDA:560,52,0,1
BRDA:560,52,1,1
BRDA:560,52,2,1
BRDA:583,53,0,0
BRDA:583,53,1,1
BRDA:593,54,0,1
BRDA:593,54,1,0
BRDA:595,55,0,0
BRDA:595,55,1,1
BRDA:615,56,0,1
BRDA:615,56,1,0
BRDA:615,57,0,1
BRDA:615,57,1,1
BRDA:616,58,0,1
BRDA:616,58,1,0
BRDA:643,59,0,0
BRDA:643,59,1,0
BRDA:658,60,0,0
BRDA:658,60,1,0
BRDA:663,61,0,0
BRDA:663,61,1,0
BRDA:665,62,0,0
BRDA:665,62,1,0
BRDA:703,63,0,0
BRDA:703,63,1,0
BRDA:720,64,0,0
BRDA:720,64,1,0
BRDA:727,65,0,0
BRDA:727,65,1,0
BRDA:727,66,0,0
BRDA:727,66,1,0
BRDA:755,67,0,0
BRDA:755,67,1,0
BRDA:771,68,0,0
BRDA:771,68,1,0
BRDA:778,69,0,0
BRDA:778,69,1,0
BRDA:780,70,0,0
BRDA:780,70,1,0
BRDA:790,71,0,0
BRDA:790,71,1,0
BRDA:792,72,0,0
BRDA:792,72,1,0
BRDA:796,73,0,0
BRDA:796,73,1,0
BRDA:806,74,0,0
BRDA:806,74,1,0
BRDA:806,75,0,0
BRDA:806,75,1,0
BRDA:808,76,0,0
BRDA:808,76,1,0
BRDA:808,77,0,0
BRDA:808,77,1,0
BRDA:808,77,2,0
BRDA:817,78,0,0
BRDA:817,78,1,0
BRDA:819,79,0,0
BRDA:819,79,1,0
BRDA:820,80,0,0
BRDA:820,80,1,0
BRDA:822,81,0,0
BRDA:822,81,1,0
BRDA:823,82,0,0
BRDA:823,82,1,0
BRDA:825,83,0,0
BRDA:825,83,1,0
BRDA:860,84,0,0
BRDA:860,84,1,0
BRDA:879,85,0,0
BRDA:879,85,1,0
BRF:176
BRH:59
end_of_record
TN:
SF:src\jobs\certificateJob.js
FN:43,generateCertificate
FN:148,checkAndGenerateCertificate
FNF:2
FNH:1
FNDA:0,generateCertificate
FNDA:4,checkAndGenerateCertificate
DA:19,2
DA:20,2
DA:21,2
DA:26,2
DA:45,0
DA:46,0
DA:49,0
DA:51,0
DA:52,0
DA:55,0
DA:63,0
DA:65,0
DA:69,0
DA:82,0
DA:84,0
DA:88,0
DA:91,0
DA:92,0
DA:93,0
DA:96,0
DA:97,0
DA:100,0
DA:108,0
DA:115,0
DA:121,0
DA:122,0
DA:124,0
DA:131,2
DA:132,2
DA:133,2
DA:134,2
DA:150,4
DA:151,0
DA:154,4
DA:156,4
DA:157,4
DA:160,4
DA:169,4
DA:170,0
DA:173,4
DA:176,4
DA:191,4
DA:192,4
DA:193,4
DA:197,4
DA:198,1
DA:202,3
DA:211,3
DA:212,1
DA:219,2
DA:237,2
DA:238,0
DA:242,0
DA:245,2
DA:246,2
DA:247,2
DA:248,2
DA:249,2
DA:250,2
DA:251,2
DA:254,2
DA:262,2
DA:270,2
DA:271,2
DA:272,2
DA:276,2
DA:277,2
DA:278,2
DA:287,0
DA:290,2
DA:295,2
DA:298,0
DA:299,0
DA:301,4
DA:305,2
LF:75
LH:45
BRDA:45,0,0,0
BRDA:45,0,1,0
BRDA:45,1,0,0
BRDA:45,1,1,0
BRDA:45,1,2,0
BRDA:63,2,0,0
BRDA:63,2,1,0
BRDA:82,3,0,0
BRDA:82,3,1,0
BRDA:92,4,0,0
BRDA:92,4,1,0
BRDA:150,5,0,0
BRDA:150,5,1,4
BRDA:150,6,0,4
BRDA:150,6,1,4
BRDA:169,7,0,0
BRDA:169,7,1,4
BRDA:191,8,0,4
BRDA:191,8,1,0
BRDA:192,9,0,4
BRDA:192,9,1,0
BRDA:193,10,0,4
BRDA:193,10,1,0
BRDA:197,11,0,1
BRDA:197,11,1,3
BRDA:211,12,0,1
BRDA:211,12,1,2
BRDA:237,13,0,0
BRDA:237,13,1,2
BRDA:246,14,0,2
BRDA:246,14,1,0
BRDA:270,15,0,2
BRDA:270,15,1,2
BRF:33
BRH:15
end_of_record
TN:
SF:src\jobs\leadArchiveJob.js
FN:11,archiveInactiveLeads
FN:67,sendFollowUpReminders
FN:106,startLeadJobs
FN:109,(anonymous_3)
FNF:4
FNH:4
FNDA:2,archiveInactiveLeads
FNDA:2,sendFollowUpReminders
FNDA:3,startLeadJobs
FNDA:2,(anonymous_3)
DA:1,1
DA:2,1
DA:3,1
DA:5,1
DA:6,1
DA:12,2
DA:13,2
DA:15,2
DA:22,2
DA:23,2
DA:25,2
DA:26,1
DA:27,1
DA:29,1
DA:35,1
DA:40,1
DA:43,1
DA:49,0
DA:50,0
DA:54,2
DA:55,1
DA:58,0
DA:60,2
DA:68,2
DA:69,2
DA:71,2
DA:79,2
DA:80,2
DA:82,1
DA:83,1
DA:84,1
DA:93,1
DA:94,1
DA:97,1
DA:99,2
DA:107,3
DA:109,3
DA:110,2
DA:111,2
DA:112,2
DA:113,2
DA:117,1
LF:42
LH:39
BRDA:5,0,0,1
BRDA:5,0,1,1
BRDA:6,1,0,1
BRDA:6,1,1,1
BRDA:54,2,0,1
BRDA:54,2,1,1
BRDA:93,3,0,1
BRDA:93,3,1,0
BRF:8
BRH:7
end_of_record
TN:
SF:src\middleware\authenticate.js
FN:14,authenticate
FNF:1
FNH:1
FNDA:39,authenticate
DA:12,11
DA:16,39
DA:18,39
DA:19,0
DA:25,39
DA:27,39
DA:28,0
DA:33,39
DA:35,39
DA:39,38
DA:46,38
DA:49,1
DA:50,0
DA:56,1
DA:57,1
DA:64,0
DA:65,0
DA:71,11
LF:18
LH:13
BRDA:18,0,0,0
BRDA:18,0,1,39
BRDA:18,1,0,39
BRDA:18,1,1,39
BRDA:27,2,0,0
BRDA:27,2,1,39
BRDA:49,3,0,0
BRDA:49,3,1,1
BRDA:56,4,0,1
BRDA:56,4,1,0
BRF:10
BRH:6
end_of_record
TN:
SF:src\middleware\authorize.js
FN:10,authorize
FN:11,(anonymous_1)
FN:37,(anonymous_2)
FN:52,(anonymous_3)
FNF:4
FNH:4
FNDA:93,authorize
FNDA:43,(anonymous_1)
FNDA:26,(anonymous_2)
FNDA:43,(anonymous_3)
DA:8,15
DA:11,93
DA:13,43
DA:14,0
DA:20,43
DA:21,43
DA:26,43
DA:27,0
DA:35,43
DA:36,9
DA:37,26
DA:39,9
DA:40,0
DA:48,43
DA:49,43
DA:52,43
DA:53,43
DA:54,43
DA:57,43
DA:58,1
DA:66,42
DA:70,15
LF:22
LH:19
BRDA:13,0,0,0
BRDA:13,0,1,43
BRDA:13,1,0,43
BRDA:13,1,1,43
BRDA:21,2,0,43
BRDA:21,2,1,0
BRDA:26,3,0,0
BRDA:26,3,1,43
BRDA:26,4,0,43
BRDA:26,4,1,0
BRDA:35,5,0,9
BRDA:35,5,1,34
BRDA:35,6,0,43
BRDA:35,6,1,9
BRDA:39,7,0,0
BRDA:39,7,1,9
BRDA:48,8,0,43
BRDA:48,8,1,0
BRDA:49,9,0,43
BRDA:49,9,1,0
BRDA:53,10,0,43
BRDA:53,10,1,0
BRDA:57,11,0,1
BRDA:57,11,1,42
BRF:24
BRH:16
end_of_record
TN:
SF:src\middleware\checkEnrollment.js
FN:26,checkEnrollment
FNF:1
FNH:0
FNDA:0,checkEnrollment
DA:21,1
DA:28,0
DA:29,0
DA:32,0
DA:33,0
DA:36,0
DA:38,0
DA:39,0
DA:42,0
DA:44,0
DA:45,0
DA:49,0
DA:60,0
DA:61,0
DA:67,0
DA:70,0
DA:80,0
DA:81,0
DA:87,0
DA:89,0
DA:90,0
DA:92,0
DA:96,1
LF:23
LH:2
BRDA:28,0,0,0
BRDA:28,0,1,0
BRDA:32,1,0,0
BRDA:32,1,1,0
BRDA:36,2,0,0
BRDA:36,2,1,0
BRDA:38,3,0,0
BRDA:38,3,1,0
BRDA:60,4,0,0
BRDA:60,4,1,0
BRDA:80,5,0,0
BRDA:80,5,1,0
BRF:12
BRH:0
end_of_record
TN:
SF:src\middleware\rbac.js
FN:26,requireRole
FN:27,(anonymous_1)
FNF:2
FNH:2
FNDA:5,requireRole
FNDA:10,(anonymous_1)
DA:13,3
DA:27,5
DA:28,10
DA:29,0
DA:35,10
DA:38,10
DA:39,0
DA:43,10
DA:44,10
DA:47,0
DA:54,3
LF:11
LH:8
BRDA:28,0,0,0
BRDA:28,0,1,10
BRDA:28,1,0,10
BRDA:28,1,1,10
BRDA:38,2,0,0
BRDA:38,2,1,10
BRDA:43,3,0,10
BRDA:43,3,1,0
BRF:8
BRH:5
end_of_record
TN:
SF:src\routes\auth.js
FNF:0
FNH:0
DA:7,3
DA:8,3
DA:19,3
DA:20,3
DA:23,3
DA:26,3
DA:29,3
DA:32,3
DA:35,3
DA:38,3
DA:41,3
DA:45,3
DA:47,3
LF:13
LH:13
BRF:0
BRH:0
end_of_record
TN:
SF:src\routes\courses.js
FNF:0
FNH:0
DA:16,1
DA:17,1
DA:19,1
DA:20,1
DA:21,1
DA:22,1
DA:27,1
DA:28,1
DA:29,1
DA:30,1
DA:31,1
DA:39,1
DA:46,1
DA:53,1
DA:60,1
DA:71,1
DA:74,1
DA:77,1
DA:80,1
DA:83,1
DA:90,1
DA:93,1
DA:96,1
DA:104,1
DA:107,1
DA:110,1
DA:113,1
DA:116,1
DA:124,1
DA:131,1
DA:138,1
DA:149,1
DA:157,1
DA:166,1
DA:173,1
LF:35
LH:35
BRF:0
BRH:0
end_of_record
TN:
SF:src\routes\discussions.js
FNF:0
FNH:0
DA:10,2
DA:11,2
DA:13,2
DA:14,2
DA:15,2
DA:20,2
DA:21,2
DA:27,2
DA:34,2
DA:40,2
DA:47,2
DA:49,2
LF:12
LH:12
BRF:0
BRH:0
end_of_record
TN:
SF:src\routes\leads.js
FNF:0
FNH:0
DA:5,7
DA:6,7
DA:7,7
DA:9,7
DA:10,7
DA:19,7
DA:20,7
DA:21,7
DA:28,7
DA:39,7
DA:50,7
DA:61,7
DA:72,7
DA:83,7
DA:94,7
DA:105,7
DA:116,7
DA:127,7
DA:139,7
DA:146,7
LF:20
LH:20
BRF:0
BRH:0
end_of_record
TN:
SF:src\routes\registration.js
FNF:0
FNH:0
DA:7,1
DA:8,1
DA:25,1
DA:27,1
DA:28,1
DA:29,1
DA:32,1
DA:35,1
DA:41,1
DA:42,1
DA:43,1
DA:44,1
DA:47,1
DA:52,1
DA:55,1
DA:58,1
DA:61,1
DA:64,1
DA:67,1
DA:72,1
DA:77,1
DA:80,1
DA:82,1
LF:23
LH:23
BRF:0
BRH:0
end_of_record
TN:
SF:src\routes\student.js
FNF:0
FNH:0
DA:1,8
DA:2,8
DA:3,8
DA:4,8
DA:5,8
DA:6,8
DA:7,8
DA:11,8
DA:14,8
DA:21,8
DA:25,8
DA:31,8
DA:35,8
DA:46,8
DA:50,8
DA:55,8
DA:65,8
DA:73,8
DA:77,8
DA:84,8
DA:87,8
DA:90,8
DA:98,8
DA:105,8
LF:24
LH:24
BRF:0
BRH:0
end_of_record
TN:
SF:src\routes\tasks.js
FNF:0
FNH:0
DA:11,1
DA:12,1
DA:14,1
DA:15,1
DA:16,1
DA:17,1
DA:22,1
DA:23,1
DA:24,1
DA:25,1
DA:30,1
DA:35,1
DA:40,1
DA:45,1
DA:53,1
DA:60,1
DA:70,1
DA:75,1
DA:81,1
DA:87,1
LF:20
LH:20
BRF:0
BRH:0
end_of_record
TN:
SF:src\services\emailService.js
FN:12,sendOTPEmail
FN:31,sendLockoutEmail
FN:40,sendLeadArchiveEmail
FN:49,sendFollowUpReminderEmail
FN:64,sendWelcomeCredentialsEmail
FN:95,sendPaymentLinkEmail
FN:122,sendRegistrationInviteEmail
FN:148,sendEnrollmentSuccessEmail
FN:196,sendTranscodeFailureEmail
FN:230,sendTaskEvaluationEmail
FN:277,sendLiveSessionReminderEmail
FN:320,sendCertificateEmail
FN:359,sendDiscussionReplyEmail
FNF:13
FNH:1
FNDA:0,sendOTPEmail
FNDA:0,sendLockoutEmail
FNDA:0,sendLeadArchiveEmail
FNDA:0,sendFollowUpReminderEmail
FNDA:0,sendWelcomeCredentialsEmail
FNDA:0,sendPaymentLinkEmail
FNDA:1,sendRegistrationInviteEmail
FNDA:0,sendEnrollmentSuccessEmail
FNDA:0,sendTranscodeFailureEmail
FNDA:0,sendTaskEvaluationEmail
FNDA:0,sendLiveSessionReminderEmail
FNDA:0,sendCertificateEmail
FNDA:0,sendDiscussionReplyEmail
DA:1,7
DA:2,7
DA:4,7
DA:13,0
DA:18,0
DA:23,0
DA:32,0
DA:41,0
DA:50,0
DA:65,0
DA:96,0
DA:123,1
DA:149,0
DA:197,0
DA:231,0
DA:232,0
DA:233,0
DA:235,0
DA:278,0
DA:321,0
DA:360,0
DA:380,7
LF:22
LH:5
BRDA:54,0,0,0
BRDA:54,0,1,0
BRDA:231,1,0,0
BRDA:231,1,1,0
BRDA:232,2,0,0
BRDA:232,2,1,0
BRDA:233,3,0,0
BRDA:233,3,1,0
BRDA:233,4,0,0
BRDA:233,4,1,0
BRDA:239,5,0,0
BRDA:239,5,1,0
BRDA:245,6,0,0
BRDA:245,6,1,0
BRDA:245,7,0,0
BRDA:245,7,1,0
BRDA:248,8,0,0
BRDA:248,8,1,0
BRF:18
BRH:0
end_of_record
TN:
SF:src\services\pinCodeService.js
FN:16,lookupPinCode
FN:22,(anonymous_1)
FN:25,(anonymous_2)
FN:28,(anonymous_3)
FN:32,(anonymous_4)
FN:63,(anonymous_5)
FN:68,(anonymous_6)
FNF:7
FNH:0
FNDA:0,lookupPinCode
FNDA:0,(anonymous_1)
FNDA:0,(anonymous_2)
FNDA:0,(anonymous_3)
FNDA:0,(anonymous_4)
FNDA:0,(anonymous_5)
FNDA:0,(anonymous_6)
DA:9,1
DA:11,1
DA:18,0
DA:19,0
DA:22,0
DA:23,0
DA:25,0
DA:26,0
DA:28,0
DA:29,0
DA:32,0
DA:33,0
DA:34,0
DA:36,0
DA:42,0
DA:43,0
DA:49,0
DA:57,0
DA:58,0
DA:63,0
DA:64,0
DA:65,0
DA:68,0
DA:69,0
DA:70,0
DA:71,0
DA:76,1
LF:27
LH:3
BRDA:18,0,0,0
BRDA:18,0,1,0
BRDA:36,1,0,0
BRDA:36,1,1,0
BRDA:37,2,0,0
BRDA:37,2,1,0
BRDA:37,2,2,0
BRDA:37,2,3,0
BRDA:44,3,0,0
BRDA:44,3,1,0
BRF:10
BRH:0
end_of_record
TN:
SF:src\utils\certificateGenerator.js
FN:34,generateCertificate
FNF:1
FNH:0
FNDA:0,generateCertificate
DA:12,1
DA:13,1
DA:18,1
DA:19,1
DA:36,0
DA:37,0
DA:40,0
DA:41,0
DA:43,0
DA:58,0
DA:60,0
DA:63,1
LF:12
LH:5
BRDA:36,0,0,0
BRDA:36,0,1,0
BRF:2
BRH:0
end_of_record
TN:
SF:src\utils\csvParser.js
FN:9,parseCSV
FN:10,(anonymous_1)
FN:17,(anonymous_2)
FN:19,(anonymous_3)
FN:20,(anonymous_4)
FN:21,(anonymous_5)
FNF:6
FNH:5
FNDA:3,parseCSV
FNDA:3,(anonymous_1)
FNDA:15,(anonymous_2)
FNDA:8,(anonymous_3)
FNDA:3,(anonymous_4)
FNDA:0,(anonymous_5)
DA:1,7
DA:2,7
DA:10,3
DA:11,3
DA:13,3
DA:15,3
DA:17,15
DA:19,8
DA:20,3
DA:21,0
DA:25,7
LF:11
LH:10
BRF:0
BRH:0
end_of_record
TN:
SF:src\utils\notificationHelper.js
FN:44,createNotification
FNF:1
FNH:1
FNDA:3,createNotification
DA:14,2
DA:19,2
DA:22,2
DA:45,3
DA:46,3
DA:47,3
DA:48,3
DA:50,3
DA:52,3
DA:53,3
DA:55,3
DA:63,3
DA:66,3
DA:70,2
LF:14
LH:14
BRDA:44,0,0,0
BRDA:45,1,0,0
BRDA:45,1,1,3
BRDA:46,2,0,0
BRDA:46,2,1,3
BRDA:47,3,0,0
BRDA:47,3,1,3
BRDA:48,4,0,0
BRDA:48,4,1,3
BRF:9
BRH:4
end_of_record
TN:
SF:src\utils\redis.js
FN:5,(anonymous_0)
FN:14,(anonymous_1)
FN:18,(anonymous_2)
FNF:3
FNH:1
FNDA:0,(anonymous_0)
FNDA:7,(anonymous_1)
FNDA:0,(anonymous_2)
DA:1,7
DA:2,7
DA:4,7
DA:6,0
DA:7,0
DA:8,0
DA:10,0
DA:14,7
DA:15,7
DA:18,7
DA:19,0
DA:22,7
LF:12
LH:7
BRDA:6,0,0,0
BRDA:6,0,1,0
BRF:2
BRH:0
end_of_record
